       Step     Time          Energy         fmax
GPMin:    0 12:24:50     -195.232684        0.6153
GPMin:    1 12:35:40     -195.837791        0.0743
GPMin:    2 12:43:06     -195.843015        0.0671
GPMin:    3 12:49:58     -195.846211        0.0143
GPMin:    4 13:01:06     -195.846000        0.0006
       Step     Time          Energy         fmax
GPMin:    0 14:50:44     -195.232683        0.6151
GPMin:    1 14:53:01     -195.837879        0.0593
GPMin:    2 14:54:40     -195.846273        0.0265
       Step     Time          Energy         fmax
GPMin:    0 15:30:49     -195.232683        0.6151
GPMin:    1 15:33:05     -195.837871        0.0646
GPMin:    2 15:34:44     -195.845734        0.0384
GPMin:    3 15:36:09     -195.846031        0.0022
GPMin:    4 15:36:49     -195.846074        0.0036
       Step     Time          Energy         fmax
GPMin:    0 09:40:29     -195.232683        0.6150
GPMin:    1 09:42:51     -195.837929        0.0658
GPMin:    2 09:44:29     -195.845582        0.0434
GPMin:    3 09:45:52     -195.846034        0.0019
       Step     Time          Energy         fmax
GPMin:    0 10:40:22     -161.813488        0.0722
GPMin:    1 10:45:14     -161.822170        0.0425
GPMin:    2 10:51:29     -161.823063        0.0055
