      Step     Time          Energy         fmax
BFGS:    0 15:46:40       16.136366       35.6718
BFGS:    1 15:46:40        1.951754       11.8628
BFGS:    2 15:46:40       -1.750541        6.0495
BFGS:    3 15:46:40       -3.035521        2.9312
BFGS:    4 15:46:40       -3.613255        1.3047
BFGS:    5 15:46:40       -3.785580        0.5537
BFGS:    6 15:46:40       -3.824693        0.3559
BFGS:    7 15:46:40       -3.835060        0.3158
BFGS:    8 15:46:40       -3.845878        0.3437
BFGS:    9 15:46:40       -3.871752        0.4457
BFGS:   10 15:46:40       -3.938270        0.6287
BFGS:   11 15:46:40       -4.050789        0.7892
BFGS:   12 15:46:40       -4.049023        0.9115
BFGS:   13 15:46:40       -4.124741        0.7816
BFGS:   14 15:46:40       -4.171146        0.7604
BFGS:   15 15:46:40       -4.257177        1.4081
BFGS:   16 15:46:40       -4.338885        0.6158
BFGS:   17 15:46:40       -4.367752        0.5295
BFGS:   18 15:46:40       -4.412349        0.6246
BFGS:   19 15:46:40       -4.427506        0.4696
BFGS:   20 15:46:40       -4.450229        0.4393
BFGS:   21 15:46:40       -4.462816        0.4436
BFGS:   22 15:46:40       -4.478477        0.3458
BFGS:   23 15:46:40       -4.486857        0.3055
BFGS:   24 15:46:40       -4.492079        0.2516
BFGS:   25 15:46:40       -4.497413        0.2208
BFGS:   26 15:46:40       -4.504301        0.2421
BFGS:   27 15:46:40       -4.513708        0.2775
BFGS:   28 15:46:40       -4.532550        0.5172
BFGS:   29 15:46:40       -4.564724        0.7296
BFGS:   30 15:46:40       -4.616955        0.8898
BFGS:   31 15:46:40       -4.620687        1.2791
BFGS:   32 15:46:40       -4.647453        0.8807
BFGS:   33 15:46:40       -4.659129        0.9257
BFGS:   34 15:46:40       -4.683160        1.0280
BFGS:   35 15:46:40       -4.695774        1.0013
BFGS:   36 15:46:40       -4.708824        0.8845
BFGS:   37 15:46:40       -4.718687        0.7650
BFGS:   38 15:46:40       -4.725768        0.7120
BFGS:   39 15:46:40       -4.733474        0.7235
BFGS:   40 15:46:40       -4.740409        0.7524
BFGS:   41 15:46:40       -4.747453        0.8355
BFGS:   42 15:46:40       -4.751180        0.8484
BFGS:   43 15:46:40       -4.777061        0.8757
BFGS:   44 15:46:40       -4.790718        0.8719
BFGS:   45 15:46:40       -4.809529        0.7820
BFGS:   46 15:46:40       -4.833013        0.6933
BFGS:   47 15:46:40       -4.852430        0.6830
BFGS:   48 15:46:40       -4.865145        0.5818
BFGS:   49 15:46:40       -4.881042        0.5556
BFGS:   50 15:46:40       -4.898275        0.6497
BFGS:   51 15:46:40       -4.926773        0.7334
BFGS:   52 15:46:40       -5.012511        0.6505
BFGS:   53 15:46:40       -5.096972        0.8087
BFGS:   54 15:46:40       -5.153035        0.8252
BFGS:   55 15:46:40       -5.186209        0.6919
BFGS:   56 15:46:40       -5.231045        1.2851
BFGS:   57 15:46:40       -5.206764        1.0152
BFGS:   58 15:46:40       -5.275376        0.8439
BFGS:   59 15:46:40       -5.326418        0.4708
BFGS:   60 15:46:40       -5.352344        0.4806
BFGS:   61 15:46:40       -5.380404        0.5041
BFGS:   62 15:46:40       -5.396231        0.5949
BFGS:   63 15:46:40       -5.401617        0.4026
BFGS:   64 15:46:40       -5.403990        0.3779
BFGS:   65 15:46:40       -5.418357        0.4556
BFGS:   66 15:46:40       -5.439268        0.5284
BFGS:   67 15:46:40       -5.484539        0.7468
BFGS:   68 15:46:40       -5.527152        1.0012
BFGS:   69 15:46:40       -5.578682        1.1990
BFGS:   70 15:46:40       -5.614671        1.2080
BFGS:   71 15:46:40       -5.644456        1.1984
BFGS:   72 15:46:40       -5.770008        1.2101
BFGS:   73 15:46:40       -5.897310        1.1321
BFGS:   74 15:46:40       -5.858913        0.9626
BFGS:   75 15:46:40       -5.957186        1.0657
BFGS:   76 15:46:40       -5.990786        1.0052
BFGS:   77 15:46:40       -6.068909        0.8266
BFGS:   78 15:46:41       -6.090139        0.8405
BFGS:   79 15:46:41       -6.102961        0.7669
BFGS:   80 15:46:41       -6.113489        0.8149
BFGS:   81 15:46:41       -6.120124        0.8800
BFGS:   82 15:46:41       -6.127709        0.9069
BFGS:   83 15:46:41       -6.156073        0.9625
BFGS:   84 15:46:41       -6.189449        0.8043
BFGS:   85 15:46:41       -6.212349        0.8035
BFGS:   86 15:46:41       -6.230722        0.6317
BFGS:   87 15:46:41       -6.234998        0.6926
BFGS:   88 15:46:41       -6.239579        0.6597
BFGS:   89 15:46:41       -6.245346        0.6170
BFGS:   90 15:46:41       -6.251775        0.5713
BFGS:   91 15:46:41       -6.264452        0.5586
BFGS:   92 15:46:41       -6.274697        0.4925
BFGS:   93 15:46:41       -6.284406        0.4784
BFGS:   94 15:46:41       -6.291313        0.4603
BFGS:   95 15:46:41       -6.303230        0.4591
BFGS:   96 15:46:41       -6.317279        0.4358
BFGS:   97 15:46:41       -6.338366        0.3627
BFGS:   98 15:46:41       -6.354645        0.2604
BFGS:   99 15:46:41       -6.366650        0.1948
BFGS:  100 15:46:41       -6.377181        0.1671
BFGS:  101 15:46:41       -6.382509        0.2401
BFGS:  102 15:46:41       -6.387036        0.2579
BFGS:  103 15:46:41       -6.397152        0.3857
BFGS:  104 15:46:41       -6.405915        0.5064
BFGS:  105 15:46:41       -6.412652        0.6177
BFGS:  106 15:46:41       -6.428219        0.6774
BFGS:  107 15:46:41       -6.506136        0.9820
BFGS:  108 15:46:41       -6.581762        1.2309
BFGS:  109 15:46:41       -6.673782        1.3624
BFGS:  110 15:46:41       -6.797351        1.3049
BFGS:  111 15:46:41       -6.946325        0.9190
BFGS:  112 15:46:41       -6.881604        1.2835
BFGS:  113 15:46:41       -7.052709        0.5660
BFGS:  114 15:46:41       -7.061376        0.4757
BFGS:  115 15:46:41       -7.089292        0.3874
BFGS:  116 15:46:41       -7.093698        0.3261
BFGS:  117 15:46:41       -7.096773        0.3309
BFGS:  118 15:46:41       -7.099600        0.3081
BFGS:  119 15:46:41       -7.101570        0.3095
BFGS:  120 15:46:41       -7.103162        0.3110
BFGS:  121 15:46:41       -7.104876        0.3028
BFGS:  122 15:46:41       -7.105733        0.2935
BFGS:  123 15:46:41       -7.106209        0.2882
BFGS:  124 15:46:41       -7.106902        0.2859
BFGS:  125 15:46:41       -7.108110        0.2876
BFGS:  126 15:46:41       -7.109971        0.2917
BFGS:  127 15:46:41       -7.112418        0.2912
BFGS:  128 15:46:41       -7.115606        0.2790
BFGS:  129 15:46:41       -7.120198        0.2573
BFGS:  130 15:46:41       -7.125720        0.1877
BFGS:  131 15:46:41       -7.129700        0.0832
BFGS:  132 15:46:41       -7.131011        0.0353
      Step     Time          Energy         fmax
BFGS:    0 15:46:41       19.669666       40.6834
BFGS:    1 15:46:41        0.234380       12.6724
BFGS:    2 15:46:41       -3.092264        5.8875
BFGS:    3 15:46:41       -4.516944        3.0045
BFGS:    4 15:46:41       -5.154010        1.2078
BFGS:    5 15:46:41       -5.337885        0.7064
BFGS:    6 15:46:41       -5.388032        0.6438
BFGS:    7 15:46:41       -5.413702        0.6056
BFGS:    8 15:46:41       -5.456076        0.6678
BFGS:    9 15:46:41       -5.536435        0.8255
BFGS:   10 15:46:41       -5.639788        1.6445
BFGS:   11 15:46:41       -5.771179        1.1949
BFGS:   12 15:46:41       -5.874064        0.8809
BFGS:   13 15:46:41       -5.897130        0.7106
BFGS:   14 15:46:41       -5.920877        0.4877
BFGS:   15 15:46:41       -5.939510        0.4627
BFGS:   16 15:46:41       -5.984483        0.4445
BFGS:   17 15:46:41       -6.006148        0.4684
BFGS:   18 15:46:41       -6.057465        0.6678
BFGS:   19 15:46:41       -6.126271        1.1227
BFGS:   20 15:46:41       -6.192937        1.2868
BFGS:   21 15:46:41       -6.371798        0.6711
BFGS:   22 15:46:41       -6.459160        1.1129
BFGS:   23 15:46:41       -6.496020        0.8469
BFGS:   24 15:46:41       -6.583636        0.4999
BFGS:   25 15:46:41       -6.619550        0.4084
BFGS:   26 15:46:41       -6.630177        0.3007
BFGS:   27 15:46:41       -6.637719        0.3211
BFGS:   28 15:46:41       -6.646792        0.4130
BFGS:   29 15:46:41       -6.657782        0.2715
BFGS:   30 15:46:41       -6.663677        0.2287
BFGS:   31 15:46:41       -6.666964        0.1782
BFGS:   32 15:46:41       -6.669050        0.1452
BFGS:   33 15:46:41       -6.672241        0.1494
BFGS:   34 15:46:41       -6.676078        0.1429
BFGS:   35 15:46:41       -6.679946        0.2083
BFGS:   36 15:46:41       -6.683407        0.2442
BFGS:   37 15:46:41       -6.688094        0.2450
BFGS:   38 15:46:41       -6.694482        0.2094
BFGS:   39 15:46:41       -6.700888        0.2034
BFGS:   40 15:46:41       -6.706218        0.2368
BFGS:   41 15:46:41       -6.710902        0.2619
BFGS:   42 15:46:41       -6.715697        0.2553
BFGS:   43 15:46:41       -6.722198        0.2863
BFGS:   44 15:46:41       -6.728592        0.2132
BFGS:   45 15:46:41       -6.732485        0.1443
BFGS:   46 15:46:41       -6.734663        0.1643
BFGS:   47 15:46:41       -6.737114        0.1557
BFGS:   48 15:46:41       -6.741819        0.1519
BFGS:   49 15:46:41       -6.749694        0.1944
BFGS:   50 15:46:41       -6.758142        0.2391
BFGS:   51 15:46:41       -6.772681        0.4819
BFGS:   52 15:46:41       -6.796400        0.7314
BFGS:   53 15:46:41       -6.808523        0.8506
BFGS:   54 15:46:41       -6.845548        0.4351
BFGS:   55 15:46:41       -6.899057        0.5401
BFGS:   56 15:46:41       -6.966624        0.6919
BFGS:   57 15:46:41       -6.999336        0.5605
BFGS:   58 15:46:41       -7.026050        0.6492
BFGS:   59 15:46:41       -7.054669        0.6309
BFGS:   60 15:46:41       -7.081649        0.4663
BFGS:   61 15:46:41       -7.096740        0.3071
BFGS:   62 15:46:41       -7.105057        0.2921
BFGS:   63 15:46:41       -7.109613        0.2558
BFGS:   64 15:46:41       -7.113209        0.2219
BFGS:   65 15:46:41       -7.118552        0.1868
BFGS:   66 15:46:41       -7.124506        0.1588
BFGS:   67 15:46:41       -7.128330        0.1208
BFGS:   68 15:46:41       -7.129493        0.0976
BFGS:   69 15:46:41       -7.129855        0.0765
BFGS:   70 15:46:41       -7.130244        0.0544
BFGS:   71 15:46:41       -7.130722        0.0482
      Step     Time          Energy         fmax
BFGS:    0 15:46:41       15.028892       38.9782
BFGS:    1 15:46:41        0.535479       14.5634
BFGS:    2 15:46:41       -2.476472       11.1647
BFGS:    3 15:46:41       -4.014779        4.5057
BFGS:    4 15:46:41       -4.605470        2.1547
BFGS:    5 15:46:41       -4.838526        0.9104
BFGS:    6 15:46:41       -4.917403        0.7061
BFGS:    7 15:46:41       -4.965992        0.7585
BFGS:    8 15:46:41       -5.027199        0.7357
BFGS:    9 15:46:41       -5.099063        0.6761
BFGS:   10 15:46:41       -5.150378        0.6957
BFGS:   11 15:46:41       -5.248424        0.8438
BFGS:   12 15:46:41       -5.293690        0.7777
BFGS:   13 15:46:41       -5.337373        0.6489
BFGS:   14 15:46:41       -5.480281        1.8396
BFGS:   15 15:46:41       -5.541822        0.6338
BFGS:   16 15:46:41       -5.587064        0.7140
BFGS:   17 15:46:41       -5.776327        0.9582
BFGS:   18 15:46:41       -5.897259        1.8546
BFGS:   19 15:46:41       -6.018994        1.6186
BFGS:   20 15:46:41       -6.447636        1.6855
BFGS:   21 15:46:41       -6.574139        2.0438
BFGS:   22 15:46:41       -6.547987        1.1167
BFGS:   23 15:46:41       -6.691420        0.6778
BFGS:   24 15:46:41       -6.730688        0.6269
BFGS:   25 15:46:41       -6.762347        0.5882
BFGS:   26 15:46:41       -6.818449        0.5478
BFGS:   27 15:46:41       -6.855842        0.5839
BFGS:   28 15:46:41       -6.898895        0.5742
BFGS:   29 15:46:41       -6.924521        0.5979
BFGS:   30 15:46:41       -6.950854        0.5123
BFGS:   31 15:46:41       -6.975060        0.5099
BFGS:   32 15:46:41       -6.991500        0.4686
BFGS:   33 15:46:41       -7.011931        0.4011
BFGS:   34 15:46:41       -7.032642        0.3908
BFGS:   35 15:46:41       -7.047361        0.3779
BFGS:   36 15:46:41       -7.058409        0.4639
BFGS:   37 15:46:41       -7.072492        0.4998
BFGS:   38 15:46:41       -7.084369        0.3228
BFGS:   39 15:46:41       -7.092791        0.2760
BFGS:   40 15:46:41       -7.098503        0.2167
BFGS:   41 15:46:41       -7.102875        0.1972
BFGS:   42 15:46:41       -7.108671        0.2207
BFGS:   43 15:46:41       -7.115341        0.1617
BFGS:   44 15:46:41       -7.119593        0.1282
BFGS:   45 15:46:41       -7.121147        0.1472
BFGS:   46 15:46:41       -7.122427        0.1524
BFGS:   47 15:46:41       -7.124759        0.1348
BFGS:   48 15:46:41       -7.127125        0.1109
BFGS:   49 15:46:41       -7.128701        0.0895
BFGS:   50 15:46:41       -7.129367        0.0806
BFGS:   51 15:46:41       -7.129893        0.0659
BFGS:   52 15:46:41       -7.130456        0.0610
BFGS:   53 15:46:41       -7.130865        0.0433
      Step     Time          Energy         fmax
BFGS:    0 15:46:41       16.040605       30.0367
BFGS:    1 15:46:41        2.195569       16.8161
BFGS:    2 15:46:41       -1.158288        7.7907
BFGS:    3 15:46:41       -2.900839        2.9881
BFGS:    4 15:46:41       -3.675132        1.5107
BFGS:    5 15:46:41       -3.945403        0.7931
BFGS:    6 15:46:41       -4.015673        0.5180
BFGS:    7 15:46:41       -4.036265        0.4344
BFGS:    8 15:46:41       -4.054356        0.4204
BFGS:    9 15:46:41       -4.091058        0.5047
BFGS:   10 15:46:41       -4.149474        0.6301
BFGS:   11 15:46:41       -4.185873        0.6965
BFGS:   12 15:46:41       -4.229047        0.6837
BFGS:   13 15:46:41       -4.299410        0.8647
BFGS:   14 15:46:41       -4.352448        0.9319
BFGS:   15 15:46:41       -4.532905        0.9680
BFGS:   16 15:46:41       -4.634113        1.5654
BFGS:   17 15:46:41       -4.687857        0.8853
BFGS:   18 15:46:41       -4.796577        0.9222
BFGS:   19 15:46:41       -5.032308        1.0659
BFGS:   20 15:46:41       -4.850146        2.7201
BFGS:   21 15:46:41       -5.105654        0.8095
BFGS:   22 15:46:41       -5.127626        0.5330
BFGS:   23 15:46:41       -5.148576        0.4116
BFGS:   24 15:46:41       -5.166388        0.4285
BFGS:   25 15:46:41       -5.180992        0.3811
BFGS:   26 15:46:41       -5.203165        0.3761
BFGS:   27 15:46:41       -5.212322        0.4218
BFGS:   28 15:46:41       -5.230650        0.4699
BFGS:   29 15:46:41       -5.257126        0.5937
BFGS:   30 15:46:41       -5.288592        0.9580
BFGS:   31 15:46:41       -5.341533        1.3197
BFGS:   32 15:46:41       -5.420948        1.2865
BFGS:   33 15:46:41       -5.456723        1.1164
BFGS:   34 15:46:41       -5.557013        0.8834
BFGS:   35 15:46:41       -5.636513        0.7170
BFGS:   36 15:46:41       -5.676912        0.7373
BFGS:   37 15:46:41       -5.706118        0.9289
BFGS:   38 15:46:41       -5.759764        0.9283
BFGS:   39 15:46:41       -5.863139        1.3545
BFGS:   40 15:46:41       -5.811202        1.2121
BFGS:   41 15:46:41       -6.026569        0.9567
BFGS:   42 15:46:41       -6.105690        0.8518
BFGS:   43 15:46:41       -6.201836        0.8653
BFGS:   44 15:46:41       -6.243767        0.6491
BFGS:   45 15:46:41       -6.276299        0.2957
BFGS:   46 15:46:41       -6.281463        0.2035
BFGS:   47 15:46:41       -6.286586        0.2226
BFGS:   48 15:46:41       -6.295216        0.2616
BFGS:   49 15:46:41       -6.304865        0.2546
BFGS:   50 15:46:41       -6.313333        0.2613
BFGS:   51 15:46:41       -6.319748        0.2194
BFGS:   52 15:46:41       -6.327932        0.2174
BFGS:   53 15:46:41       -6.337466        0.2610
BFGS:   54 15:46:41       -6.348107        0.3043
BFGS:   55 15:46:41       -6.366718        0.3897
BFGS:   56 15:46:41       -6.406981        0.6138
BFGS:   57 15:46:41       -5.804854        6.0452
BFGS:   58 15:46:41       -6.509616        1.1680
BFGS:   59 15:46:41       -6.464737        1.8441
BFGS:   60 15:46:41       -6.589650        0.7297
BFGS:   61 15:46:41       -6.620267        0.5956
BFGS:   62 15:46:41       -6.788194        0.4837
BFGS:   63 15:46:41       -6.840006        0.4873
BFGS:   64 15:46:41       -6.859844        0.5042
BFGS:   65 15:46:41       -6.890176        0.4921
BFGS:   66 15:46:41       -6.915333        0.4421
BFGS:   67 15:46:41       -6.951973        0.4471
BFGS:   68 15:46:41       -6.987397        0.5992
BFGS:   69 15:46:41       -7.012123        0.6049
BFGS:   70 15:46:41       -7.070620        0.3864
BFGS:   71 15:46:41       -7.092818        0.4658
BFGS:   72 15:46:41       -7.112583        0.3116
BFGS:   73 15:46:41       -7.127180        0.2472
BFGS:   74 15:46:41       -7.136762        0.2207
BFGS:   75 15:46:41       -7.142295        0.1678
BFGS:   76 15:46:41       -7.147997        0.1530
BFGS:   77 15:46:41       -7.152097        0.1234
BFGS:   78 15:46:41       -7.154340        0.1037
BFGS:   79 15:46:41       -7.155876        0.0800
BFGS:   80 15:46:41       -7.156744        0.0765
BFGS:   81 15:46:41       -7.157361        0.0785
BFGS:   82 15:46:41       -7.157971        0.0702
BFGS:   83 15:46:41       -7.158422        0.0572
BFGS:   84 15:46:41       -7.158719        0.0440
      Step     Time          Energy         fmax
BFGS:    0 15:46:41       14.783575       39.4051
BFGS:    1 15:46:41       -1.334594       11.5844
BFGS:    2 15:46:41       -3.559873        4.9997
BFGS:    3 15:46:41       -4.522475        2.6873
BFGS:    4 15:46:41       -4.959483        1.3159
BFGS:    5 15:46:41       -5.113427        0.6331
BFGS:    6 15:46:41       -5.154618        0.4874
BFGS:    7 15:46:41       -5.174157        0.4557
BFGS:    8 15:46:41       -5.197911        0.4641
BFGS:    9 15:46:41       -5.228892        0.4617
BFGS:   10 15:46:41       -5.259192        0.7437
BFGS:   11 15:46:41       -5.301897        1.2062
BFGS:   12 15:46:41       -5.402176        1.9464
BFGS:   13 15:46:41       -5.496678        1.9276
BFGS:   14 15:46:41       -5.637720        0.8590
BFGS:   15 15:46:41       -5.743500        0.6459
BFGS:   16 15:46:41       -5.781238        0.5694
BFGS:   17 15:46:41       -5.827117        0.8577
BFGS:   18 15:46:41       -5.927792        1.2318
BFGS:   19 15:46:41       -6.028999        1.4820
BFGS:   20 15:46:41       -6.103887        1.4752
BFGS:   21 15:46:41       -6.411482        0.9997
BFGS:   22 15:46:41       -6.419874        1.3107
BFGS:   23 15:46:41       -6.501202        0.7480
BFGS:   24 15:46:41       -6.520856        0.6923
BFGS:   25 15:46:41       -6.558400        0.5012
BFGS:   26 15:46:41       -6.608166        0.5106
BFGS:   27 15:46:41       -6.636665        0.4080
BFGS:   28 15:46:41       -6.657632        0.3078
BFGS:   29 15:46:41       -6.662762        0.2281
BFGS:   30 15:46:41       -6.670046        0.2016
BFGS:   31 15:46:41       -6.673924        0.1661
BFGS:   32 15:46:41       -6.677011        0.1639
BFGS:   33 15:46:41       -6.678593        0.1360
BFGS:   34 15:46:41       -6.680237        0.1515
BFGS:   35 15:46:41       -6.682498        0.1262
BFGS:   36 15:46:41       -6.684992        0.1138
BFGS:   37 15:46:41       -6.686544        0.0977
BFGS:   38 15:46:41       -6.687205        0.0907
BFGS:   39 15:46:41       -6.687659        0.0769
BFGS:   40 15:46:41       -6.688252        0.0630
BFGS:   41 15:46:41       -6.688846        0.0690
BFGS:   42 15:46:41       -6.689433        0.0744
BFGS:   43 15:46:41       -6.690144        0.1085
BFGS:   44 15:46:41       -6.691257        0.1310
BFGS:   45 15:46:41       -6.692909        0.1270
BFGS:   46 15:46:41       -6.694689        0.0894
BFGS:   47 15:46:41       -6.695949        0.1084
BFGS:   48 15:46:41       -6.696941        0.1137
BFGS:   49 15:46:41       -6.698418        0.1088
BFGS:   50 15:46:41       -6.701064        0.1258
BFGS:   51 15:46:41       -6.706086        0.2037
BFGS:   52 15:46:41       -6.711697        0.4210
BFGS:   53 15:46:41       -6.723122        0.6832
BFGS:   54 15:46:41       -6.745390        0.8829
BFGS:   55 15:46:41       -6.785927        0.9910
BFGS:   56 15:46:41       -6.791633        1.3343
BFGS:   57 15:46:41       -6.887886        0.6778
BFGS:   58 15:46:41       -6.923110        0.4490
BFGS:   59 15:46:41       -6.942524        0.4591
BFGS:   60 15:46:41       -6.966112        0.3319
BFGS:   61 15:46:41       -6.980978        0.2617
BFGS:   62 15:46:41       -6.996381        0.2278
BFGS:   63 15:46:41       -7.003054        0.1998
BFGS:   64 15:46:41       -7.007166        0.1918
BFGS:   65 15:46:41       -7.014171        0.2086
BFGS:   66 15:46:41       -7.018556        0.2009
BFGS:   67 15:46:41       -7.021267        0.1572
BFGS:   68 15:46:41       -7.022807        0.1165
BFGS:   69 15:46:41       -7.024855        0.1358
BFGS:   70 15:46:41       -7.028887        0.1976
BFGS:   71 15:46:41       -7.041217        0.3364
BFGS:   72 15:46:41       -7.037302        0.4436
BFGS:   73 15:46:41       -7.061984        0.3202
BFGS:   74 15:46:41       -7.079797        0.2556
BFGS:   75 15:46:41       -7.120273        0.2813
BFGS:   76 15:46:41       -7.124892        0.1342
BFGS:   77 15:46:41       -7.127317        0.1039
BFGS:   78 15:46:41       -7.128655        0.0881
BFGS:   79 15:46:41       -7.129709        0.0730
BFGS:   80 15:46:41       -7.130809        0.0455
      Step     Time          Energy         fmax
BFGS:    0 15:46:41       17.164220       37.9719
BFGS:    1 15:46:41       -1.102963       11.2870
BFGS:    2 15:46:41       -3.029052        7.3653
BFGS:    3 15:46:41       -4.362887        2.1336
BFGS:    4 15:46:41       -4.705315        1.6256
BFGS:    5 15:46:41       -4.902637        0.9620
BFGS:    6 15:46:41       -4.967307        0.6562
BFGS:    7 15:46:41       -5.003817        0.6823
BFGS:    8 15:46:41       -5.046225        0.6699
BFGS:    9 15:46:41       -5.113034        0.6055
BFGS:   10 15:46:41       -5.178258        0.7822
BFGS:   11 15:46:41       -5.211803        0.7921
BFGS:   12 15:46:41       -5.311712        0.8556
BFGS:   13 15:46:41       -5.371069        0.6826
BFGS:   14 15:46:41       -5.430069        0.4841
BFGS:   15 15:46:41       -5.448801        0.3442
BFGS:   16 15:46:41       -5.459811        0.3786
BFGS:   17 15:46:41       -5.482108        0.4364
BFGS:   18 15:46:41       -5.511559        0.3924
BFGS:   19 15:46:41       -5.528865        0.3206
BFGS:   20 15:46:41       -5.537419        0.3061
BFGS:   21 15:46:41       -5.543758        0.2868
BFGS:   22 15:46:41       -5.554036        0.2758
BFGS:   23 15:46:41       -5.569243        0.3768
BFGS:   24 15:46:41       -5.591583        0.5791
BFGS:   25 15:46:41       -5.638174        0.8164
BFGS:   26 15:46:41       -5.699424        1.0174
BFGS:   27 15:46:41       -5.812119        1.2202
BFGS:   28 15:46:41       -5.971182        1.2155
BFGS:   29 15:46:41       -6.083362        1.9772
BFGS:   30 15:46:41       -6.173623        1.7695
BFGS:   31 15:46:41       -6.533167        0.7821
BFGS:   32 15:46:41       -6.632752        0.8473
BFGS:   33 15:46:41       -6.714529        0.8998
BFGS:   34 15:46:41       -6.737672        1.5646
BFGS:   35 15:46:41       -6.832661        0.6255
BFGS:   36 15:46:41       -6.869140        0.5401
BFGS:   37 15:46:41       -6.943182        0.4198
BFGS:   38 15:46:41       -6.956290        0.3584
BFGS:   39 15:46:41       -6.973608        0.3555
BFGS:   40 15:46:41       -7.000908        0.3859
BFGS:   41 15:46:41       -7.033854        0.4574
BFGS:   42 15:46:41       -7.051705        0.3660
BFGS:   43 15:46:41       -7.074027        0.3898
BFGS:   44 15:46:41       -7.080164        0.3846
BFGS:   45 15:46:41       -7.099482        0.3143
BFGS:   46 15:46:41       -7.109783        0.2758
BFGS:   47 15:46:41       -7.116370        0.1717
BFGS:   48 15:46:41       -7.117919        0.1812
BFGS:   49 15:46:41       -7.119327        0.1804
BFGS:   50 15:46:41       -7.121606        0.1703
BFGS:   51 15:46:41       -7.124661        0.1369
BFGS:   52 15:46:41       -7.126847        0.1193
BFGS:   53 15:46:41       -7.127651        0.1189
BFGS:   54 15:46:41       -7.128032        0.1069
BFGS:   55 15:46:41       -7.128463        0.0987
BFGS:   56 15:46:41       -7.129098        0.0996
BFGS:   57 15:46:41       -7.129696        0.0926
BFGS:   58 15:46:41       -7.130001        0.0814
BFGS:   59 15:46:41       -7.130148        0.0826
BFGS:   60 15:46:41       -7.130305        0.0797
BFGS:   61 15:46:41       -7.130523        0.0687
BFGS:   62 15:46:41       -7.130753        0.0472
      Step     Time          Energy         fmax
BFGS:    0 15:46:41       17.551846       29.0931
BFGS:    1 15:46:41        6.386203       28.5218
BFGS:    2 15:46:41       -0.941350        5.7667
BFGS:    3 15:46:41       -2.340619        3.2191
BFGS:    4 15:46:41       -3.134867        1.3860
BFGS:    5 15:46:41       -3.380279        0.6383
BFGS:    6 15:46:41       -3.436260        0.3468
BFGS:    7 15:46:41       -3.447001        0.3234
BFGS:    8 15:46:41       -3.453173        0.3082
BFGS:    9 15:46:41       -3.463316        0.2564
BFGS:   10 15:46:41       -3.472444        0.1546
BFGS:   11 15:46:41       -3.476826        0.1852
BFGS:   12 15:46:41       -3.479750        0.2054
BFGS:   13 15:46:41       -3.481762        0.1906
BFGS:   14 15:46:41       -3.486330        0.1983
BFGS:   15 15:46:41       -3.493969        0.3182
BFGS:   16 15:46:41       -3.506151        0.5186
BFGS:   17 15:46:41       -3.525030        0.7019
BFGS:   18 15:46:41       -3.567815        0.8467
BFGS:   19 15:46:41       -3.629106        0.8126
BFGS:   20 15:46:41       -3.734402        0.8676
BFGS:   21 15:46:41       -3.820334        0.8705
BFGS:   22 15:46:41       -3.830760        0.8721
BFGS:   23 15:46:41       -3.867679        0.8645
BFGS:   24 15:46:41       -3.990602        1.9130
BFGS:   25 15:46:41       -4.079089        1.2696
BFGS:   26 15:46:41       -4.159133        1.0502
BFGS:   27 15:46:41       -4.195203        0.6859
BFGS:   28 15:46:41       -4.207566        0.6761
BFGS:   29 15:46:41       -4.247458        0.7694
BFGS:   30 15:46:41       -4.302821        0.9075
BFGS:   31 15:46:42       -4.367123        0.7521
BFGS:   32 15:46:42       -4.394413        0.6856
BFGS:   33 15:46:42       -4.431148        0.7441
BFGS:   34 15:46:42       -4.529608        1.0186
BFGS:   35 15:46:42       -4.611421        0.9774
BFGS:   36 15:46:42       -4.669764        0.5874
BFGS:   37 15:46:42       -4.725736        0.7441
BFGS:   38 15:46:42       -4.752835        0.5626
BFGS:   39 15:46:42       -4.775471        0.6469
BFGS:   40 15:46:42       -4.805356        0.7020
BFGS:   41 15:46:42       -4.831012        0.5525
BFGS:   42 15:46:42       -4.852251        0.4077
BFGS:   43 15:46:42       -4.875298        0.3697
BFGS:   44 15:46:42       -4.899532        0.3073
BFGS:   45 15:46:42       -4.906837        0.2481
BFGS:   46 15:46:42       -4.911701        0.1838
BFGS:   47 15:46:42       -4.914440        0.1575
BFGS:   48 15:46:42       -4.923803        0.1906
BFGS:   49 15:46:42       -4.930950        0.2493
BFGS:   50 15:46:42       -4.937806        0.3027
BFGS:   51 15:46:42       -4.945445        0.3439
BFGS:   52 15:46:42       -4.972598        0.5441
BFGS:   53 15:46:42       -5.022598        0.7594
BFGS:   54 15:46:42       -5.123014        0.8836
BFGS:   55 15:46:42       -5.261466        0.8535
BFGS:   56 15:46:42       -5.307812        0.7892
BFGS:   57 15:46:42       -5.357840        0.5870
BFGS:   58 15:46:42       -5.397472        0.5950
BFGS:   59 15:46:42       -5.458859        0.4586
BFGS:   60 15:46:42       -5.476538        0.3635
BFGS:   61 15:46:42       -5.498681        0.4160
BFGS:   62 15:46:42       -5.528135        0.7148
BFGS:   63 15:46:42       -5.563565        0.8404
BFGS:   64 15:46:42       -5.678366        1.0341
BFGS:   65 15:46:42       -5.754569        0.9234
BFGS:   66 15:46:42       -5.804328        0.9339
BFGS:   67 15:46:42       -5.904428        0.6894
BFGS:   68 15:46:42       -5.940344        0.8192
BFGS:   69 15:46:42       -5.986218        0.7332
BFGS:   70 15:46:42       -6.016735        0.5127
BFGS:   71 15:46:42       -6.052774        0.3912
BFGS:   72 15:46:42       -6.076391        0.5153
BFGS:   73 15:46:42       -6.098115        0.5188
BFGS:   74 15:46:42       -6.185242        0.6577
BFGS:   75 15:46:42       -6.223639        0.6334
BFGS:   76 15:46:42       -6.251720        0.5368
BFGS:   77 15:46:42       -6.277354        0.4861
BFGS:   78 15:46:42       -6.311984        0.5135
BFGS:   79 15:46:42       -6.347994        0.4356
BFGS:   80 15:46:42       -6.382615        0.4220
BFGS:   81 15:46:42       -6.508757        0.5916
BFGS:   82 15:46:42       -6.572211        0.4532
BFGS:   83 15:46:42       -6.603030        0.6442
BFGS:   84 15:46:42       -6.628198        0.4233
BFGS:   85 15:46:42       -6.644763        0.3972
BFGS:   86 15:46:42       -6.657012        0.4252
BFGS:   87 15:46:42       -6.670411        0.3731
BFGS:   88 15:46:42       -6.687737        0.3118
BFGS:   89 15:46:42       -6.696986        0.2116
BFGS:   90 15:46:42       -6.705035        0.1657
BFGS:   91 15:46:42       -6.709460        0.0868
BFGS:   92 15:46:42       -6.710606        0.0832
BFGS:   93 15:46:42       -6.711303        0.0773
BFGS:   94 15:46:42       -6.712013        0.0812
BFGS:   95 15:46:42       -6.712809        0.0804
BFGS:   96 15:46:42       -6.714359        0.0843
BFGS:   97 15:46:42       -6.717387        0.1032
BFGS:   98 15:46:42       -6.722786        0.1458
BFGS:   99 15:46:42       -6.730304        0.1717
BFGS:  100 15:46:42       -6.740313        0.2481
BFGS:  101 15:46:42       -6.758059        0.4017
BFGS:  102 15:46:42       -6.776716        0.6083
BFGS:  103 15:46:42       -6.787748        0.7872
BFGS:  104 15:46:42       -6.809995        0.7000
BFGS:  105 15:46:42       -6.845906        0.5604
BFGS:  106 15:46:42       -6.884797        0.7395
BFGS:  107 15:46:42       -6.937138        0.5542
BFGS:  108 15:46:42       -6.965634        0.5822
BFGS:  109 15:46:42       -7.003976        0.4716
BFGS:  110 15:46:42       -7.026552        0.3462
BFGS:  111 15:46:42       -7.049725        0.2994
BFGS:  112 15:46:42       -7.082666        0.2883
BFGS:  113 15:46:42       -7.102781        0.2906
BFGS:  114 15:46:42       -7.122536        0.1571
BFGS:  115 15:46:42       -7.130027        0.0811
BFGS:  116 15:46:42       -7.130812        0.0533
BFGS:  117 15:46:42       -7.131158        0.0203
      Step     Time          Energy         fmax
BFGS:    0 15:46:42       15.819375       28.4225
BFGS:    1 15:46:42        1.810634       16.0479
BFGS:    2 15:46:42       -1.290052        6.9373
BFGS:    3 15:46:42       -3.056236        3.3682
BFGS:    4 15:46:42       -3.872636        1.2629
BFGS:    5 15:46:42       -4.131068        0.6177
BFGS:    6 15:46:42       -4.206885        0.5166
BFGS:    7 15:46:42       -4.231229        0.5689
BFGS:    8 15:46:42       -4.255315        0.6101
BFGS:    9 15:46:42       -4.304587        0.6365
BFGS:   10 15:46:42       -4.359853        0.5369
BFGS:   11 15:46:42       -4.397583        0.4821
BFGS:   12 15:46:42       -4.446211        0.5778
BFGS:   13 15:46:42       -4.469128        0.3819
BFGS:   14 15:46:42       -4.479058        0.3897
BFGS:   15 15:46:42       -4.515199        0.2980
BFGS:   16 15:46:42       -4.532294        0.3510
BFGS:   17 15:46:42       -4.537334        0.3385
BFGS:   18 15:46:42       -4.560805        0.3514
BFGS:   19 15:46:42       -4.577460        0.3686
BFGS:   20 15:46:42       -4.594676        0.3322
BFGS:   21 15:46:42       -4.608406        0.5209
BFGS:   22 15:46:42       -4.646914        0.8556
BFGS:   23 15:46:42       -4.696524        1.2154
BFGS:   24 15:46:42       -4.727116        1.1041
BFGS:   25 15:46:42       -4.827004        0.8945
BFGS:   26 15:46:42       -4.715202        1.5712
BFGS:   27 15:46:42       -4.869163        0.6269
BFGS:   28 15:46:42       -4.884318        0.4562
BFGS:   29 15:46:42       -4.896305        0.3846
BFGS:   30 15:46:42       -4.916579        0.3764
BFGS:   31 15:46:42       -4.922119        0.2458
BFGS:   32 15:46:42       -4.927926        0.2552
BFGS:   33 15:46:42       -4.931140        0.2679
BFGS:   34 15:46:42       -4.940217        0.2257
BFGS:   35 15:46:42       -4.947219        0.1995
BFGS:   36 15:46:42       -4.951380        0.2248
BFGS:   37 15:46:42       -4.953901        0.2238
BFGS:   38 15:46:42       -4.958178        0.2183
BFGS:   39 15:46:42       -4.966169        0.2370
BFGS:   40 15:46:42       -4.991398        0.4870
BFGS:   41 15:46:42       -5.053318        0.8571
BFGS:   42 15:46:42       -5.185817        1.0069
BFGS:   43 15:46:42       -5.327354        1.0598
BFGS:   44 15:46:42       -5.299193        1.8509
BFGS:   45 15:46:42       -5.397162        0.9710
BFGS:   46 15:46:42       -5.436771        0.8887
BFGS:   47 15:46:42       -5.553897        1.3360
BFGS:   48 15:46:42       -5.620998        0.4253
BFGS:   49 15:46:42       -5.655682        0.4197
BFGS:   50 15:46:42       -5.695674        0.6159
BFGS:   51 15:46:42       -5.716338        0.5908
BFGS:   52 15:46:42       -5.802001        0.6074
BFGS:   53 15:46:42       -5.847060        0.5248
BFGS:   54 15:46:42       -5.871262        0.5373
BFGS:   55 15:46:42       -5.899287        0.3866
BFGS:   56 15:46:42       -5.921475        0.2579
BFGS:   57 15:46:42       -5.930001        0.2042
BFGS:   58 15:46:42       -5.934096        0.1949
BFGS:   59 15:46:42       -5.936141        0.1336
BFGS:   60 15:46:42       -5.938962        0.1211
BFGS:   61 15:46:42       -5.947151        0.1813
BFGS:   62 15:46:42       -5.956771        0.2962
BFGS:   63 15:46:42       -5.975521        0.4413
BFGS:   64 15:46:42       -6.025190        0.6818
BFGS:   65 15:46:42       -6.191325        0.8006
BFGS:   66 15:46:42       -6.409973        0.7432
BFGS:   67 15:46:42       -6.234325        2.3395
BFGS:   68 15:46:42       -6.482173        0.6820
BFGS:   69 15:46:42       -6.514765        0.5793
BFGS:   70 15:46:42       -6.542860        1.2467
BFGS:   71 15:46:42       -6.608472        0.5591
BFGS:   72 15:46:42       -6.639788        0.5072
BFGS:   73 15:46:42       -6.749973        1.3901
BFGS:   74 15:46:42       -6.826170        0.3845
BFGS:   75 15:46:42       -6.850123        0.2474
BFGS:   76 15:46:42       -6.860550        0.1678
BFGS:   77 15:46:42       -6.864197        0.1536
BFGS:   78 15:46:42       -6.872297        0.1348
BFGS:   79 15:46:42       -6.874882        0.1250
BFGS:   80 15:46:42       -6.878188        0.1409
BFGS:   81 15:46:42       -6.914194        0.3458
BFGS:   82 15:46:42       -7.020485        0.7436
BFGS:   83 15:46:42       -6.835755        2.4560
BFGS:   84 15:46:42       -7.066666        0.5114
BFGS:   85 15:46:42       -7.100518        0.5154
BFGS:   86 15:46:42       -7.212737        0.6412
BFGS:   87 15:46:42       -7.236137        0.6731
BFGS:   88 15:46:42       -7.262894        0.4261
BFGS:   89 15:46:42       -7.282474        0.2955
BFGS:   90 15:46:42       -7.298333        0.2549
BFGS:   91 15:46:42       -7.306442        0.1956
BFGS:   92 15:46:42       -7.311496        0.1483
BFGS:   93 15:46:42       -7.314966        0.1305
BFGS:   94 15:46:42       -7.316399        0.0769
BFGS:   95 15:46:42       -7.316954        0.0304
      Step     Time          Energy         fmax
BFGS:    0 15:46:42       16.769398       37.9258
BFGS:    1 15:46:42       -0.594655       11.5655
BFGS:    2 15:46:42       -3.022491        5.8825
BFGS:    3 15:46:42       -4.009019        2.8127
BFGS:    4 15:46:42       -4.462140        1.3511
BFGS:    5 15:46:42       -4.609208        0.6623
BFGS:    6 15:46:42       -4.646836        0.4033
BFGS:    7 15:46:42       -4.662623        0.4138
BFGS:    8 15:46:42       -4.685102        0.4504
BFGS:    9 15:46:42       -4.731054        0.5421
BFGS:   10 15:46:42       -4.805198        0.7345
BFGS:   11 15:46:42       -4.856103        0.7732
BFGS:   12 15:46:42       -4.900259        0.9262
BFGS:   13 15:46:42       -5.032369        1.3612
BFGS:   14 15:46:42       -5.096199        0.9671
BFGS:   15 15:46:42       -5.191012        0.6504
BFGS:   16 15:46:42       -5.220219        0.4011
BFGS:   17 15:46:42       -5.240810        0.5661
BFGS:   18 15:46:42       -5.281775        0.9354
BFGS:   19 15:46:42       -5.393101        1.6673
BFGS:   20 15:46:42       -5.389448        2.4253
BFGS:   21 15:46:42       -5.555845        0.6890
BFGS:   22 15:46:42       -5.605549        0.6260
BFGS:   23 15:46:42       -5.654959        0.6959
BFGS:   24 15:46:42       -5.686219        0.4970
BFGS:   25 15:46:42       -5.744036        0.4278
BFGS:   26 15:46:42       -5.756186        0.4155
BFGS:   27 15:46:42       -5.788312        0.4185
BFGS:   28 15:46:42       -5.824921        0.4908
BFGS:   29 15:46:42       -5.854674        0.4200
BFGS:   30 15:46:42       -5.901904        0.3509
BFGS:   31 15:46:42       -5.911187        0.3632
BFGS:   32 15:46:42       -5.920359        0.3614
BFGS:   33 15:46:42       -5.928946        0.1984
BFGS:   34 15:46:42       -5.935013        0.1942
BFGS:   35 15:46:42       -5.939477        0.1620
BFGS:   36 15:46:42       -5.941151        0.1558
BFGS:   37 15:46:42       -5.943776        0.1366
BFGS:   38 15:46:42       -5.945378        0.0852
BFGS:   39 15:46:42       -5.946606        0.0954
BFGS:   40 15:46:42       -5.947516        0.1266
BFGS:   41 15:46:42       -5.949287        0.2124
BFGS:   42 15:46:42       -5.953978        0.3747
BFGS:   43 15:46:42       -5.967569        0.7091
BFGS:   44 15:46:42       -5.989256        1.0824
BFGS:   45 15:46:42       -6.011426        1.2981
BFGS:   46 15:46:42       -6.045395        1.3733
BFGS:   47 15:46:42       -6.092025        1.3506
BFGS:   48 15:46:42       -6.159208        1.3338
BFGS:   49 15:46:42       -6.412379        1.1978
BFGS:   50 15:46:42       -6.449908        2.8630
BFGS:   51 15:46:42       -6.631528        1.1311
BFGS:   52 15:46:42       -6.757084        0.8612
BFGS:   53 15:46:42       -6.921726        0.9456
BFGS:   54 15:46:42       -6.959824        1.2871
BFGS:   55 15:46:42       -7.014519        0.7300
BFGS:   56 15:46:42       -7.050714        0.4130
BFGS:   57 15:46:42       -7.072127        0.3904
BFGS:   58 15:46:42       -7.082011        0.3534
BFGS:   59 15:46:42       -7.090158        0.2335
BFGS:   60 15:46:42       -7.096633        0.2178
BFGS:   61 15:46:42       -7.108701        0.2027
BFGS:   62 15:46:42       -7.118184        0.1983
BFGS:   63 15:46:42       -7.123468        0.1547
BFGS:   64 15:46:42       -7.126081        0.1511
BFGS:   65 15:46:42       -7.127481        0.1474
BFGS:   66 15:46:42       -7.129220        0.1024
BFGS:   67 15:46:42       -7.130349        0.0576
BFGS:   68 15:46:42       -7.130801        0.0357
      Step     Time          Energy         fmax
BFGS:    0 15:46:42       15.549340       31.9995
BFGS:    1 15:46:42        0.680542       15.1028
BFGS:    2 15:46:42       -1.767770        8.5396
BFGS:    3 15:46:42       -3.255645        2.5296
BFGS:    4 15:46:42       -3.723505        1.3224
BFGS:    5 15:46:42       -3.963305        0.6364
BFGS:    6 15:46:42       -4.031103        0.6509
BFGS:    7 15:46:42       -4.068100        0.7280
BFGS:    8 15:46:42       -4.117989        0.8309
BFGS:    9 15:46:42       -4.220304        1.0018
BFGS:   10 15:46:42       -4.326603        1.5335
BFGS:   11 15:46:42       -4.482121        1.3700
BFGS:   12 15:46:42       -4.696589        1.8416
BFGS:   13 15:46:42       -4.751149        0.7571
BFGS:   14 15:46:42       -4.794735        0.7362
BFGS:   15 15:46:42       -4.853539        0.8707
BFGS:   16 15:46:42       -4.907321        0.7706
BFGS:   17 15:46:42       -4.977983        0.7261
BFGS:   18 15:46:42       -5.031973        0.7549
BFGS:   19 15:46:42       -5.082597        0.8821
BFGS:   20 15:46:42       -5.153311        0.9473
BFGS:   21 15:46:42       -5.258107        0.6769
BFGS:   22 15:46:42       -5.315516        0.6769
BFGS:   23 15:46:42       -5.345200        0.6256
BFGS:   24 15:46:42       -5.448833        0.9065
BFGS:   25 15:46:42       -5.518070        0.7012
BFGS:   26 15:46:42       -5.578911        0.4237
BFGS:   27 15:46:42       -5.596363        0.4477
BFGS:   28 15:46:42       -5.608926        0.3915
BFGS:   29 15:46:42       -5.629469        0.3792
BFGS:   30 15:46:42       -5.660223        0.4291
BFGS:   31 15:46:42       -5.688665        0.4679
BFGS:   32 15:46:42       -5.713670        0.6994
BFGS:   33 15:46:42       -5.728778        0.7356
BFGS:   34 15:46:42       -5.764727        0.7571
BFGS:   35 15:46:42       -5.805958        0.3907
BFGS:   36 15:46:42       -5.828160        0.3693
BFGS:   37 15:46:42       -5.852673        0.6153
BFGS:   38 15:46:42       -5.870551        0.3166
BFGS:   39 15:46:42       -5.876333        0.2814
BFGS:   40 15:46:42       -5.886462        0.2625
BFGS:   41 15:46:42       -5.893816        0.2390
BFGS:   42 15:46:42       -5.900694        0.2123
BFGS:   43 15:46:42       -5.903656        0.1843
BFGS:   44 15:46:42       -5.905366        0.1460
BFGS:   45 15:46:42       -5.908674        0.1869
BFGS:   46 15:46:42       -5.913882        0.2083
BFGS:   47 15:46:42       -5.919285        0.2136
BFGS:   48 15:46:42       -5.923969        0.2498
BFGS:   49 15:46:42       -5.929281        0.2732
BFGS:   50 15:46:42       -5.939572        0.3303
BFGS:   51 15:46:42       -5.971300        0.6371
BFGS:   52 15:46:42       -5.958377        0.7707
BFGS:   53 15:46:42       -6.023603        0.5482
BFGS:   54 15:46:42       -6.065497        0.5297
BFGS:   55 15:46:42       -6.123161        0.4044
BFGS:   56 15:46:42       -6.140589        0.3508
BFGS:   57 15:46:42       -6.150139        0.3013
BFGS:   58 15:46:42       -6.174503        0.2379
BFGS:   59 15:46:42       -6.184332        0.1669
BFGS:   60 15:46:42       -6.188793        0.1010
BFGS:   61 15:46:42       -6.189406        0.0950
BFGS:   62 15:46:42       -6.189915        0.0888
BFGS:   63 15:46:42       -6.190310        0.0721
BFGS:   64 15:46:42       -6.190603        0.0423
      Step     Time          Energy         fmax
BFGS:    0 15:46:42       15.918010       36.4455
BFGS:    1 15:46:42        1.487976       12.4241
BFGS:    2 15:46:42       -2.050592        5.6193
BFGS:    3 15:46:42       -3.304636        3.2516
BFGS:    4 15:46:42       -3.885567        1.5089
BFGS:    5 15:46:42       -4.040824        0.7142
BFGS:    6 15:46:42       -4.079639        0.4002
BFGS:    7 15:46:42       -4.095428        0.3997
BFGS:    8 15:46:42       -4.118180        0.4455
BFGS:    9 15:46:42       -4.164280        0.5351
BFGS:   10 15:46:42       -4.265782        0.7374
BFGS:   11 15:46:42       -4.397457        1.3195
BFGS:   12 15:46:42       -4.431561        2.3007
BFGS:   13 15:46:42       -4.501906        1.4579
BFGS:   14 15:46:42       -4.579747        1.2037
BFGS:   15 15:46:42       -4.877786        2.2126
BFGS:   16 15:46:42       -5.008752        1.6995
BFGS:   17 15:46:42       -5.200591        0.8339
BFGS:   18 15:46:42       -5.280394        0.8161
BFGS:   19 15:46:42       -5.330983        0.6607
BFGS:   20 15:46:42       -5.368264        0.6240
BFGS:   21 15:46:42       -5.427436        0.4734
BFGS:   22 15:46:42       -5.482895        0.5363
BFGS:   23 15:46:42       -5.501500        0.3950
BFGS:   24 15:46:42       -5.511362        0.2319
BFGS:   25 15:46:42       -5.517735        0.1958
BFGS:   26 15:46:42       -5.533033        0.2622
BFGS:   27 15:46:42       -5.540802        0.2380
BFGS:   28 15:46:42       -5.547010        0.2533
BFGS:   29 15:46:42       -5.560306        0.3421
BFGS:   30 15:46:42       -5.593611        0.4760
BFGS:   31 15:46:42       -5.640891        0.6725
BFGS:   32 15:46:42       -5.682475        0.8781
BFGS:   33 15:46:42       -5.757264        0.8500
BFGS:   34 15:46:42       -5.868949        0.9542
BFGS:   35 15:46:42       -5.911116        0.5948
BFGS:   36 15:46:42       -5.944197        0.6230
BFGS:   37 15:46:42       -6.004080        0.6182
BFGS:   38 15:46:42       -6.117648        0.7792
BFGS:   39 15:46:42       -6.166733        1.1321
BFGS:   40 15:46:42       -6.208242        0.7788
BFGS:   41 15:46:42       -6.254586        0.6072
BFGS:   42 15:46:42       -6.340764        0.7467
BFGS:   43 15:46:42       -6.366512        0.4073
BFGS:   44 15:46:42       -6.381678        0.3294
BFGS:   45 15:46:42       -6.396440        0.3411
BFGS:   46 15:46:42       -6.412216        0.3363
BFGS:   47 15:46:42       -6.457539        0.3443
BFGS:   48 15:46:42       -6.545842        0.7390
BFGS:   49 15:46:42       -6.520171        1.6440
BFGS:   50 15:46:42       -6.589839        0.5741
BFGS:   51 15:46:42       -6.614180        0.7755
BFGS:   52 15:46:42       -6.640526        0.8703
BFGS:   53 15:46:42       -6.669973        0.4969
BFGS:   54 15:46:42       -6.690793        0.3680
BFGS:   55 15:46:42       -6.753315        0.5413
BFGS:   56 15:46:42       -6.778168        0.5839
BFGS:   57 15:46:42       -6.814804        0.5049
BFGS:   58 15:46:42       -6.843168        0.4799
BFGS:   59 15:46:42       -6.887992        0.4287
BFGS:   60 15:46:42       -6.906506        0.3281
BFGS:   61 15:46:42       -6.915514        0.2614
BFGS:   62 15:46:42       -6.921129        0.2206
BFGS:   63 15:46:42       -6.928128        0.1685
BFGS:   64 15:46:42       -6.932377        0.1079
BFGS:   65 15:46:42       -6.934122        0.0667
BFGS:   66 15:46:42       -6.934691        0.0558
BFGS:   67 15:46:42       -6.934896        0.0554
BFGS:   68 15:46:42       -6.935353        0.0530
BFGS:   69 15:46:42       -6.935740        0.0444
      Step     Time          Energy         fmax
BFGS:    0 15:46:42       18.729379       40.8911
BFGS:    1 15:46:42       -1.336107        8.6743
BFGS:    2 15:46:42       -3.255704        5.2514
BFGS:    3 15:46:42       -4.587364        2.1139
BFGS:    4 15:46:42       -4.964288        1.0111
BFGS:    5 15:46:42       -5.080356        0.5753
BFGS:    6 15:46:42       -5.116113        0.4624
BFGS:    7 15:46:42       -5.142916        0.4999
BFGS:    8 15:46:42       -5.187036        0.6417
BFGS:    9 15:46:42       -5.276239        0.8028
BFGS:   10 15:46:42       -5.361478        0.9821
BFGS:   11 15:46:42       -5.436732        0.8330
BFGS:   12 15:46:42       -5.564431        0.6981
BFGS:   13 15:46:42       -5.698025        1.4305
BFGS:   14 15:46:42       -5.793003        1.2376
BFGS:   15 15:46:42       -5.954310        0.7821
BFGS:   16 15:46:42       -6.022779        0.9271
BFGS:   17 15:46:42       -6.097692        0.8784
BFGS:   18 15:46:42       -6.146579        1.8539
BFGS:   19 15:46:42       -6.286619        1.0883
BFGS:   20 15:46:42       -6.408106        0.8318
BFGS:   21 15:46:42       -6.503201        0.5480
BFGS:   22 15:46:42       -6.524776        0.5004
BFGS:   23 15:46:42       -6.542842        0.5049
BFGS:   24 15:46:42       -6.574776        0.5337
BFGS:   25 15:46:42       -6.600208        0.4588
BFGS:   26 15:46:42       -6.612495        0.3032
BFGS:   27 15:46:42       -6.617720        0.2844
BFGS:   28 15:46:42       -6.623838        0.3493
BFGS:   29 15:46:42       -6.639610        0.4815
BFGS:   30 15:46:42       -6.678742        0.7355
BFGS:   31 15:46:42       -6.754086        0.9194
BFGS:   32 15:46:42       -6.800159        1.0145
BFGS:   33 15:46:42       -6.837385        0.8953
BFGS:   34 15:46:42       -6.937168        0.8255
BFGS:   35 15:46:42       -6.976734        0.5999
BFGS:   36 15:46:42       -7.022598        0.4492
BFGS:   37 15:46:42       -7.035494        0.3884
BFGS:   38 15:46:42       -7.054821        0.3711
BFGS:   39 15:46:42       -7.065216        0.2977
BFGS:   40 15:46:42       -7.071988        0.2754
BFGS:   41 15:46:42       -7.089098        0.2151
BFGS:   42 15:46:42       -7.095794        0.2437
BFGS:   43 15:46:42       -7.101180        0.2223
BFGS:   44 15:46:42       -7.108861        0.2848
BFGS:   45 15:46:42       -7.118259        0.3016
BFGS:   46 15:46:42       -7.124624        0.1981
BFGS:   47 15:46:42       -7.127698        0.1211
BFGS:   48 15:46:42       -7.128820        0.0960
BFGS:   49 15:46:43       -7.129525        0.0768
BFGS:   50 15:46:43       -7.130511        0.0540
BFGS:   51 15:46:43       -7.131027        0.0309
      Step     Time          Energy         fmax
BFGS:    0 15:46:43       15.761773       33.9743
BFGS:    1 15:46:43        1.914440       11.2461
BFGS:    2 15:46:43       -1.836203        6.1217
BFGS:    3 15:46:43       -3.219964        3.0208
BFGS:    4 15:46:43       -3.696278        1.5178
BFGS:    5 15:46:43       -3.863239        0.6818
BFGS:    6 15:46:43       -3.899385        0.4443
BFGS:    7 15:46:43       -3.916283        0.3926
BFGS:    8 15:46:43       -3.934430        0.4300
BFGS:    9 15:46:43       -3.953899        0.5214
BFGS:   10 15:46:43       -3.972893        0.6116
BFGS:   11 15:46:43       -3.993338        0.6875
BFGS:   12 15:46:43       -4.029052        0.9513
BFGS:   13 15:46:43       -4.107987        1.7116
BFGS:   14 15:46:43       -4.177684        2.2758
BFGS:   15 15:46:43       -4.365144        1.2463
BFGS:   16 15:46:43       -4.474675        0.8677
BFGS:   17 15:46:43       -4.479235        0.6006
BFGS:   18 15:46:43       -4.509903        0.4315
BFGS:   19 15:46:43       -4.528056        0.5086
BFGS:   20 15:46:43       -4.548976        0.5188
BFGS:   21 15:46:43       -4.589345        0.2918
BFGS:   22 15:46:43       -4.594407        0.2856
BFGS:   23 15:46:43       -4.603836        0.2441
BFGS:   24 15:46:43       -4.616106        0.2061
BFGS:   25 15:46:43       -4.627935        0.2870
BFGS:   26 15:46:43       -4.642369        0.3455
BFGS:   27 15:46:43       -4.663743        0.4882
BFGS:   28 15:46:43       -4.726893        0.9660
BFGS:   29 15:46:43       -4.697862        0.9390
BFGS:   30 15:46:43       -4.938255        1.0074
BFGS:   31 15:46:43       -5.091100        1.0055
BFGS:   32 15:46:43       -5.251863        1.2221
BFGS:   33 15:46:43       -5.302936        0.8949
BFGS:   34 15:46:43       -5.348031        0.8115
BFGS:   35 15:46:43       -5.452879        0.7379
BFGS:   36 15:46:43       -5.593338        1.4072
BFGS:   37 15:46:43       -5.686312        0.7254
BFGS:   38 15:46:43       -5.770479        0.6386
BFGS:   39 15:46:43       -5.845376        0.9064
BFGS:   40 15:46:43       -5.900919        0.7243
BFGS:   41 15:46:43       -6.028445        0.6798
BFGS:   42 15:46:43       -6.162637        0.8468
BFGS:   43 15:46:43       -6.210676        0.7889
BFGS:   44 15:46:43       -6.262405        0.5650
BFGS:   45 15:46:43       -6.276066        0.5687
BFGS:   46 15:46:43       -6.296551        0.3953
BFGS:   47 15:46:43       -6.310860        0.4238
BFGS:   48 15:46:43       -6.352212        0.5327
BFGS:   49 15:46:43       -6.386320        0.5591
BFGS:   50 15:46:43       -6.461525        0.6263
BFGS:   51 15:46:43       -6.519177        0.7265
BFGS:   52 15:46:43       -6.644497        1.1241
BFGS:   53 15:46:43       -6.821458        0.8426
BFGS:   54 15:46:43       -6.666658        1.8467
BFGS:   55 15:46:43       -6.875371        0.5612
BFGS:   56 15:46:43       -6.900518        0.5713
BFGS:   57 15:46:43       -7.065352        0.4504
BFGS:   58 15:46:43       -7.067783        1.1288
BFGS:   59 15:46:43       -7.113441        0.4575
BFGS:   60 15:46:43       -7.125073        0.3796
BFGS:   61 15:46:43       -7.144418        0.4626
BFGS:   62 15:46:43       -7.161995        0.5847
BFGS:   63 15:46:43       -7.198549        0.7076
BFGS:   64 15:46:43       -7.239054        0.7061
BFGS:   65 15:46:43       -7.272269        0.7710
BFGS:   66 15:46:43       -7.325113        0.6982
BFGS:   67 15:46:43       -7.388242        0.5105
BFGS:   68 15:46:43       -7.406186        0.4564
BFGS:   69 15:46:43       -7.420275        0.6287
BFGS:   70 15:46:43       -7.430005        0.7176
BFGS:   71 15:46:43       -7.439687        0.5911
BFGS:   72 15:46:43       -7.454372        0.5839
BFGS:   73 15:46:43       -7.466271        0.6034
BFGS:   74 15:46:43       -7.487487        0.6261
BFGS:   75 15:46:43       -7.501181        0.5601
BFGS:   76 15:46:43       -7.508102        0.5185
BFGS:   77 15:46:43       -7.511927        0.5149
BFGS:   78 15:46:43       -7.515516        0.4988
BFGS:   79 15:46:43       -7.524182        0.4461
BFGS:   80 15:46:43       -7.538409        0.4292
BFGS:   81 15:46:43       -7.551596        0.3599
BFGS:   82 15:46:43       -7.556905        0.3109
BFGS:   83 15:46:43       -7.560178        0.2728
BFGS:   84 15:46:43       -7.566358        0.2134
BFGS:   85 15:46:43       -7.572320        0.1801
BFGS:   86 15:46:43       -7.576223        0.1085
BFGS:   87 15:46:43       -7.577877        0.0937
BFGS:   88 15:46:43       -7.578559        0.0840
BFGS:   89 15:46:43       -7.579288        0.0863
BFGS:   90 15:46:43       -7.580345        0.0647
BFGS:   91 15:46:43       -7.580835        0.0287
      Step     Time          Energy         fmax
BFGS:    0 15:46:43       16.148377       36.0615
BFGS:    1 15:46:43        0.677546       24.0692
BFGS:    2 15:46:43       -2.944966        7.3534
BFGS:    3 15:46:43       -4.025550        3.4229
BFGS:    4 15:46:43       -4.685211        1.5539
BFGS:    5 15:46:43       -4.908752        0.7774
BFGS:    6 15:46:43       -4.968597        0.4955
BFGS:    7 15:46:43       -4.995853        0.5343
BFGS:    8 15:46:43       -5.027142        0.5413
BFGS:    9 15:46:43       -5.065952        0.6350
BFGS:   10 15:46:43       -5.098579        0.6922
BFGS:   11 15:46:43       -5.130417        0.8118
BFGS:   12 15:46:43       -5.179794        0.8718
BFGS:   13 15:46:43       -5.207897        0.7189
BFGS:   14 15:46:43       -5.262992        0.8347
BFGS:   15 15:46:43       -5.301578        1.0146
BFGS:   16 15:46:43       -5.335454        1.0247
BFGS:   17 15:46:43       -5.391792        0.8018
BFGS:   18 15:46:43       -5.437042        0.4906
BFGS:   19 15:46:43       -5.445818        0.5350
BFGS:   20 15:46:43       -5.459826        0.2609
BFGS:   21 15:46:43       -5.464842        0.2299
BFGS:   22 15:46:43       -5.478478        0.1967
BFGS:   23 15:46:43       -5.487575        0.1789
BFGS:   24 15:46:43       -5.492699        0.2191
BFGS:   25 15:46:43       -5.496469        0.2493
BFGS:   26 15:46:43       -5.508328        0.3267
BFGS:   27 15:46:43       -5.535259        0.4174
BFGS:   28 15:46:43       -5.595611        0.5465
BFGS:   29 15:46:43       -5.581411        1.2395
BFGS:   30 15:46:43       -5.625325        0.6972
BFGS:   31 15:46:43       -5.636690        0.7328
BFGS:   32 15:46:43       -5.651995        0.8826
BFGS:   33 15:46:43       -5.661025        0.7855
BFGS:   34 15:46:43       -5.668798        0.7593
BFGS:   35 15:46:43       -5.689960        0.6358
BFGS:   36 15:46:43       -5.700610        0.5902
BFGS:   37 15:46:43       -5.781295        0.8271
BFGS:   38 15:46:43       -5.838395        1.0031
BFGS:   39 15:46:43       -5.869735        0.9642
BFGS:   40 15:46:43       -5.931731        0.7358
BFGS:   41 15:46:43       -5.979315        1.0204
BFGS:   42 15:46:43       -6.025546        1.2164
BFGS:   43 15:46:43       -6.066219        1.0485
BFGS:   44 15:46:43       -6.128320        0.8748
BFGS:   45 15:46:43       -6.169538        0.6999
BFGS:   46 15:46:43       -6.193383        0.7089
BFGS:   47 15:46:43       -6.211900        0.7094
BFGS:   48 15:46:43       -6.226878        0.6737
BFGS:   49 15:46:43       -6.248378        0.6014
BFGS:   50 15:46:43       -6.274381        0.4990
BFGS:   51 15:46:43       -6.303062        0.5805
BFGS:   52 15:46:43       -6.330961        0.5920
BFGS:   53 15:46:43       -6.344056        0.6162
BFGS:   54 15:46:43       -6.359670        0.6893
BFGS:   55 15:46:43       -6.383583        0.7636
BFGS:   56 15:46:43       -6.441519        0.6568
BFGS:   57 15:46:43       -6.460498        0.5243
BFGS:   58 15:46:43       -6.474661        0.5329
BFGS:   59 15:46:43       -6.478777        0.4633
BFGS:   60 15:46:43       -6.484179        0.4250
BFGS:   61 15:46:43       -6.493637        0.3571
BFGS:   62 15:46:43       -6.500134        0.3112
BFGS:   63 15:46:43       -6.504862        0.2802
BFGS:   64 15:46:43       -6.507815        0.2784
BFGS:   65 15:46:43       -6.511289        0.2829
BFGS:   66 15:46:43       -6.515612        0.2838
BFGS:   67 15:46:43       -6.521370        0.2689
BFGS:   68 15:46:43       -6.528519        0.2472
BFGS:   69 15:46:43       -6.532641        0.2490
BFGS:   70 15:46:43       -6.535366        0.2602
BFGS:   71 15:46:43       -6.538573        0.2747
BFGS:   72 15:46:43       -6.543984        0.3319
BFGS:   73 15:46:43       -6.555043        0.4335
BFGS:   74 15:46:43       -6.574678        0.5861
BFGS:   75 15:46:43       -6.602415        0.6951
BFGS:   76 15:46:43       -6.653046        0.7161
BFGS:   77 15:46:43       -6.719646        0.7360
BFGS:   78 15:46:43       -6.765861        0.8771
BFGS:   79 15:46:43       -6.824869        0.8228
BFGS:   80 15:46:43       -6.827189        0.6359
BFGS:   81 15:46:43       -6.839133        0.9727
BFGS:   82 15:46:43       -6.886294        0.8474
BFGS:   83 15:46:43       -6.936331        0.7282
BFGS:   84 15:46:43       -7.009784        0.7560
BFGS:   85 15:46:43       -7.049280        0.6562
BFGS:   86 15:46:43       -7.074344        0.4497
BFGS:   87 15:46:43       -7.094852        0.2415
BFGS:   88 15:46:43       -7.105943        0.2739
BFGS:   89 15:46:43       -7.110624        0.2198
BFGS:   90 15:46:43       -7.112344        0.1462
BFGS:   91 15:46:43       -7.112652        0.1376
BFGS:   92 15:46:43       -7.113987        0.1412
BFGS:   93 15:46:43       -7.115268        0.1682
BFGS:   94 15:46:43       -7.117894        0.2044
BFGS:   95 15:46:43       -7.121188        0.2151
BFGS:   96 15:46:43       -7.125216        0.1809
BFGS:   97 15:46:43       -7.128675        0.1044
BFGS:   98 15:46:43       -7.130464        0.0717
BFGS:   99 15:46:43       -7.131109        0.0348
      Step     Time          Energy         fmax
BFGS:    0 15:46:43       16.542854       39.3911
BFGS:    1 15:46:43        4.855661       14.0108
BFGS:    2 15:46:43       -0.237086       10.7130
BFGS:    3 15:46:43       -2.695361        3.5287
BFGS:    4 15:46:43       -3.343608        1.6008
BFGS:    5 15:46:43       -3.594228        0.7784
BFGS:    6 15:46:43       -3.651957        0.3798
BFGS:    7 15:46:43       -3.662776        0.3007
BFGS:    8 15:46:43       -3.668131        0.2834
BFGS:    9 15:46:43       -3.678299        0.2673
BFGS:   10 15:46:43       -3.693176        0.2808
BFGS:   11 15:46:43       -3.707013        0.3358
BFGS:   12 15:46:43       -3.717282        0.4391
BFGS:   13 15:46:43       -3.736899        0.5497
BFGS:   14 15:46:43       -3.772967        0.8093
BFGS:   15 15:46:43       -3.855740        1.6876
BFGS:   16 15:46:43       -3.901193        2.7245
BFGS:   17 15:46:43       -3.967267        2.3080
BFGS:   18 15:46:43       -4.112772        1.9169
BFGS:   19 15:46:43       -4.258542        0.8221
BFGS:   20 15:46:43       -4.295834        0.5999
BFGS:   21 15:46:43       -4.325449        0.7088
BFGS:   22 15:46:43       -4.359727        0.7854
BFGS:   23 15:46:43       -4.448135        0.6827
BFGS:   24 15:46:43       -4.537539        0.5018
BFGS:   25 15:46:43       -4.476265        1.8317
BFGS:   26 15:46:43       -4.584405        0.3169
BFGS:   27 15:46:43       -4.598873        0.2956
BFGS:   28 15:46:43       -4.606802        0.3531
BFGS:   29 15:46:43       -4.609856        0.2652
BFGS:   30 15:46:43       -4.617121        0.1913
BFGS:   31 15:46:43       -4.626110        0.2052
BFGS:   32 15:46:43       -4.631429        0.3233
BFGS:   33 15:46:43       -4.638426        0.4281
BFGS:   34 15:46:43       -4.652006        0.5413
BFGS:   35 15:46:43       -4.682390        0.7393
BFGS:   36 15:46:43       -4.734275        1.1072
BFGS:   37 15:46:43       -4.748876        1.6679
BFGS:   38 15:46:43       -4.788157        1.1165
BFGS:   39 15:46:43       -4.833541        0.8930
BFGS:   40 15:46:43       -4.981050        0.4295
BFGS:   41 15:46:43       -4.996332        0.4587
BFGS:   42 15:46:43       -5.014987        0.4692
BFGS:   43 15:46:43       -5.083036        0.8600
BFGS:   44 15:46:43       -5.166495        1.1669
BFGS:   45 15:46:43       -5.282848        1.5452
BFGS:   46 15:46:43       -5.396391        2.0838
BFGS:   47 15:46:43       -5.487823        2.2481
BFGS:   48 15:46:43       -5.696608        1.6899
BFGS:   49 15:46:43       -5.903016        1.1977
BFGS:   50 15:46:43       -5.952510        0.7015
BFGS:   51 15:46:43       -5.991795        0.6655
BFGS:   52 15:46:43       -6.041353        0.6175
BFGS:   53 15:46:43       -6.110261        0.6072
BFGS:   54 15:46:43       -6.140609        0.5349
BFGS:   55 15:46:43       -6.169824        0.3344
BFGS:   56 15:46:43       -6.191381        0.5735
BFGS:   57 15:46:43       -6.202722        0.4548
BFGS:   58 15:46:43       -6.227169        0.3145
BFGS:   59 15:46:43       -6.235853        0.2985
BFGS:   60 15:46:43       -6.251922        0.2346
BFGS:   61 15:46:43       -6.260028        0.2187
BFGS:   62 15:46:43       -6.262882        0.1745
BFGS:   63 15:46:43       -6.264213        0.1305
BFGS:   64 15:46:43       -6.267376        0.1231
BFGS:   65 15:46:43       -6.270231        0.1223
BFGS:   66 15:46:43       -6.272545        0.1086
BFGS:   67 15:46:43       -6.274016        0.1074
BFGS:   68 15:46:43       -6.275504        0.1430
BFGS:   69 15:46:43       -6.278081        0.1915
BFGS:   70 15:46:43       -6.284049        0.2719
BFGS:   71 15:46:43       -6.297983        0.4189
BFGS:   72 15:46:43       -6.317563        0.6960
BFGS:   73 15:46:43       -6.354852        0.8414
BFGS:   74 15:46:43       -6.416106        0.9019
BFGS:   75 15:46:43       -6.542527        0.6443
BFGS:   76 15:46:43       -6.582195        0.5038
BFGS:   77 15:46:43       -6.544060        1.1222
BFGS:   78 15:46:43       -6.630709        0.4597
BFGS:   79 15:46:43       -6.655044        0.4251
BFGS:   80 15:46:43       -6.703266        0.3479
BFGS:   81 15:46:43       -6.727700        0.2878
BFGS:   82 15:46:43       -6.736839        0.2439
BFGS:   83 15:46:43       -6.746306        0.2248
BFGS:   84 15:46:43       -6.752795        0.1962
BFGS:   85 15:46:43       -6.761148        0.1785
BFGS:   86 15:46:43       -6.766344        0.1587
BFGS:   87 15:46:43       -6.770876        0.1489
BFGS:   88 15:46:43       -6.774243        0.1881
BFGS:   89 15:46:43       -6.779308        0.2546
BFGS:   90 15:46:43       -6.790705        0.3965
BFGS:   91 15:46:43       -6.827018        0.7560
BFGS:   92 15:46:43       -6.804862        1.3106
BFGS:   93 15:46:43       -6.888284        0.5162
BFGS:   94 15:46:43       -6.931666        0.4674
BFGS:   95 15:46:43       -6.966450        0.4413
BFGS:   96 15:46:43       -6.996950        0.5413
BFGS:   97 15:46:43       -7.026194        0.5017
BFGS:   98 15:46:43       -7.051330        0.4830
BFGS:   99 15:46:43       -7.075566        0.4083
BFGS:  100 15:46:43       -7.097556        0.3105
BFGS:  101 15:46:43       -7.107156        0.2866
BFGS:  102 15:46:43       -7.117117        0.2473
BFGS:  103 15:46:43       -7.122304        0.1618
BFGS:  104 15:46:43       -7.124559        0.1052
BFGS:  105 15:46:43       -7.125730        0.0846
BFGS:  106 15:46:43       -7.126271        0.0890
BFGS:  107 15:46:43       -7.127257        0.1083
BFGS:  108 15:46:43       -7.128350        0.1162
BFGS:  109 15:46:43       -7.129955        0.0931
BFGS:  110 15:46:43       -7.130954        0.0442
      Step     Time          Energy         fmax
BFGS:    0 15:46:43       15.709107       42.0247
BFGS:    1 15:46:43        0.229591       11.8867
BFGS:    2 15:46:43       -2.327650        6.6858
BFGS:    3 15:46:43       -3.702802        2.9468
BFGS:    4 15:46:43       -4.180117        1.2110
BFGS:    5 15:46:43       -4.327612        0.6308
BFGS:    6 15:46:43       -4.370873        0.5907
BFGS:    7 15:46:43       -4.395720        0.5849
BFGS:    8 15:46:43       -4.433670        0.5510
BFGS:    9 15:46:43       -4.488506        0.6471
BFGS:   10 15:46:43       -4.528539        0.6540
BFGS:   11 15:46:43       -4.600936        0.6906
BFGS:   12 15:46:43       -4.629501        0.6682
BFGS:   13 15:46:43       -4.659907        0.6113
BFGS:   14 15:46:43       -4.836264        0.6000
BFGS:   15 15:46:43       -4.893203        0.9681
BFGS:   16 15:46:43       -4.924449        0.6574
BFGS:   17 15:46:43       -4.947732        0.6392
BFGS:   18 15:46:43       -5.137815        0.5625
BFGS:   19 15:46:43       -5.025045        2.7687
BFGS:   20 15:46:43       -5.201898        0.5542
BFGS:   21 15:46:43       -5.227487        0.5620
BFGS:   22 15:46:43       -5.368553        0.8655
BFGS:   23 15:46:43       -5.499914        1.3303
BFGS:   24 15:46:43       -5.634444        1.6809
BFGS:   25 15:46:43       -5.663592        1.7026
BFGS:   26 15:46:43       -5.731432        1.2714
BFGS:   27 15:46:43       -5.772098        1.1220
BFGS:   28 15:46:43       -5.999105        0.8947
BFGS:   29 15:46:43       -6.110785        0.7476
BFGS:   30 15:46:43       -6.179411        0.6570
BFGS:   31 15:46:43       -6.250638        0.6480
BFGS:   32 15:46:43       -6.296512        0.5796
BFGS:   33 15:46:43       -6.320208        0.5903
BFGS:   34 15:46:43       -6.343113        0.4803
BFGS:   35 15:46:43       -6.377019        0.5376
BFGS:   36 15:46:43       -6.424434        0.5613
BFGS:   37 15:46:43       -6.476106        0.7234
BFGS:   38 15:46:43       -6.527184        0.7605
BFGS:   39 15:46:43       -6.550007        0.6141
BFGS:   40 15:46:43       -6.578756        0.5110
BFGS:   41 15:46:43       -6.594178        0.3283
BFGS:   42 15:46:43       -6.606410        0.3116
BFGS:   43 15:46:43       -6.613516        0.3121
BFGS:   44 15:46:43       -6.635316        0.3321
BFGS:   45 15:46:43       -6.644671        0.2567
BFGS:   46 15:46:43       -6.650570        0.2285
BFGS:   47 15:46:43       -6.656964        0.2016
BFGS:   48 15:46:43       -6.662721        0.2253
BFGS:   49 15:46:43       -6.669049        0.2511
BFGS:   50 15:46:43       -6.674269        0.2076
BFGS:   51 15:46:43       -6.678631        0.1713
BFGS:   52 15:46:43       -6.683695        0.0957
BFGS:   53 15:46:43       -6.685831        0.0745
BFGS:   54 15:46:43       -6.686393        0.0669
BFGS:   55 15:46:43       -6.686666        0.0519
BFGS:   56 15:46:43       -6.687075        0.0572
BFGS:   57 15:46:43       -6.687480        0.0454
      Step     Time          Energy         fmax
BFGS:    0 15:46:43       17.371482       40.8931
BFGS:    1 15:46:43        0.152539       11.6206
BFGS:    2 15:46:43       -3.132254        5.0913
BFGS:    3 15:46:43       -4.125471        3.4033
BFGS:    4 15:46:43       -4.776231        1.5517
BFGS:    5 15:46:43       -4.920599        0.8215
BFGS:    6 15:46:43       -4.956809        0.4630
BFGS:    7 15:46:43       -4.970694        0.4043
BFGS:    8 15:46:43       -4.993344        0.4503
BFGS:    9 15:46:43       -5.042127        0.6529
BFGS:   10 15:46:43       -5.152761        0.9472
BFGS:   11 15:46:43       -5.261945        1.0410
BFGS:   12 15:46:43       -5.317970        1.1625
BFGS:   13 15:46:43       -5.462709        0.9949
BFGS:   14 15:46:43       -5.555699        1.2585
BFGS:   15 15:46:43       -5.640002        0.8303
BFGS:   16 15:46:43       -5.933548        1.2143
BFGS:   17 15:46:43       -6.042356        0.8768
BFGS:   18 15:46:43       -6.078579        0.8017
BFGS:   19 15:46:43       -6.170182        0.9987
BFGS:   20 15:46:43       -6.206922        0.4444
BFGS:   21 15:46:43       -6.217966        0.3542
BFGS:   22 15:46:43       -6.231844        0.3899
BFGS:   23 15:46:43       -6.244974        0.2543
BFGS:   24 15:46:43       -6.256524        0.2176
BFGS:   25 15:46:43       -6.260823        0.2163
BFGS:   26 15:46:43       -6.265468        0.1832
BFGS:   27 15:46:43       -6.270568        0.1988
BFGS:   28 15:46:43       -6.274025        0.1995
BFGS:   29 15:46:43       -6.275908        0.1656
BFGS:   30 15:46:43       -6.277914        0.1652
BFGS:   31 15:46:43       -6.280692        0.1771
BFGS:   32 15:46:43       -6.284734        0.1492
BFGS:   33 15:46:43       -6.288631        0.1901
BFGS:   34 15:46:43       -6.291754        0.1973
BFGS:   35 15:46:43       -6.294677        0.2155
BFGS:   36 15:46:43       -6.300050        0.2448
BFGS:   37 15:46:43       -6.312963        0.2995
BFGS:   38 15:46:43       -6.342659        0.4840
BFGS:   39 15:46:43       -6.373708        0.6365
BFGS:   40 15:46:43       -6.391556        0.8753
BFGS:   41 15:46:43       -6.411856        0.8622
BFGS:   42 15:46:43       -6.456311        0.9804
BFGS:   43 15:46:43       -6.499242        0.9974
BFGS:   44 15:46:43       -6.558985        0.8967
BFGS:   45 15:46:43       -6.556703        1.1567
BFGS:   46 15:46:43       -6.644897        0.6937
BFGS:   47 15:46:43       -6.698196        0.5823
BFGS:   48 15:46:43       -6.761048        0.6185
BFGS:   49 15:46:43       -6.836264        0.6202
BFGS:   50 15:46:43       -6.868385        0.5439
BFGS:   51 15:46:43       -6.897097        0.4834
BFGS:   52 15:46:43       -6.916432        0.4205
BFGS:   53 15:46:43       -6.948617        0.3266
BFGS:   54 15:46:43       -6.979063        0.2912
BFGS:   55 15:46:43       -6.993959        0.3483
BFGS:   56 15:46:43       -7.002859        0.2821
BFGS:   57 15:46:43       -7.010557        0.1745
BFGS:   58 15:46:43       -7.015968        0.1236
BFGS:   59 15:46:43       -7.017750        0.1252
BFGS:   60 15:46:43       -7.020754        0.1097
BFGS:   61 15:46:43       -7.023743        0.1628
BFGS:   62 15:46:43       -7.026307        0.1391
BFGS:   63 15:46:43       -7.029168        0.1665
BFGS:   64 15:46:43       -7.033806        0.2633
BFGS:   65 15:46:43       -7.040118        0.3562
BFGS:   66 15:46:43       -7.051307        0.4406
BFGS:   67 15:46:43       -7.064483        0.4259
BFGS:   68 15:46:44       -7.093708        0.3287
BFGS:   69 15:46:44       -7.103269        0.2926
BFGS:   70 15:46:44       -7.101478        0.4110
BFGS:   71 15:46:44       -7.121144        0.1489
BFGS:   72 15:46:44       -7.123906        0.1247
BFGS:   73 15:46:44       -7.127024        0.0999
BFGS:   74 15:46:44       -7.128287        0.0932
BFGS:   75 15:46:44       -7.129398        0.0748
BFGS:   76 15:46:44       -7.129898        0.0615
BFGS:   77 15:46:44       -7.130460        0.0492
      Step     Time          Energy         fmax
BFGS:    0 15:46:44       15.871177       35.7659
BFGS:    1 15:46:44        0.182353       11.9070
BFGS:    2 15:46:44       -2.346387        6.7014
BFGS:    3 15:46:44       -3.644441        2.4825
BFGS:    4 15:46:44       -3.998404        1.1759
BFGS:    5 15:46:44       -4.152034        0.7535
BFGS:    6 15:46:44       -4.196192        0.5754
BFGS:    7 15:46:44       -4.219681        0.4286
BFGS:    8 15:46:44       -4.238949        0.5121
BFGS:    9 15:46:44       -4.259771        0.5540
BFGS:   10 15:46:44       -4.282183        0.5857
BFGS:   11 15:46:44       -4.309936        0.9211
BFGS:   12 15:46:44       -4.350090        1.1678
BFGS:   13 15:46:44       -4.394662        1.1209
BFGS:   14 15:46:44       -4.448257        0.7720
BFGS:   15 15:46:44       -4.478976        0.4966
BFGS:   16 15:46:44       -4.494245        0.4218
BFGS:   17 15:46:44       -4.521151        0.4324
BFGS:   18 15:46:44       -4.543918        0.3307
BFGS:   19 15:46:44       -4.555554        0.2786
BFGS:   20 15:46:44       -4.562367        0.2779
BFGS:   21 15:46:44       -4.574320        0.2831
BFGS:   22 15:46:44       -4.591169        0.4058
BFGS:   23 15:46:44       -4.634083        0.7362
BFGS:   24 15:46:44       -4.735156        1.3228
BFGS:   25 15:46:44       -4.736010        1.9470
BFGS:   26 15:46:44       -4.793904        1.2323
BFGS:   27 15:46:44       -4.814673        1.2099
BFGS:   28 15:46:44       -4.804335        1.1254
BFGS:   29 15:46:44       -4.844949        1.0846
BFGS:   30 15:46:44       -4.857530        1.0377
BFGS:   31 15:46:44       -4.929331        1.0327
BFGS:   32 15:46:44       -4.993456        0.7777
BFGS:   33 15:46:44       -5.105981        0.6874
BFGS:   34 15:46:44       -5.169608        0.7973
BFGS:   35 15:46:44       -5.188726        0.9042
BFGS:   36 15:46:44       -5.198892        0.9317
BFGS:   37 15:46:44       -5.227293        0.8189
BFGS:   38 15:46:44       -5.263058        0.5163
BFGS:   39 15:46:44       -5.316640        0.4437
BFGS:   40 15:46:44       -5.352537        0.6022
BFGS:   41 15:46:44       -5.366704        0.7029
BFGS:   42 15:46:44       -5.408898        0.7883
BFGS:   43 15:46:44       -5.438811        0.6668
BFGS:   44 15:46:44       -5.466558        0.6733
BFGS:   45 15:46:44       -5.504098        0.5491
BFGS:   46 15:46:44       -5.524190        0.5292
BFGS:   47 15:46:44       -5.547408        0.5702
BFGS:   48 15:46:44       -5.601952        0.8083
BFGS:   49 15:46:44       -5.639695        0.6055
BFGS:   50 15:46:44       -5.683835        0.4167
BFGS:   51 15:46:44       -5.699800        0.5018
BFGS:   52 15:46:44       -5.722235        0.4200
BFGS:   53 15:46:44       -5.729350        0.4153
BFGS:   54 15:46:44       -5.765478        0.4123
BFGS:   55 15:46:44       -5.781332        0.3521
BFGS:   56 15:46:44       -5.795691        0.1905
BFGS:   57 15:46:44       -5.802892        0.0950
BFGS:   58 15:46:44       -5.803875        0.0911
BFGS:   59 15:46:44       -5.804982        0.1044
BFGS:   60 15:46:44       -5.807314        0.1249
BFGS:   61 15:46:44       -5.811550        0.1467
BFGS:   62 15:46:44       -5.818226        0.1913
BFGS:   63 15:46:44       -5.825650        0.2207
BFGS:   64 15:46:44       -5.832616        0.2435
BFGS:   65 15:46:44       -5.842406        0.3208
BFGS:   66 15:46:44       -5.875469        0.5728
BFGS:   67 15:46:44       -5.903182        0.9085
BFGS:   68 15:46:44       -6.032715        1.3982
BFGS:   69 15:46:44       -6.161949        0.9157
BFGS:   70 15:46:44       -6.338280        1.1404
BFGS:   71 15:46:44       -6.412881        0.4962
BFGS:   72 15:46:44       -6.457525        0.5884
BFGS:   73 15:46:44       -6.499594        0.4250
BFGS:   74 15:46:44       -6.528954        0.3738
BFGS:   75 15:46:44       -6.540316        0.3744
BFGS:   76 15:46:44       -6.556468        0.4030
BFGS:   77 15:46:44       -6.581141        0.4604
BFGS:   78 15:46:44       -6.604599        0.6110
BFGS:   79 15:46:44       -6.627218        0.6133
BFGS:   80 15:46:44       -6.667839        0.6129
BFGS:   81 15:46:44       -6.692246        0.3741
BFGS:   82 15:46:44       -6.715706        0.3387
BFGS:   83 15:46:44       -6.730612        0.3473
BFGS:   84 15:46:44       -6.739018        0.3379
BFGS:   85 15:46:44       -6.751060        0.3491
BFGS:   86 15:46:44       -6.763692        0.4475
BFGS:   87 15:46:44       -6.804240        0.5763
BFGS:   88 15:46:44       -6.800464        0.6207
BFGS:   89 15:46:44       -6.845979        0.5773
BFGS:   90 15:46:44       -6.874772        0.4797
BFGS:   91 15:46:44       -6.951974        0.4128
BFGS:   92 15:46:44       -6.986809        0.3090
BFGS:   93 15:46:44       -7.002695        0.2421
BFGS:   94 15:46:44       -7.006436        0.1736
BFGS:   95 15:46:44       -7.008155        0.1333
BFGS:   96 15:46:44       -7.008603        0.1451
BFGS:   97 15:46:44       -7.008962        0.1422
BFGS:   98 15:46:44       -7.009747        0.1507
BFGS:   99 15:46:44       -7.011196        0.1505
BFGS:  100 15:46:44       -7.013488        0.1221
BFGS:  101 15:46:44       -7.015212        0.0665
BFGS:  102 15:46:44       -7.015943        0.0227
      Step     Time          Energy         fmax
BFGS:    0 15:46:44       16.675592       45.6344
BFGS:    1 15:46:44        1.222241       19.9698
BFGS:    2 15:46:44       -2.210972        9.7730
BFGS:    3 15:46:44       -4.051166        5.1128
BFGS:    4 15:46:44       -4.854355        2.4199
BFGS:    5 15:46:44       -5.182278        0.9951
BFGS:    6 15:46:44       -5.274531        0.5178
BFGS:    7 15:46:44       -5.307999        0.5284
BFGS:    8 15:46:44       -5.341927        0.6283
BFGS:    9 15:46:44       -5.406885        0.8057
BFGS:   10 15:46:44       -5.505281        1.0822
BFGS:   11 15:46:44       -5.651559        2.1014
BFGS:   12 15:46:44       -5.663882        2.7205
BFGS:   13 15:46:44       -5.927433        0.9817
BFGS:   14 15:46:44       -6.013476        0.9422
BFGS:   15 15:46:44       -6.199765        2.3562
BFGS:   16 15:46:44       -6.351683        1.0712
BFGS:   17 15:46:44       -6.508690        0.7195
BFGS:   18 15:46:44       -6.552220        0.6810
BFGS:   19 15:46:44       -6.578905        0.6205
BFGS:   20 15:46:44       -6.625363        0.4795
BFGS:   21 15:46:44       -6.643331        0.4266
BFGS:   22 15:46:44       -6.667571        0.5331
BFGS:   23 15:46:44       -6.682808        0.5246
BFGS:   24 15:46:44       -6.705071        0.3821
BFGS:   25 15:46:44       -6.724282        0.3322
BFGS:   26 15:46:44       -6.735316        0.2378
BFGS:   27 15:46:44       -6.739562        0.2148
BFGS:   28 15:46:44       -6.742882        0.1932
BFGS:   29 15:46:44       -6.746922        0.1693
BFGS:   30 15:46:44       -6.751447        0.1594
BFGS:   31 15:46:44       -6.754095        0.1390
BFGS:   32 15:46:44       -6.755893        0.1294
BFGS:   33 15:46:44       -6.759539        0.1742
BFGS:   34 15:46:44       -6.767782        0.3111
BFGS:   35 15:46:44       -6.784652        0.5184
BFGS:   36 15:46:44       -6.802541        0.6528
BFGS:   37 15:46:44       -6.819943        0.5531
BFGS:   38 15:46:44       -6.873000        0.6855
BFGS:   39 15:46:44       -6.903438        0.7838
BFGS:   40 15:46:44       -6.964844        0.6398
BFGS:   41 15:46:44       -6.961138        0.6227
BFGS:   42 15:46:44       -7.020798        0.4518
BFGS:   43 15:46:44       -7.048472        0.4074
BFGS:   44 15:46:44       -7.069447        0.4031
BFGS:   45 15:46:44       -7.086916        0.3578
BFGS:   46 15:46:44       -7.096164        0.2275
BFGS:   47 15:46:44       -7.104430        0.1547
BFGS:   48 15:46:44       -7.106569        0.1281
BFGS:   49 15:46:44       -7.108462        0.1295
BFGS:   50 15:46:44       -7.111038        0.1324
BFGS:   51 15:46:44       -7.115678        0.1593
BFGS:   52 15:46:44       -7.121156        0.1755
BFGS:   53 15:46:44       -7.124620        0.1540
BFGS:   54 15:46:44       -7.125662        0.1147
BFGS:   55 15:46:44       -7.126529        0.0768
BFGS:   56 15:46:44       -7.127701        0.0706
BFGS:   57 15:46:44       -7.128630        0.0715
BFGS:   58 15:46:44       -7.129178        0.0730
BFGS:   59 15:46:44       -7.129545        0.0679
BFGS:   60 15:46:44       -7.129998        0.0555
BFGS:   61 15:46:44       -7.130533        0.0424
      Step     Time          Energy         fmax
BFGS:    0 15:46:44       15.412466       31.8400
BFGS:    1 15:46:44        1.102644       17.3898
BFGS:    2 15:46:44       -1.645575        7.9080
BFGS:    3 15:46:44       -3.244249        2.6386
BFGS:    4 15:46:44       -3.768415        1.4201
BFGS:    5 15:46:44       -4.026082        0.6495
BFGS:    6 15:46:44       -4.101470        0.5825
BFGS:    7 15:46:44       -4.146500        0.6447
BFGS:    8 15:46:44       -4.211856        0.7135
BFGS:    9 15:46:44       -4.325101        0.8088
BFGS:   10 15:46:44       -4.394455        0.7515
BFGS:   11 15:46:44       -4.535705        0.6195
BFGS:   12 15:46:44       -4.559929        1.3088
BFGS:   13 15:46:44       -4.621647        0.4872
BFGS:   14 15:46:44       -4.634622        0.4862
BFGS:   15 15:46:44       -4.700360        0.5431
BFGS:   16 15:46:44       -4.726807        0.5702
BFGS:   17 15:46:44       -4.788431        0.6927
BFGS:   18 15:46:44       -4.846793        0.7531
BFGS:   19 15:46:44       -4.969672        1.0196
BFGS:   20 15:46:44       -5.095466        1.1302
BFGS:   21 15:46:44       -5.132969        1.3162
BFGS:   22 15:46:44       -5.190087        1.0617
BFGS:   23 15:46:44       -5.264452        1.0792
BFGS:   24 15:46:44       -5.658726        1.0898
BFGS:   25 15:46:44       -5.760339        1.5783
BFGS:   26 15:46:44       -5.839535        0.7001
BFGS:   27 15:46:44       -5.878374        0.7487
BFGS:   28 15:46:44       -5.985863        0.8233
BFGS:   29 15:46:44       -6.052699        0.7619
BFGS:   30 15:46:44       -6.079596        0.4091
BFGS:   31 15:46:44       -6.092208        0.3795
BFGS:   32 15:46:44       -6.106126        0.3780
BFGS:   33 15:46:44       -6.118484        0.2775
BFGS:   34 15:46:44       -6.126080        0.1987
BFGS:   35 15:46:44       -6.129134        0.1981
BFGS:   36 15:46:44       -6.130980        0.1860
BFGS:   37 15:46:44       -6.134212        0.1603
BFGS:   38 15:46:44       -6.139604        0.2642
BFGS:   39 15:46:44       -6.146784        0.3595
BFGS:   40 15:46:44       -6.156616        0.4128
BFGS:   41 15:46:44       -6.183726        0.5500
BFGS:   42 15:46:44       -6.217995        0.7106
BFGS:   43 15:46:44       -6.244594        1.0298
BFGS:   44 15:46:44       -6.276660        0.8326
BFGS:   45 15:46:44       -6.417187        0.9611
BFGS:   46 15:46:44       -6.483650        0.9711
BFGS:   47 15:46:44       -6.541747        0.7897
BFGS:   48 15:46:44       -6.600877        0.6207
BFGS:   49 15:46:44       -6.653528        0.6930
BFGS:   50 15:46:44       -6.687866        0.5498
BFGS:   51 15:46:44       -6.723574        1.2207
BFGS:   52 15:46:44       -6.763626        0.3389
BFGS:   53 15:46:44       -6.773372        0.3217
BFGS:   54 15:46:44       -6.790329        0.5775
BFGS:   55 15:46:44       -6.808891        0.6348
BFGS:   56 15:46:44       -6.842923        0.4442
BFGS:   57 15:46:44       -6.857060        0.3716
BFGS:   58 15:46:44       -6.871433        0.3499
BFGS:   59 15:46:44       -6.879778        0.3551
BFGS:   60 15:46:44       -6.889554        0.3537
BFGS:   61 15:46:44       -6.909352        0.4078
BFGS:   62 15:46:44       -6.932742        0.5031
BFGS:   63 15:46:44       -6.957382        0.5683
BFGS:   64 15:46:44       -6.981801        0.6229
BFGS:   65 15:46:44       -7.004944        0.4878
BFGS:   66 15:46:44       -7.031335        0.3909
BFGS:   67 15:46:44       -7.063530        0.3555
BFGS:   68 15:46:44       -7.084634        0.3772
BFGS:   69 15:46:44       -7.085670        0.4544
BFGS:   70 15:46:44       -7.111336        0.2428
BFGS:   71 15:46:44       -7.117007        0.1975
BFGS:   72 15:46:44       -7.122337        0.1920
BFGS:   73 15:46:44       -7.126693        0.1896
BFGS:   74 15:46:44       -7.130322        0.0858
BFGS:   75 15:46:44       -7.130841        0.0293
