       Step     Time          Energy         fmax
GPMin:    0 17:52:07       -5.210037        0.8351
GPMin:    1 17:52:14       -5.474297        0.2371
GPMin:    2 17:52:21       -5.530510        0.1488
GPMin:    3 17:52:26       -5.583480        0.1197
GPMin:    4 17:52:32       -5.631819        0.0954
GPMin:    5 17:52:37       -5.658422        0.0727
GPMin:    6 17:52:43       -5.674958        0.0636
GPMin:    7 17:52:49       -5.691169        0.0742
GPMin:    8 17:52:55       -5.706952        0.0723
GPMin:    9 17:53:01       -5.720186        0.0811
GPMin:   10 17:53:07       -5.739015        0.0741
GPMin:   11 17:53:13       -5.752196        0.0525
GPMin:   12 17:53:18       -5.761719        0.0557
GPMin:   13 17:53:24       -5.775154        0.0607
GPMin:   14 17:53:29       -5.787478        0.0613
GPMin:   15 17:53:35       -5.806223        0.0718
GPMin:   16 17:53:41       -5.832993        0.0759
GPMin:   17 17:53:47       -5.854007        0.0615
GPMin:   18 17:53:52       -5.865614        0.0363
GPMin:   19 17:53:58       -5.868784        0.0316
GPMin:   20 17:54:03       -5.871044        0.0239
GPMin:   21 17:54:08       -5.872581        0.0200
GPMin:   22 17:54:12       -5.873252        0.0104
       Step     Time          Energy         fmax
GPMin:    0 17:54:22       -5.645720        0.4762
GPMin:    1 17:54:28       -5.754914        0.1337
GPMin:    2 17:54:34       -5.795319        0.1233
GPMin:    3 17:54:40       -5.840766        0.0980
GPMin:    4 17:54:46       -5.864231        0.0370
GPMin:    5 17:54:51       -5.870076        0.0213
GPMin:    6 17:54:56       -5.872341        0.0131
       Step     Time          Energy         fmax
GPMin:    0 17:55:06       -4.998627        0.3030
GPMin:    1 17:55:13       -5.141360        0.2596
GPMin:    2 17:55:19       -5.260638        0.2435
GPMin:    3 17:55:26       -5.355023        0.1666
GPMin:    4 17:55:32       -5.412087        0.1524
GPMin:    5 17:55:39       -5.458236        0.1586
GPMin:    6 17:55:45       -5.519157        0.1575
GPMin:    7 17:55:51       -5.570507        0.1180
GPMin:    8 17:55:57       -5.604537        0.0889
GPMin:    9 17:56:02       -5.628763        0.1004
GPMin:   10 17:56:07       -5.653328        0.1127
GPMin:   11 17:56:13       -5.684730        0.1273
GPMin:   12 17:56:19       -5.721917        0.1229
GPMin:   13 17:56:25       -5.755152        0.0920
GPMin:   14 17:56:30       -5.771051        0.0655
GPMin:   15 17:56:35       -5.779702        0.0710
GPMin:   16 17:56:41       -5.794154        0.0640
GPMin:   17 17:56:47       -5.809246        0.0658
GPMin:   18 17:56:53       -5.828191        0.0734
GPMin:   19 17:56:59       -5.848028        0.0681
GPMin:   20 17:57:04       -5.862834        0.0480
GPMin:   21 17:57:10       -5.868505        0.0325
GPMin:   22 17:57:15       -5.870274        0.0255
GPMin:   23 17:57:20       -5.872038        0.0228
GPMin:   24 17:57:25       -5.872783        0.0174
       Step     Time          Energy         fmax
GPMin:    0 17:57:35       -5.413499        0.2144
GPMin:    1 17:57:42       -5.499000        0.1191
GPMin:    2 17:57:48       -5.535563        0.0738
GPMin:    3 17:57:53       -5.557491        0.0796
GPMin:    4 17:57:58       -5.578933        0.0949
GPMin:    5 17:58:03       -5.615609        0.1161
GPMin:    6 17:58:09       -5.662206        0.1282
GPMin:    7 17:58:15       -5.705289        0.1198
GPMin:    8 17:58:21       -5.738025        0.1097
GPMin:    9 17:58:27       -5.779101        0.1137
GPMin:   10 17:58:33       -5.816678        0.0898
GPMin:   11 17:58:39       -5.838018        0.0713
GPMin:   12 17:58:45       -5.854284        0.0549
GPMin:   13 17:58:50       -5.864400        0.0389
GPMin:   14 17:58:56       -5.869272        0.0349
GPMin:   15 17:59:01       -5.871352        0.0232
GPMin:   16 17:59:06       -5.872831        0.0158
       Step     Time          Energy         fmax
GPMin:    0 17:59:17       -4.637980        0.3933
GPMin:    1 17:59:25       -4.880336        0.3363
GPMin:    2 17:59:32       -5.038287        0.2355
GPMin:    3 17:59:39       -5.154151        0.2090
GPMin:    4 17:59:45       -5.215178        0.2039
GPMin:    5 17:59:51       -5.257645        0.2573
GPMin:    6 17:59:57       -5.289721        0.1946
GPMin:    7 18:00:03       -5.306268        0.2004
GPMin:    8 18:00:10       -5.364688        0.3165
GPMin:    9 18:00:16       -5.432203        0.3335
GPMin:   10 18:00:23       -5.511355        0.2745
GPMin:   11 18:00:29       -5.568439        0.1591
GPMin:   12 18:00:35       -5.590772        0.0902
GPMin:   13 18:00:41       -5.605686        0.0905
GPMin:   14 18:00:46       -5.625091        0.0822
GPMin:   15 18:00:53       -5.639732        0.0785
GPMin:   16 18:00:59       -5.658418        0.0820
GPMin:   17 18:01:05       -5.686948        0.0842
GPMin:   18 18:01:11       -5.720671        0.0838
GPMin:   19 18:01:17       -5.746135        0.0822
GPMin:   20 18:01:23       -5.765112        0.0872
GPMin:   21 18:01:28       -5.780005        0.0827
GPMin:   22 18:01:34       -5.793120        0.0769
GPMin:   23 18:01:40       -5.802972        0.0744
GPMin:   24 18:01:46       -5.817933        0.0693
GPMin:   25 18:01:52       -5.834350        0.0692
GPMin:   26 18:01:58       -5.849185        0.0583
GPMin:   27 18:02:03       -5.860651        0.0448
GPMin:   28 18:02:09       -5.866754        0.0341
GPMin:   29 18:02:14       -5.869581        0.0288
GPMin:   30 18:02:19       -5.871530        0.0282
GPMin:   31 18:02:24       -5.872430        0.0216
GPMin:   32 18:02:29       -5.873244        0.0150
       Step     Time          Energy         fmax
GPMin:    0 18:02:40       -4.964459        0.5869
GPMin:    1 18:02:48       -5.146871        0.2012
GPMin:    2 18:02:55       -5.221582        0.1715
GPMin:    3 18:03:01       -5.287232        0.1163
GPMin:    4 18:03:08       -5.327339        0.1013
GPMin:    5 18:03:14       -5.372731        0.1204
GPMin:    6 18:03:20       -5.424838        0.1499
GPMin:    7 18:03:26       -5.485134        0.1733
GPMin:    8 18:03:33       -5.549342        0.1656
GPMin:    9 18:03:39       -5.597340        0.1162
GPMin:   10 18:03:46       -5.620849        0.0942
GPMin:   11 18:03:52       -5.635383        0.0973
GPMin:   12 18:03:58       -5.656893        0.0996
GPMin:   13 18:04:03       -5.675137        0.0874
GPMin:   14 18:04:09       -5.691748        0.0581
GPMin:   15 18:04:15       -5.702527        0.0430
GPMin:   16 18:04:21       -5.710256        0.0459
GPMin:   17 18:04:26       -5.716815        0.0288
GPMin:   18 18:04:31       -5.719916        0.0346
GPMin:   19 18:04:36       -5.721987        0.0245
GPMin:   20 18:04:42       -5.723620        0.0176
       Step     Time          Energy         fmax
GPMin:    0 18:04:52       -5.254102        0.6683
GPMin:    1 18:04:59       -5.493410        0.1942
GPMin:    2 18:05:06       -5.522014        0.1242
GPMin:    3 18:05:11       -5.538869        0.0523
GPMin:    4 18:05:17       -5.545594        0.0407
GPMin:    5 18:05:22       -5.552483        0.0484
GPMin:    6 18:05:28       -5.562277        0.0443
GPMin:    7 18:05:34       -5.571217        0.0452
GPMin:    8 18:05:39       -5.585185        0.0594
GPMin:    9 18:05:45       -5.599908        0.0656
GPMin:   10 18:05:51       -5.621188        0.0657
GPMin:   11 18:05:58       -5.640824        0.0634
GPMin:   12 18:06:03       -5.660930        0.0529
GPMin:   13 18:06:09       -5.677445        0.0413
GPMin:   14 18:06:15       -5.689129        0.0450
GPMin:   15 18:06:21       -5.701395        0.0435
GPMin:   16 18:06:26       -5.713098        0.0334
GPMin:   17 18:06:32       -5.719171        0.0240
GPMin:   18 18:06:37       -5.721480        0.0209
GPMin:   19 18:06:42       -5.723371        0.0183
       Step     Time          Energy         fmax
GPMin:    0 18:06:53       -5.197764        0.4891
GPMin:    1 18:07:00       -5.347275        0.1929
GPMin:    2 18:07:07       -5.425903        0.1497
GPMin:    3 18:07:13       -5.490381        0.1198
GPMin:    4 18:07:20       -5.545954        0.1127
GPMin:    5 18:07:25       -5.602221        0.0990
GPMin:    6 18:07:32       -5.655098        0.0911
GPMin:    7 18:07:38       -5.696960        0.0830
GPMin:    8 18:07:44       -5.724366        0.0843
GPMin:    9 18:07:50       -5.742560        0.0860
GPMin:   10 18:07:56       -5.751101        0.0631
GPMin:   11 18:08:01       -5.759449        0.0518
GPMin:   12 18:08:07       -5.769270        0.0541
GPMin:   13 18:08:12       -5.780846        0.0579
GPMin:   14 18:08:18       -5.795587        0.0628
GPMin:   15 18:08:23       -5.823018        0.0705
GPMin:   16 18:08:29       -5.841972        0.0670
GPMin:   17 18:08:35       -5.859466        0.0514
GPMin:   18 18:08:40       -5.868231        0.0269
GPMin:   19 18:08:45       -5.870105        0.0231
GPMin:   20 18:08:50       -5.872166        0.0200
       Step     Time          Energy         fmax
GPMin:    0 18:09:01       -5.445283        0.3997
GPMin:    1 18:09:08       -5.525503        0.1626
GPMin:    2 18:09:14       -5.570990        0.1130
GPMin:    3 18:09:21       -5.625244        0.1120
GPMin:    4 18:09:26       -5.667291        0.1065
GPMin:    5 18:09:32       -5.704654        0.0836
GPMin:    6 18:09:38       -5.724463        0.0777
GPMin:    7 18:09:44       -5.743121        0.0695
GPMin:    8 18:09:49       -5.748416        0.0697
GPMin:    9 18:09:55       -5.760435        0.0688
GPMin:   10 18:10:01       -5.777627        0.0561
GPMin:   11 18:10:06       -5.798711        0.0646
GPMin:   12 18:10:12       -5.823419        0.0742
GPMin:   13 18:10:18       -5.848054        0.0727
GPMin:   14 18:10:24       -5.863607        0.0452
GPMin:   15 18:10:29       -5.869929        0.0228
GPMin:   16 18:10:33       -5.871395        0.0207
GPMin:   17 18:10:38       -5.873152        0.0115
       Step     Time          Energy         fmax
GPMin:    0 18:10:48       -5.479203        0.3923
GPMin:    1 18:10:55       -5.592477        0.1330
GPMin:    2 18:11:00       -5.644254        0.1119
GPMin:    3 18:11:06       -5.680919        0.1001
GPMin:    4 18:11:12       -5.712408        0.1001
GPMin:    5 18:11:18       -5.737641        0.1085
GPMin:    6 18:11:23       -5.771003        0.1038
GPMin:    7 18:11:29       -5.799295        0.0753
GPMin:    8 18:11:35       -5.820923        0.0711
GPMin:    9 18:11:40       -5.843769        0.0636
GPMin:   10 18:11:46       -5.860881        0.0474
GPMin:   11 18:11:51       -5.868191        0.0365
GPMin:   12 18:11:56       -5.870844        0.0237
GPMin:   13 18:12:01       -5.873153        0.0123
       Step     Time          Energy         fmax
GPMin:    0 18:12:11       -5.431940        0.2494
GPMin:    1 18:12:17       -5.543597        0.1775
GPMin:    2 18:12:23       -5.620579        0.1542
GPMin:    3 18:12:30       -5.670595        0.0924
GPMin:    4 18:12:36       -5.685364        0.0343
GPMin:    5 18:12:41       -5.688140        0.0275
GPMin:    6 18:12:46       -5.696936        0.0347
GPMin:    7 18:12:51       -5.712789        0.0566
GPMin:    8 18:12:57       -5.741030        0.0711
GPMin:    9 18:13:02       -5.779327        0.0737
GPMin:   10 18:13:08       -5.814841        0.0713
GPMin:   11 18:13:14       -5.841125        0.0615
GPMin:   12 18:13:20       -5.859209        0.0419
GPMin:   13 18:13:25       -5.866328        0.0308
GPMin:   14 18:13:30       -5.870702        0.0248
GPMin:   15 18:13:35       -5.872518        0.0149
       Step     Time          Energy         fmax
GPMin:    0 18:13:45       -5.275663        0.5427
GPMin:    1 18:13:52       -5.394396        0.1486
GPMin:    2 18:13:58       -5.443205        0.1154
GPMin:    3 18:14:04       -5.488296        0.1186
GPMin:    4 18:14:10       -5.532829        0.0960
GPMin:    5 18:14:17       -5.558403        0.0510
GPMin:    6 18:14:22       -5.569183        0.0536
GPMin:    7 18:14:27       -5.587755        0.0564
GPMin:    8 18:14:33       -5.613499        0.0660
GPMin:    9 18:14:39       -5.649054        0.0757
GPMin:   10 18:14:45       -5.693811        0.0904
GPMin:   11 18:14:51       -5.738679        0.0913
GPMin:   12 18:14:57       -5.771944        0.0843
GPMin:   13 18:15:02       -5.792352        0.0666
GPMin:   14 18:15:08       -5.809374        0.0688
GPMin:   15 18:15:13       -5.828987        0.0761
GPMin:   16 18:15:19       -5.847923        0.0699
GPMin:   17 18:15:25       -5.862006        0.0488
GPMin:   18 18:15:30       -5.867721        0.0304
GPMin:   19 18:15:35       -5.870211        0.0270
GPMin:   20 18:15:40       -5.872832        0.0157
       Step     Time          Energy         fmax
GPMin:    0 18:15:50       -5.361694        0.4631
GPMin:    1 18:15:57       -5.497505        0.1707
GPMin:    2 18:16:03       -5.578426        0.1652
GPMin:    3 18:16:09       -5.643450        0.1320
GPMin:    4 18:16:15       -5.675866        0.0643
GPMin:    5 18:16:21       -5.684901        0.0354
GPMin:    6 18:16:26       -5.688887        0.0319
GPMin:    7 18:16:31       -5.698607        0.0387
GPMin:    8 18:16:36       -5.714324        0.0598
GPMin:    9 18:16:42       -5.743274        0.0793
GPMin:   10 18:16:48       -5.780224        0.0776
GPMin:   11 18:16:53       -5.815486        0.0806
GPMin:   12 18:16:59       -5.841042        0.0688
GPMin:   13 18:17:05       -5.856718        0.0519
GPMin:   14 18:17:10       -5.865415        0.0325
GPMin:   15 18:17:15       -5.870258        0.0275
GPMin:   16 18:17:20       -5.872449        0.0178
       Step     Time          Energy         fmax
GPMin:    0 18:17:32       -4.964459        0.5870
GPMin:    1 18:17:39       -5.146850        0.2012
GPMin:    2 18:17:46       -5.221572        0.1715
GPMin:    3 18:17:52       -5.287236        0.1164
GPMin:    4 18:17:58       -5.327344        0.1013
GPMin:    5 18:18:05       -5.372740        0.1204
GPMin:    6 18:18:11       -5.424849        0.1499
GPMin:    7 18:18:16       -5.485151        0.1734
GPMin:    8 18:18:23       -5.549357        0.1656
GPMin:    9 18:18:29       -5.597341        0.1162
GPMin:   10 18:18:35       -5.620840        0.0942
GPMin:   11 18:18:41       -5.635376        0.0973
GPMin:   12 18:18:47       -5.656890        0.0996
GPMin:   13 18:18:53       -5.675134        0.0874
GPMin:   14 18:18:58       -5.691746        0.0581
GPMin:   15 18:19:04       -5.702525        0.0430
GPMin:   16 18:19:09       -5.710256        0.0459
GPMin:   17 18:19:14       -5.716815        0.0288
GPMin:   18 18:19:19       -5.719915        0.0346
GPMin:   19 18:19:24       -5.721986        0.0245
GPMin:   20 18:19:30       -5.723619        0.0176
       Step     Time          Energy         fmax
GPMin:    0 18:19:39       -5.288708        0.5511
GPMin:    1 18:19:46       -5.467748        0.2172
GPMin:    2 18:19:52       -5.552498        0.2060
GPMin:    3 18:19:58       -5.641829        0.1856
GPMin:    4 18:20:05       -5.706329        0.1392
GPMin:    5 18:20:11       -5.753002        0.1318
GPMin:    6 18:20:17       -5.784128        0.1270
GPMin:    7 18:20:23       -5.815744        0.1154
GPMin:    8 18:20:29       -5.844737        0.0835
GPMin:    9 18:20:34       -5.862208        0.0406
GPMin:   10 18:20:39       -5.866901        0.0372
GPMin:   11 18:20:44       -5.870425        0.0242
GPMin:   12 18:20:49       -5.872043        0.0157
       Step     Time          Energy         fmax
GPMin:    0 18:20:59       -5.265239        0.7724
GPMin:    1 18:21:06       -5.536286        0.1534
GPMin:    2 18:21:12       -5.562273        0.0852
GPMin:    3 18:21:18       -5.573232        0.0619
GPMin:    4 18:21:24       -5.597070        0.0731
GPMin:    5 18:21:29       -5.634599        0.0854
GPMin:    6 18:21:35       -5.678634        0.0928
GPMin:    7 18:21:41       -5.727247        0.1048
GPMin:    8 18:21:46       -5.773104        0.1093
GPMin:    9 18:21:52       -5.810967        0.1041
GPMin:   10 18:21:58       -5.836472        0.0793
GPMin:   11 18:22:04       -5.852374        0.0578
GPMin:   12 18:22:09       -5.861729        0.0464
GPMin:   13 18:22:15       -5.867482        0.0282
GPMin:   14 18:22:20       -5.870269        0.0239
GPMin:   15 18:22:25       -5.871807        0.0194
       Step     Time          Energy         fmax
GPMin:    0 18:22:37       -5.280501        0.9105
GPMin:    1 18:22:43       -5.562248        0.2221
GPMin:    2 18:22:49       -5.590467        0.1077
GPMin:    3 18:22:54       -5.604327        0.0886
GPMin:    4 18:23:00       -5.631491        0.0783
GPMin:    5 18:23:06       -5.673611        0.0903
GPMin:    6 18:23:11       -5.721775        0.1110
GPMin:    7 18:23:17       -5.769221        0.1226
GPMin:    8 18:23:23       -5.812656        0.1107
GPMin:    9 18:23:29       -5.845158        0.0756
GPMin:   10 18:23:35       -5.863095        0.0437
GPMin:   11 18:23:40       -5.868913        0.0289
GPMin:   12 18:23:44       -5.870759        0.0260
GPMin:   13 18:23:50       -5.872243        0.0167
       Step     Time          Energy         fmax
GPMin:    0 18:23:59       -4.981882        0.5897
GPMin:    1 18:24:06       -5.164023        0.2253
GPMin:    2 18:24:13       -5.264803        0.1940
GPMin:    3 18:24:19       -5.364182        0.1770
GPMin:    4 18:24:26       -5.454473        0.1498
GPMin:    5 18:24:32       -5.534110        0.1469
GPMin:    6 18:24:38       -5.601055        0.1487
GPMin:    7 18:24:45       -5.662603        0.1415
GPMin:    8 18:24:50       -5.712902        0.1213
GPMin:    9 18:24:56       -5.748000        0.0861
GPMin:   10 18:25:02       -5.768530        0.0684
GPMin:   11 18:25:08       -5.778995        0.0608
GPMin:   12 18:25:13       -5.787893        0.0592
GPMin:   13 18:25:19       -5.802116        0.0721
GPMin:   14 18:25:24       -5.818896        0.0796
GPMin:   15 18:25:30       -5.838263        0.0747
GPMin:   16 18:25:35       -5.854198        0.0639
GPMin:   17 18:25:40       -5.864865        0.0430
GPMin:   18 18:25:45       -5.868780        0.0298
GPMin:   19 18:25:51       -5.870875        0.0316
GPMin:   20 18:25:56       -5.872352        0.0239
GPMin:   21 18:26:00       -5.873282        0.0147
       Step     Time          Energy         fmax
GPMin:    0 18:26:13       -4.876115        0.8729
GPMin:    1 18:26:20       -5.154597        0.2852
GPMin:    2 18:26:27       -5.263494        0.1919
GPMin:    3 18:26:33       -5.363707        0.1882
GPMin:    4 18:26:39       -5.450250        0.1815
GPMin:    5 18:26:45       -5.508359        0.1556
GPMin:    6 18:26:50       -5.553257        0.1417
GPMin:    7 18:26:56       -5.597308        0.1381
GPMin:    8 18:27:02       -5.645148        0.1238
GPMin:    9 18:27:08       -5.684173        0.0947
GPMin:   10 18:27:14       -5.710965        0.0972
GPMin:   11 18:27:20       -5.736701        0.1072
GPMin:   12 18:27:25       -5.767843        0.1227
GPMin:   13 18:27:31       -5.800556        0.1304
GPMin:   14 18:27:37       -5.831155        0.1174
GPMin:   15 18:27:42       -5.854459        0.0766
GPMin:   16 18:27:48       -5.866116        0.0458
GPMin:   17 18:27:53       -5.869482        0.0285
GPMin:   18 18:27:58       -5.870884        0.0221
GPMin:   19 18:28:03       -5.872011        0.0207
GPMin:   20 18:28:07       -5.872727        0.0164
       Step     Time          Energy         fmax
GPMin:    0 18:28:18       -5.210037        0.8351
GPMin:    1 18:28:25       -5.474284        0.2370
GPMin:    2 18:28:31       -5.530517        0.1488
GPMin:    3 18:28:36       -5.583487        0.1196
GPMin:    4 18:28:42       -5.631813        0.0954
GPMin:    5 18:28:48       -5.658422        0.0727
GPMin:    6 18:28:53       -5.674958        0.0636
GPMin:    7 18:28:59       -5.691169        0.0742
GPMin:    8 18:29:05       -5.706955        0.0723
GPMin:    9 18:29:10       -5.720190        0.0811
GPMin:   10 18:29:16       -5.739013        0.0741
GPMin:   11 18:29:22       -5.752196        0.0525
GPMin:   12 18:29:27       -5.761722        0.0557
GPMin:   13 18:29:32       -5.775153        0.0607
GPMin:   14 18:29:37       -5.787472        0.0613
GPMin:   15 18:29:43       -5.806214        0.0718
GPMin:   16 18:29:49       -5.832985        0.0759
GPMin:   17 18:29:55       -5.853998        0.0615
GPMin:   18 18:30:00       -5.865612        0.0363
GPMin:   19 18:30:05       -5.868784        0.0316
GPMin:   20 18:30:10       -5.871043        0.0239
GPMin:   21 18:30:15       -5.872581        0.0200
GPMin:   22 18:30:19       -5.873252        0.0104
       Step     Time          Energy         fmax
GPMin:    0 18:30:31       -4.964459        0.5872
GPMin:    1 18:30:39       -5.146805        0.2013
GPMin:    2 18:30:45       -5.221507        0.1717
GPMin:    3 18:30:51       -5.287207        0.1165
GPMin:    4 18:30:58       -5.327316        0.1013
GPMin:    5 18:31:04       -5.372690        0.1204
GPMin:    6 18:31:10       -5.424788        0.1499
GPMin:    7 18:31:15       -5.485072        0.1734
GPMin:    8 18:31:22       -5.549287        0.1656
GPMin:    9 18:31:28       -5.597319        0.1162
GPMin:   10 18:31:34       -5.620849        0.0942
GPMin:   11 18:31:40       -5.635378        0.0973
GPMin:   12 18:31:46       -5.656884        0.0996
GPMin:   13 18:31:51       -5.675128        0.0874
GPMin:   14 18:31:57       -5.691739        0.0582
GPMin:   15 18:32:03       -5.702519        0.0431
GPMin:   16 18:32:08       -5.710254        0.0459
GPMin:   17 18:32:13       -5.716816        0.0288
GPMin:   18 18:32:18       -5.719915        0.0346
GPMin:   19 18:32:23       -5.721986        0.0245
GPMin:   20 18:32:28       -5.723619        0.0176
       Step     Time          Energy         fmax
GPMin:    0 18:32:39       -5.088676        0.4729
GPMin:    1 18:32:45       -5.222340        0.1707
GPMin:    2 18:32:51       -5.278510        0.1370
GPMin:    3 18:32:57       -5.343702        0.1161
GPMin:    4 18:33:02       -5.394385        0.0942
GPMin:    5 18:33:09       -5.433665        0.0644
GPMin:    6 18:33:14       -5.454433        0.0540
GPMin:    7 18:33:20       -5.472620        0.0537
GPMin:    8 18:33:26       -5.497976        0.0751
GPMin:    9 18:33:32       -5.536325        0.0943
GPMin:   10 18:33:37       -5.589530        0.1033
GPMin:   11 18:33:44       -5.644192        0.0947
GPMin:   12 18:33:49       -5.672277        0.1039
GPMin:   13 18:33:55       -5.680272        0.0885
GPMin:   14 18:34:00       -5.686775        0.0616
GPMin:   15 18:34:05       -5.693595        0.0485
GPMin:   16 18:34:10       -5.698346        0.0366
GPMin:   17 18:34:15       -5.701182        0.0278
GPMin:   18 18:34:21       -5.705295        0.0185
       Step     Time          Energy         fmax
GPMin:    0 18:34:32       -5.279567        0.4572
GPMin:    1 18:34:39       -5.439195        0.2338
GPMin:    2 18:34:45       -5.533912        0.1662
GPMin:    3 18:34:51       -5.600602        0.1553
GPMin:    4 18:34:58       -5.655295        0.1241
GPMin:    5 18:35:04       -5.691538        0.1335
GPMin:    6 18:35:10       -5.727969        0.1150
GPMin:    7 18:35:15       -5.755725        0.0697
GPMin:    8 18:35:21       -5.766025        0.0504
GPMin:    9 18:35:26       -5.776316        0.0627
GPMin:   10 18:35:32       -5.791767        0.0748
GPMin:   11 18:35:37       -5.812269        0.0764
GPMin:   12 18:35:43       -5.837017        0.0697
GPMin:   13 18:35:49       -5.858279        0.0556
GPMin:   14 18:35:55       -5.867309        0.0352
GPMin:   15 18:36:00       -5.869463        0.0257
GPMin:   16 18:36:05       -5.871592        0.0221
GPMin:   17 18:36:09       -5.872890        0.0185
       Step     Time          Energy         fmax
GPMin:    0 18:36:20       -5.075906        0.6347
GPMin:    1 18:36:26       -5.322004        0.2731
GPMin:    2 18:36:33       -5.426044        0.2817
GPMin:    3 18:36:39       -5.539321        0.2747
GPMin:    4 18:36:44       -5.637208        0.2367
GPMin:    5 18:36:50       -5.702951        0.1609
GPMin:    6 18:36:56       -5.741383        0.0961
GPMin:    7 18:37:02       -5.766707        0.0897
GPMin:    8 18:37:07       -5.786119        0.0818
GPMin:    9 18:37:12       -5.809179        0.0871
GPMin:   10 18:37:18       -5.832990        0.0755
GPMin:   11 18:37:24       -5.850556        0.0618
GPMin:   12 18:37:29       -5.860682        0.0522
GPMin:   13 18:37:34       -5.866721        0.0372
GPMin:   14 18:37:40       -5.870796        0.0218
GPMin:   15 18:37:45       -5.872617        0.0231
GPMin:   16 18:37:50       -5.873398        0.0129
       Step     Time          Energy         fmax
GPMin:    0 18:38:00       -5.571973        0.3735
GPMin:    1 18:38:06       -5.672406        0.1052
GPMin:    2 18:38:13       -5.691652        0.0548
GPMin:    3 18:38:18       -5.699769        0.0523
GPMin:    4 18:38:24       -5.720391        0.0644
GPMin:    5 18:38:30       -5.752173        0.0621
GPMin:    6 18:38:35       -5.781281        0.0593
GPMin:    7 18:38:41       -5.803210        0.0653
GPMin:    8 18:38:47       -5.827145        0.0749
GPMin:    9 18:38:52       -5.851568        0.0670
GPMin:   10 18:38:58       -5.867219        0.0320
GPMin:   11 18:39:03       -5.870518        0.0215
GPMin:   12 18:39:08       -5.872572        0.0170
       Step     Time          Energy         fmax
GPMin:    0 18:39:22       -5.027893        0.3768
GPMin:    1 18:39:30       -5.141453        0.1125
GPMin:    2 18:39:37       -5.190156        0.1273
GPMin:    3 18:39:44       -5.242531        0.1413
GPMin:    4 18:39:50       -5.295296        0.1544
GPMin:    5 18:39:57       -5.344584        0.1763
GPMin:    6 18:40:02       -5.382180        0.1913
GPMin:    7 18:40:07       -5.426488        0.1948
GPMin:    8 18:40:13       -5.458831        0.1708
GPMin:    9 18:40:18       -5.475583        0.1544
GPMin:   10 18:40:25       -5.516595        0.1405
GPMin:   11 18:40:30       -5.530894        0.1199
GPMin:   12 18:40:36       -5.569974        0.1043
GPMin:   13 18:40:42       -5.602460        0.0955
GPMin:   14 18:40:48       -5.636814        0.0955
GPMin:   15 18:40:53       -5.671184        0.0790
GPMin:   16 18:40:59       -5.695490        0.0792
GPMin:   17 18:41:04       -5.708455        0.0729
GPMin:   18 18:41:09       -5.719336        0.0523
GPMin:   19 18:41:14       -5.726065        0.0273
GPMin:   20 18:41:19       -5.727913        0.0177
       Step     Time          Energy         fmax
GPMin:    0 18:41:31       -5.061186        0.2479
GPMin:    1 18:41:37       -5.265585        0.2278
GPMin:    2 18:41:44       -5.422031        0.2059
GPMin:    3 18:41:50       -5.543504        0.1848
GPMin:    4 18:41:56       -5.618442        0.1448
GPMin:    5 18:42:02       -5.664238        0.1213
GPMin:    6 18:42:08       -5.700152        0.1041
GPMin:    7 18:42:14       -5.731443        0.0969
GPMin:    8 18:42:20       -5.761157        0.0804
GPMin:    9 18:42:25       -5.787105        0.0844
GPMin:   10 18:42:31       -5.810335        0.0786
GPMin:   11 18:42:37       -5.832282        0.0716
GPMin:   12 18:42:42       -5.848392        0.0585
GPMin:   13 18:42:47       -5.860511        0.0449
GPMin:   14 18:42:52       -5.868413        0.0333
GPMin:   15 18:42:57       -5.871613        0.0227
GPMin:   16 18:43:02       -5.872865        0.0189
       Step     Time          Energy         fmax
GPMin:    0 18:43:16       -5.088971        0.3469
GPMin:    1 18:43:24       -5.203173        0.1366
GPMin:    2 18:43:32       -5.257370        0.1046
GPMin:    3 18:43:39       -5.287003        0.1176
GPMin:    4 18:43:45       -5.323684        0.1372
GPMin:    5 18:43:51       -5.366822        0.1275
GPMin:    6 18:43:57       -5.392314        0.1083
GPMin:    7 18:44:02       -5.418356        0.0958
GPMin:    8 18:44:08       -5.435709        0.0880
GPMin:    9 18:44:14       -5.463632        0.0746
GPMin:   10 18:44:19       -5.479925        0.0642
GPMin:   11 18:44:24       -5.496896        0.0594
GPMin:   12 18:44:29       -5.506666        0.0622
GPMin:   13 18:44:34       -5.522174        0.0723
GPMin:   14 18:44:40       -5.542853        0.0743
GPMin:   15 18:44:46       -5.569527        0.0744
GPMin:   16 18:44:51       -5.597686        0.0565
GPMin:   17 18:44:57       -5.613003        0.0640
GPMin:   18 18:45:02       -5.627891        0.0757
GPMin:   19 18:45:09       -5.654228        0.0947
GPMin:   20 18:45:14       -5.677654        0.1170
GPMin:   21 18:45:20       -5.705176        0.1096
GPMin:   22 18:45:26       -5.726496        0.0996
GPMin:   23 18:45:31       -5.746052        0.0876
GPMin:   24 18:45:37       -5.765658        0.0639
GPMin:   25 18:45:42       -5.779475        0.0632
GPMin:   26 18:45:47       -5.791890        0.0651
GPMin:   27 18:45:53       -5.809271        0.0662
GPMin:   28 18:45:58       -5.829757        0.0699
GPMin:   29 18:46:04       -5.849002        0.0615
GPMin:   30 18:46:10       -5.863531        0.0417
GPMin:   31 18:46:15       -5.868566        0.0277
GPMin:   32 18:46:19       -5.870482        0.0266
GPMin:   33 18:46:25       -5.872717        0.0197
       Step     Time          Energy         fmax
GPMin:    0 18:46:39       -5.088972        0.3470
GPMin:    1 18:46:47       -5.203194        0.1366
GPMin:    2 18:46:55       -5.257365        0.1047
GPMin:    3 18:47:01       -5.287004        0.1176
GPMin:    4 18:47:08       -5.323779        0.1372
GPMin:    5 18:47:14       -5.366878        0.1275
GPMin:    6 18:47:20       -5.392361        0.1083
GPMin:    7 18:47:25       -5.418382        0.0959
GPMin:    8 18:47:31       -5.435727        0.0879
GPMin:    9 18:47:36       -5.463641        0.0745
GPMin:   10 18:47:41       -5.479980        0.0640
GPMin:   11 18:47:46       -5.496939        0.0592
GPMin:   12 18:47:51       -5.506713        0.0622
GPMin:   13 18:47:57       -5.522253        0.0725
GPMin:   14 18:48:03       -5.542999        0.0744
GPMin:   15 18:48:08       -5.569697        0.0744
GPMin:   16 18:48:14       -5.597824        0.0565
GPMin:   17 18:48:19       -5.613089        0.0640
GPMin:   18 18:48:25       -5.628050        0.0756
GPMin:   19 18:48:31       -5.654474        0.0949
GPMin:   20 18:48:37       -5.677977        0.1172
GPMin:   21 18:48:43       -5.705515        0.1096
GPMin:   22 18:48:48       -5.726905        0.0996
GPMin:   23 18:48:54       -5.746488        0.0872
GPMin:   24 18:49:00       -5.766062        0.0633
GPMin:   25 18:49:05       -5.779743        0.0637
GPMin:   26 18:49:10       -5.792030        0.0650
GPMin:   27 18:49:16       -5.809345        0.0662
GPMin:   28 18:49:21       -5.829822        0.0698
GPMin:   29 18:49:27       -5.849005        0.0615
GPMin:   30 18:49:33       -5.863601        0.0417
GPMin:   31 18:49:38       -5.868610        0.0278
GPMin:   32 18:49:42       -5.870502        0.0266
GPMin:   33 18:49:47       -5.872726        0.0196
       Step     Time          Energy         fmax
GPMin:    0 18:49:58       -5.647508        0.1417
GPMin:    1 18:50:05       -5.672511        0.1312
GPMin:    2 18:50:11       -5.685393        0.1235
GPMin:    3 18:50:17       -5.719569        0.0713
GPMin:    4 18:50:24       -5.751714        0.0637
GPMin:    5 18:50:29       -5.779309        0.0652
GPMin:    6 18:50:35       -5.802683        0.0620
GPMin:    7 18:50:41       -5.828209        0.0759
GPMin:    8 18:50:47       -5.854677        0.0611
GPMin:    9 18:50:52       -5.868256        0.0286
GPMin:   10 18:50:57       -5.871057        0.0196
       Step     Time          Energy         fmax
GPMin:    0 18:51:07       -5.512088        0.5326
GPMin:    1 18:51:14       -5.695767        0.1029
GPMin:    2 18:51:21       -5.713447        0.0820
GPMin:    3 18:51:26       -5.726347        0.0423
GPMin:    4 18:51:31       -5.729064        0.0141
       Step     Time          Energy         fmax
GPMin:    0 18:51:41       -5.629900        0.2149
GPMin:    1 18:51:48       -5.734296        0.1460
GPMin:    2 18:51:54       -5.791839        0.1096
GPMin:    3 18:51:59       -5.824542        0.0825
GPMin:    4 18:52:05       -5.850073        0.0537
GPMin:    5 18:52:11       -5.864144        0.0375
GPMin:    6 18:52:16       -5.869893        0.0232
GPMin:    7 18:52:21       -5.872136        0.0162
       Step     Time          Energy         fmax
GPMin:    0 18:52:31       -5.506382        0.5533
GPMin:    1 18:52:38       -5.653652        0.1375
GPMin:    2 18:52:43       -5.684902        0.1172
GPMin:    3 18:52:49       -5.710487        0.0910
GPMin:    4 18:52:55       -5.722680        0.0440
GPMin:    5 18:53:00       -5.725292        0.0193
       Step     Time          Energy         fmax
GPMin:    0 18:53:11       -5.480605        0.6031
GPMin:    1 18:53:18       -5.621796        0.1269
GPMin:    2 18:53:24       -5.667891        0.1091
GPMin:    3 18:53:31       -5.696267        0.0500
GPMin:    4 18:53:36       -5.703786        0.0272
GPMin:    5 18:53:41       -5.705868        0.0170
       Step     Time          Energy         fmax
GPMin:    0 18:53:52       -5.269013        0.1992
GPMin:    1 18:53:59       -5.383602        0.2167
GPMin:    2 18:54:05       -5.465178        0.1371
GPMin:    3 18:54:12       -5.501766        0.0640
GPMin:    4 18:54:17       -5.519648        0.0640
GPMin:    5 18:54:23       -5.542620        0.0660
GPMin:    6 18:54:29       -5.564786        0.0532
GPMin:    7 18:54:34       -5.578876        0.0689
GPMin:    8 18:54:39       -5.594450        0.0777
GPMin:    9 18:54:45       -5.610413        0.0755
GPMin:   10 18:54:51       -5.632904        0.0751
GPMin:   11 18:54:56       -5.657363        0.0768
GPMin:   12 18:55:02       -5.683845        0.0781
GPMin:   13 18:55:08       -5.716251        0.0840
GPMin:   14 18:55:14       -5.743930        0.0763
GPMin:   15 18:55:19       -5.761117        0.0533
GPMin:   16 18:55:25       -5.775316        0.0667
GPMin:   17 18:55:31       -5.790109        0.0712
GPMin:   18 18:55:36       -5.808383        0.0740
GPMin:   19 18:55:42       -5.830240        0.0752
GPMin:   20 18:55:48       -5.852458        0.0616
GPMin:   21 18:55:54       -5.865363        0.0406
GPMin:   22 18:55:59       -5.869119        0.0287
GPMin:   23 18:56:04       -5.871410        0.0224
GPMin:   24 18:56:09       -5.872649        0.0138
       Step     Time          Energy         fmax
GPMin:    0 18:56:20       -5.229350        0.2868
GPMin:    1 18:56:26       -5.387794        0.2279
GPMin:    2 18:56:32       -5.494140        0.2050
GPMin:    3 18:56:38       -5.576996        0.1589
GPMin:    4 18:56:44       -5.627651        0.0967
GPMin:    5 18:56:50       -5.655376        0.0947
GPMin:    6 18:56:56       -5.678531        0.0906
GPMin:    7 18:57:02       -5.707448        0.0874
GPMin:    8 18:57:08       -5.736140        0.1064
GPMin:    9 18:57:13       -5.770783        0.0958
GPMin:   10 18:57:20       -5.791920        0.0703
GPMin:   11 18:57:25       -5.803507        0.0825
GPMin:   12 18:57:31       -5.819493        0.0804
GPMin:   13 18:57:37       -5.840022        0.0763
GPMin:   14 18:57:42       -5.855850        0.0598
GPMin:   15 18:57:47       -5.864682        0.0354
GPMin:   16 18:57:52       -5.868442        0.0312
GPMin:   17 18:57:57       -5.871301        0.0217
GPMin:   18 18:58:02       -5.872535        0.0202
GPMin:   19 18:58:06       -5.873211        0.0110
       Step     Time          Energy         fmax
GPMin:    0 18:58:17       -5.598009        0.3205
GPMin:    1 18:58:23       -5.669321        0.1351
GPMin:    2 18:58:29       -5.704762        0.1121
GPMin:    3 18:58:35       -5.723593        0.0581
GPMin:    4 18:58:40       -5.726865        0.0225
GPMin:    5 18:58:45       -5.727954        0.0111
       Step     Time          Energy         fmax
GPMin:    0 18:58:59       -5.209672        0.3677
GPMin:    1 18:59:06       -5.389389        0.2621
GPMin:    2 18:59:12       -5.476449        0.1616
GPMin:    3 18:59:19       -5.506096        0.1019
GPMin:    4 18:59:24       -5.524782        0.1106
GPMin:    5 18:59:30       -5.541711        0.1197
GPMin:    6 18:59:35       -5.575445        0.1340
GPMin:    7 18:59:41       -5.608829        0.1347
GPMin:    8 18:59:47       -5.631976        0.1370
GPMin:    9 18:59:53       -5.665967        0.1368
GPMin:   10 18:59:59       -5.689230        0.1005
GPMin:   11 19:00:04       -5.705275        0.0595
GPMin:   12 19:00:09       -5.713310        0.0511
GPMin:   13 19:00:14       -5.717553        0.0283
GPMin:   14 19:00:19       -5.720078        0.0236
GPMin:   15 19:00:24       -5.721838        0.0194
       Step     Time          Energy         fmax
GPMin:    0 19:00:36       -5.369585        0.7117
GPMin:    1 19:00:42       -5.549535        0.1843
GPMin:    2 19:00:49       -5.608086        0.1378
GPMin:    3 19:00:55       -5.671324        0.1237
GPMin:    4 19:01:00       -5.726504        0.1309
GPMin:    5 19:01:06       -5.783312        0.1225
GPMin:    6 19:01:12       -5.828646        0.1001
GPMin:    7 19:01:18       -5.857112        0.0686
GPMin:    8 19:01:24       -5.866700        0.0521
GPMin:    9 19:01:29       -5.870745        0.0287
GPMin:   10 19:01:33       -5.872236        0.0192
       Step     Time          Energy         fmax
GPMin:    0 19:01:45       -5.495342        0.1819
GPMin:    1 19:01:52       -5.585701        0.1638
GPMin:    2 19:01:58       -5.650658        0.1429
GPMin:    3 19:02:04       -5.689894        0.0899
GPMin:    4 19:02:10       -5.709986        0.0435
GPMin:    5 19:02:15       -5.714896        0.0171
       Step     Time          Energy         fmax
GPMin:    0 19:02:27       -5.333680        0.3515
GPMin:    1 19:02:33       -5.497201        0.1950
GPMin:    2 19:02:40       -5.602130        0.1936
GPMin:    3 19:02:46       -5.684650        0.1741
GPMin:    4 19:02:51       -5.738335        0.1452
GPMin:    5 19:02:57       -5.776332        0.1159
GPMin:    6 19:03:03       -5.812311        0.0887
GPMin:    7 19:03:08       -5.840189        0.0783
GPMin:    8 19:03:14       -5.856118        0.0566
GPMin:    9 19:03:20       -5.863859        0.0406
GPMin:   10 19:03:25       -5.868587        0.0248
GPMin:   11 19:03:30       -5.871299        0.0223
GPMin:   12 19:03:35       -5.872681        0.0150
       Step     Time          Energy         fmax
GPMin:    0 19:03:47       -5.136307        0.2839
GPMin:    1 19:03:54       -5.288001        0.2174
GPMin:    2 19:04:00       -5.398783        0.2001
GPMin:    3 19:04:06       -5.491489        0.1759
GPMin:    4 19:04:12       -5.557802        0.1391
GPMin:    5 19:04:19       -5.608991        0.1156
GPMin:    6 19:04:25       -5.649315        0.1098
GPMin:    7 19:04:31       -5.679552        0.1109
GPMin:    8 19:04:36       -5.710693        0.1069
GPMin:    9 19:04:42       -5.747996        0.0867
GPMin:   10 19:04:48       -5.776139        0.0902
GPMin:   11 19:04:53       -5.793755        0.0763
GPMin:   12 19:04:59       -5.805584        0.0785
GPMin:   13 19:05:05       -5.819527        0.0825
GPMin:   14 19:05:10       -5.837445        0.0751
GPMin:   15 19:05:16       -5.853336        0.0643
GPMin:   16 19:05:22       -5.864018        0.0373
GPMin:   17 19:05:27       -5.868249        0.0295
GPMin:   18 19:05:32       -5.870810        0.0279
GPMin:   19 19:05:37       -5.872409        0.0189
       Step     Time          Energy         fmax
GPMin:    0 19:05:48       -5.677229        0.1270
GPMin:    1 19:05:55       -5.697764        0.1819
GPMin:    2 19:06:02       -5.712724        0.1129
GPMin:    3 19:06:08       -5.720968        0.0656
GPMin:    4 19:06:14       -5.725003        0.0662
GPMin:    5 19:06:20       -5.728075        0.0347
GPMin:    6 19:06:32       -5.729038        0.0171
       Step     Time          Energy         fmax
GPMin:    0 19:06:43       -5.290704        0.2435
GPMin:    1 19:06:50       -5.407308        0.2148
GPMin:    2 19:06:56       -5.495727        0.1769
GPMin:    3 19:07:02       -5.567964        0.1383
GPMin:    4 19:07:08       -5.629659        0.1483
GPMin:    5 19:07:14       -5.695150        0.1414
GPMin:    6 19:07:19       -5.750614        0.1135
GPMin:    7 19:07:25       -5.790041        0.0920
GPMin:    8 19:07:31       -5.809436        0.0754
GPMin:    9 19:07:36       -5.827185        0.0713
GPMin:   10 19:07:41       -5.845052        0.0692
GPMin:   11 19:07:46       -5.859880        0.0505
GPMin:   12 19:07:51       -5.867454        0.0334
GPMin:   13 19:07:56       -5.870248        0.0243
GPMin:   14 19:08:01       -5.872215        0.0196
       Step     Time          Energy         fmax
GPMin:    0 19:08:13       -5.673754        0.1366
GPMin:    1 19:08:20       -5.685186        0.2484
GPMin:    2 19:08:26       -5.722710        0.0835
GPMin:    3 19:08:39       -5.728042        0.0232
GPMin:    4 19:08:44       -5.729184        0.0120
       Step     Time          Energy         fmax
GPMin:    0 19:08:56       -4.964459        0.5869
GPMin:    1 19:09:03       -5.146859        0.2012
GPMin:    2 19:09:10       -5.221586        0.1714
GPMin:    3 19:09:16       -5.287240        0.1163
GPMin:    4 19:09:22       -5.327347        0.1013
GPMin:    5 19:09:28       -5.372750        0.1204
GPMin:    6 19:09:34       -5.424860        0.1499
GPMin:    7 19:09:40       -5.485165        0.1733
GPMin:    8 19:09:46       -5.549371        0.1656
GPMin:    9 19:09:52       -5.597352        0.1162
GPMin:   10 19:09:58       -5.620850        0.0943
GPMin:   11 19:10:04       -5.635389        0.0973
GPMin:   12 19:10:10       -5.656902        0.0996
GPMin:   13 19:10:15       -5.675144        0.0874
GPMin:   14 19:10:21       -5.691753        0.0581
GPMin:   15 19:10:27       -5.702531        0.0430
GPMin:   16 19:10:32       -5.710258        0.0459
GPMin:   17 19:10:37       -5.716816        0.0288
GPMin:   18 19:10:42       -5.719917        0.0346
GPMin:   19 19:10:47       -5.721988        0.0245
GPMin:   20 19:10:52       -5.723621        0.0175
       Step     Time          Energy         fmax
GPMin:    0 19:11:04       -5.301996        0.5875
GPMin:    1 19:11:10       -5.432762        0.1511
GPMin:    2 19:11:17       -5.481727        0.1255
GPMin:    3 19:11:22       -5.525025        0.1085
GPMin:    4 19:11:29       -5.556756        0.0607
GPMin:    5 19:11:34       -5.568423        0.0509
GPMin:    6 19:11:40       -5.584502        0.0542
GPMin:    7 19:11:45       -5.606315        0.0608
GPMin:    8 19:11:51       -5.637155        0.0710
GPMin:    9 19:11:56       -5.676632        0.0749
GPMin:   10 19:12:02       -5.713608        0.0759
GPMin:   11 19:12:07       -5.740546        0.0654
GPMin:   12 19:12:13       -5.759242        0.0506
GPMin:   13 19:12:18       -5.773325        0.0522
GPMin:   14 19:12:22       -5.786097        0.0666
GPMin:   15 19:12:28       -5.805454        0.0775
GPMin:   16 19:12:33       -5.829764        0.0833
GPMin:   17 19:12:38       -5.853328        0.0689
GPMin:   18 19:12:44       -5.866836        0.0300
GPMin:   19 19:12:49       -5.870049        0.0279
GPMin:   20 19:12:54       -5.872076        0.0186
       Step     Time          Energy         fmax
GPMin:    0 19:13:06       -5.265066        0.5596
GPMin:    1 19:13:12       -5.406312        0.1188
GPMin:    2 19:13:18       -5.433873        0.0856
GPMin:    3 19:13:24       -5.453976        0.0628
GPMin:    4 19:13:29       -5.475553        0.0519
GPMin:    5 19:13:35       -5.491176        0.0428
GPMin:    6 19:13:39       -5.503702        0.0521
GPMin:    7 19:13:44       -5.531015        0.0632
GPMin:    8 19:13:50       -5.564904        0.0726
GPMin:    9 19:13:55       -5.602713        0.0784
GPMin:   10 19:14:00       -5.640319        0.0808
GPMin:   11 19:14:06       -5.670848        0.0751
GPMin:   12 19:14:11       -5.690214        0.0531
GPMin:   13 19:14:16       -5.700850        0.0373
GPMin:   14 19:14:21       -5.704258        0.0311
GPMin:   15 19:14:26       -5.706291        0.0285
GPMin:   16 19:14:31       -5.707794        0.0137
       Step     Time          Energy         fmax
GPMin:    0 19:14:43       -5.005545        0.7185
GPMin:    1 19:14:49       -5.247679        0.2206
GPMin:    2 19:14:55       -5.317073        0.2023
GPMin:    3 19:15:01       -5.390394        0.1953
GPMin:    4 19:15:07       -5.469345        0.1688
GPMin:    5 19:15:13       -5.531219        0.1209
GPMin:    6 19:15:19       -5.567240        0.0731
GPMin:    7 19:15:25       -5.584946        0.0605
GPMin:    8 19:15:30       -5.597567        0.0660
GPMin:    9 19:15:35       -5.609433        0.0677
GPMin:   10 19:15:40       -5.628072        0.0848
GPMin:   11 19:15:46       -5.656283        0.0919
GPMin:   12 19:15:51       -5.684667        0.0701
GPMin:   13 19:15:57       -5.703717        0.0432
GPMin:   14 19:16:07       -5.706221        0.0362
GPMin:   15 19:16:13       -5.712189        0.0583
GPMin:   16 19:16:18       -5.714633        0.0460
GPMin:   17 19:16:22       -5.717723        0.0319
GPMin:   18 19:16:28       -5.724113        0.0319
GPMin:   19 19:16:32       -5.730779        0.0339
GPMin:   20 19:16:37       -5.740232        0.0333
GPMin:   21 19:16:42       -5.753058        0.0420
GPMin:   22 19:16:47       -5.766969        0.0507
GPMin:   23 19:16:52       -5.784685        0.0639
GPMin:   24 19:16:57       -5.804633        0.0764
GPMin:   25 19:17:02       -5.826960        0.0775
GPMin:   26 19:17:07       -5.849021        0.0717
GPMin:   27 19:17:13       -5.863901        0.0489
GPMin:   28 19:17:18       -5.868816        0.0295
GPMin:   29 19:17:22       -5.870418        0.0294
GPMin:   30 19:17:27       -5.872174        0.0308
GPMin:   31 19:17:31       -5.873123        0.0223
GPMin:   32 19:17:35       -5.873667        0.0076
       Step     Time          Energy         fmax
GPMin:    0 19:17:47       -5.458357        0.5010
GPMin:    1 19:17:53       -5.622788        0.1674
GPMin:    2 19:17:59       -5.681822        0.1223
GPMin:    3 19:18:05       -5.720355        0.0781
GPMin:    4 19:18:10       -5.740360        0.0818
GPMin:    5 19:18:15       -5.777478        0.0848
GPMin:    6 19:18:21       -5.810718        0.0695
GPMin:    7 19:18:26       -5.838024        0.0613
GPMin:    8 19:18:32       -5.855726        0.0488
GPMin:    9 19:18:36       -5.865465        0.0330
GPMin:   10 19:18:41       -5.870291        0.0259
GPMin:   11 19:18:46       -5.872448        0.0146
       Step     Time          Energy         fmax
GPMin:    0 19:18:59       -4.981061        0.2178
GPMin:    1 19:19:06       -5.091223        0.1131
GPMin:    2 19:19:13       -5.150061        0.1122
GPMin:    3 19:19:19       -5.208889        0.1273
GPMin:    4 19:19:24       -5.262897        0.1403
GPMin:    5 19:19:30       -5.324233        0.1575
GPMin:    6 19:19:36       -5.373855        0.1632
GPMin:    7 19:19:41       -5.420737        0.1551
GPMin:    8 19:19:46       -5.465838        0.1263
GPMin:    9 19:19:52       -5.497620        0.0828
GPMin:   10 19:19:57       -5.523271        0.1060
GPMin:   11 19:20:02       -5.551446        0.1111
GPMin:   12 19:20:08       -5.580122        0.0752
GPMin:   13 19:20:13       -5.597409        0.0498
GPMin:   14 19:20:18       -5.606267        0.0541
GPMin:   15 19:20:22       -5.611196        0.0622
GPMin:   16 19:20:27       -5.619495        0.0647
GPMin:   17 19:20:32       -5.632781        0.0599
GPMin:   18 19:20:37       -5.648534        0.0624
GPMin:   19 19:20:41       -5.663417        0.0735
GPMin:   20 19:20:47       -5.684706        0.0732
GPMin:   21 19:20:52       -5.705426        0.0609
GPMin:   22 19:20:58       -5.718014        0.0348
GPMin:   23 19:21:02       -5.721212        0.0176
       Step     Time          Energy         fmax
GPMin:    0 19:21:15       -5.336132        0.3927
GPMin:    1 19:21:21       -5.488169        0.1620
GPMin:    2 19:21:27       -5.554531        0.1592
GPMin:    3 19:21:33       -5.627321        0.1615
GPMin:    4 19:21:39       -5.690011        0.1347
GPMin:    5 19:21:45       -5.734496        0.1019
GPMin:    6 19:21:50       -5.764449        0.0677
GPMin:    7 19:21:56       -5.785168        0.0637
GPMin:    8 19:22:01       -5.801408        0.0697
GPMin:    9 19:22:07       -5.819585        0.0817
GPMin:   10 19:22:12       -5.839860        0.0818
GPMin:   11 19:22:17       -5.857332        0.0614
GPMin:   12 19:22:23       -5.867554        0.0321
GPMin:   13 19:22:27       -5.870225        0.0274
GPMin:   14 19:22:32       -5.872518        0.0169
       Step     Time          Energy         fmax
GPMin:    0 19:22:45       -5.479028        0.1719
GPMin:    1 19:22:51       -5.562881        0.1406
GPMin:    2 19:22:57       -5.624643        0.1152
GPMin:    3 19:23:02       -5.672465        0.1317
GPMin:    4 19:23:08       -5.712696        0.1303
GPMin:    5 19:23:13       -5.750366        0.0962
GPMin:    6 19:23:18       -5.770976        0.0690
GPMin:    7 19:23:24       -5.786844        0.0667
GPMin:    8 19:23:29       -5.803963        0.0668
GPMin:    9 19:23:35       -5.826485        0.0737
GPMin:   10 19:23:40       -5.849629        0.0647
GPMin:   11 19:23:45       -5.863020        0.0397
GPMin:   12 19:23:50       -5.868713        0.0280
GPMin:   13 19:23:54       -5.871549        0.0203
GPMin:   14 19:23:59       -5.873024        0.0127
       Step     Time          Energy         fmax
GPMin:    0 19:24:11       -5.458357        0.5013
GPMin:    1 19:24:18       -5.622740        0.1675
GPMin:    2 19:24:24       -5.681776        0.1224
GPMin:    3 19:24:29       -5.720351        0.0781
GPMin:    4 19:24:35       -5.740343        0.0818
GPMin:    5 19:24:40       -5.777465        0.0848
GPMin:    6 19:24:46       -5.810707        0.0695
GPMin:    7 19:24:51       -5.838022        0.0613
GPMin:    8 19:24:57       -5.855727        0.0488
GPMin:    9 19:25:01       -5.865464        0.0330
GPMin:   10 19:25:06       -5.870292        0.0259
GPMin:   11 19:25:11       -5.872448        0.0146
       Step     Time          Energy         fmax
GPMin:    0 19:25:24       -5.021896        0.6202
GPMin:    1 19:25:30       -5.218722        0.2278
GPMin:    2 19:25:36       -5.315612        0.1956
GPMin:    3 19:25:42       -5.410650        0.1519
GPMin:    4 19:25:48       -5.484088        0.1468
GPMin:    5 19:25:54       -5.541489        0.1381
GPMin:    6 19:26:00       -5.596236        0.1301
GPMin:    7 19:26:06       -5.652286        0.1269
GPMin:    8 19:26:11       -5.698766        0.1204
GPMin:    9 19:26:17       -5.734139        0.1051
GPMin:   10 19:26:22       -5.764913        0.0770
GPMin:   11 19:26:27       -5.786297        0.0746
GPMin:   12 19:26:33       -5.796628        0.0664
GPMin:   13 19:26:38       -5.807898        0.0866
GPMin:   14 19:26:44       -5.824566        0.0854
GPMin:   15 19:26:48       -5.840404        0.0727
GPMin:   16 19:26:54       -5.856845        0.0613
GPMin:   17 19:26:59       -5.865068        0.0380
GPMin:   18 19:27:04       -5.868822        0.0305
GPMin:   19 19:27:08       -5.871026        0.0260
GPMin:   20 19:27:13       -5.872490        0.0230
GPMin:   21 19:27:18       -5.873273        0.0132
       Step     Time          Energy         fmax
GPMin:    0 19:27:31       -5.085374        0.3170
GPMin:    1 19:27:37       -5.228590        0.2448
GPMin:    2 19:27:43       -5.337314        0.1882
GPMin:    3 19:27:49       -5.401453        0.1109
GPMin:    4 19:27:54       -5.434722        0.1124
GPMin:    5 19:27:59       -5.481756        0.1193
GPMin:    6 19:28:05       -5.529836        0.1195
GPMin:    7 19:28:10       -5.584890        0.1153
GPMin:    8 19:28:16       -5.651298        0.1274
GPMin:    9 19:28:21       -5.711312        0.1224
GPMin:   10 19:28:27       -5.750876        0.1062
GPMin:   11 19:28:32       -5.772053        0.0818
GPMin:   12 19:28:37       -5.784746        0.0693
GPMin:   13 19:28:42       -5.796710        0.0701
GPMin:   14 19:28:47       -5.812389        0.0654
GPMin:   15 19:28:52       -5.832600        0.0604
GPMin:   16 19:28:58       -5.850977        0.0582
GPMin:   17 19:29:03       -5.864831        0.0345
GPMin:   18 19:29:08       -5.868819        0.0306
GPMin:   19 19:29:12       -5.870483        0.0253
GPMin:   20 19:29:17       -5.872359        0.0188
       Step     Time          Energy         fmax
GPMin:    0 19:29:30       -5.518000        0.2050
GPMin:    1 19:29:36       -5.653093        0.1737
GPMin:    2 19:29:42       -5.727844        0.1114
GPMin:    3 19:29:48       -5.761712        0.0609
GPMin:    4 19:29:54       -5.775022        0.0558
GPMin:    5 19:29:59       -5.791444        0.0633
GPMin:    6 19:30:05       -5.813074        0.0701
GPMin:    7 19:30:10       -5.838061        0.0711
GPMin:    8 19:30:16       -5.859657        0.0508
GPMin:    9 19:30:21       -5.868479        0.0298
GPMin:   10 19:30:25       -5.870939        0.0228
GPMin:   11 19:30:30       -5.872979        0.0176
       Step     Time          Energy         fmax
GPMin:    0 19:30:41       -5.294378        0.5830
GPMin:    1 19:30:47       -5.425082        0.1512
GPMin:    2 19:30:53       -5.480498        0.1330
GPMin:    3 19:30:59       -5.528008        0.1105
GPMin:    4 19:31:04       -5.562386        0.0630
GPMin:    5 19:31:10       -5.574536        0.0525
GPMin:    6 19:31:15       -5.592149        0.0591
GPMin:    7 19:31:20       -5.614435        0.0650
GPMin:    8 19:31:25       -5.645634        0.0722
GPMin:    9 19:31:31       -5.682723        0.0708
GPMin:   10 19:31:37       -5.714873        0.0728
GPMin:   11 19:31:42       -5.738610        0.0656
GPMin:   12 19:31:48       -5.755582        0.0475
GPMin:   13 19:31:53       -5.770094        0.0526
GPMin:   14 19:31:58       -5.782311        0.0642
GPMin:   15 19:32:03       -5.800790        0.0773
GPMin:   16 19:32:08       -5.823818        0.0824
GPMin:   17 19:32:14       -5.848184        0.0739
GPMin:   18 19:32:19       -5.865182        0.0350
GPMin:   19 19:32:24       -5.869229        0.0290
GPMin:   20 19:32:29       -5.871421        0.0213
GPMin:   21 19:32:34       -5.872590        0.0206
GPMin:   22 19:32:38       -5.873360        0.0078
       Step     Time          Energy         fmax
GPMin:    0 19:32:52       -5.458357        0.5010
GPMin:    1 19:32:58       -5.622770        0.1675
GPMin:    2 19:33:04       -5.681808        0.1224
GPMin:    3 19:33:10       -5.720355        0.0781
GPMin:    4 19:33:15       -5.740354        0.0818
GPMin:    5 19:33:21       -5.777471        0.0848
GPMin:    6 19:33:26       -5.810712        0.0695
GPMin:    7 19:33:32       -5.838022        0.0613
GPMin:    8 19:33:37       -5.855727        0.0488
GPMin:    9 19:33:42       -5.865464        0.0330
GPMin:   10 19:33:47       -5.870291        0.0259
GPMin:   11 19:33:52       -5.872448        0.0146
       Step     Time          Energy         fmax
GPMin:    0 19:34:06       -5.156716        0.2493
GPMin:    1 19:34:12       -5.290485        0.2136
GPMin:    2 19:34:18       -5.384575        0.1305
GPMin:    3 19:34:24       -5.431545        0.0878
GPMin:    4 19:34:29       -5.466455        0.0900
GPMin:    5 19:34:35       -5.508617        0.0961
GPMin:    6 19:34:41       -5.547805        0.0921
GPMin:    7 19:34:47       -5.584410        0.0851
GPMin:    8 19:34:52       -5.625052        0.1142
GPMin:    9 19:34:58       -5.669756        0.1105
GPMin:   10 19:35:03       -5.701724        0.1136
GPMin:   11 19:35:09       -5.722150        0.1101
GPMin:   12 19:35:14       -5.744135        0.1111
GPMin:   13 19:35:20       -5.768951        0.1020
GPMin:   14 19:35:25       -5.793794        0.0795
GPMin:   15 19:35:30       -5.809838        0.0704
GPMin:   16 19:35:36       -5.827845        0.0801
GPMin:   17 19:35:41       -5.846513        0.0740
GPMin:   18 19:35:46       -5.859683        0.0550
GPMin:   19 19:35:50       -5.866401        0.0392
GPMin:   20 19:35:55       -5.869187        0.0300
GPMin:   21 19:36:00       -5.871519        0.0206
GPMin:   22 19:36:04       -5.872719        0.0150
       Step     Time          Energy         fmax
GPMin:    0 19:36:20       -5.070007        0.2603
GPMin:    1 19:36:27       -5.167310        0.1649
GPMin:    2 19:36:34       -5.216679        0.0958
GPMin:    3 19:36:40       -5.249875        0.1051
GPMin:    4 19:36:47       -5.289278        0.1289
GPMin:    5 19:36:52       -5.333365        0.1463
GPMin:    6 19:36:57       -5.376679        0.1475
GPMin:    7 19:37:03       -5.418539        0.1117
GPMin:    8 19:37:08       -5.443498        0.0792
GPMin:    9 19:37:13       -5.462493        0.0672
GPMin:   10 19:37:17       -5.475129        0.0480
GPMin:   11 19:37:22       -5.483674        0.0426
GPMin:   12 19:37:27       -5.491541        0.0450
GPMin:   13 19:37:32       -5.499591        0.0494
GPMin:   14 19:37:38       -5.513630        0.0554
GPMin:   15 19:37:43       -5.534897        0.0646
GPMin:   16 19:37:48       -5.561221        0.0627
GPMin:   17 19:37:53       -5.584520        0.0483
GPMin:   18 19:37:58       -5.599093        0.0629
GPMin:   19 19:38:03       -5.615313        0.0760
GPMin:   20 19:38:08       -5.642686        0.0900
GPMin:   21 19:38:13       -5.666484        0.0962
GPMin:   22 19:38:19       -5.687875        0.1028
GPMin:   23 19:38:24       -5.710901        0.1034
GPMin:   24 19:38:29       -5.742820        0.1005
GPMin:   25 19:38:34       -5.772614        0.0902
GPMin:   26 19:38:40       -5.794083        0.0682
GPMin:   27 19:38:45       -5.813996        0.0805
GPMin:   28 19:38:50       -5.830563        0.0740
GPMin:   29 19:38:55       -5.846466        0.0635
GPMin:   30 19:39:00       -5.858496        0.0517
GPMin:   31 19:39:05       -5.865167        0.0412
GPMin:   32 19:39:10       -5.868595        0.0289
GPMin:   33 19:39:14       -5.871582        0.0250
GPMin:   34 19:39:19       -5.872884        0.0162
       Step     Time          Energy         fmax
GPMin:    0 19:39:35       -5.359800        0.6160
GPMin:    1 19:39:41       -5.573686        0.1522
GPMin:    2 19:39:47       -5.608526        0.1848
GPMin:    3 19:39:53       -5.662853        0.1364
GPMin:    4 19:39:58       -5.692111        0.1043
GPMin:    5 19:40:02       -5.710419        0.0444
GPMin:    6 19:40:07       -5.716783        0.0383
GPMin:    7 19:40:12       -5.720716        0.0255
GPMin:    8 19:40:17       -5.723376        0.0223
GPMin:    9 19:40:21       -5.724898        0.0164
       Step     Time          Energy         fmax
GPMin:    0 19:40:39       -5.018812        0.8260
GPMin:    1 19:40:45       -5.356590        0.1973
GPMin:    2 19:40:51       -5.408823        0.1453
GPMin:    3 19:40:56       -5.424975        0.0800
GPMin:    4 19:41:01       -5.433417        0.0535
GPMin:    5 19:41:06       -5.442649        0.0305
GPMin:    6 19:41:10       -5.447392        0.0266
GPMin:    7 19:41:15       -5.451861        0.0321
GPMin:    8 19:41:20       -5.456743        0.0279
GPMin:    9 19:41:24       -5.461439        0.0223
GPMin:   10 19:41:29       -5.464965        0.0217
GPMin:   11 19:41:33       -5.468259        0.0225
GPMin:   12 19:41:38       -5.471792        0.0230
GPMin:   13 19:41:42       -5.475929        0.0245
GPMin:   14 19:41:47       -5.480190        0.0263
GPMin:   15 19:41:52       -5.484832        0.0257
GPMin:   16 19:41:57       -5.489801        0.0247
GPMin:   17 19:42:03       -5.494542        0.0204
GPMin:   18 19:42:07       -5.498089        0.0183
       Step     Time          Energy         fmax
GPMin:    0 19:42:25       -4.985211        0.4911
GPMin:    1 19:42:31       -5.133212        0.2253
GPMin:    2 19:42:38       -5.242469        0.2122
GPMin:    3 19:42:45       -5.328326        0.1675
GPMin:    4 19:42:51       -5.369129        0.1122
GPMin:    5 19:42:57       -5.395890        0.1066
GPMin:    6 19:43:02       -5.406137        0.1023
GPMin:    7 19:43:07       -5.424168        0.0817
GPMin:    8 19:43:12       -5.432765        0.0662
GPMin:    9 19:43:17       -5.440949        0.0526
GPMin:   10 19:43:22       -5.447289        0.0395
GPMin:   11 19:43:26       -5.452933        0.0472
GPMin:   12 19:43:31       -5.462175        0.0463
GPMin:   13 19:43:36       -5.472255        0.0455
GPMin:   14 19:43:41       -5.479411        0.0370
GPMin:   15 19:43:46       -5.484711        0.0260
GPMin:   16 19:43:50       -5.488638        0.0238
GPMin:   17 19:43:55       -5.492967        0.0266
GPMin:   18 19:43:59       -5.498649        0.0358
GPMin:   19 19:44:04       -5.507769        0.0448
GPMin:   20 19:44:09       -5.525233        0.0594
GPMin:   21 19:44:13       -5.548006        0.0749
GPMin:   22 19:44:18       -5.580852        0.0848
GPMin:   23 19:44:23       -5.620226        0.0816
GPMin:   24 19:44:28       -5.642020        0.0842
GPMin:   25 19:44:33       -5.654785        0.0816
GPMin:   26 19:44:37       -5.671468        0.0802
GPMin:   27 19:44:42       -5.693427        0.0846
GPMin:   28 19:44:48       -5.712979        0.0643
GPMin:   29 19:44:53       -5.722569        0.0329
GPMin:   30 19:44:58       -5.725175        0.0266
GPMin:   31 19:45:02       -5.726821        0.0185
       Step     Time          Energy         fmax
GPMin:    0 19:45:20       -5.193721        0.3260
GPMin:    1 19:45:27       -5.309657        0.1280
GPMin:    2 19:45:33       -5.346293        0.1024
GPMin:    3 19:45:38       -5.371969        0.0456
GPMin:    4 19:45:44       -5.381632        0.0519
GPMin:    5 19:45:49       -5.393170        0.0593
GPMin:    6 19:45:55       -5.408425        0.0483
GPMin:    7 19:46:01       -5.423329        0.0472
GPMin:    8 19:46:07       -5.433503        0.0644
GPMin:    9 19:46:18       -5.440231        0.0557
GPMin:   10 19:46:36       -5.454964        0.1660
GPMin:   11 19:46:42       -5.519955        0.1005
GPMin:   12 19:46:47       -5.550625        0.1002
GPMin:   13 19:46:51       -5.575831        0.1060
GPMin:   14 19:46:57       -5.609418        0.1133
GPMin:   15 19:47:02       -5.648032        0.1172
GPMin:   16 19:47:07       -5.679719        0.1089
GPMin:   17 19:47:13       -5.712972        0.0621
GPMin:   18 19:47:17       -5.718706        0.0335
GPMin:   19 19:47:22       -5.720993        0.0242
GPMin:   20 19:47:26       -5.723159        0.0172
       Step     Time          Energy         fmax
GPMin:    0 19:47:44       -5.319257        0.5329
GPMin:    1 19:47:50       -5.543185        0.3075
GPMin:    2 19:47:56       -5.623720        0.2146
GPMin:    3 19:48:01       -5.678177        0.1231
GPMin:    4 19:48:07       -5.701975        0.0674
GPMin:    5 19:48:11       -5.709562        0.0307
GPMin:    6 19:48:16       -5.712281        0.0269
GPMin:    7 19:48:20       -5.715113        0.0197
       Step     Time          Energy         fmax
GPMin:    0 19:48:44       -5.195771        0.2928
GPMin:    1 19:48:51       -5.296463        0.1240
GPMin:    2 19:48:56       -5.339513        0.0905
GPMin:    3 19:49:02       -5.368341        0.0489
GPMin:    4 19:49:07       -5.380606        0.0512
GPMin:    5 19:49:13       -5.392307        0.0534
GPMin:    6 19:49:18       -5.407657        0.0614
GPMin:    7 19:49:23       -5.431265        0.0646
GPMin:    8 19:49:29       -5.459272        0.0860
GPMin:    9 19:49:40       -5.484820        0.1012
GPMin:   10 19:49:44       -5.504869        0.0926
GPMin:   11 19:49:49       -5.536031        0.0925
GPMin:   12 19:49:54       -5.562452        0.0973
GPMin:   13 19:49:59       -5.596705        0.1063
GPMin:   14 19:50:04       -5.631011        0.1209
GPMin:   15 19:50:09       -5.672463        0.1156
GPMin:   16 19:50:14       -5.697947        0.0874
GPMin:   17 19:50:19       -5.715997        0.0615
GPMin:   18 19:50:23       -5.721346        0.0363
GPMin:   19 19:50:28       -5.723669        0.0199
       Step     Time          Energy         fmax
GPMin:    0 19:50:46       -4.952847        0.9337
GPMin:    1 19:50:52       -5.275762        0.3094
GPMin:    2 19:50:58       -5.363477        0.2244
GPMin:    3 19:51:03       -5.427950        0.1612
GPMin:    4 19:51:08       -5.471357        0.1135
GPMin:    5 19:51:13       -5.496376        0.1066
GPMin:    6 19:51:18       -5.519729        0.1524
GPMin:    7 19:51:24       -5.540153        0.1274
GPMin:    8 19:51:28       -5.562319        0.1137
GPMin:    9 19:51:33       -5.587057        0.0778
GPMin:   10 19:51:37       -5.602293        0.0679
GPMin:   11 19:51:41       -5.616128        0.0641
GPMin:   12 19:51:46       -5.631125        0.0679
GPMin:   13 19:51:50       -5.646110        0.0744
GPMin:   14 19:51:55       -5.663686        0.0799
GPMin:   15 19:51:59       -5.687549        0.0932
GPMin:   16 19:52:04       -5.713502        0.1076
GPMin:   17 19:52:08       -5.748226        0.1241
GPMin:   18 19:52:13       -5.796387        0.1369
GPMin:   19 19:52:18       -5.835837        0.1142
GPMin:   20 19:52:23       -5.858396        0.0645
GPMin:   21 19:52:28       -5.867166        0.0344
GPMin:   22 19:52:32       -5.869514        0.0248
GPMin:   23 19:52:36       -5.871190        0.0209
GPMin:   24 19:52:41       -5.872240        0.0177
       Step     Time          Energy         fmax
GPMin:    0 19:52:59       -4.981061        0.2178
GPMin:    1 19:53:05       -5.091230        0.1132
GPMin:    2 19:53:11       -5.150066        0.1122
GPMin:    3 19:53:16       -5.208890        0.1273
GPMin:    4 19:53:21       -5.262899        0.1403
GPMin:    5 19:53:27       -5.324357        0.1576
GPMin:    6 19:53:32       -5.373948        0.1633
GPMin:    7 19:53:37       -5.420889        0.1551
GPMin:    8 19:53:42       -5.465923        0.1263
GPMin:    9 19:53:47       -5.497727        0.0827
GPMin:   10 19:53:52       -5.523386        0.1061
GPMin:   11 19:53:56       -5.551581        0.1111
GPMin:   12 19:54:01       -5.580210        0.0751
GPMin:   13 19:54:06       -5.597482        0.0497
GPMin:   14 19:54:11       -5.606309        0.0541
GPMin:   15 19:54:15       -5.611226        0.0622
GPMin:   16 19:54:19       -5.619560        0.0646
GPMin:   17 19:54:24       -5.632847        0.0598
GPMin:   18 19:54:28       -5.648586        0.0624
GPMin:   19 19:54:33       -5.663517        0.0735
GPMin:   20 19:54:38       -5.684871        0.0732
GPMin:   21 19:54:43       -5.705599        0.0608
GPMin:   22 19:54:48       -5.718052        0.0347
GPMin:   23 19:54:52       -5.721216        0.0177
       Step     Time          Energy         fmax
GPMin:    0 19:55:00       -5.231466        0.4874
GPMin:    1 19:55:05       -5.390171        0.1969
GPMin:    2 19:55:10       -5.476240        0.1762
GPMin:    3 19:55:14       -5.568698        0.1564
GPMin:    4 19:55:19       -5.646003        0.1594
GPMin:    5 19:55:24       -5.710928        0.1744
GPMin:    6 19:55:29       -5.768632        0.1738
GPMin:    7 19:55:34       -5.818418        0.1584
GPMin:    8 19:55:39       -5.853984        0.1113
GPMin:    9 19:55:44       -5.868415        0.0452
GPMin:   10 19:55:48       -5.870750        0.0262
GPMin:   11 19:55:53       -5.872446        0.0130
       Step     Time          Energy         fmax
GPMin:    0 19:56:01       -5.419503        0.1803
GPMin:    1 19:56:06       -5.518123        0.1476
GPMin:    2 19:56:11       -5.582248        0.1122
GPMin:    3 19:56:16       -5.620573        0.0785
GPMin:    4 19:56:21       -5.641001        0.0628
GPMin:    5 19:56:25       -5.662619        0.0760
GPMin:    6 19:56:30       -5.686136        0.0758
GPMin:    7 19:56:35       -5.708783        0.0594
GPMin:    8 19:56:40       -5.728767        0.0741
GPMin:    9 19:56:45       -5.761671        0.0819
GPMin:   10 19:56:49       -5.795781        0.0720
GPMin:   11 19:56:54       -5.824334        0.0696
GPMin:   12 19:56:59       -5.845163        0.0603
GPMin:   13 19:57:04       -5.860167        0.0429
GPMin:   14 19:57:08       -5.868104        0.0260
GPMin:   15 19:57:12       -5.871304        0.0203
GPMin:   16 19:57:16       -5.872816        0.0136
       Step     Time          Energy         fmax
GPMin:    0 19:57:24       -5.383053        0.6822
GPMin:    1 19:57:30       -5.557072        0.1344
GPMin:    2 19:57:35       -5.600413        0.1204
GPMin:    3 19:57:41       -5.641675        0.1140
GPMin:    4 19:57:45       -5.666585        0.0824
GPMin:    5 19:57:50       -5.684489        0.0479
GPMin:    6 19:57:54       -5.691204        0.0417
GPMin:    7 19:58:04       -5.708999        0.0676
GPMin:    8 19:58:09       -5.720126        0.0389
GPMin:    9 19:58:13       -5.726270        0.0323
GPMin:   10 19:58:17       -5.732537        0.0336
GPMin:   11 19:58:21       -5.740913        0.0357
GPMin:   12 19:58:26       -5.753367        0.0447
GPMin:   13 19:58:30       -5.767924        0.0504
GPMin:   14 19:58:34       -5.788503        0.0604
GPMin:   15 19:58:39       -5.816333        0.0730
GPMin:   16 19:58:43       -5.844511        0.0708
GPMin:   17 19:58:48       -5.864732        0.0406
GPMin:   18 19:58:52       -5.869369        0.0266
GPMin:   19 19:58:55       -5.871084        0.0239
GPMin:   20 19:59:00       -5.872716        0.0181
       Step     Time          Energy         fmax
GPMin:    0 19:59:09       -4.880137        0.7726
GPMin:    1 19:59:14       -5.168689        0.3969
GPMin:    2 19:59:19       -5.285651        0.3420
GPMin:    3 19:59:24       -5.385069        0.2681
GPMin:    4 19:59:28       -5.467877        0.2269
GPMin:    5 19:59:33       -5.539016        0.1884
GPMin:    6 19:59:38       -5.585806        0.1334
GPMin:    7 19:59:42       -5.611751        0.0871
GPMin:    8 19:59:47       -5.633434        0.1140
GPMin:    9 19:59:51       -5.658988        0.1122
GPMin:   10 19:59:56       -5.693890        0.1433
GPMin:   11 20:00:01       -5.741630        0.1607
GPMin:   12 20:00:05       -5.792574        0.1462
GPMin:   13 20:00:10       -5.826164        0.1013
GPMin:   14 20:00:14       -5.843220        0.0670
GPMin:   15 20:00:18       -5.852071        0.0781
GPMin:   16 20:00:22       -5.861868        0.0545
GPMin:   17 20:00:26       -5.867813        0.0291
GPMin:   18 20:00:30       -5.870146        0.0274
GPMin:   19 20:00:34       -5.872124        0.0206
GPMin:   20 20:00:38       -5.872898        0.0181
       Step     Time          Energy         fmax
GPMin:    0 20:00:48       -4.849177        0.4064
GPMin:    1 20:00:55       -5.050655        0.2961
GPMin:    2 20:01:01       -5.179251        0.2618
GPMin:    3 20:01:06       -5.289228        0.2068
GPMin:    4 20:01:11       -5.345046        0.1472
GPMin:    5 20:01:16       -5.368392        0.1107
GPMin:    6 20:01:20       -5.380743        0.1017
GPMin:    7 20:01:25       -5.385737        0.1504
GPMin:    8 20:01:29       -5.403936        0.0974
GPMin:    9 20:01:38       -5.422374        0.0957
GPMin:   10 20:01:43       -5.436525        0.0641
GPMin:   11 20:01:48       -5.443184        0.0487
GPMin:   12 20:01:51       -5.445670        0.0424
GPMin:   13 20:01:55       -5.451338        0.0486
GPMin:   14 20:01:59       -5.456706        0.0502
GPMin:   15 20:02:04       -5.467997        0.0486
GPMin:   16 20:02:09       -5.479280        0.0545
GPMin:   17 20:02:13       -5.492317        0.0570
GPMin:   18 20:02:17       -5.503996        0.0483
GPMin:   19 20:02:22       -5.515724        0.0473
GPMin:   20 20:02:26       -5.528791        0.0619
GPMin:   21 20:02:30       -5.547346        0.0728
GPMin:   22 20:02:34       -5.566486        0.0753
GPMin:   23 20:02:39       -5.583571        0.0595
GPMin:   24 20:02:43       -5.593596        0.0388
GPMin:   25 20:02:47       -5.597375        0.0406
GPMin:   26 20:02:51       -5.601357        0.0420
GPMin:   27 20:02:55       -5.607394        0.0446
GPMin:   28 20:02:59       -5.615045        0.0380
GPMin:   29 20:03:04       -5.623063        0.0383
GPMin:   30 20:03:08       -5.632780        0.0439
GPMin:   31 20:03:12       -5.646418        0.0580
GPMin:   32 20:03:16       -5.663763        0.0688
GPMin:   33 20:03:20       -5.684003        0.0757
GPMin:   34 20:03:24       -5.704494        0.0650
GPMin:   35 20:03:28       -5.715749        0.0378
GPMin:   36 20:03:32       -5.718674        0.0229
GPMin:   37 20:03:37       -5.719757        0.0260
GPMin:   38 20:03:41       -5.721267        0.0228
GPMin:   39 20:03:44       -5.722147        0.0206
GPMin:   40 20:03:48       -5.723534        0.0262
GPMin:   41 20:03:52       -5.724778        0.0244
GPMin:   42 20:03:56       -5.727429        0.0113
       Step     Time          Energy         fmax
GPMin:    0 20:04:05       -5.345788        0.2789
GPMin:    1 20:04:11       -5.476891        0.1341
GPMin:    2 20:04:16       -5.519063        0.0828
GPMin:    3 20:04:21       -5.539834        0.0603
GPMin:    4 20:04:26       -5.564403        0.0605
GPMin:    5 20:04:31       -5.595823        0.0766
GPMin:    6 20:04:36       -5.640172        0.0966
GPMin:    7 20:04:40       -5.694548        0.1091
GPMin:    8 20:04:45       -5.752489        0.1074
GPMin:    9 20:04:51       -5.798054        0.0758
GPMin:   10 20:04:55       -5.820804        0.0780
GPMin:   11 20:04:59       -5.836400        0.0741
GPMin:   12 20:05:03       -5.853779        0.0571
GPMin:   13 20:05:08       -5.864824        0.0409
GPMin:   14 20:05:12       -5.869945        0.0291
GPMin:   15 20:05:16       -5.872321        0.0185
       Step     Time          Energy         fmax
GPMin:    0 20:05:24       -5.092088        0.3195
GPMin:    1 20:05:29       -5.234228        0.2232
GPMin:    2 20:05:34       -5.334656        0.1643
GPMin:    3 20:05:39       -5.395369        0.0878
GPMin:    4 20:05:43       -5.428829        0.0945
GPMin:    5 20:05:48       -5.475965        0.1110
GPMin:    6 20:05:52       -5.519872        0.1166
GPMin:    7 20:05:57       -5.559678        0.0989
GPMin:    8 20:06:01       -5.593883        0.0938
GPMin:    9 20:06:05       -5.629747        0.1109
GPMin:   10 20:06:09       -5.669386        0.1256
GPMin:   11 20:06:13       -5.705094        0.1326
GPMin:   12 20:06:18       -5.733699        0.1274
GPMin:   13 20:06:22       -5.762895        0.1183
GPMin:   14 20:06:27       -5.790087        0.1085
GPMin:   15 20:06:31       -5.809942        0.0809
GPMin:   16 20:06:36       -5.827235        0.0798
GPMin:   17 20:06:40       -5.842420        0.0737
GPMin:   18 20:06:44       -5.856180        0.0584
GPMin:   19 20:06:48       -5.864976        0.0404
GPMin:   20 20:06:52       -5.868619        0.0294
GPMin:   21 20:06:56       -5.870864        0.0241
GPMin:   22 20:07:00       -5.872409        0.0193
       Step     Time          Energy         fmax
GPMin:    0 20:07:09       -5.106143        0.3431
GPMin:    1 20:07:14       -5.276920        0.1912
GPMin:    2 20:07:19       -5.380224        0.1862
GPMin:    3 20:07:24       -5.455996        0.1723
GPMin:    4 20:07:29       -5.514013        0.1400
GPMin:    5 20:07:34       -5.567080        0.1366
GPMin:    6 20:07:39       -5.616588        0.1317
GPMin:    7 20:07:43       -5.662765        0.1071
GPMin:    8 20:07:48       -5.697849        0.0897
GPMin:    9 20:07:52       -5.722543        0.1009
GPMin:   10 20:07:56       -5.752744        0.1172
GPMin:   11 20:08:01       -5.786902        0.1335
GPMin:   12 20:08:05       -5.821104        0.1319
GPMin:   13 20:08:10       -5.853275        0.0904
GPMin:   14 20:08:14       -5.869167        0.0306
GPMin:   15 20:08:18       -5.870490        0.0246
GPMin:   16 20:08:22       -5.871902        0.0181
       Step     Time          Energy         fmax
GPMin:    0 20:08:30       -5.290866        0.7259
GPMin:    1 20:08:35       -5.582921        0.1795
GPMin:    2 20:08:39       -5.630989        0.1724
GPMin:    3 20:08:44       -5.667997        0.1556
GPMin:    4 20:08:48       -5.710089        0.1448
GPMin:    5 20:08:53       -5.742436        0.1500
GPMin:    6 20:08:57       -5.783181        0.1293
GPMin:    7 20:09:02       -5.812124        0.1123
GPMin:    8 20:09:06       -5.834119        0.0969
GPMin:    9 20:09:11       -5.850932        0.0664
GPMin:   10 20:09:15       -5.861820        0.0417
GPMin:   11 20:09:19       -5.867227        0.0304
GPMin:   12 20:09:23       -5.870273        0.0236
GPMin:   13 20:09:27       -5.872041        0.0226
GPMin:   14 20:09:30       -5.873143        0.0106
       Step     Time          Energy         fmax
GPMin:    0 20:09:38       -5.092532        0.6070
GPMin:    1 20:09:43       -5.264840        0.1762
GPMin:    2 20:09:48       -5.295820        0.0825
GPMin:    3 20:09:53       -5.314854        0.0906
GPMin:    4 20:09:57       -5.336100        0.0540
GPMin:    5 20:10:02       -5.355451        0.0625
GPMin:    6 20:10:06       -5.380043        0.0678
GPMin:    7 20:10:11       -5.408025        0.0763
GPMin:    8 20:10:15       -5.440325        0.0773
GPMin:    9 20:10:20       -5.476120        0.0768
GPMin:   10 20:10:25       -5.513498        0.0786
GPMin:   11 20:10:29       -5.539714        0.0692
GPMin:   12 20:10:34       -5.555264        0.0447
GPMin:   13 20:10:38       -5.562047        0.0323
GPMin:   14 20:10:42       -5.565001        0.0470
GPMin:   15 20:10:46       -5.570847        0.0442
GPMin:   16 20:10:50       -5.578974        0.0416
GPMin:   17 20:10:55       -5.592589        0.0578
GPMin:   18 20:10:58       -5.612788        0.0689
GPMin:   19 20:11:02       -5.638166        0.0814
GPMin:   20 20:11:07       -5.666769        0.0803
GPMin:   21 20:11:11       -5.693373        0.0577
GPMin:   22 20:11:16       -5.704350        0.0252
GPMin:   23 20:11:19       -5.705941        0.0187
       Step     Time          Energy         fmax
GPMin:    0 20:11:27       -5.375083        0.2604
GPMin:    1 20:11:32       -5.447388        0.1056
GPMin:    2 20:11:37       -5.481067        0.0960
GPMin:    3 20:11:41       -5.503343        0.0621
GPMin:    4 20:11:46       -5.517133        0.0431
GPMin:    5 20:11:50       -5.527331        0.0422
GPMin:    6 20:11:54       -5.537392        0.0458
GPMin:    7 20:11:58       -5.549359        0.0443
GPMin:    8 20:12:03       -5.562975        0.0467
GPMin:    9 20:12:07       -5.581708        0.0617
GPMin:   10 20:12:11       -5.604230        0.0797
GPMin:   11 20:12:16       -5.631819        0.1020
GPMin:   12 20:12:21       -5.671837        0.1179
GPMin:   13 20:12:26       -5.716732        0.0925
GPMin:   14 20:12:31       -5.742936        0.0966
GPMin:   15 20:12:36       -5.757299        0.0826
GPMin:   16 20:12:40       -5.770758        0.0525
GPMin:   17 20:12:45       -5.782691        0.0663
GPMin:   18 20:12:49       -5.800915        0.0727
GPMin:   19 20:12:54       -5.822593        0.0719
GPMin:   20 20:12:58       -5.845562        0.0646
GPMin:   21 20:13:03       -5.861605        0.0443
GPMin:   22 20:13:07       -5.868857        0.0285
GPMin:   23 20:13:11       -5.870778        0.0238
GPMin:   24 20:13:14       -5.872564        0.0148
