      Step     Time          Energy         fmax
BFGS:    0 15:46:48       17.881703       37.5705
BFGS:    1 15:46:48       -0.458254       15.0098
BFGS:    2 15:46:48       -3.907236        7.5177
BFGS:    3 15:46:48       -5.483599        3.1615
BFGS:    4 15:46:48       -5.960286        1.5678
BFGS:    5 15:46:48       -6.156815        0.7005
BFGS:    6 15:46:48       -6.220744        0.6309
BFGS:    7 15:46:48       -6.280673        0.7012
BFGS:    8 15:46:48       -6.395829        0.8749
BFGS:    9 15:46:48       -6.613034        1.0523
BFGS:   10 15:46:48       -6.710687        1.2567
BFGS:   11 15:46:48       -6.914772        1.1087
BFGS:   12 15:46:48       -7.148293        2.0678
BFGS:   13 15:46:48       -7.272258        1.0851
BFGS:   14 15:46:48       -7.420072        0.8203
BFGS:   15 15:46:48       -7.643265        2.8347
BFGS:   16 15:46:48       -7.737822        1.0811
BFGS:   17 15:46:48       -7.841132        1.0859
BFGS:   18 15:46:48       -8.043627        2.1822
BFGS:   19 15:46:48       -8.194010        0.8858
BFGS:   20 15:46:48       -8.358536        0.6409
BFGS:   21 15:46:48       -8.406518        0.4449
BFGS:   22 15:46:48       -8.425290        0.3663
BFGS:   23 15:46:48       -8.440849        0.3624
BFGS:   24 15:46:48       -8.469525        0.3425
BFGS:   25 15:46:48       -8.490408        0.4026
BFGS:   26 15:46:48       -8.515931        0.4369
BFGS:   27 15:46:48       -8.540466        0.4699
BFGS:   28 15:46:48       -8.562880        0.5545
BFGS:   29 15:46:48       -8.580604        0.5097
BFGS:   30 15:46:48       -8.592036        0.3426
BFGS:   31 15:46:48       -8.598527        0.2246
BFGS:   32 15:46:48       -8.603942        0.2115
BFGS:   33 15:46:48       -8.608598        0.1525
BFGS:   34 15:46:48       -8.612225        0.1437
BFGS:   35 15:46:48       -8.614044        0.1233
BFGS:   36 15:46:48       -8.615707        0.1191
BFGS:   37 15:46:48       -8.618280        0.1295
BFGS:   38 15:46:48       -8.621628        0.1276
BFGS:   39 15:46:48       -8.625033        0.1662
BFGS:   40 15:46:48       -8.627251        0.1562
BFGS:   41 15:46:48       -8.628757        0.1445
BFGS:   42 15:46:48       -8.630526        0.1446
BFGS:   43 15:46:48       -8.633138        0.1138
BFGS:   44 15:46:48       -8.634749        0.0965
BFGS:   45 15:46:48       -8.635569        0.0839
BFGS:   46 15:46:48       -8.636129        0.0631
BFGS:   47 15:46:48       -8.636693        0.0535
BFGS:   48 15:46:48       -8.637131        0.0509
BFGS:   49 15:46:48       -8.637357        0.0376
      Step     Time          Energy         fmax
BFGS:    0 15:46:48       17.703561       27.6159
BFGS:    1 15:46:48        0.149775        9.7992
BFGS:    2 15:46:48       -2.778400        4.4572
BFGS:    3 15:46:48       -4.331875        2.0378
BFGS:    4 15:46:48       -4.809930        0.9476
BFGS:    5 15:46:48       -4.945202        0.5098
BFGS:    6 15:46:48       -4.980897        0.5058
BFGS:    7 15:46:48       -5.005471        0.5201
BFGS:    8 15:46:48       -5.044743        0.5973
BFGS:    9 15:46:48       -5.113293        0.6652
BFGS:   10 15:46:48       -5.204420        0.7680
BFGS:   11 15:46:48       -5.266545        0.7841
BFGS:   12 15:46:48       -5.353845        1.1885
BFGS:   13 15:46:48       -5.429572        0.7695
BFGS:   14 15:46:48       -5.469352        0.5364
BFGS:   15 15:46:48       -5.553305        0.7636
BFGS:   16 15:46:48       -5.574842        0.4189
BFGS:   17 15:46:48       -5.593280        0.4007
BFGS:   18 15:46:48       -5.684779        0.5471
BFGS:   19 15:46:48       -5.774597        0.9700
BFGS:   20 15:46:48       -5.862735        1.4088
BFGS:   21 15:46:48       -5.942265        1.3558
BFGS:   22 15:46:48       -6.152726        1.5359
BFGS:   23 15:46:48       -6.125363        1.8787
BFGS:   24 15:46:48       -6.259298        0.6048
BFGS:   25 15:46:48       -6.286200        0.6182
BFGS:   26 15:46:48       -6.334496        0.6483
BFGS:   27 15:46:48       -6.462941        1.0421
BFGS:   28 15:46:48       -6.523332        0.8545
BFGS:   29 15:46:48       -6.650335        0.7439
BFGS:   30 15:46:48       -6.769783        0.9143
BFGS:   31 15:46:48       -6.833381        1.1967
BFGS:   32 15:46:48       -6.898385        0.6984
BFGS:   33 15:46:48       -6.998506        0.6864
BFGS:   34 15:46:48       -7.125319        0.8854
BFGS:   35 15:46:48       -7.172038        0.6783
BFGS:   36 15:46:48       -7.228858        0.5397
BFGS:   37 15:46:48       -7.253544        0.5370
BFGS:   38 15:46:48       -7.305273        0.5823
BFGS:   39 15:46:48       -7.364113        0.5766
BFGS:   40 15:46:48       -7.417589        0.7240
BFGS:   41 15:46:48       -7.467653        0.7681
BFGS:   42 15:46:48       -7.562325        1.0650
BFGS:   43 15:46:48       -7.655219        0.9442
BFGS:   44 15:46:48       -7.754493        0.7259
BFGS:   45 15:46:48       -7.875963        0.5802
BFGS:   46 15:46:48       -7.911951        0.6323
BFGS:   47 15:46:48       -7.935187        0.4108
BFGS:   48 15:46:48       -7.961492        0.4314
BFGS:   49 15:46:48       -7.992788        0.4409
BFGS:   50 15:46:48       -8.032783        0.7259
BFGS:   51 15:46:48       -8.079815        0.7558
BFGS:   52 15:46:48       -8.104055        0.6175
BFGS:   53 15:46:48       -8.144850        0.6132
BFGS:   54 15:46:48       -8.186091        0.5374
BFGS:   55 15:46:48       -8.206666        0.2843
BFGS:   56 15:46:48       -8.216179        0.2816
BFGS:   57 15:46:48       -8.228766        0.3434
BFGS:   58 15:46:48       -8.237691        0.4210
BFGS:   59 15:46:48       -8.267822        0.5655
BFGS:   60 15:46:48       -8.337579        0.9929
BFGS:   61 15:46:48       -8.321620        1.4340
BFGS:   62 15:46:48       -8.400203        0.8627
BFGS:   63 15:46:48       -8.442214        0.7600
BFGS:   64 15:46:48       -8.594201        0.8791
BFGS:   65 15:46:48       -8.639161        0.5915
BFGS:   66 15:46:48       -8.673624        0.4176
BFGS:   67 15:46:48       -8.715731        0.4536
BFGS:   68 15:46:48       -8.759045        0.5588
BFGS:   69 15:46:48       -8.798179        0.5375
BFGS:   70 15:46:48       -8.815587        0.4911
BFGS:   71 15:46:48       -8.841793        0.4452
BFGS:   72 15:46:48       -8.861565        0.3241
BFGS:   73 15:46:48       -8.876867        0.2502
BFGS:   74 15:46:48       -8.884798        0.2280
BFGS:   75 15:46:48       -8.889728        0.1912
BFGS:   76 15:46:48       -8.894956        0.1613
BFGS:   77 15:46:48       -8.900091        0.1546
BFGS:   78 15:46:48       -8.903460        0.1666
BFGS:   79 15:46:48       -8.906441        0.1733
BFGS:   80 15:46:48       -8.910266        0.1468
BFGS:   81 15:46:48       -8.915030        0.1549
BFGS:   82 15:46:48       -8.919547        0.1426
BFGS:   83 15:46:48       -8.922403        0.1320
BFGS:   84 15:46:48       -8.924583        0.1459
BFGS:   85 15:46:48       -8.927165        0.1511
BFGS:   86 15:46:48       -8.930632        0.1791
BFGS:   87 15:46:48       -8.937722        0.2128
BFGS:   88 15:46:48       -8.958763        0.3688
BFGS:   89 15:46:48       -8.863156        0.8870
BFGS:   90 15:46:48       -8.970493        0.2692
BFGS:   91 15:46:48       -8.975837        0.2123
BFGS:   92 15:46:48       -8.983461        0.2441
BFGS:   93 15:46:48       -8.994007        0.2183
BFGS:   94 15:46:48       -9.003288        0.2215
BFGS:   95 15:46:48       -9.010978        0.1845
BFGS:   96 15:46:48       -9.018071        0.1563
BFGS:   97 15:46:48       -9.023019        0.1752
BFGS:   98 15:46:48       -9.031421        0.2451
BFGS:   99 15:46:48       -9.036643        0.2534
BFGS:  100 15:46:48       -9.045157        0.2303
BFGS:  101 15:46:48       -9.050886        0.1900
BFGS:  102 15:46:48       -9.059093        0.2537
BFGS:  103 15:46:48       -9.063558        0.2150
BFGS:  104 15:46:48       -9.067563        0.1089
BFGS:  105 15:46:48       -9.068373        0.0952
BFGS:  106 15:46:48       -9.068798        0.0903
BFGS:  107 15:46:48       -9.069045        0.0820
BFGS:  108 15:46:48       -9.069121        0.0787
BFGS:  109 15:46:48       -9.069279        0.0910
BFGS:  110 15:46:48       -9.069413        0.0999
BFGS:  111 15:46:48       -9.069771        0.1065
BFGS:  112 15:46:48       -9.070204        0.0961
BFGS:  113 15:46:48       -9.070647        0.0611
BFGS:  114 15:46:48       -9.070906        0.0340
      Step     Time          Energy         fmax
BFGS:    0 15:46:48       17.451894       40.1195
BFGS:    1 15:46:48        0.999267       20.6789
BFGS:    2 15:46:48       -2.915636       13.7501
BFGS:    3 15:46:48       -5.633756        3.5215
BFGS:    4 15:46:48       -6.228533        2.1177
BFGS:    5 15:46:48       -6.663800        1.0878
BFGS:    6 15:46:48       -6.774399        0.9215
BFGS:    7 15:46:48       -6.824121        0.8315
BFGS:    8 15:46:48       -6.865841        0.7665
BFGS:    9 15:46:48       -6.917144        0.7526
BFGS:   10 15:46:48       -6.967480        0.6759
BFGS:   11 15:46:48       -7.003691        0.5055
BFGS:   12 15:46:48       -7.019534        0.4742
BFGS:   13 15:46:48       -7.047824        0.3802
BFGS:   14 15:46:48       -7.064385        0.3389
BFGS:   15 15:46:48       -7.079180        0.4293
BFGS:   16 15:46:48       -7.100457        0.5709
BFGS:   17 15:46:48       -7.130895        0.6815
BFGS:   18 15:46:48       -7.158093        0.6216
BFGS:   19 15:46:48       -7.196682        0.4154
BFGS:   20 15:46:48       -7.205662        0.3552
BFGS:   21 15:46:48       -7.219043        0.3254
BFGS:   22 15:46:48       -7.244305        0.3884
BFGS:   23 15:46:48       -7.272132        0.5280
BFGS:   24 15:46:48       -7.302255        0.6774
BFGS:   25 15:46:48       -7.343521        0.7098
BFGS:   26 15:46:48       -7.378245        0.6241
BFGS:   27 15:46:48       -7.409133        0.5032
BFGS:   28 15:46:48       -7.487711        0.6628
BFGS:   29 15:46:48       -7.505230        0.5332
BFGS:   30 15:46:48       -7.515967        0.4347
BFGS:   31 15:46:48       -7.534047        0.3592
BFGS:   32 15:46:48       -7.553772        0.3774
BFGS:   33 15:46:48       -7.571771        0.3670
BFGS:   34 15:46:48       -7.580317        0.3412
BFGS:   35 15:46:48       -7.600467        0.3443
BFGS:   36 15:46:48       -7.648798        0.4103
BFGS:   37 15:46:48       -7.619711        0.7607
BFGS:   38 15:46:48       -7.681190        0.3787
BFGS:   39 15:46:48       -7.699464        0.3573
BFGS:   40 15:46:48       -7.752247        0.6003
BFGS:   41 15:46:48       -7.782294        0.3708
BFGS:   42 15:46:48       -7.796702        0.3298
BFGS:   43 15:46:48       -7.820620        0.3909
BFGS:   44 15:46:48       -7.834426        0.3555
BFGS:   45 15:46:48       -7.851997        0.3516
BFGS:   46 15:46:48       -7.861608        0.2656
BFGS:   47 15:46:48       -7.865324        0.1913
BFGS:   48 15:46:48       -7.867831        0.1675
BFGS:   49 15:46:48       -7.869732        0.1315
BFGS:   50 15:46:48       -7.871110        0.0762
BFGS:   51 15:46:48       -7.871729        0.0737
BFGS:   52 15:46:48       -7.872189        0.0610
BFGS:   53 15:46:48       -7.872824        0.0596
BFGS:   54 15:46:48       -7.873699        0.0715
BFGS:   55 15:46:48       -7.874496        0.0728
BFGS:   56 15:46:48       -7.875169        0.0670
BFGS:   57 15:46:48       -7.876131        0.0934
BFGS:   58 15:46:48       -7.878428        0.1476
BFGS:   59 15:46:48       -7.884900        0.2610
BFGS:   60 15:46:48       -7.896409        0.4150
BFGS:   61 15:46:48       -7.906935        0.5386
BFGS:   62 15:46:48       -7.927458        0.6468
BFGS:   63 15:46:48       -7.960175        0.7822
BFGS:   64 15:46:48       -7.996776        0.8897
BFGS:   65 15:46:48       -8.031987        0.8680
BFGS:   66 15:46:48       -8.093450        1.3516
BFGS:   67 15:46:48       -8.148882        1.0846
BFGS:   68 15:46:48       -8.184240        0.7419
BFGS:   69 15:46:48       -8.248550        0.7532
BFGS:   70 15:46:48       -8.308773        0.7782
BFGS:   71 15:46:48       -8.382158        0.5380
BFGS:   72 15:46:48       -8.412846        0.3563
BFGS:   73 15:46:48       -8.421467        0.2544
BFGS:   74 15:46:48       -8.426320        0.2380
BFGS:   75 15:46:48       -8.431517        0.2176
BFGS:   76 15:46:48       -8.443308        0.2218
BFGS:   77 15:46:48       -8.449168        0.2161
BFGS:   78 15:46:48       -8.454575        0.2295
BFGS:   79 15:46:48       -8.460082        0.2286
BFGS:   80 15:46:48       -8.472015        0.3154
BFGS:   81 15:46:48       -8.495996        0.4406
BFGS:   82 15:46:48       -8.535155        0.7796
BFGS:   83 15:46:48       -8.358943        3.1421
BFGS:   84 15:46:48       -8.698637        0.9084
BFGS:   85 15:46:48       -8.788796        0.8262
BFGS:   86 15:46:48       -8.839738        0.7577
BFGS:   87 15:46:48       -8.896881        0.7343
BFGS:   88 15:46:48       -8.941429        0.4704
BFGS:   89 15:46:48       -8.959409        0.4108
BFGS:   90 15:46:48       -8.967265        0.3488
BFGS:   91 15:46:48       -8.974700        0.2612
BFGS:   92 15:46:48       -8.986312        0.1746
BFGS:   93 15:46:48       -9.002772        0.2230
BFGS:   94 15:46:48       -9.023200        0.3428
BFGS:   95 15:46:48       -9.036938        0.3466
BFGS:   96 15:46:48       -9.047025        0.3234
BFGS:   97 15:46:48       -9.054865        0.2703
BFGS:   98 15:46:48       -9.060590        0.2312
BFGS:   99 15:46:48       -9.064392        0.1713
BFGS:  100 15:46:48       -9.066269        0.1313
BFGS:  101 15:46:48       -9.067544        0.1016
BFGS:  102 15:46:48       -9.069015        0.0944
BFGS:  103 15:46:48       -9.070042        0.0538
BFGS:  104 15:46:48       -9.070344        0.0456
      Step     Time          Energy         fmax
BFGS:    0 15:46:48       18.605654       37.1582
BFGS:    1 15:46:48       -1.145701        9.5764
BFGS:    2 15:46:48       -4.158984        5.0705
BFGS:    3 15:46:48       -5.591914        2.5622
BFGS:    4 15:46:48       -6.121204        1.1849
BFGS:    5 15:46:48       -6.295779        0.6389
BFGS:    6 15:46:48       -6.345049        0.5515
BFGS:    7 15:46:48       -6.374205        0.5250
BFGS:    8 15:46:48       -6.409696        0.5076
BFGS:    9 15:46:48       -6.444963        0.5073
BFGS:   10 15:46:48       -6.476361        0.6066
BFGS:   11 15:46:48       -6.501205        0.5988
BFGS:   12 15:46:48       -6.550272        0.7075
BFGS:   13 15:46:48       -6.661289        1.1666
BFGS:   14 15:46:48       -6.812204        1.4581
BFGS:   15 15:46:48       -6.924652        1.5727
BFGS:   16 15:46:48       -7.020205        1.2521
BFGS:   17 15:46:48       -7.103276        0.9736
BFGS:   18 15:46:48       -7.180936        0.8736
BFGS:   19 15:46:48       -7.278200        0.9029
BFGS:   20 15:46:48       -7.426609        1.1413
BFGS:   21 15:46:48       -7.559278        1.3496
BFGS:   22 15:46:48       -7.740296        1.1539
BFGS:   23 15:46:48       -7.983620        2.3161
BFGS:   24 15:46:48       -8.162550        1.3812
BFGS:   25 15:46:48       -8.510865        1.0641
BFGS:   26 15:46:48       -8.705599        1.0382
BFGS:   27 15:46:48       -8.782767        0.9963
BFGS:   28 15:46:48       -8.826794        0.8714
BFGS:   29 15:46:48       -8.897523        0.8424
BFGS:   30 15:46:48       -8.938268        0.9507
BFGS:   31 15:46:48       -8.990565        0.7933
BFGS:   32 15:46:48       -9.029136        0.4716
BFGS:   33 15:46:48       -9.049526        0.3347
BFGS:   34 15:46:48       -9.072653        0.2652
BFGS:   35 15:46:48       -9.082538        0.2290
BFGS:   36 15:46:48       -9.089527        0.1908
BFGS:   37 15:46:48       -9.092699        0.1681
BFGS:   38 15:46:48       -9.094353        0.1162
BFGS:   39 15:46:48       -9.095405        0.0779
BFGS:   40 15:46:48       -9.096107        0.0631
BFGS:   41 15:46:48       -9.096424        0.0387
      Step     Time          Energy         fmax
BFGS:    0 15:46:48       18.531521       40.5324
BFGS:    1 15:46:48        1.165776       17.4397
BFGS:    2 15:46:48       -2.690588       10.9566
BFGS:    3 15:46:48       -5.042424        4.1623
BFGS:    4 15:46:48       -5.738722        2.4636
BFGS:    5 15:46:48       -6.176163        1.0122
BFGS:    6 15:46:48       -6.306225        0.9043
BFGS:    7 15:46:48       -6.389696        0.9142
BFGS:    8 15:46:48       -6.486828        0.8454
BFGS:    9 15:46:48       -6.584564        0.9651
BFGS:   10 15:46:48       -6.692380        0.8536
BFGS:   11 15:46:48       -6.875734        1.3861
BFGS:   12 15:46:48       -6.939030        0.9962
BFGS:   13 15:46:48       -6.987165        0.9033
BFGS:   14 15:46:48       -7.132788        2.7332
BFGS:   15 15:46:48       -7.240723        0.6792
BFGS:   16 15:46:48       -7.314622        0.7288
BFGS:   17 15:46:48       -7.426600        2.8278
BFGS:   18 15:46:48       -7.565541        1.4795
BFGS:   19 15:46:48       -7.797907        0.7157
BFGS:   20 15:46:48       -7.860283        0.8041
BFGS:   21 15:46:48       -7.902826        0.6685
BFGS:   22 15:46:48       -7.953782        0.8040
BFGS:   23 15:46:48       -8.028153        0.7574
BFGS:   24 15:46:48       -8.070238        0.6533
BFGS:   25 15:46:48       -8.127109        0.4944
BFGS:   26 15:46:48       -8.167050        0.4325
BFGS:   27 15:46:48       -8.186560        0.4257
BFGS:   28 15:46:48       -8.208515        0.3670
BFGS:   29 15:46:49       -8.219913        0.2844
BFGS:   30 15:46:49       -8.234582        0.3179
BFGS:   31 15:46:49       -8.241873        0.2380
BFGS:   32 15:46:49       -8.248720        0.2369
BFGS:   33 15:46:49       -8.262808        0.2711
BFGS:   34 15:46:49       -8.284598        0.3903
BFGS:   35 15:46:49       -8.326076        0.6534
BFGS:   36 15:46:49       -8.374029        0.9486
BFGS:   37 15:46:49       -8.413748        0.8762
BFGS:   38 15:46:49       -8.543659        1.2481
BFGS:   39 15:46:49       -8.609618        0.7839
BFGS:   40 15:46:49       -8.715565        0.8772
BFGS:   41 15:46:49       -8.819815        0.8631
BFGS:   42 15:46:49       -8.887740        0.7670
BFGS:   43 15:46:49       -8.963547        0.6812
BFGS:   44 15:46:49       -9.037017        0.4129
BFGS:   45 15:46:49       -9.062237        0.2812
BFGS:   46 15:46:49       -9.072388        0.2738
BFGS:   47 15:46:49       -9.080886        0.2104
BFGS:   48 15:46:49       -9.085072        0.2302
BFGS:   49 15:46:49       -9.089187        0.1772
BFGS:   50 15:46:49       -9.091892        0.1123
BFGS:   51 15:46:49       -9.093313        0.1111
BFGS:   52 15:46:49       -9.094394        0.1166
BFGS:   53 15:46:49       -9.095248        0.0986
BFGS:   54 15:46:49       -9.096267        0.0590
BFGS:   55 15:46:49       -9.096753        0.0259
      Step     Time          Energy         fmax
BFGS:    0 15:46:49       17.923557       25.2473
BFGS:    1 15:46:49        1.879696       13.4707
BFGS:    2 15:46:49       -2.352466        4.2293
BFGS:    3 15:46:49       -3.660562        2.4199
BFGS:    4 15:46:49       -4.438862        1.1455
BFGS:    5 15:46:49       -4.634685        0.7624
BFGS:    6 15:46:49       -4.694214        0.5549
BFGS:    7 15:46:49       -4.728008        0.5698
BFGS:    8 15:46:49       -4.790685        0.6693
BFGS:    9 15:46:49       -4.928960        0.7778
BFGS:   10 15:46:49       -4.989852        1.4020
BFGS:   11 15:46:49       -5.137053        0.8026
BFGS:   12 15:46:49       -5.297853        0.6875
BFGS:   13 15:46:49       -5.394292        1.0884
BFGS:   14 15:46:49       -5.439905        0.6667
BFGS:   15 15:46:49       -5.465427        0.4848
BFGS:   16 15:46:49       -5.543915        0.5086
BFGS:   17 15:46:49       -5.564144        0.6163
BFGS:   18 15:46:49       -5.675485        0.9387
BFGS:   19 15:46:49       -5.724660        0.8306
BFGS:   20 15:46:49       -5.781344        0.6714
BFGS:   21 15:46:49       -5.836167        0.5895
BFGS:   22 15:46:49       -5.940738        0.8214
BFGS:   23 15:46:49       -6.003921        0.8877
BFGS:   24 15:46:49       -6.089561        1.2039
BFGS:   25 15:46:49       -6.202356        0.6893
BFGS:   26 15:46:49       -6.270709        1.0032
BFGS:   27 15:46:49       -6.301637        0.6506
BFGS:   28 15:46:49       -6.353763        0.5621
BFGS:   29 15:46:49       -6.459799        0.9958
BFGS:   30 15:46:49       -6.590425        1.6344
BFGS:   31 15:46:49       -6.673716        1.8699
BFGS:   32 15:46:49       -6.800173        1.6544
BFGS:   33 15:46:49       -6.982628        1.3047
BFGS:   34 15:46:49       -7.169257        2.3445
BFGS:   35 15:46:49       -7.287035        0.8807
BFGS:   36 15:46:49       -7.343441        0.8755
BFGS:   37 15:46:49       -7.412704        0.7622
BFGS:   38 15:46:49       -7.448724        0.6827
BFGS:   39 15:46:49       -7.498446        0.4479
BFGS:   40 15:46:49       -7.514792        0.3067
BFGS:   41 15:46:49       -7.529229        0.2886
BFGS:   42 15:46:49       -7.544856        0.3951
BFGS:   43 15:46:49       -7.556378        0.3942
BFGS:   44 15:46:49       -7.572666        0.3850
BFGS:   45 15:46:49       -7.593811        0.4154
BFGS:   46 15:46:49       -7.613849        0.3786
BFGS:   47 15:46:49       -7.630825        0.4637
BFGS:   48 15:46:49       -7.653186        0.5512
BFGS:   49 15:46:49       -7.691598        0.6179
BFGS:   50 15:46:49       -7.734047        0.7732
BFGS:   51 15:46:49       -7.804961        0.7782
BFGS:   52 15:46:49       -7.858474        0.6149
BFGS:   53 15:46:49       -7.869200        0.7494
BFGS:   54 15:46:49       -7.899230        0.5205
BFGS:   55 15:46:49       -7.914513        0.3682
BFGS:   56 15:46:49       -7.947997        0.4451
BFGS:   57 15:46:49       -8.010609        0.9506
BFGS:   58 15:46:49       -8.072713        1.0587
BFGS:   59 15:46:49       -8.212321        1.0427
BFGS:   60 15:46:49       -8.166760        1.3412
BFGS:   61 15:46:49       -8.321458        0.4797
BFGS:   62 15:46:49       -8.353728        0.6234
BFGS:   63 15:46:49       -8.397508        0.6629
BFGS:   64 15:46:49       -8.428878        0.5315
BFGS:   65 15:46:49       -8.466143        0.5324
BFGS:   66 15:46:49       -8.545540        0.6609
BFGS:   67 15:46:49       -8.642474        0.6101
BFGS:   68 15:46:49       -8.673026        0.6036
BFGS:   69 15:46:49       -8.722183        0.5215
BFGS:   70 15:46:49       -8.779781        0.5227
BFGS:   71 15:46:49       -8.836555        0.5799
BFGS:   72 15:46:49       -8.866501        0.3922
BFGS:   73 15:46:49       -8.909074        0.3533
BFGS:   74 15:46:49       -8.956478        0.3489
BFGS:   75 15:46:49       -8.980665        0.3319
BFGS:   76 15:46:49       -8.999132        0.3562
BFGS:   77 15:46:49       -9.007383        0.3839
BFGS:   78 15:46:49       -9.023620        0.3586
BFGS:   79 15:46:49       -9.043424        0.3708
BFGS:   80 15:46:49       -9.061023        0.3623
BFGS:   81 15:46:49       -9.070475        0.2753
BFGS:   82 15:46:49       -9.075318        0.1814
BFGS:   83 15:46:49       -9.079614        0.2100
BFGS:   84 15:46:49       -9.085878        0.2150
BFGS:   85 15:46:49       -9.090690        0.1324
BFGS:   86 15:46:49       -9.093901        0.1141
BFGS:   87 15:46:49       -9.095218        0.0794
BFGS:   88 15:46:49       -9.095725        0.0602
BFGS:   89 15:46:49       -9.096173        0.0517
BFGS:   90 15:46:49       -9.096529        0.0438
      Step     Time          Energy         fmax
BFGS:    0 15:46:49       19.213883       25.5731
BFGS:    1 15:46:49        4.062995       15.3028
BFGS:    2 15:46:49       -0.367307        8.8877
BFGS:    3 15:46:49       -2.625174        3.4126
BFGS:    4 15:46:49       -3.450276        1.4605
BFGS:    5 15:46:49       -3.762451        0.8056
BFGS:    6 15:46:49       -3.842360        0.4998
BFGS:    7 15:46:49       -3.858252        0.3614
BFGS:    8 15:46:49       -3.865458        0.2831
BFGS:    9 15:46:49       -3.879862        0.3291
BFGS:   10 15:46:49       -3.911635        0.4963
BFGS:   11 15:46:49       -3.987685        0.7460
BFGS:   12 15:46:49       -4.067904        0.7617
BFGS:   13 15:46:49       -4.067426        0.5438
BFGS:   14 15:46:49       -4.120640        0.6585
BFGS:   15 15:46:49       -4.151506        0.6481
BFGS:   16 15:46:49       -4.222262        1.0839
BFGS:   17 15:46:49       -4.270156        0.5263
BFGS:   18 15:46:49       -4.298603        0.4276
BFGS:   19 15:46:49       -4.358783        0.5091
BFGS:   20 15:46:49       -4.370275        0.4043
BFGS:   21 15:46:49       -4.389537        0.3575
BFGS:   22 15:46:49       -4.440909        0.4511
BFGS:   23 15:46:49       -4.477408        0.5876
BFGS:   24 15:46:49       -4.515447        0.5012
BFGS:   25 15:46:49       -4.553040        0.4937
BFGS:   26 15:46:49       -4.571843        0.4771
BFGS:   27 15:46:49       -4.599020        0.4918
BFGS:   28 15:46:49       -4.614402        0.3580
BFGS:   29 15:46:49       -4.630440        0.4185
BFGS:   30 15:46:49       -4.643906        0.4106
BFGS:   31 15:46:49       -4.671140        0.5450
BFGS:   32 15:46:49       -4.728753        0.7679
BFGS:   33 15:46:49       -4.790170        1.1691
BFGS:   34 15:46:49       -4.859005        1.3396
BFGS:   35 15:46:49       -4.952511        1.0183
BFGS:   36 15:46:49       -4.938384        1.7772
BFGS:   37 15:46:49       -5.091935        0.8407
BFGS:   38 15:46:49       -5.164280        0.7176
BFGS:   39 15:46:49       -5.197708        1.2787
BFGS:   40 15:46:49       -5.273459        0.6396
BFGS:   41 15:46:49       -5.347427        0.6320
BFGS:   42 15:46:49       -5.342745        1.6799
BFGS:   43 15:46:49       -5.463511        0.6649
BFGS:   44 15:46:49       -5.504314        0.5911
BFGS:   45 15:46:49       -5.551899        1.0367
BFGS:   46 15:46:49       -5.597360        0.4697
BFGS:   47 15:46:49       -5.614920        0.4407
BFGS:   48 15:46:49       -5.651126        0.4151
BFGS:   49 15:46:49       -5.671904        0.3923
BFGS:   50 15:46:49       -5.738597        0.6841
BFGS:   51 15:46:49       -5.776881        0.5486
BFGS:   52 15:46:49       -5.819358        0.8058
BFGS:   53 15:46:49       -5.863707        0.8388
BFGS:   54 15:46:49       -5.916664        0.6471
BFGS:   55 15:46:49       -5.947439        0.8857
BFGS:   56 15:46:49       -6.020406        0.5583
BFGS:   57 15:46:49       -6.052278        0.5578
BFGS:   58 15:46:49       -6.089973        0.6293
BFGS:   59 15:46:49       -6.159435        0.5345
BFGS:   60 15:46:49       -6.221636        0.6635
BFGS:   61 15:46:49       -6.256485        1.0528
BFGS:   62 15:46:49       -6.341713        0.6404
BFGS:   63 15:46:49       -6.434521        0.6012
BFGS:   64 15:46:49       -6.472024        0.6550
BFGS:   65 15:46:49       -6.506183        0.6892
BFGS:   66 15:46:49       -6.548135        0.6952
BFGS:   67 15:46:49       -6.599486        0.8472
BFGS:   68 15:46:49       -6.665276        0.7267
BFGS:   69 15:46:49       -6.714777        0.3034
BFGS:   70 15:46:49       -6.731679        0.2670
BFGS:   71 15:46:49       -6.740665        0.2395
BFGS:   72 15:46:49       -6.744795        0.2308
BFGS:   73 15:46:49       -6.749677        0.2292
BFGS:   74 15:46:49       -6.755417        0.1594
BFGS:   75 15:46:49       -6.757893        0.0966
BFGS:   76 15:46:49       -6.758602        0.0681
BFGS:   77 15:46:49       -6.758928        0.0678
BFGS:   78 15:46:49       -6.759420        0.0673
BFGS:   79 15:46:49       -6.760197        0.0661
BFGS:   80 15:46:49       -6.761451        0.0714
BFGS:   81 15:46:49       -6.763010        0.0913
BFGS:   82 15:46:49       -6.764793        0.1259
BFGS:   83 15:46:49       -6.767316        0.1650
BFGS:   84 15:46:49       -6.773610        0.2156
BFGS:   85 15:46:49       -6.791856        0.3360
BFGS:   86 15:46:49       -6.837695        0.4333
BFGS:   87 15:46:49       -6.913814        0.5013
BFGS:   88 15:46:49       -6.972606        0.9634
BFGS:   89 15:46:49       -6.985607        0.9244
BFGS:   90 15:46:49       -7.005036        0.8103
BFGS:   91 15:46:49       -7.021475        0.5981
BFGS:   92 15:46:49       -7.043982        0.6985
BFGS:   93 15:46:49       -7.094984        0.7605
BFGS:   94 15:46:49       -7.147873        0.6457
BFGS:   95 15:46:49       -7.215144        0.5195
BFGS:   96 15:46:49       -7.316049        0.5105
BFGS:   97 15:46:49       -7.394902        0.4844
BFGS:   98 15:46:49       -7.478008        0.5637
BFGS:   99 15:46:49       -7.542370        0.7682
BFGS:  100 15:46:49       -7.582300        0.7624
BFGS:  101 15:46:49       -7.628956        0.4824
BFGS:  102 15:46:49       -7.679085        0.4790
BFGS:  103 15:46:49       -7.753326        0.4944
BFGS:  104 15:46:49       -7.859047        0.7281
BFGS:  105 15:46:49       -7.960797        1.8279
BFGS:  106 15:46:49       -8.260699        1.0848
BFGS:  107 15:46:49       -8.360451        1.7355
BFGS:  108 15:46:49       -8.486673        1.1315
BFGS:  109 15:46:49       -8.595213        0.8095
BFGS:  110 15:46:49       -8.654390        0.6747
BFGS:  111 15:46:49       -8.679989        0.5087
BFGS:  112 15:46:49       -8.701596        0.4187
BFGS:  113 15:46:49       -8.716505        0.3544
BFGS:  114 15:46:49       -8.739779        0.4087
BFGS:  115 15:46:49       -8.766904        0.4348
BFGS:  116 15:46:49       -8.797491        0.4315
BFGS:  117 15:46:49       -8.814957        0.3770
BFGS:  118 15:46:49       -8.847914        0.3831
BFGS:  119 15:46:49       -8.876286        0.2894
BFGS:  120 15:46:49       -8.904312        0.2848
BFGS:  121 15:46:49       -8.925420        0.4332
BFGS:  122 15:46:49       -8.925251        0.4191
BFGS:  123 15:46:49       -8.936227        0.3735
BFGS:  124 15:46:49       -8.947846        0.4624
BFGS:  125 15:46:49       -8.968493        0.3979
BFGS:  126 15:46:49       -8.984128        0.4673
BFGS:  127 15:46:49       -9.012433        0.2943
BFGS:  128 15:46:49       -9.035752        0.2399
BFGS:  129 15:46:49       -9.055699        0.2057
BFGS:  130 15:46:49       -9.062264        0.1363
BFGS:  131 15:46:49       -9.065728        0.1100
BFGS:  132 15:46:49       -9.067868        0.0854
BFGS:  133 15:46:49       -9.068535        0.0893
BFGS:  134 15:46:49       -9.069195        0.0732
BFGS:  135 15:46:49       -9.069944        0.0557
BFGS:  136 15:46:49       -9.070645        0.0419
      Step     Time          Energy         fmax
BFGS:    0 15:46:49       19.249749       39.3377
BFGS:    1 15:46:49        1.474993       14.5867
BFGS:    2 15:46:49       -2.759326        7.2794
BFGS:    3 15:46:49       -4.398751        3.2883
BFGS:    4 15:46:49       -5.146254        1.4144
BFGS:    5 15:46:49       -5.370506        0.6948
BFGS:    6 15:46:49       -5.432537        0.5675
BFGS:    7 15:46:49       -5.458445        0.5398
BFGS:    8 15:46:49       -5.487914        0.5010
BFGS:    9 15:46:49       -5.530225        0.6307
BFGS:   10 15:46:49       -5.575672        0.9279
BFGS:   11 15:46:49       -5.623707        0.9839
BFGS:   12 15:46:49       -5.694783        1.3369
BFGS:   13 15:46:49       -5.792167        1.3266
BFGS:   14 15:46:49       -5.898591        0.8674
BFGS:   15 15:46:49       -5.971295        0.9431
BFGS:   16 15:46:49       -6.035491        1.2431
BFGS:   17 15:46:49       -6.097798        0.7160
BFGS:   18 15:46:49       -6.191701        0.7025
BFGS:   19 15:46:49       -6.250141        0.6771
BFGS:   20 15:46:49       -6.278257        0.5643
BFGS:   21 15:46:49       -6.309078        0.5213
BFGS:   22 15:46:49       -6.328843        0.4853
BFGS:   23 15:46:49       -6.366520        0.4695
BFGS:   24 15:46:49       -6.380418        0.3843
BFGS:   25 15:46:49       -6.392755        0.3969
BFGS:   26 15:46:49       -6.441506        0.3964
BFGS:   27 15:46:49       -6.481083        0.4182
BFGS:   28 15:46:49       -6.507548        0.4822
BFGS:   29 15:46:49       -6.518469        0.4227
BFGS:   30 15:46:49       -6.560494        0.4201
BFGS:   31 15:46:49       -6.588463        0.4744
BFGS:   32 15:46:49       -6.630380        0.6016
BFGS:   33 15:46:49       -6.664330        0.7664
BFGS:   34 15:46:49       -6.701417        0.7009
BFGS:   35 15:46:49       -6.761745        0.7425
BFGS:   36 15:46:49       -6.848651        0.7411
BFGS:   37 15:46:49       -6.917533        0.5067
BFGS:   38 15:46:49       -6.929216        1.2669
BFGS:   39 15:46:49       -6.976041        0.4799
BFGS:   40 15:46:49       -6.992600        0.4503
BFGS:   41 15:46:49       -7.048891        0.4470
BFGS:   42 15:46:49       -7.062930        0.2533
BFGS:   43 15:46:49       -7.068254        0.2737
BFGS:   44 15:46:49       -7.075850        0.2814
BFGS:   45 15:46:49       -7.088402        0.3393
BFGS:   46 15:46:49       -7.116554        0.4954
BFGS:   47 15:46:49       -7.174799        0.7291
BFGS:   48 15:46:49       -7.216036        0.8788
BFGS:   49 15:46:49       -7.274259        0.8712
BFGS:   50 15:46:49       -7.366975        0.8286
BFGS:   51 15:46:49       -7.451588        0.7695
BFGS:   52 15:46:49       -7.516713        0.7335
BFGS:   53 15:46:49       -7.535518        0.6576
BFGS:   54 15:46:49       -7.619784        0.5969
BFGS:   55 15:46:49       -7.664406        0.3645
BFGS:   56 15:46:49       -7.682125        0.2649
BFGS:   57 15:46:49       -7.687581        0.2000
BFGS:   58 15:46:49       -7.691439        0.2128
BFGS:   59 15:46:49       -7.697374        0.1956
BFGS:   60 15:46:49       -7.705088        0.1496
BFGS:   61 15:46:49       -7.710239        0.1437
BFGS:   62 15:46:49       -7.712216        0.1329
BFGS:   63 15:46:49       -7.713352        0.1025
BFGS:   64 15:46:49       -7.714602        0.0909
BFGS:   65 15:46:49       -7.716703        0.0971
BFGS:   66 15:46:49       -7.718527        0.0718
BFGS:   67 15:46:49       -7.719555        0.0678
BFGS:   68 15:46:49       -7.720070        0.0763
BFGS:   69 15:46:49       -7.720622        0.0860
BFGS:   70 15:46:49       -7.721955        0.1198
BFGS:   71 15:46:49       -7.725377        0.1798
BFGS:   72 15:46:49       -7.740036        0.2829
BFGS:   73 15:46:49       -7.788729        0.2914
BFGS:   74 15:46:49       -7.867558        0.4147
BFGS:   75 15:46:49       -7.921408        0.7767
BFGS:   76 15:46:49       -7.994802        0.5459
BFGS:   77 15:46:49       -8.123839        0.6984
BFGS:   78 15:46:49       -8.238561        0.7470
BFGS:   79 15:46:49       -8.351646        0.9477
BFGS:   80 15:46:49       -8.498838        1.1866
BFGS:   81 15:46:49       -8.597277        1.0337
BFGS:   82 15:46:49       -8.621469        1.3912
BFGS:   83 15:46:49       -8.755475        1.0553
BFGS:   84 15:46:49       -8.804548        0.8273
BFGS:   85 15:46:49       -8.905082        0.5452
BFGS:   86 15:46:49       -9.002253        0.5287
BFGS:   87 15:46:49       -9.043663        0.3210
BFGS:   88 15:46:49       -9.054405        0.3407
BFGS:   89 15:46:49       -9.061974        0.2562
BFGS:   90 15:46:49       -9.068823        0.2496
BFGS:   91 15:46:49       -9.075024        0.2462
BFGS:   92 15:46:49       -9.083863        0.2102
BFGS:   93 15:46:49       -9.090509        0.1254
BFGS:   94 15:46:49       -9.093524        0.0906
BFGS:   95 15:46:49       -9.094769        0.0914
BFGS:   96 15:46:49       -9.095588        0.0705
BFGS:   97 15:46:49       -9.096218        0.0440
      Step     Time          Energy         fmax
BFGS:    0 15:46:49       17.546280       36.9533
BFGS:    1 15:46:49       -0.771425       11.1549
BFGS:    2 15:46:49       -3.432381        5.8088
BFGS:    3 15:46:49       -4.731903        2.7343
BFGS:    4 15:46:49       -5.278927        1.1929
BFGS:    5 15:46:49       -5.458668        0.6651
BFGS:    6 15:46:49       -5.524087        0.6670
BFGS:    7 15:46:49       -5.573897        0.7064
BFGS:    8 15:46:49       -5.653532        0.6957
BFGS:    9 15:46:49       -5.755923        0.7862
BFGS:   10 15:46:49       -5.830735        0.7935
BFGS:   11 15:46:49       -5.963618        1.2062
BFGS:   12 15:46:49       -6.007980        0.7832
BFGS:   13 15:46:49       -6.112927        0.6549
BFGS:   14 15:46:49       -6.465487        1.3002
BFGS:   15 15:46:49       -6.778636        2.2283
BFGS:   16 15:46:49       -6.925124        2.6495
BFGS:   17 15:46:49       -7.075128        1.4633
BFGS:   18 15:46:49       -7.222894        1.0322
BFGS:   19 15:46:49       -7.392360        1.0175
BFGS:   20 15:46:49       -7.433079        0.7275
BFGS:   21 15:46:49       -7.518626        0.6655
BFGS:   22 15:46:49       -7.607846        0.7726
BFGS:   23 15:46:49       -7.673279        0.8878
BFGS:   24 15:46:49       -7.758392        1.2664
BFGS:   25 15:46:49       -7.824532        1.4244
BFGS:   26 15:46:49       -7.881098        1.1667
BFGS:   27 15:46:49       -7.958945        0.6581
BFGS:   28 15:46:49       -8.091134        1.0014
BFGS:   29 15:46:49       -8.152796        0.7616
BFGS:   30 15:46:49       -8.189432        0.6779
BFGS:   31 15:46:49       -8.232408        0.7899
BFGS:   32 15:46:49       -8.305816        0.7640
BFGS:   33 15:46:49       -8.347478        0.6693
BFGS:   34 15:46:49       -8.402631        0.5318
BFGS:   35 15:46:49       -8.429908        0.5891
BFGS:   36 15:46:49       -8.454927        0.6607
BFGS:   37 15:46:49       -8.492960        0.6074
BFGS:   38 15:46:49       -8.543058        0.5841
BFGS:   39 15:46:49       -8.568489        0.5069
BFGS:   40 15:46:49       -8.589874        0.3241
BFGS:   41 15:46:50       -8.596595        0.2155
BFGS:   42 15:46:50       -8.601513        0.2064
BFGS:   43 15:46:50       -8.606976        0.1856
BFGS:   44 15:46:50       -8.610723        0.1855
BFGS:   45 15:46:50       -8.614301        0.1829
BFGS:   46 15:46:50       -8.618733        0.1509
BFGS:   47 15:46:50       -8.622293        0.1360
BFGS:   48 15:46:50       -8.624891        0.1410
BFGS:   49 15:46:50       -8.626780        0.1312
BFGS:   50 15:46:50       -8.628834        0.1311
BFGS:   51 15:46:50       -8.631688        0.1369
BFGS:   52 15:46:50       -8.634639        0.1055
BFGS:   53 15:46:50       -8.636292        0.0758
BFGS:   54 15:46:50       -8.636737        0.0596
BFGS:   55 15:46:50       -8.636999        0.0465
      Step     Time          Energy         fmax
BFGS:    0 15:46:50       18.462939       36.1798
BFGS:    1 15:46:50        1.077884       17.3692
BFGS:    2 15:46:50       -2.675542        7.9460
BFGS:    3 15:46:50       -4.326911        3.9119
BFGS:    4 15:46:50       -4.995369        2.0340
BFGS:    5 15:46:50       -5.317326        0.8593
BFGS:    6 15:46:50       -5.397700        0.6767
BFGS:    7 15:46:50       -5.434370        0.6203
BFGS:    8 15:46:50       -5.476885        0.6163
BFGS:    9 15:46:50       -5.562242        0.7342
BFGS:   10 15:46:50       -5.622291        0.8870
BFGS:   11 15:46:50       -5.682726        0.7732
BFGS:   12 15:46:50       -5.742713        0.7006
BFGS:   13 15:46:50       -5.807172        0.8242
BFGS:   14 15:46:50       -5.835517        0.6634
BFGS:   15 15:46:50       -5.927305        0.5801
BFGS:   16 15:46:50       -5.968933        0.5970
BFGS:   17 15:46:50       -5.988070        0.6399
BFGS:   18 15:46:50       -6.024031        0.5884
BFGS:   19 15:46:50       -6.124501        0.9547
BFGS:   20 15:46:50       -6.248244        1.3706
BFGS:   21 15:46:50       -6.377550        1.6981
BFGS:   22 15:46:50       -6.454341        2.5985
BFGS:   23 15:46:50       -6.677015        1.2313
BFGS:   24 15:46:50       -6.927094        1.0364
BFGS:   25 15:46:50       -7.083626        1.4245
BFGS:   26 15:46:50       -7.112040        0.9654
BFGS:   27 15:46:50       -7.157644        0.6839
BFGS:   28 15:46:50       -7.222819        0.7534
BFGS:   29 15:46:50       -7.293983        1.2317
BFGS:   30 15:46:50       -7.349417        0.5135
BFGS:   31 15:46:50       -7.384197        0.5031
BFGS:   32 15:46:50       -7.403679        0.4707
BFGS:   33 15:46:50       -7.458542        0.4802
BFGS:   34 15:46:50       -7.504218        0.5949
BFGS:   35 15:46:50       -7.548999        0.5571
BFGS:   36 15:46:50       -7.629007        0.5545
BFGS:   37 15:46:50       -7.649389        0.5565
BFGS:   38 15:46:50       -7.708624        0.9788
BFGS:   39 15:46:50       -7.776094        1.3229
BFGS:   40 15:46:50       -7.863343        1.2602
BFGS:   41 15:46:50       -7.919779        0.7900
BFGS:   42 15:46:50       -7.954878        0.6374
BFGS:   43 15:46:50       -8.016481        0.7506
BFGS:   44 15:46:50       -8.069045        0.5143
BFGS:   45 15:46:50       -8.141984        0.6090
BFGS:   46 15:46:50       -8.183572        0.5220
BFGS:   47 15:46:50       -8.222002        0.6500
BFGS:   48 15:46:50       -8.235818        0.6425
BFGS:   49 15:46:50       -8.259179        0.4327
BFGS:   50 15:46:50       -8.279421        0.4557
BFGS:   51 15:46:50       -8.295663        0.5070
BFGS:   52 15:46:50       -8.303829        0.4356
BFGS:   53 15:46:50       -8.310087        0.4127
BFGS:   54 15:46:50       -8.317791        0.3725
BFGS:   55 15:46:50       -8.323990        0.3433
BFGS:   56 15:46:50       -8.330541        0.2929
BFGS:   57 15:46:50       -8.338074        0.3172
BFGS:   58 15:46:50       -8.348442        0.4025
BFGS:   59 15:46:50       -8.361600        0.4258
BFGS:   60 15:46:50       -8.373691        0.3250
BFGS:   61 15:46:50       -8.381801        0.2016
BFGS:   62 15:46:50       -8.384049        0.1975
BFGS:   63 15:46:50       -8.386204        0.2081
BFGS:   64 15:46:50       -8.388924        0.1921
BFGS:   65 15:46:50       -8.391244        0.1582
BFGS:   66 15:46:50       -8.391920        0.1286
BFGS:   67 15:46:50       -8.392068        0.1294
BFGS:   68 15:46:50       -8.392324        0.1337
BFGS:   69 15:46:50       -8.392821        0.1416
BFGS:   70 15:46:50       -8.393838        0.1478
BFGS:   71 15:46:50       -8.395374        0.1480
BFGS:   72 15:46:50       -8.397085        0.1400
BFGS:   73 15:46:50       -8.398802        0.1536
BFGS:   74 15:46:50       -8.401544        0.1975
BFGS:   75 15:46:50       -8.407595        0.2893
BFGS:   76 15:46:50       -8.419516        0.5083
BFGS:   77 15:46:50       -8.438281        0.6658
BFGS:   78 15:46:50       -8.470509        0.7532
BFGS:   79 15:46:50       -8.516613        0.7981
BFGS:   80 15:46:50       -8.571409        0.8835
BFGS:   81 15:46:50       -8.623580        0.7164
BFGS:   82 15:46:50       -8.665409        0.8538
BFGS:   83 15:46:50       -8.708625        0.7856
BFGS:   84 15:46:50       -8.752003        0.4961
BFGS:   85 15:46:50       -8.772451        0.4853
BFGS:   86 15:46:50       -8.783423        0.5294
BFGS:   87 15:46:50       -8.792259        0.5225
BFGS:   88 15:46:50       -8.802553        0.4541
BFGS:   89 15:46:50       -8.812951        0.4447
BFGS:   90 15:46:50       -8.828098        0.4207
BFGS:   91 15:46:50       -8.843291        0.3767
BFGS:   92 15:46:50       -8.861958        0.3267
BFGS:   93 15:46:50       -8.878470        0.3483
BFGS:   94 15:46:50       -8.886944        0.3470
BFGS:   95 15:46:50       -8.895718        0.2391
BFGS:   96 15:46:50       -8.899460        0.2215
BFGS:   97 15:46:50       -8.903713        0.2486
BFGS:   98 15:46:50       -8.908483        0.2345
BFGS:   99 15:46:50       -8.913488        0.2180
BFGS:  100 15:46:50       -8.919402        0.2497
BFGS:  101 15:46:50       -8.935368        0.4214
BFGS:  102 15:46:50       -8.934583        0.7718
BFGS:  103 15:46:50       -8.949718        0.4155
BFGS:  104 15:46:50       -8.958435        0.3949
BFGS:  105 15:46:50       -8.926955        0.7264
BFGS:  106 15:46:50       -8.976652        0.3225
BFGS:  107 15:46:50       -8.985151        0.3317
BFGS:  108 15:46:50       -8.924255        1.0553
BFGS:  109 15:46:50       -9.003642        0.2788
BFGS:  110 15:46:50       -9.014388        0.2605
BFGS:  111 15:46:50       -8.995407        0.9454
BFGS:  112 15:46:50       -9.045630        0.2249
BFGS:  113 15:46:50       -9.057108        0.2036
BFGS:  114 15:46:50       -9.065331        0.1344
BFGS:  115 15:46:50       -9.068277        0.0999
BFGS:  116 15:46:50       -9.069121        0.0759
BFGS:  117 15:46:50       -9.070107        0.0679
BFGS:  118 15:46:50       -9.070529        0.0469
      Step     Time          Energy         fmax
BFGS:    0 15:46:50       18.548435       30.2127
BFGS:    1 15:46:50        2.360999       28.2263
BFGS:    2 15:46:50       -2.533190        7.5823
BFGS:    3 15:46:50       -4.160096        4.4321
BFGS:    4 15:46:50       -5.093163        1.5428
BFGS:    5 15:46:50       -5.420211        0.6651
BFGS:    6 15:46:50       -5.514938        0.4322
BFGS:    7 15:46:50       -5.539659        0.4062
BFGS:    8 15:46:50       -5.557575        0.4242
BFGS:    9 15:46:50       -5.594545        0.4961
BFGS:   10 15:46:50       -5.673454        0.5915
BFGS:   11 15:46:50       -5.805062        0.6802
BFGS:   12 15:46:50       -5.890245        0.8655
BFGS:   13 15:46:50       -5.971635        0.8955
BFGS:   14 15:46:50       -6.087545        1.3448
BFGS:   15 15:46:50       -6.170614        1.0350
BFGS:   16 15:46:50       -6.266382        0.8607
BFGS:   17 15:46:50       -6.430033        0.9658
BFGS:   18 15:46:50       -6.442709        0.9095
BFGS:   19 15:46:50       -6.487024        0.8806
BFGS:   20 15:46:50       -6.522922        0.8985
BFGS:   21 15:46:50       -6.587026        0.6683
BFGS:   22 15:46:50       -6.621388        0.6523
BFGS:   23 15:46:50       -6.642181        0.5555
BFGS:   24 15:46:50       -6.662475        0.4543
BFGS:   25 15:46:50       -6.708813        0.4649
BFGS:   26 15:46:50       -6.745434        0.6299
BFGS:   27 15:46:50       -6.776612        0.7234
BFGS:   28 15:46:50       -6.865699        0.9480
BFGS:   29 15:46:50       -6.963555        1.3307
BFGS:   30 15:46:50       -7.083971        1.1242
BFGS:   31 15:46:50       -7.309899        1.0778
BFGS:   32 15:46:50       -7.208935        1.6228
BFGS:   33 15:46:50       -7.393663        0.5658
BFGS:   34 15:46:50       -7.444490        0.4775
BFGS:   35 15:46:50       -7.450967        0.3489
BFGS:   36 15:46:50       -7.456781        0.2454
BFGS:   37 15:46:50       -7.465229        0.1201
BFGS:   38 15:46:50       -7.467475        0.1288
BFGS:   39 15:46:50       -7.468490        0.1211
BFGS:   40 15:46:50       -7.469453        0.0983
BFGS:   41 15:46:50       -7.470681        0.0988
BFGS:   42 15:46:50       -7.471583        0.0890
BFGS:   43 15:46:50       -7.472069        0.0691
BFGS:   44 15:46:50       -7.472358        0.0765
BFGS:   45 15:46:50       -7.472762        0.0744
BFGS:   46 15:46:50       -7.473528        0.0636
BFGS:   47 15:46:50       -7.474660        0.0763
BFGS:   48 15:46:50       -7.475890        0.0993
BFGS:   49 15:46:50       -7.477052        0.1225
BFGS:   50 15:46:50       -7.478654        0.1507
BFGS:   51 15:46:50       -7.481883        0.1800
BFGS:   52 15:46:50       -7.488440        0.2851
BFGS:   53 15:46:50       -7.498173        0.4256
BFGS:   54 15:46:50       -7.520415        0.6350
BFGS:   55 15:46:50       -7.572377        0.8726
BFGS:   56 15:46:50       -7.636931        1.0002
BFGS:   57 15:46:50       -7.704761        0.8687
BFGS:   58 15:46:50       -7.757537        0.7601
BFGS:   59 15:46:50       -7.693931        0.7105
BFGS:   60 15:46:50       -7.827680        0.5908
BFGS:   61 15:46:50       -7.852097        0.4798
BFGS:   62 15:46:50       -7.878238        0.4663
BFGS:   63 15:46:50       -7.900198        0.3679
BFGS:   64 15:46:50       -7.912406        0.3798
BFGS:   65 15:46:50       -7.930992        0.4743
BFGS:   66 15:46:50       -7.950931        0.5660
BFGS:   67 15:46:50       -7.979015        0.5460
BFGS:   68 15:46:50       -8.020281        0.6083
BFGS:   69 15:46:50       -8.041536        0.6260
BFGS:   70 15:46:50       -8.082390        0.5615
BFGS:   71 15:46:50       -8.143652        0.3646
BFGS:   72 15:46:50       -8.168497        0.4234
BFGS:   73 15:46:50       -8.187349        0.3985
BFGS:   74 15:46:50       -8.197824        0.3457
BFGS:   75 15:46:50       -8.229084        0.2493
BFGS:   76 15:46:50       -8.246417        0.1914
BFGS:   77 15:46:50       -8.251430        0.1797
BFGS:   78 15:46:50       -8.254104        0.1547
BFGS:   79 15:46:50       -8.257632        0.1581
BFGS:   80 15:46:50       -8.262644        0.1484
BFGS:   81 15:46:50       -8.275327        0.2300
BFGS:   82 15:46:50       -8.284383        0.2711
BFGS:   83 15:46:50       -8.292569        0.2988
BFGS:   84 15:46:50       -8.300933        0.3251
BFGS:   85 15:46:50       -8.321087        0.3970
BFGS:   86 15:46:50       -8.360454        0.6155
BFGS:   87 15:46:50       -8.427078        0.6664
BFGS:   88 15:46:50       -8.397121        1.1438
BFGS:   89 15:46:50       -8.476354        0.4471
BFGS:   90 15:46:50       -8.501529        0.4288
BFGS:   91 15:46:50       -8.534430        0.6583
BFGS:   92 15:46:50       -8.568356        0.2967
BFGS:   93 15:46:50       -8.575534        0.2471
BFGS:   94 15:46:50       -8.587629        0.2771
BFGS:   95 15:46:50       -8.600834        0.3082
BFGS:   96 15:46:50       -8.628163        0.2451
BFGS:   97 15:46:50       -8.638625        0.2330
BFGS:   98 15:46:50       -8.646591        0.1452
BFGS:   99 15:46:50       -8.647783        0.1280
BFGS:  100 15:46:50       -8.648389        0.1027
BFGS:  101 15:46:50       -8.648909        0.0781
BFGS:  102 15:46:50       -8.649676        0.0584
BFGS:  103 15:46:50       -8.650324        0.0454
      Step     Time          Energy         fmax
BFGS:    0 15:46:50       18.566008       36.2581
BFGS:    1 15:46:50        3.112214       16.5923
BFGS:    2 15:46:50       -1.252032        9.3006
BFGS:    3 15:46:50       -3.746771        4.2330
BFGS:    4 15:46:50       -4.375457        2.2235
BFGS:    5 15:46:50       -4.706943        0.8383
BFGS:    6 15:46:50       -4.791226        0.5609
BFGS:    7 15:46:50       -4.828801        0.5491
BFGS:    8 15:46:50       -4.866513        0.5392
BFGS:    9 15:46:50       -4.926338        0.5917
BFGS:   10 15:46:50       -4.980997        0.7196
BFGS:   11 15:46:50       -5.028025        0.6865
BFGS:   12 15:46:50       -5.077837        0.9740
BFGS:   13 15:46:50       -5.101922        0.6884
BFGS:   14 15:46:50       -5.159199        0.3734
BFGS:   15 15:46:50       -5.175813        0.3102
BFGS:   16 15:46:50       -5.184495        0.3328
BFGS:   17 15:46:50       -5.201723        0.4270
BFGS:   18 15:46:50       -5.220083        0.5033
BFGS:   19 15:46:50       -5.247071        0.5360
BFGS:   20 15:46:50       -5.293506        0.6533
BFGS:   21 15:46:50       -5.380965        0.9669
BFGS:   22 15:46:50       -5.351291        1.1966
BFGS:   23 15:46:50       -5.431809        0.7317
BFGS:   24 15:46:50       -5.462199        0.7385
BFGS:   25 15:46:50       -5.480685        1.5969
BFGS:   26 15:46:50       -5.605642        0.6952
BFGS:   27 15:46:50       -5.635926        0.6742
BFGS:   28 15:46:50       -5.710130        0.9029
BFGS:   29 15:46:50       -5.754317        0.8770
BFGS:   30 15:46:50       -5.809038        0.6710
BFGS:   31 15:46:50       -5.826600        0.4690
BFGS:   32 15:46:50       -5.857451        0.4417
BFGS:   33 15:46:50       -5.932757        1.0455
BFGS:   34 15:46:50       -6.038290        1.5729
BFGS:   35 15:46:50       -6.150817        1.1923
BFGS:   36 15:46:50       -6.444283        1.3034
BFGS:   37 15:46:50       -6.788688        0.9030
BFGS:   38 15:46:50       -6.968474        1.4147
BFGS:   39 15:46:50       -7.061599        0.8339
BFGS:   40 15:46:50       -7.136584        0.8627
BFGS:   41 15:46:50       -7.191890        0.5973
BFGS:   42 15:46:50       -7.239730        0.4953
BFGS:   43 15:46:50       -7.291419        0.2920
BFGS:   44 15:46:50       -7.301646        0.3208
BFGS:   45 15:46:50       -7.308646        0.3112
BFGS:   46 15:46:50       -7.317457        0.2871
BFGS:   47 15:46:50       -7.332908        0.2305
BFGS:   48 15:46:50       -7.344644        0.2136
BFGS:   49 15:46:50       -7.352724        0.2442
BFGS:   50 15:46:50       -7.358022        0.2764
BFGS:   51 15:46:50       -7.368666        0.3401
BFGS:   52 15:46:50       -7.400624        0.5161
BFGS:   53 15:46:50       -7.443302        0.6743
BFGS:   54 15:46:50       -7.455897        0.6997
BFGS:   55 15:46:50       -7.507342        0.6430
BFGS:   56 15:46:50       -7.562293        0.4902
BFGS:   57 15:46:50       -7.598465        0.5152
BFGS:   58 15:46:50       -7.607988        0.3636
BFGS:   59 15:46:50       -7.625520        0.2073
BFGS:   60 15:46:50       -7.633166        0.2005
BFGS:   61 15:46:50       -7.637166        0.1947
BFGS:   62 15:46:50       -7.641238        0.2442
BFGS:   63 15:46:50       -7.644990        0.2317
BFGS:   64 15:46:50       -7.648454        0.1548
BFGS:   65 15:46:50       -7.650785        0.1077
BFGS:   66 15:46:50       -7.652203        0.1183
BFGS:   67 15:46:50       -7.653459        0.1231
BFGS:   68 15:46:50       -7.655536        0.1297
BFGS:   69 15:46:50       -7.660053        0.2359
BFGS:   70 15:46:50       -7.667900        0.3297
BFGS:   71 15:46:50       -7.675851        0.2746
BFGS:   72 15:46:50       -7.680464        0.1054
BFGS:   73 15:46:50       -7.681637        0.0833
BFGS:   74 15:46:50       -7.682105        0.0883
BFGS:   75 15:46:50       -7.682869        0.0809
BFGS:   76 15:46:50       -7.683829        0.0619
BFGS:   77 15:46:50       -7.684481        0.0520
BFGS:   78 15:46:50       -7.684839        0.0540
BFGS:   79 15:46:50       -7.685126        0.0490
      Step     Time          Energy         fmax
BFGS:    0 15:46:50       18.689888       37.8737
BFGS:    1 15:46:50        2.528140       16.1986
BFGS:    2 15:46:50       -2.050537       10.7618
BFGS:    3 15:46:50       -4.599345        4.4392
BFGS:    4 15:46:50       -5.430429        2.0356
BFGS:    5 15:46:50       -5.720401        0.8237
BFGS:    6 15:46:50       -5.789410        0.5284
BFGS:    7 15:46:50       -5.813192        0.4946
BFGS:    8 15:46:50       -5.833646        0.4781
BFGS:    9 15:46:50       -5.858347        0.4444
BFGS:   10 15:46:50       -5.883213        0.3663
BFGS:   11 15:46:50       -5.907106        0.6649
BFGS:   12 15:46:50       -5.938922        0.9759
BFGS:   13 15:46:50       -5.985368        1.2949
BFGS:   14 15:46:50       -6.047223        1.2317
BFGS:   15 15:46:50       -6.124464        0.8200
BFGS:   16 15:46:50       -6.153900        0.7255
BFGS:   17 15:46:50       -6.215159        0.5893
BFGS:   18 15:46:50       -6.261464        0.5230
BFGS:   19 15:46:50       -6.295408        0.4592
BFGS:   20 15:46:50       -6.313421        0.3881
BFGS:   21 15:46:50       -6.336268        0.4147
BFGS:   22 15:46:50       -6.360019        0.4555
BFGS:   23 15:46:50       -6.410788        0.5338
BFGS:   24 15:46:50       -6.452253        0.5133
BFGS:   25 15:46:50       -6.480843        0.4463
BFGS:   26 15:46:50       -6.494882        0.3805
BFGS:   27 15:46:50       -6.508555        0.3139
BFGS:   28 15:46:50       -6.519987        0.2336
BFGS:   29 15:46:50       -6.536594        0.2947
BFGS:   30 15:46:50       -6.540688        0.2683
BFGS:   31 15:46:50       -6.562301        0.1828
BFGS:   32 15:46:50       -6.565652        0.1991
BFGS:   33 15:46:50       -6.576813        0.2734
BFGS:   34 15:46:50       -6.596287        0.4549
BFGS:   35 15:46:50       -6.634785        0.7280
BFGS:   36 15:46:50       -6.668441        0.9871
BFGS:   37 15:46:50       -6.746150        0.8620
BFGS:   38 15:46:50       -6.855988        1.1956
BFGS:   39 15:46:50       -6.914259        0.9408
BFGS:   40 15:46:50       -6.991980        1.1106
BFGS:   41 15:46:50       -7.018481        2.0062
BFGS:   42 15:46:50       -7.142025        0.7426
BFGS:   43 15:46:50       -7.197441        0.7934
BFGS:   44 15:46:50       -7.250018        0.6802
BFGS:   45 15:46:50       -7.276555        0.5516
BFGS:   46 15:46:50       -7.302869        0.4566
BFGS:   47 15:46:50       -7.345062        0.3484
BFGS:   48 15:46:50       -7.352623        0.3405
BFGS:   49 15:46:50       -7.361873        0.2740
BFGS:   50 15:46:50       -7.369329        0.2699
BFGS:   51 15:46:50       -7.378810        0.2713
BFGS:   52 15:46:50       -7.389533        0.1811
BFGS:   53 15:46:50       -7.394593        0.1512
BFGS:   54 15:46:50       -7.397638        0.1744
BFGS:   55 15:46:50       -7.400059        0.2024
BFGS:   56 15:46:50       -7.406897        0.2346
BFGS:   57 15:46:50       -7.416293        0.2354
BFGS:   58 15:46:50       -7.426905        0.3168
BFGS:   59 15:46:50       -7.437452        0.3885
BFGS:   60 15:46:50       -7.456694        0.5329
BFGS:   61 15:46:50       -7.480791        0.7173
BFGS:   62 15:46:50       -7.505460        0.7881
BFGS:   63 15:46:50       -7.540225        0.7494
BFGS:   64 15:46:50       -7.622984        0.5283
BFGS:   65 15:46:50       -7.690454        0.2458
BFGS:   66 15:46:50       -7.700112        0.2610
BFGS:   67 15:46:50       -7.704096        0.1545
BFGS:   68 15:46:50       -7.707243        0.1344
BFGS:   69 15:46:50       -7.709108        0.1099
BFGS:   70 15:46:50       -7.710376        0.1186
BFGS:   71 15:46:50       -7.711806        0.1079
BFGS:   72 15:46:50       -7.713736        0.0976
BFGS:   73 15:46:50       -7.716484        0.1051
BFGS:   74 15:46:50       -7.720182        0.1016
BFGS:   75 15:46:50       -7.722660        0.1066
BFGS:   76 15:46:50       -7.723521        0.1042
BFGS:   77 15:46:50       -7.724210        0.0809
BFGS:   78 15:46:50       -7.724802        0.0590
BFGS:   79 15:46:50       -7.725861        0.0623
BFGS:   80 15:46:50       -7.727106        0.0915
BFGS:   81 15:46:50       -7.728503        0.1090
BFGS:   82 15:46:50       -7.730253        0.1340
BFGS:   83 15:46:50       -7.734143        0.1685
BFGS:   84 15:46:50       -7.747511        0.3363
BFGS:   85 15:46:50       -7.760467        0.4721
BFGS:   86 15:46:50       -7.778520        0.7086
BFGS:   87 15:46:50       -7.813933        0.9276
BFGS:   88 15:46:50       -7.862570        0.9753
BFGS:   89 15:46:51       -7.991867        0.6758
BFGS:   90 15:46:51       -7.943860        1.4617
BFGS:   91 15:46:51       -8.202588        1.0015
BFGS:   92 15:46:51       -8.260287        0.4655
BFGS:   93 15:46:51       -8.269417        0.4074
BFGS:   94 15:46:51       -8.289071        0.3912
BFGS:   95 15:46:51       -8.300221        0.3684
BFGS:   96 15:46:51       -8.314203        0.3325
BFGS:   97 15:46:51       -8.335282        0.3010
BFGS:   98 15:46:51       -8.370198        0.3686
BFGS:   99 15:46:51       -8.395892        0.4947
BFGS:  100 15:46:51       -8.413549        0.4959
BFGS:  101 15:46:51       -8.446078        0.4077
BFGS:  102 15:46:51       -8.481497        0.4767
BFGS:  103 15:46:51       -8.481970        0.6933
BFGS:  104 15:46:51       -8.553278        0.4416
BFGS:  105 15:46:51       -8.589251        0.2826
BFGS:  106 15:46:51       -8.604151        0.1693
BFGS:  107 15:46:51       -8.609452        0.1221
BFGS:  108 15:46:51       -8.612361        0.0978
BFGS:  109 15:46:51       -8.613785        0.0535
BFGS:  110 15:46:51       -8.614171        0.0243
      Step     Time          Energy         fmax
BFGS:    0 15:46:51       18.672936       36.0083
BFGS:    1 15:46:51        6.371997       23.0776
BFGS:    2 15:46:51        1.357185       14.3386
BFGS:    3 15:46:51       -1.996141        5.6085
BFGS:    4 15:46:51       -3.484038        2.0385
BFGS:    5 15:46:51       -4.005377        0.9426
BFGS:    6 15:46:51       -4.157145        0.5108
BFGS:    7 15:46:51       -4.191140        0.5071
BFGS:    8 15:46:51       -4.207339        0.3915
BFGS:    9 15:46:51       -4.219981        0.2414
BFGS:   10 15:46:51       -4.232049        0.2907
BFGS:   11 15:46:51       -4.246225        0.3314
BFGS:   12 15:46:51       -4.262261        0.4183
BFGS:   13 15:46:51       -4.279740        0.4543
BFGS:   14 15:46:51       -4.306341        0.4774
BFGS:   15 15:46:51       -4.341417        0.9425
BFGS:   16 15:46:51       -4.370720        0.6010
BFGS:   17 15:46:51       -4.442459        0.4274
BFGS:   18 15:46:51       -4.532846        0.6240
BFGS:   19 15:46:51       -4.543339        0.6003
BFGS:   20 15:46:51       -4.559962        0.4327
BFGS:   21 15:46:51       -4.588565        0.4059
BFGS:   22 15:46:51       -4.617557        0.3368
BFGS:   23 15:46:51       -4.630763        0.2624
BFGS:   24 15:46:51       -4.635877        0.2667
BFGS:   25 15:46:51       -4.650657        0.3149
BFGS:   26 15:46:51       -4.667021        0.3693
BFGS:   27 15:46:51       -4.714588        0.4532
BFGS:   28 15:46:51       -4.707724        0.8370
BFGS:   29 15:46:51       -4.782805        0.4725
BFGS:   30 15:46:51       -4.854060        0.3627
BFGS:   31 15:46:51       -4.887123        0.6733
BFGS:   32 15:46:51       -4.918669        0.3176
BFGS:   33 15:46:51       -4.923268        0.2853
BFGS:   34 15:46:51       -4.927601        0.2300
BFGS:   35 15:46:51       -4.939964        0.1786
BFGS:   36 15:46:51       -4.941875        0.1623
BFGS:   37 15:46:51       -4.946080        0.1434
BFGS:   38 15:46:51       -4.950399        0.1729
BFGS:   39 15:46:51       -4.958028        0.2911
BFGS:   40 15:46:51       -4.970669        0.4382
BFGS:   41 15:46:51       -5.002351        0.6894
BFGS:   42 15:46:51       -5.056669        1.0056
BFGS:   43 15:46:51       -5.180196        1.1759
BFGS:   44 15:46:51       -5.384117        1.1837
BFGS:   45 15:46:51       -5.500662        0.9220
BFGS:   46 15:46:51       -5.546759        1.6000
BFGS:   47 15:46:51       -5.664587        1.4807
BFGS:   48 15:46:51       -5.727510        0.8075
BFGS:   49 15:46:51       -5.851329        0.8266
BFGS:   50 15:46:51       -6.141645        1.5868
BFGS:   51 15:46:51       -6.442589        2.0812
BFGS:   52 15:46:51       -6.680893        2.0955
BFGS:   53 15:46:51       -6.654292        2.6806
BFGS:   54 15:46:51       -6.881145        1.9936
BFGS:   55 15:46:51       -7.000833        1.2245
BFGS:   56 15:46:51       -7.267743        0.8412
BFGS:   57 15:46:51       -7.380638        1.0291
BFGS:   58 15:46:51       -7.471577        1.4281
BFGS:   59 15:46:51       -7.541621        1.0372
BFGS:   60 15:46:51       -7.630336        0.8760
BFGS:   61 15:46:51       -7.715982        0.9042
BFGS:   62 15:46:51       -7.795474        0.7229
BFGS:   63 15:46:51       -7.866392        0.9690
BFGS:   64 15:46:51       -7.887848        0.8055
BFGS:   65 15:46:51       -7.919971        0.6993
BFGS:   66 15:46:51       -7.957086        0.5389
BFGS:   67 15:46:51       -7.973001        0.4532
BFGS:   68 15:46:51       -7.990499        0.5116
BFGS:   69 15:46:51       -8.018917        0.4828
BFGS:   70 15:46:51       -8.054418        0.5205
BFGS:   71 15:46:51       -8.091431        0.5399
BFGS:   72 15:46:51       -8.112203        0.3981
BFGS:   73 15:46:51       -8.121967        0.4026
BFGS:   74 15:46:51       -8.144047        0.3672
BFGS:   75 15:46:51       -8.157259        0.2340
BFGS:   76 15:46:51       -8.164653        0.2179
BFGS:   77 15:46:51       -8.172190        0.2017
BFGS:   78 15:46:51       -8.180483        0.2681
BFGS:   79 15:46:51       -8.185011        0.2575
BFGS:   80 15:46:51       -8.191559        0.2103
BFGS:   81 15:46:51       -8.197549        0.1980
BFGS:   82 15:46:51       -8.205617        0.2003
BFGS:   83 15:46:51       -8.214362        0.2033
BFGS:   84 15:46:51       -8.221413        0.2486
BFGS:   85 15:46:51       -8.226872        0.2756
BFGS:   86 15:46:51       -8.233570        0.2751
BFGS:   87 15:46:51       -8.243755        0.2590
BFGS:   88 15:46:51       -8.255400        0.2510
BFGS:   89 15:46:51       -8.267201        0.2826
BFGS:   90 15:46:51       -8.276616        0.3000
BFGS:   91 15:46:51       -8.288141        0.2715
BFGS:   92 15:46:51       -8.298196        0.2346
BFGS:   93 15:46:51       -8.303506        0.2579
BFGS:   94 15:46:51       -8.308282        0.3174
BFGS:   95 15:46:51       -8.316134        0.3883
BFGS:   96 15:46:51       -8.333844        0.4814
BFGS:   97 15:46:51       -8.374651        0.6243
BFGS:   98 15:46:51       -8.398969        0.7767
BFGS:   99 15:46:51       -8.429567        0.5546
BFGS:  100 15:46:51       -8.460780        0.4848
BFGS:  101 15:46:51       -8.475575        0.5320
BFGS:  102 15:46:51       -8.493827        0.5483
BFGS:  103 15:46:51       -8.511519        0.6421
BFGS:  104 15:46:51       -8.516952        0.5918
BFGS:  105 15:46:51       -8.527619        0.5605
BFGS:  106 15:46:51       -8.543348        0.5414
BFGS:  107 15:46:51       -8.556547        0.5285
BFGS:  108 15:46:51       -8.581044        0.4682
BFGS:  109 15:46:51       -8.597470        0.3688
BFGS:  110 15:46:51       -8.608147        0.3608
BFGS:  111 15:46:51       -8.614018        0.3134
BFGS:  112 15:46:51       -8.618796        0.3030
BFGS:  113 15:46:51       -8.625339        0.2327
BFGS:  114 15:46:51       -8.629991        0.1528
BFGS:  115 15:46:51       -8.633215        0.1292
BFGS:  116 15:46:51       -8.634383        0.1188
BFGS:  117 15:46:51       -8.635413        0.1132
BFGS:  118 15:46:51       -8.637272        0.1324
BFGS:  119 15:46:51       -8.640815        0.1445
BFGS:  120 15:46:51       -8.645717        0.1247
BFGS:  121 15:46:51       -8.649154        0.0837
BFGS:  122 15:46:51       -8.650335        0.0491
      Step     Time          Energy         fmax
BFGS:    0 15:46:51       21.527472       41.1148
BFGS:    1 15:46:51        1.853133       14.5019
BFGS:    2 15:46:51       -2.012554       14.0356
BFGS:    3 15:46:51       -4.250955        3.8021
BFGS:    4 15:46:51       -4.878676        2.0726
BFGS:    5 15:46:51       -5.191803        0.8317
BFGS:    6 15:46:51       -5.272444        0.5964
BFGS:    7 15:46:51       -5.306971        0.6826
BFGS:    8 15:46:51       -5.343725        0.7616
BFGS:    9 15:46:51       -5.413716        0.8403
BFGS:   10 15:46:51       -5.500140        0.7894
BFGS:   11 15:46:51       -5.580241        0.7028
BFGS:   12 15:46:51       -5.656228        0.9044
BFGS:   13 15:46:51       -5.690820        0.6513
BFGS:   14 15:46:51       -5.709767        0.6198
BFGS:   15 15:46:51       -5.908247        0.5751
BFGS:   16 15:46:51       -5.943868        0.8699
BFGS:   17 15:46:51       -5.966085        0.8698
BFGS:   18 15:46:51       -6.033297        0.7458
BFGS:   19 15:46:51       -6.109194        0.5522
BFGS:   20 15:46:51       -6.149530        0.6358
BFGS:   21 15:46:51       -6.167967        0.6399
BFGS:   22 15:46:51       -6.269641        0.6837
BFGS:   23 15:46:51       -6.319272        0.5494
BFGS:   24 15:46:51       -6.371872        0.5577
BFGS:   25 15:46:51       -6.425806        0.9216
BFGS:   26 15:46:51       -6.461630        0.7593
BFGS:   27 15:46:51       -6.502389        0.4691
BFGS:   28 15:46:51       -6.528225        0.3337
BFGS:   29 15:46:51       -6.545401        0.4142
BFGS:   30 15:46:51       -6.560725        0.4180
BFGS:   31 15:46:51       -6.581971        0.4398
BFGS:   32 15:46:51       -6.625499        0.5598
BFGS:   33 15:46:51       -6.677306        0.6663
BFGS:   34 15:46:51       -6.737503        1.1068
BFGS:   35 15:46:51       -6.794353        1.1576
BFGS:   36 15:46:51       -6.925508        1.2215
BFGS:   37 15:46:51       -6.986620        0.8881
BFGS:   38 15:46:51       -7.023614        0.4139
BFGS:   39 15:46:51       -7.042218        0.3826
BFGS:   40 15:46:51       -7.068277        0.4274
BFGS:   41 15:46:51       -7.120068        0.4993
BFGS:   42 15:46:51       -7.170555        0.6000
BFGS:   43 15:46:51       -7.246509        0.6653
BFGS:   44 15:46:51       -7.282602        0.7123
BFGS:   45 15:46:51       -7.335878        0.5818
BFGS:   46 15:46:51       -7.366915        0.4901
BFGS:   47 15:46:51       -7.393362        0.4263
BFGS:   48 15:46:51       -7.443707        0.5067
BFGS:   49 15:46:51       -7.471184        0.5778
BFGS:   50 15:46:51       -7.503181        0.5598
BFGS:   51 15:46:51       -7.520403        1.0549
BFGS:   52 15:46:51       -7.576829        0.5783
BFGS:   53 15:46:51       -7.629703        0.4180
BFGS:   54 15:46:51       -7.684598        0.4216
BFGS:   55 15:46:51       -7.700490        0.4444
BFGS:   56 15:46:51       -7.708094        0.5134
BFGS:   57 15:46:51       -7.724589        0.2347
BFGS:   58 15:46:51       -7.732312        0.2440
BFGS:   59 15:46:51       -7.739133        0.2502
BFGS:   60 15:46:51       -7.752367        0.2407
BFGS:   61 15:46:51       -7.770974        0.2956
BFGS:   62 15:46:51       -7.781846        0.3170
BFGS:   63 15:46:51       -7.791994        0.2683
BFGS:   64 15:46:51       -7.799580        0.2545
BFGS:   65 15:46:51       -7.816586        0.3172
BFGS:   66 15:46:51       -7.848981        0.3772
BFGS:   67 15:46:51       -7.914632        0.5315
BFGS:   68 15:46:51       -8.034999        0.6281
BFGS:   69 15:46:51       -8.209015        0.6754
BFGS:   70 15:46:51       -8.394997        0.5202
BFGS:   71 15:46:51       -8.525471        1.2590
BFGS:   72 15:46:51       -8.652084        1.2529
BFGS:   73 15:46:51       -8.789809        0.7006
BFGS:   74 15:46:51       -8.845268        0.5630
BFGS:   75 15:46:51       -8.869328        0.4764
BFGS:   76 15:46:51       -8.903073        0.5841
BFGS:   77 15:46:51       -8.940832        0.4750
BFGS:   78 15:46:51       -8.988573        0.3949
BFGS:   79 15:46:51       -9.021962        0.3511
BFGS:   80 15:46:51       -9.034769        0.2248
BFGS:   81 15:46:51       -9.039824        0.1838
BFGS:   82 15:46:51       -9.043516        0.1625
BFGS:   83 15:46:51       -9.046830        0.1520
BFGS:   84 15:46:51       -9.052128        0.1151
BFGS:   85 15:46:51       -9.056541        0.1109
BFGS:   86 15:46:51       -9.058446        0.1311
BFGS:   87 15:46:51       -9.060194        0.1375
BFGS:   88 15:46:51       -9.061680        0.1258
BFGS:   89 15:46:51       -9.063514        0.0967
BFGS:   90 15:46:51       -9.065354        0.0903
BFGS:   91 15:46:51       -9.067206        0.1125
BFGS:   92 15:46:51       -9.068857        0.0974
BFGS:   93 15:46:51       -9.069887        0.0615
BFGS:   94 15:46:51       -9.070297        0.0465
      Step     Time          Energy         fmax
BFGS:    0 15:46:51       20.476176       36.5829
BFGS:    1 15:46:51        5.319290       26.8760
BFGS:    2 15:46:51        0.972847       20.3386
BFGS:    3 15:46:51       -2.353848        9.9255
BFGS:    4 15:46:51       -4.202016        2.1975
BFGS:    5 15:46:51       -4.494017        1.2051
BFGS:    6 15:46:51       -4.749095        0.9290
BFGS:    7 15:46:51       -4.826337        0.5888
BFGS:    8 15:46:51       -4.861287        0.3916
BFGS:    9 15:46:51       -4.887365        0.4252
BFGS:   10 15:46:51       -4.921531        0.4055
BFGS:   11 15:46:51       -4.954114        0.4578
BFGS:   12 15:46:51       -4.967593        0.4522
BFGS:   13 15:46:51       -4.977025        0.4053
BFGS:   14 15:46:51       -5.002180        0.3697
BFGS:   15 15:46:51       -5.020758        0.3803
BFGS:   16 15:46:51       -5.040709        0.3271
BFGS:   17 15:46:51       -5.056472        0.3612
BFGS:   18 15:46:51       -5.072401        0.4030
BFGS:   19 15:46:51       -5.108651        0.4442
BFGS:   20 15:46:51       -5.096959        0.5049
BFGS:   21 15:46:51       -5.153651        0.3768
BFGS:   22 15:46:51       -5.180700        0.3657
BFGS:   23 15:46:51       -5.227503        1.2436
BFGS:   24 15:46:51       -5.252849        0.8266
BFGS:   25 15:46:51       -5.273061        0.7201
BFGS:   26 15:46:51       -5.379037        0.2841
BFGS:   27 15:46:51       -5.386876        0.3547
BFGS:   28 15:46:51       -5.395076        0.2896
BFGS:   29 15:46:51       -5.406498        0.2513
BFGS:   30 15:46:51       -5.421968        0.2251
BFGS:   31 15:46:51       -5.436573        0.2445
BFGS:   32 15:46:51       -5.443462        0.2476
BFGS:   33 15:46:51       -5.452377        0.2836
BFGS:   34 15:46:51       -5.471958        0.4783
BFGS:   35 15:46:51       -5.547491        1.0782
BFGS:   36 15:46:51       -5.575711        1.7018
BFGS:   37 15:46:51       -5.595361        1.3781
BFGS:   38 15:46:51       -5.612933        1.4623
BFGS:   39 15:46:51       -5.586575        1.5881
BFGS:   40 15:46:51       -5.668895        1.3587
BFGS:   41 15:46:51       -5.702421        1.2319
BFGS:   42 15:46:51       -5.824309        0.4290
BFGS:   43 15:46:51       -5.859953        0.3782
BFGS:   44 15:46:51       -5.871764        0.3993
BFGS:   45 15:46:51       -5.882362        0.3804
BFGS:   46 15:46:51       -5.893400        0.3525
BFGS:   47 15:46:51       -5.912837        0.3205
BFGS:   48 15:46:51       -5.922039        0.2942
BFGS:   49 15:46:51       -5.928225        0.2917
BFGS:   50 15:46:51       -5.938953        0.3364
BFGS:   51 15:46:51       -5.968582        0.6048
BFGS:   52 15:46:51       -6.051609        1.2525
BFGS:   53 15:46:51       -6.070822        1.8241
BFGS:   54 15:46:51       -6.142289        0.8755
BFGS:   55 15:46:51       -6.164047        0.9639
BFGS:   56 15:46:51       -6.191791        1.1490
BFGS:   57 15:46:51       -6.208392        1.1819
BFGS:   58 15:46:51       -6.228992        1.0886
BFGS:   59 15:46:51       -6.250166        0.8724
BFGS:   60 15:46:51       -6.290065        0.4516
BFGS:   61 15:46:51       -6.309725        0.3996
BFGS:   62 15:46:51       -6.320897        0.4366
BFGS:   63 15:46:51       -6.325768        0.4019
BFGS:   64 15:46:51       -6.332434        0.4221
BFGS:   65 15:46:51       -6.347379        0.3814
BFGS:   66 15:46:51       -6.363261        0.4187
BFGS:   67 15:46:51       -6.379859        0.4889
BFGS:   68 15:46:51       -6.392894        0.4399
BFGS:   69 15:46:51       -6.405320        0.3260
BFGS:   70 15:46:51       -6.422711        0.3975
BFGS:   71 15:46:51       -6.456413        0.7532
BFGS:   72 15:46:51       -6.502047        1.0837
BFGS:   73 15:46:51       -6.583951        1.2691
BFGS:   74 15:46:51       -6.713829        1.3634
BFGS:   75 15:46:51       -6.872301        1.2224
BFGS:   76 15:46:51       -6.976738        0.6879
BFGS:   77 15:46:51       -7.008055        0.6779
BFGS:   78 15:46:51       -7.049205        0.4831
BFGS:   79 15:46:51       -7.108216        0.6539
BFGS:   80 15:46:51       -7.231094        1.5892
BFGS:   81 15:46:51       -7.303479        0.9714
BFGS:   82 15:46:51       -7.364345        0.8410
BFGS:   83 15:46:51       -7.439682        0.7522
BFGS:   84 15:46:51       -7.487267        0.8254
BFGS:   85 15:46:51       -7.541724        1.0559
BFGS:   86 15:46:51       -7.621074        0.9117
BFGS:   87 15:46:51       -7.666920        0.5843
BFGS:   88 15:46:51       -7.706062        0.5358
BFGS:   89 15:46:51       -7.735117        0.6128
BFGS:   90 15:46:51       -7.766652        0.6674
BFGS:   91 15:46:51       -7.785780        0.7758
BFGS:   92 15:46:51       -7.825092        0.6333
BFGS:   93 15:46:51       -7.852244        0.5359
BFGS:   94 15:46:51       -7.915225        0.3605
BFGS:   95 15:46:51       -7.934104        0.2905
BFGS:   96 15:46:51       -7.948138        0.3243
BFGS:   97 15:46:51       -7.954395        0.3303
BFGS:   98 15:46:51       -7.963099        0.3294
BFGS:   99 15:46:51       -7.974554        0.2821
BFGS:  100 15:46:51       -7.983837        0.2853
BFGS:  101 15:46:51       -8.000116        0.3774
BFGS:  102 15:46:51       -8.022377        0.4665
BFGS:  103 15:46:51       -8.058866        0.6285
BFGS:  104 15:46:51       -8.105662        0.9056
BFGS:  105 15:46:51       -8.101529        1.1141
BFGS:  106 15:46:51       -8.131956        0.7138
BFGS:  107 15:46:51       -8.179884        0.5589
BFGS:  108 15:46:51       -8.207020        0.5799
BFGS:  109 15:46:51       -8.249406        0.8288
BFGS:  110 15:46:51       -8.298265        0.6785
BFGS:  111 15:46:51       -8.267050        1.7625
BFGS:  112 15:46:51       -8.384127        0.6071
BFGS:  113 15:46:51       -8.425341        0.6156
BFGS:  114 15:46:51       -8.425383        1.1238
BFGS:  115 15:46:51       -8.494628        0.5826
BFGS:  116 15:46:51       -8.510387        0.5627
BFGS:  117 15:46:51       -8.536482        0.6723
BFGS:  118 15:46:51       -8.555609        0.6157
BFGS:  119 15:46:51       -8.617206        0.4115
BFGS:  120 15:46:51       -8.651197        0.3173
BFGS:  121 15:46:51       -8.669615        0.1272
BFGS:  122 15:46:51       -8.672794        0.1036
BFGS:  123 15:46:51       -8.673763        0.1008
BFGS:  124 15:46:51       -8.674308        0.1007
BFGS:  125 15:46:51       -8.675125        0.1030
BFGS:  126 15:46:51       -8.677427        0.1255
BFGS:  127 15:46:51       -8.683584        0.2399
BFGS:  128 15:46:51       -8.705396        0.4839
BFGS:  129 15:46:51       -8.727486        0.6363
BFGS:  130 15:46:51       -8.745407        0.8087
BFGS:  131 15:46:51       -8.759518        0.9036
BFGS:  132 15:46:51       -8.813665        0.8253
BFGS:  133 15:46:51       -8.997223        0.8613
BFGS:  134 15:46:51       -9.036458        0.4472
BFGS:  135 15:46:51       -9.058027        0.5269
BFGS:  136 15:46:51       -9.086606        0.2790
BFGS:  137 15:46:51       -9.093851        0.1011
BFGS:  138 15:46:51       -9.095859        0.0698
BFGS:  139 15:46:51       -9.096383        0.0451
      Step     Time          Energy         fmax
BFGS:    0 15:46:51       18.022206       29.4158
BFGS:    1 15:46:51        3.615415       19.1847
BFGS:    2 15:46:51       -0.836676        9.2053
BFGS:    3 15:46:51       -3.412271        3.0442
BFGS:    4 15:46:51       -4.214675        1.6128
BFGS:    5 15:46:51       -4.622655        0.9223
BFGS:    6 15:46:51       -4.748436        0.7310
BFGS:    7 15:46:51       -4.804825        0.6623
BFGS:    8 15:46:51       -4.859043        0.6077
BFGS:    9 15:46:51       -4.935846        0.6271
BFGS:   10 15:46:51       -5.003499        0.7183
BFGS:   11 15:46:51       -5.122303        1.1756
BFGS:   12 15:46:51       -5.200111        0.8377
BFGS:   13 15:46:51       -5.251521        0.7504
BFGS:   14 15:46:51       -5.357979        0.7098
BFGS:   15 15:46:51       -5.523056        1.6888
BFGS:   16 15:46:51       -5.602619        0.7306
BFGS:   17 15:46:51       -5.664653        0.6971
BFGS:   18 15:46:51       -5.727581        0.6479
BFGS:   19 15:46:52       -5.790243        0.7946
BFGS:   20 15:46:52       -5.838730        0.6328
BFGS:   21 15:46:52       -5.868750        0.5815
BFGS:   22 15:46:52       -5.967198        0.7247
BFGS:   23 15:46:52       -6.049636        0.7437
BFGS:   24 15:46:52       -6.094611        0.9286
BFGS:   25 15:46:52       -6.146977        0.7210
BFGS:   26 15:46:52       -6.210191        0.6566
BFGS:   27 15:46:52       -6.233475        0.5430
BFGS:   28 15:46:52       -6.293011        0.4239
BFGS:   29 15:46:52       -6.320843        0.4203
BFGS:   30 15:46:52       -6.350533        0.5128
BFGS:   31 15:46:52       -6.390312        0.6079
BFGS:   32 15:46:52       -6.431928        0.5872
BFGS:   33 15:46:52       -6.466536        0.5302
BFGS:   34 15:46:52       -6.507528        0.4639
BFGS:   35 15:46:52       -6.518327        0.4616
BFGS:   36 15:46:52       -6.550352        0.4862
BFGS:   37 15:46:52       -6.589108        0.5686
BFGS:   38 15:46:52       -6.633841        0.8261
BFGS:   39 15:46:52       -6.671913        0.5119
BFGS:   40 15:46:52       -6.708183        0.3434
BFGS:   41 15:46:52       -6.718006        0.3413
BFGS:   42 15:46:52       -6.727427        0.2817
BFGS:   43 15:46:52       -6.738016        0.2042
BFGS:   44 15:46:52       -6.746743        0.1897
BFGS:   45 15:46:52       -6.750202        0.1676
BFGS:   46 15:46:52       -6.751614        0.1555
BFGS:   47 15:46:52       -6.753625        0.1407
BFGS:   48 15:46:52       -6.760845        0.1010
BFGS:   49 15:46:52       -6.764082        0.1183
BFGS:   50 15:46:52       -6.765907        0.1195
BFGS:   51 15:46:52       -6.767119        0.1078
BFGS:   52 15:46:52       -6.768875        0.1127
BFGS:   53 15:46:52       -6.770923        0.1251
BFGS:   54 15:46:52       -6.773216        0.1355
BFGS:   55 15:46:52       -6.775457        0.1616
BFGS:   56 15:46:52       -6.778053        0.1731
BFGS:   57 15:46:52       -6.782138        0.2196
BFGS:   58 15:46:52       -6.793115        0.3326
BFGS:   59 15:46:52       -6.820673        0.5566
BFGS:   60 15:46:52       -6.470062        3.1416
BFGS:   61 15:46:52       -6.877591        0.7246
BFGS:   62 15:46:52       -6.959639        0.7568
BFGS:   63 15:46:52       -7.144306        0.7993
BFGS:   64 15:46:52       -7.388087        0.8398
BFGS:   65 15:46:52       -7.549751        0.8560
BFGS:   66 15:46:52       -7.593072        0.8207
BFGS:   67 15:46:52       -7.626698        0.7314
BFGS:   68 15:46:52       -7.648791        0.5965
BFGS:   69 15:46:52       -7.685464        0.5359
BFGS:   70 15:46:52       -7.731556        0.4324
BFGS:   71 15:46:52       -7.750037        0.2683
BFGS:   72 15:46:52       -7.761849        0.2755
BFGS:   73 15:46:52       -7.767833        0.2035
BFGS:   74 15:46:52       -7.779135        0.2320
BFGS:   75 15:46:52       -7.786438        0.2822
BFGS:   76 15:46:52       -7.793563        0.2535
BFGS:   77 15:46:52       -7.797426        0.1704
BFGS:   78 15:46:52       -7.800002        0.1437
BFGS:   79 15:46:52       -7.801517        0.1446
BFGS:   80 15:46:52       -7.804610        0.1487
BFGS:   81 15:46:52       -7.812321        0.2665
BFGS:   82 15:46:52       -7.832134        0.5287
BFGS:   83 15:46:52       -7.861618        0.7572
BFGS:   84 15:46:52       -7.895475        0.8996
BFGS:   85 15:46:52       -7.934728        0.9972
BFGS:   86 15:46:52       -7.976664        1.0810
BFGS:   87 15:46:52       -8.055857        1.0839
BFGS:   88 15:46:52       -8.162164        1.1166
BFGS:   89 15:46:52       -8.238996        1.1989
BFGS:   90 15:46:52       -8.298604        1.3111
BFGS:   91 15:46:52       -8.394688        0.7989
BFGS:   92 15:46:52       -8.459986        0.6302
BFGS:   93 15:46:52       -8.509546        0.4577
BFGS:   94 15:46:52       -8.541839        0.4909
BFGS:   95 15:46:52       -8.569121        0.5092
BFGS:   96 15:46:52       -8.626068        0.7004
BFGS:   97 15:46:52       -8.618617        1.8051
BFGS:   98 15:46:52       -8.698181        0.5302
BFGS:   99 15:46:52       -8.734355        0.4488
BFGS:  100 15:46:52       -8.792307        0.7002
BFGS:  101 15:46:52       -8.812338        0.4570
BFGS:  102 15:46:52       -8.822513        0.2642
BFGS:  103 15:46:52       -8.829649        0.2633
BFGS:  104 15:46:52       -8.832866        0.2329
BFGS:  105 15:46:52       -8.835049        0.2481
BFGS:  106 15:46:52       -8.840060        0.2847
BFGS:  107 15:46:52       -8.850817        0.3184
BFGS:  108 15:46:52       -8.873578        0.5150
BFGS:  109 15:46:52       -8.887280        0.6144
BFGS:  110 15:46:52       -8.916404        0.4740
BFGS:  111 15:46:52       -8.966595        0.4913
BFGS:  112 15:46:52       -8.998164        0.4628
BFGS:  113 15:46:52       -9.013253        0.4200
BFGS:  114 15:46:52       -9.037127        0.3450
BFGS:  115 15:46:52       -9.049252        0.2698
BFGS:  116 15:46:52       -9.060230        0.2505
BFGS:  117 15:46:52       -9.071136        0.2207
BFGS:  118 15:46:52       -9.077716        0.2264
BFGS:  119 15:46:52       -9.084534        0.1961
BFGS:  120 15:46:52       -9.087136        0.1649
BFGS:  121 15:46:52       -9.089312        0.1638
BFGS:  122 15:46:52       -9.091962        0.1644
BFGS:  123 15:46:52       -9.094776        0.1271
BFGS:  124 15:46:52       -9.096490        0.0612
BFGS:  125 15:46:52       -9.096980        0.0139
      Step     Time          Energy         fmax
BFGS:    0 15:46:52       20.166116       37.6427
BFGS:    1 15:46:52        2.597848       19.4604
BFGS:    2 15:46:52       -2.278922        9.0557
BFGS:    3 15:46:52       -4.639851        3.9494
BFGS:    4 15:46:52       -5.655905        1.9779
BFGS:    5 15:46:52       -6.063422        0.9685
BFGS:    6 15:46:52       -6.197641        0.8695
BFGS:    7 15:46:52       -6.256980        0.8470
BFGS:    8 15:46:52       -6.317875        0.7920
BFGS:    9 15:46:52       -6.404200        0.7152
BFGS:   10 15:46:52       -6.473682        0.7796
BFGS:   11 15:46:52       -6.534487        0.7734
BFGS:   12 15:46:52       -6.613007        0.9689
BFGS:   13 15:46:52       -6.656470        0.8613
BFGS:   14 15:46:52       -6.874253        1.1995
BFGS:   15 15:46:52       -6.920527        0.6213
BFGS:   16 15:46:52       -6.949325        0.6379
BFGS:   17 15:46:52       -6.987503        0.6712
BFGS:   18 15:46:52       -7.035348        0.8092
BFGS:   19 15:46:52       -7.087136        0.5733
BFGS:   20 15:46:52       -7.110360        0.3206
BFGS:   21 15:46:52       -7.121064        0.3559
BFGS:   22 15:46:52       -7.131812        0.3801
BFGS:   23 15:46:52       -7.154576        0.4500
BFGS:   24 15:46:52       -7.173208        0.5275
BFGS:   25 15:46:52       -7.192811        0.4878
BFGS:   26 15:46:52       -7.206545        0.3770
BFGS:   27 15:46:52       -7.224087        0.3403
BFGS:   28 15:46:52       -7.245889        0.4660
BFGS:   29 15:46:52       -7.264580        0.5220
BFGS:   30 15:46:52       -7.280814        0.4969
BFGS:   31 15:46:52       -7.300335        0.4032
BFGS:   32 15:46:52       -7.322733        0.4099
BFGS:   33 15:46:52       -7.332898        0.3261
BFGS:   34 15:46:52       -7.345216        0.2200
BFGS:   35 15:46:52       -7.348824        0.1553
BFGS:   36 15:46:52       -7.354963        0.1637
BFGS:   37 15:46:52       -7.358976        0.1698
BFGS:   38 15:46:52       -7.363793        0.2033
BFGS:   39 15:46:52       -7.369028        0.2732
BFGS:   40 15:46:52       -7.379795        0.3509
BFGS:   41 15:46:52       -7.400949        0.5110
BFGS:   42 15:46:52       -7.438034        0.7065
BFGS:   43 15:46:52       -7.471337        1.0058
BFGS:   44 15:46:52       -7.531047        1.0308
BFGS:   45 15:46:52       -7.625436        0.8952
BFGS:   46 15:46:52       -7.654174        0.7558
BFGS:   47 15:46:52       -7.746768        0.5271
BFGS:   48 15:46:52       -7.779834        0.4050
BFGS:   49 15:46:52       -7.804785        0.3284
BFGS:   50 15:46:52       -7.815065        0.2999
BFGS:   51 15:46:52       -7.825712        0.2445
BFGS:   52 15:46:52       -7.830854        0.2355
BFGS:   53 15:46:52       -7.843280        0.2557
BFGS:   54 15:46:52       -7.852561        0.2643
BFGS:   55 15:46:52       -7.859390        0.2480
BFGS:   56 15:46:52       -7.865136        0.2412
BFGS:   57 15:46:52       -7.872441        0.3119
BFGS:   58 15:46:52       -7.892709        0.4982
BFGS:   59 15:46:52       -7.938161        0.7811
BFGS:   60 15:46:52       -7.999468        0.8990
BFGS:   61 15:46:52       -8.013251        0.8580
BFGS:   62 15:46:52       -8.066267        0.5146
BFGS:   63 15:46:52       -8.127756        0.4047
BFGS:   64 15:46:52       -8.158598        0.3605
BFGS:   65 15:46:52       -8.174483        0.3775
BFGS:   66 15:46:52       -8.190935        0.3336
BFGS:   67 15:46:52       -8.208126        0.3697
BFGS:   68 15:46:52       -8.225006        0.3170
BFGS:   69 15:46:52       -8.232144        0.2288
BFGS:   70 15:46:52       -8.235069        0.1678
BFGS:   71 15:46:52       -8.236522        0.1359
BFGS:   72 15:46:52       -8.238463        0.1055
BFGS:   73 15:46:52       -8.241205        0.1036
BFGS:   74 15:46:52       -8.243966        0.1342
BFGS:   75 15:46:52       -8.246258        0.2003
BFGS:   76 15:46:52       -8.249085        0.2526
BFGS:   77 15:46:52       -8.255078        0.3113
BFGS:   78 15:46:52       -8.277478        0.4288
BFGS:   79 15:46:52       -8.316975        0.9278
BFGS:   80 15:46:52       -8.390563        1.4149
BFGS:   81 15:46:52       -8.569847        0.8668
BFGS:   82 15:46:52       -8.627595        1.1389
BFGS:   83 15:46:52       -8.744727        0.6266
BFGS:   84 15:46:52       -8.810451        0.8115
BFGS:   85 15:46:52       -8.856797        0.5555
BFGS:   86 15:46:52       -8.933144        0.5094
BFGS:   87 15:46:52       -8.976126        0.6739
BFGS:   88 15:46:52       -9.001218        0.6424
BFGS:   89 15:46:52       -9.027985        0.6593
BFGS:   90 15:46:52       -9.043358        0.4517
BFGS:   91 15:46:52       -9.068137        0.2418
BFGS:   92 15:46:52       -9.081266        0.1747
BFGS:   93 15:46:52       -9.085474        0.1358
BFGS:   94 15:46:52       -9.087059        0.1258
BFGS:   95 15:46:52       -9.088140        0.1178
BFGS:   96 15:46:52       -9.090455        0.0924
BFGS:   97 15:46:52       -9.093222        0.1226
BFGS:   98 15:46:52       -9.095523        0.1209
BFGS:   99 15:46:52       -9.096383        0.0853
BFGS:  100 15:46:52       -9.096653        0.0555
BFGS:  101 15:46:52       -9.096782        0.0373
      Step     Time          Energy         fmax
BFGS:    0 15:46:52       17.395978       39.3247
BFGS:    1 15:46:52       -2.345997       10.3381
BFGS:    2 15:46:52       -4.647396        5.3147
BFGS:    3 15:46:52       -6.149475        2.4422
BFGS:    4 15:46:52       -6.642786        1.1900
BFGS:    5 15:46:52       -6.814072        0.5608
BFGS:    6 15:46:52       -6.858996        0.5168
BFGS:    7 15:46:52       -6.887394        0.5472
BFGS:    8 15:46:52       -6.947118        0.6956
BFGS:    9 15:46:52       -7.084699        1.5687
BFGS:   10 15:46:52       -7.183521        2.3404
BFGS:   11 15:46:52       -7.373452        1.1757
BFGS:   12 15:46:52       -7.610512        1.0101
BFGS:   13 15:46:52       -7.748925        1.3193
BFGS:   14 15:46:52       -7.831754        1.0217
BFGS:   15 15:46:52       -7.975975        0.9244
BFGS:   16 15:46:52       -8.055008        0.9600
BFGS:   17 15:46:52       -8.173526        0.8124
BFGS:   18 15:46:52       -8.252105        1.0368
BFGS:   19 15:46:52       -8.345610        0.8201
BFGS:   20 15:46:52       -8.398020        0.6040
BFGS:   21 15:46:52       -8.453609        0.8807
BFGS:   22 15:46:52       -8.491945        0.7052
BFGS:   23 15:46:52       -8.566734        0.7889
BFGS:   24 15:46:52       -8.627076        0.8781
BFGS:   25 15:46:52       -8.717716        1.0988
BFGS:   26 15:46:52       -8.794321        1.1903
BFGS:   27 15:46:52       -8.887704        1.0850
BFGS:   28 15:46:52       -8.967205        0.7462
BFGS:   29 15:46:52       -9.022245        0.6385
BFGS:   30 15:46:52       -9.049087        0.4769
BFGS:   31 15:46:52       -9.069867        0.2712
BFGS:   32 15:46:52       -9.081592        0.1650
BFGS:   33 15:46:52       -9.083872        0.1657
BFGS:   34 15:46:52       -9.086133        0.1521
BFGS:   35 15:46:52       -9.089290        0.1355
BFGS:   36 15:46:52       -9.091141        0.1152
BFGS:   37 15:46:52       -9.092106        0.0924
BFGS:   38 15:46:52       -9.092723        0.0711
BFGS:   39 15:46:52       -9.093495        0.0668
BFGS:   40 15:46:52       -9.094330        0.0707
BFGS:   41 15:46:52       -9.094956        0.0841
BFGS:   42 15:46:52       -9.095396        0.0791
BFGS:   43 15:46:52       -9.095857        0.0670
BFGS:   44 15:46:52       -9.096386        0.0537
BFGS:   45 15:46:52       -9.096748        0.0315
      Step     Time          Energy         fmax
BFGS:    0 15:46:52       16.722823       39.5328
BFGS:    1 15:46:52        0.442007       17.0352
BFGS:    2 15:46:52       -2.902543        9.7923
BFGS:    3 15:46:52       -5.214243        3.4847
BFGS:    4 15:46:52       -5.740998        1.9566
BFGS:    5 15:46:52       -6.021581        0.8451
BFGS:    6 15:46:52       -6.091134        0.6693
BFGS:    7 15:46:52       -6.129479        0.7676
BFGS:    8 15:46:52       -6.182372        0.8846
BFGS:    9 15:46:52       -6.272836        1.0391
BFGS:   10 15:46:52       -6.377446        1.4800
BFGS:   11 15:46:52       -6.535021        2.2703
BFGS:   12 15:46:52       -6.749368        2.3263
BFGS:   13 15:46:52       -6.874705        1.0476
BFGS:   14 15:46:52       -6.986831        0.8599
BFGS:   15 15:46:52       -7.065908        0.5847
BFGS:   16 15:46:52       -7.102174        0.5705
BFGS:   17 15:46:52       -7.139814        0.6045
BFGS:   18 15:46:52       -7.167322        0.6345
BFGS:   19 15:46:52       -7.220061        0.6355
BFGS:   20 15:46:52       -7.250286        0.4935
BFGS:   21 15:46:52       -7.266228        0.5208
BFGS:   22 15:46:52       -7.293921        0.6518
BFGS:   23 15:46:52       -7.339041        0.9109
BFGS:   24 15:46:52       -7.391704        1.0847
BFGS:   25 15:46:52       -7.456911        0.9606
BFGS:   26 15:46:52       -7.520402        0.8570
BFGS:   27 15:46:52       -7.567798        0.7346
BFGS:   28 15:46:52       -7.622644        0.6408
BFGS:   29 15:46:52       -7.646668        0.5178
BFGS:   30 15:46:52       -7.679262        0.4557
BFGS:   31 15:46:52       -7.696142        0.3961
BFGS:   32 15:46:52       -7.708921        0.3129
BFGS:   33 15:46:52       -7.727489        0.3213
BFGS:   34 15:46:52       -7.746103        0.3962
BFGS:   35 15:46:52       -7.755468        0.3394
BFGS:   36 15:46:52       -7.763749        0.2289
BFGS:   37 15:46:52       -7.773858        0.2310
BFGS:   38 15:46:52       -7.784973        0.2804
BFGS:   39 15:46:52       -7.792031        0.2417
BFGS:   40 15:46:52       -7.794507        0.1696
BFGS:   41 15:46:52       -7.796780        0.1229
BFGS:   42 15:46:52       -7.799341        0.1343
BFGS:   43 15:46:52       -7.802312        0.2080
BFGS:   44 15:46:52       -7.804831        0.2304
BFGS:   45 15:46:52       -7.806917        0.1863
BFGS:   46 15:46:52       -7.809126        0.1490
BFGS:   47 15:46:52       -7.812437        0.1456
BFGS:   48 15:46:52       -7.818286        0.2010
BFGS:   49 15:46:52       -7.829015        0.3586
BFGS:   50 15:46:52       -7.856657        0.5063
BFGS:   51 15:46:52       -7.942958        0.9931
BFGS:   52 15:46:52       -7.963021        1.7345
BFGS:   53 15:46:52       -7.993427        1.1083
BFGS:   54 15:46:52       -8.015348        1.1309
BFGS:   55 15:46:52       -8.028754        1.1411
BFGS:   56 15:46:52       -8.087285        0.9043
BFGS:   57 15:46:52       -8.104557        0.8194
BFGS:   58 15:46:52       -8.167622        0.5262
BFGS:   59 15:46:52       -8.216779        0.5878
BFGS:   60 15:46:52       -8.273860        0.6028
BFGS:   61 15:46:52       -8.301332        0.4496
BFGS:   62 15:46:52       -8.329687        0.4061
BFGS:   63 15:46:52       -8.347284        0.5548
BFGS:   64 15:46:52       -8.356199        0.5144
BFGS:   65 15:46:52       -8.365147        0.4059
BFGS:   66 15:46:52       -8.368408        0.3658
BFGS:   67 15:46:52       -8.370687        0.3562
BFGS:   68 15:46:52       -8.371925        0.3184
BFGS:   69 15:46:52       -8.373741        0.3081
BFGS:   70 15:46:52       -8.377191        0.2906
BFGS:   71 15:46:52       -8.380248        0.2891
BFGS:   72 15:46:52       -8.383190        0.2845
BFGS:   73 15:46:52       -8.386395        0.2702
BFGS:   74 15:46:52       -8.391053        0.2662
BFGS:   75 15:46:52       -8.396914        0.2560
BFGS:   76 15:46:52       -8.404093        0.2271
BFGS:   77 15:46:52       -8.412498        0.1867
BFGS:   78 15:46:52       -8.420289        0.2439
BFGS:   79 15:46:52       -8.429359        0.3224
BFGS:   80 15:46:52       -8.440659        0.4034
BFGS:   81 15:46:52       -8.455481        0.4705
BFGS:   82 15:46:52       -8.474465        0.5957
BFGS:   83 15:46:52       -8.494662        0.5427
BFGS:   84 15:46:52       -8.524919        0.4163
BFGS:   85 15:46:52       -8.533898        0.4159
BFGS:   86 15:46:52       -8.551137        0.4054
BFGS:   87 15:46:52       -8.562293        0.4119
BFGS:   88 15:46:52       -8.576932        0.4416
BFGS:   89 15:46:52       -8.589915        0.4104
BFGS:   90 15:46:52       -8.598633        0.2688
BFGS:   91 15:46:52       -8.602367        0.2358
BFGS:   92 15:46:52       -8.604135        0.2191
BFGS:   93 15:46:52       -8.606766        0.2316
BFGS:   94 15:46:52       -8.608379        0.2666
BFGS:   95 15:46:52       -8.609170        0.3051
BFGS:   96 15:46:52       -8.609553        0.3148
BFGS:   97 15:46:52       -8.609939        0.3181
BFGS:   98 15:46:52       -8.610680        0.3147
BFGS:   99 15:46:52       -8.612348        0.3022
BFGS:  100 15:46:52       -8.615892        0.2719
BFGS:  101 15:46:52       -8.622356        0.2208
BFGS:  102 15:46:52       -8.630537        0.1503
BFGS:  103 15:46:52       -8.636333        0.0702
BFGS:  104 15:46:52       -8.637738        0.0260
