       Step     Time          Energy         fmax
GPMin:    0 17:36:16       -6.525872        0.6649
GPMin:    1 17:36:24       -6.786053        0.2784
GPMin:    2 17:36:32       -6.916448        0.2227
GPMin:    3 17:36:39       -7.010435        0.1771
GPMin:    4 17:36:47       -7.056160        0.1065
GPMin:    5 17:36:53       -7.076787        0.0826
GPMin:    6 17:37:00       -7.091977        0.0493
GPMin:    7 17:37:06       -7.099210        0.0431
GPMin:    8 17:37:12       -7.107703        0.0479
GPMin:    9 17:37:18       -7.119576        0.0485
GPMin:   10 17:37:25       -7.132850        0.0490
GPMin:   11 17:37:32       -7.147500        0.0410
GPMin:   12 17:37:38       -7.160451        0.0381
GPMin:   13 17:37:44       -7.170805        0.0356
GPMin:   14 17:37:50       -7.181120        0.0413
GPMin:   15 17:37:56       -7.195029        0.0523
GPMin:   16 17:38:02       -7.216446        0.0578
GPMin:   17 17:38:07       -7.240864        0.0541
GPMin:   18 17:38:13       -7.263104        0.0433
GPMin:   19 17:38:19       -7.276209        0.0288
GPMin:   20 17:38:24       -7.279748        0.0232
GPMin:   21 17:38:29       -7.280448        0.0129
       Step     Time          Energy         fmax
GPMin:    0 17:38:40       -6.670992        0.1815
GPMin:    1 17:38:48       -6.792498        0.1674
GPMin:    2 17:38:55       -6.878372        0.1762
GPMin:    3 17:39:02       -6.959404        0.1726
GPMin:    4 17:39:09       -7.030996        0.1584
GPMin:    5 17:39:16       -7.082289        0.1240
GPMin:    6 17:39:23       -7.113374        0.0717
GPMin:    7 17:39:29       -7.134246        0.0567
GPMin:    8 17:39:35       -7.156942        0.0621
GPMin:    9 17:39:41       -7.180048        0.0704
GPMin:   10 17:39:47       -7.204072        0.0877
GPMin:   11 17:39:54       -7.233319        0.0952
GPMin:   12 17:40:00       -7.258807        0.0744
GPMin:   13 17:40:07       -7.272208        0.0453
GPMin:   14 17:40:12       -7.277146        0.0366
GPMin:   15 17:40:18       -7.279063        0.0249
GPMin:   16 17:40:24       -7.280110        0.0151
       Step     Time          Energy         fmax
GPMin:    0 17:40:35       -6.921028        0.2868
GPMin:    1 17:40:42       -7.080705        0.2033
GPMin:    2 17:40:49       -7.156195        0.1433
GPMin:    3 17:40:56       -7.205084        0.1051
GPMin:    4 17:41:03       -7.232679        0.0731
GPMin:    5 17:41:09       -7.250082        0.0512
GPMin:    6 17:41:15       -7.258400        0.0405
GPMin:    7 17:41:21       -7.263916        0.0395
GPMin:    8 17:41:27       -7.271422        0.0421
GPMin:    9 17:41:33       -7.278014        0.0205
GPMin:   10 17:41:38       -7.279785        0.0132
       Step     Time          Energy         fmax
GPMin:    0 17:41:50       -6.635045        0.2333
GPMin:    1 17:41:57       -6.771336        0.2296
GPMin:    2 17:42:05       -6.864629        0.2078
GPMin:    3 17:42:12       -6.932646        0.1557
GPMin:    4 17:42:19       -6.977983        0.0876
GPMin:    5 17:42:25       -7.015188        0.1230
GPMin:    6 17:42:32       -7.064703        0.1131
GPMin:    7 17:42:38       -7.111054        0.1116
GPMin:    8 17:42:44       -7.152560        0.1286
GPMin:    9 17:42:51       -7.191289        0.1339
GPMin:   10 17:42:57       -7.229455        0.1092
GPMin:   11 17:43:03       -7.251972        0.0665
GPMin:   12 17:43:09       -7.263326        0.0769
GPMin:   13 17:43:15       -7.273013        0.0460
GPMin:   14 17:43:21       -7.276960        0.0306
GPMin:   15 17:43:26       -7.278402        0.0215
GPMin:   16 17:43:32       -7.279829        0.0144
       Step     Time          Energy         fmax
GPMin:    0 17:43:42       -6.831954        0.6370
GPMin:    1 17:43:49       -7.061265        0.2833
GPMin:    2 17:43:56       -7.158014        0.2187
GPMin:    3 17:44:03       -7.214201        0.0757
GPMin:    4 17:44:09       -7.228275        0.0735
GPMin:    5 17:44:15       -7.237654        0.0412
GPMin:    6 17:44:21       -7.242457        0.0260
GPMin:    7 17:44:27       -7.244463        0.0220
GPMin:    8 17:44:32       -7.247380        0.0283
GPMin:    9 17:44:38       -7.255016        0.0311
GPMin:   10 17:44:44       -7.265578        0.0334
GPMin:   11 17:44:51       -7.275071        0.0216
GPMin:   12 17:44:57       -7.277814        0.0299
GPMin:   13 17:45:02       -7.278810        0.0177
       Step     Time          Energy         fmax
GPMin:    0 17:45:13       -6.684109        0.6596
GPMin:    1 17:45:21       -6.941773        0.3126
GPMin:    2 17:45:28       -7.072174        0.2468
GPMin:    3 17:45:35       -7.169720        0.1631
GPMin:    4 17:45:42       -7.208926        0.1068
GPMin:    5 17:45:48       -7.229858        0.0823
GPMin:    6 17:45:55       -7.248406        0.0525
GPMin:    7 17:46:01       -7.257958        0.0446
GPMin:    8 17:46:06       -7.264865        0.0407
GPMin:    9 17:46:12       -7.269465        0.0405
GPMin:   10 17:46:18       -7.274584        0.0281
GPMin:   11 17:46:23       -7.278042        0.0215
GPMin:   12 17:46:29       -7.279356        0.0159
       Step     Time          Energy         fmax
GPMin:    0 17:46:39       -6.831954        0.6369
GPMin:    1 17:46:46       -7.061301        0.2833
GPMin:    2 17:46:53       -7.158048        0.2187
GPMin:    3 17:47:00       -7.214211        0.0757
GPMin:    4 17:47:06       -7.228278        0.0735
GPMin:    5 17:47:12       -7.237659        0.0412
GPMin:    6 17:47:18       -7.242459        0.0260
GPMin:    7 17:47:23       -7.244463        0.0220
GPMin:    8 17:47:29       -7.247384        0.0283
GPMin:    9 17:47:35       -7.255022        0.0311
GPMin:   10 17:47:41       -7.265583        0.0334
GPMin:   11 17:47:48       -7.275071        0.0216
GPMin:   12 17:47:53       -7.277816        0.0299
GPMin:   13 17:47:59       -7.278811        0.0176
       Step     Time          Energy         fmax
GPMin:    0 17:48:10       -6.689404        0.6406
GPMin:    1 17:48:18       -6.887759        0.2586
GPMin:    2 17:48:26       -6.985219        0.2309
GPMin:    3 17:48:33       -7.078966        0.1985
GPMin:    4 17:48:40       -7.146813        0.1472
GPMin:    5 17:48:46       -7.185707        0.1039
GPMin:    6 17:48:53       -7.208647        0.0993
GPMin:    7 17:48:59       -7.235788        0.0820
GPMin:    8 17:49:06       -7.258464        0.0603
GPMin:    9 17:49:12       -7.271273        0.0401
GPMin:   10 17:49:18       -7.276040        0.0327
GPMin:   11 17:49:24       -7.277719        0.0233
GPMin:   12 17:49:29       -7.279389        0.0218
GPMin:   13 17:49:35       -7.280354        0.0122
       Step     Time          Energy         fmax
GPMin:    0 17:49:48       -6.197539        0.5854
GPMin:    1 17:49:55       -6.569916        0.2716
GPMin:    2 17:50:02       -6.726163        0.1971
GPMin:    3 17:50:08       -6.806441        0.1301
GPMin:    4 17:50:14       -6.838666        0.0571
GPMin:    5 17:50:20       -6.846486        0.0391
GPMin:    6 17:50:26       -6.848764        0.0163
       Step     Time          Energy         fmax
GPMin:    0 17:50:37       -6.831954        0.6368
GPMin:    1 17:50:44       -7.061305        0.2833
GPMin:    2 17:50:51       -7.158054        0.2187
GPMin:    3 17:50:58       -7.214214        0.0756
GPMin:    4 17:51:04       -7.228277        0.0735
GPMin:    5 17:51:10       -7.237660        0.0412
GPMin:    6 17:51:16       -7.242457        0.0260
GPMin:    7 17:51:21       -7.244460        0.0220
GPMin:    8 17:51:27       -7.247381        0.0283
GPMin:    9 17:51:33       -7.255018        0.0311
GPMin:   10 17:51:39       -7.265579        0.0334
GPMin:   11 17:51:46       -7.275071        0.0216
GPMin:   12 17:51:52       -7.277814        0.0299
GPMin:   13 17:51:57       -7.278811        0.0177
       Step     Time          Energy         fmax
GPMin:    0 17:52:08       -6.567441        0.6525
GPMin:    1 17:52:15       -6.777547        0.1958
GPMin:    2 17:52:22       -6.858933        0.1700
GPMin:    3 17:52:30       -6.945861        0.1567
GPMin:    4 17:52:37       -7.010796        0.1474
GPMin:    5 17:52:44       -7.074991        0.1220
GPMin:    6 17:52:50       -7.128252        0.1254
GPMin:    7 17:52:57       -7.173234        0.1298
GPMin:    8 17:53:03       -7.209343        0.1136
GPMin:    9 17:53:10       -7.229413        0.0716
GPMin:   10 17:53:15       -7.237426        0.0335
GPMin:   11 17:53:21       -7.239673        0.0268
GPMin:   12 17:53:27       -7.240844        0.0182
       Step     Time          Energy         fmax
GPMin:    0 17:53:39       -6.355732        0.6643
GPMin:    1 17:53:47       -6.614794        0.2343
GPMin:    2 17:53:55       -6.692493        0.2370
GPMin:    3 17:54:02       -6.775246        0.2541
GPMin:    4 17:54:09       -6.862857        0.2547
GPMin:    5 17:54:16       -6.952927        0.2251
GPMin:    6 17:54:22       -7.019402        0.1538
GPMin:    7 17:54:29       -7.053600        0.0813
GPMin:    8 17:54:35       -7.068314        0.0634
GPMin:    9 17:54:41       -7.075847        0.0427
GPMin:   10 17:54:47       -7.080447        0.0540
GPMin:   11 17:54:52       -7.086808        0.0592
GPMin:   12 17:54:59       -7.097365        0.0658
GPMin:   13 17:55:05       -7.112815        0.0736
GPMin:   14 17:55:12       -7.131428        0.0719
GPMin:   15 17:55:18       -7.151401        0.0674
GPMin:   16 17:55:25       -7.166784        0.0543
GPMin:   17 17:55:31       -7.179436        0.0676
GPMin:   18 17:55:37       -7.191721        0.0776
GPMin:   19 17:55:43       -7.210989        0.0788
GPMin:   20 17:55:50       -7.236536        0.0662
GPMin:   21 17:55:56       -7.258363        0.0547
GPMin:   22 17:56:02       -7.272271        0.0473
GPMin:   23 17:56:08       -7.277470        0.0331
GPMin:   24 17:56:14       -7.279280        0.0217
GPMin:   25 17:56:20       -7.280229        0.0123
       Step     Time          Energy         fmax
GPMin:    0 17:56:33       -5.920409        0.2974
GPMin:    1 17:56:40       -6.195694        0.2835
GPMin:    2 17:56:48       -6.375955        0.2668
GPMin:    3 17:56:55       -6.514279        0.2418
GPMin:    4 17:57:02       -6.613419        0.1952
GPMin:    5 17:57:09       -6.678816        0.1773
GPMin:    6 17:57:15       -6.736692        0.1658
GPMin:    7 17:57:21       -6.759468        0.1574
GPMin:    8 17:57:27       -6.803517        0.1273
GPMin:    9 17:57:32       -6.836690        0.0631
GPMin:   10 17:57:38       -6.843245        0.0243
GPMin:   11 17:57:42       -6.843859        0.0210
GPMin:   12 17:57:48       -6.845646        0.0223
GPMin:   13 17:57:54       -6.846804        0.0275
GPMin:   14 17:58:00       -6.849789        0.0220
GPMin:   15 17:58:05       -6.851459        0.0218
GPMin:   16 17:58:11       -6.857964        0.0368
GPMin:   17 17:58:16       -6.871574        0.0588
GPMin:   18 17:58:22       -6.901937        0.0841
GPMin:   19 17:58:28       -6.957620        0.1100
GPMin:   20 17:58:35       -7.022954        0.1291
GPMin:   21 17:58:41       -7.085839        0.1198
GPMin:   22 17:58:48       -7.131256        0.0732
GPMin:   23 17:58:54       -7.147247        0.0432
GPMin:   24 17:59:00       -7.148925        0.0309
GPMin:   25 17:59:05       -7.149971        0.0144
       Step     Time          Energy         fmax
GPMin:    0 17:59:18       -6.368189        0.3549
GPMin:    1 17:59:26       -6.587879        0.2825
GPMin:    2 17:59:33       -6.751498        0.2381
GPMin:    3 17:59:40       -6.890867        0.2254
GPMin:    4 17:59:47       -7.005668        0.1831
GPMin:    5 17:59:54       -7.085226        0.1180
GPMin:    6 18:00:01       -7.124141        0.0796
GPMin:    7 18:00:07       -7.138901        0.0608
GPMin:    8 18:00:13       -7.144558        0.0371
GPMin:    9 18:00:19       -7.146448        0.0220
GPMin:   10 18:00:24       -7.147614        0.0160
       Step     Time          Energy         fmax
GPMin:    0 18:00:36       -6.427325        0.5002
GPMin:    1 18:00:43       -6.632821        0.1735
GPMin:    2 18:00:51       -6.697326        0.1343
GPMin:    3 18:00:58       -6.744987        0.1082
GPMin:    4 18:01:04       -6.773111        0.1231
GPMin:    5 18:01:10       -6.814093        0.1438
GPMin:    6 18:01:17       -6.864168        0.1675
GPMin:    7 18:01:23       -6.923015        0.1812
GPMin:    8 18:01:29       -6.982862        0.1672
GPMin:    9 18:01:36       -7.025094        0.1270
GPMin:   10 18:01:42       -7.050595        0.0982
GPMin:   11 18:01:49       -7.081034        0.1148
GPMin:   12 18:01:55       -7.108542        0.0684
GPMin:   13 18:02:02       -7.125841        0.0581
GPMin:   14 18:02:08       -7.136666        0.0419
GPMin:   15 18:02:15       -7.141837        0.0310
GPMin:   16 18:02:20       -7.143595        0.0255
GPMin:   17 18:02:27       -7.146203        0.0181
       Step     Time          Energy         fmax
GPMin:    0 18:02:39       -6.132110        0.6526
GPMin:    1 18:02:46       -6.410928        0.2494
GPMin:    2 18:02:54       -6.542395        0.1829
GPMin:    3 18:03:01       -6.617750        0.1836
GPMin:    4 18:03:08       -6.668293        0.1816
GPMin:    5 18:03:14       -6.727741        0.1620
GPMin:    6 18:03:20       -6.753923        0.1456
GPMin:    7 18:03:26       -6.796973        0.1035
GPMin:    8 18:03:32       -6.824016        0.0728
GPMin:    9 18:03:38       -6.833138        0.0410
GPMin:   10 18:03:44       -6.836863        0.0402
GPMin:   11 18:03:49       -6.841379        0.0223
GPMin:   12 18:03:55       -6.844293        0.0275
GPMin:   13 18:04:01       -6.847035        0.0230
GPMin:   14 18:04:06       -6.848675        0.0182
       Step     Time          Energy         fmax
GPMin:    0 18:04:17       -6.544823        0.2365
GPMin:    1 18:04:24       -6.728018        0.1791
GPMin:    2 18:04:31       -6.846111        0.1708
GPMin:    3 18:04:38       -6.941340        0.1523
GPMin:    4 18:04:45       -7.019435        0.1257
GPMin:    5 18:04:51       -7.077843        0.1061
GPMin:    6 18:04:58       -7.112237        0.0810
GPMin:    7 18:05:04       -7.128766        0.0494
GPMin:    8 18:05:10       -7.136953        0.0507
GPMin:    9 18:05:16       -7.146022        0.0536
GPMin:   10 18:05:21       -7.159504        0.0495
GPMin:   11 18:05:27       -7.174169        0.0448
GPMin:   12 18:05:32       -7.189431        0.0486
GPMin:   13 18:05:39       -7.208051        0.0484
GPMin:   14 18:05:45       -7.229371        0.0531
GPMin:   15 18:05:51       -7.251092        0.0537
GPMin:   16 18:05:56       -7.267194        0.0423
GPMin:   17 18:06:01       -7.276637        0.0261
GPMin:   18 18:06:06       -7.279591        0.0161
       Step     Time          Energy         fmax
GPMin:    0 18:06:21       -6.432914        0.2286
GPMin:    1 18:06:28       -6.577210        0.1697
GPMin:    2 18:06:35       -6.662247        0.1910
GPMin:    3 18:06:42       -6.736273        0.1910
GPMin:    4 18:06:49       -6.805128        0.1976
GPMin:    5 18:06:56       -6.868845        0.1877
GPMin:    6 18:07:03       -6.923115        0.1683
GPMin:    7 18:07:09       -6.966909        0.1365
GPMin:    8 18:07:16       -7.012704        0.1071
GPMin:    9 18:07:22       -7.048046        0.1065
GPMin:   10 18:07:28       -7.083962        0.0933
GPMin:   11 18:07:34       -7.117558        0.0546
GPMin:   12 18:07:41       -7.132132        0.0474
GPMin:   13 18:07:46       -7.138433        0.0445
GPMin:   14 18:07:52       -7.145930        0.0338
GPMin:   15 18:07:59       -7.151972        0.0368
GPMin:   16 18:08:04       -7.156828        0.0401
GPMin:   17 18:08:10       -7.163542        0.0528
GPMin:   18 18:08:16       -7.176740        0.0640
GPMin:   19 18:08:23       -7.198701        0.0675
GPMin:   20 18:08:29       -7.227915        0.0731
GPMin:   21 18:08:35       -7.254509        0.0665
GPMin:   22 18:08:42       -7.270720        0.0426
GPMin:   23 18:08:48       -7.275802        0.0304
GPMin:   24 18:08:54       -7.277146        0.0268
GPMin:   25 18:08:59       -7.278854        0.0240
GPMin:   26 18:09:05       -7.279669        0.0187
       Step     Time          Energy         fmax
GPMin:    0 18:09:19       -6.502549        0.7718
GPMin:    1 18:09:28       -6.774746        0.3159
GPMin:    2 18:09:36       -6.915112        0.2720
GPMin:    3 18:09:43       -7.033685        0.1781
GPMin:    4 18:09:50       -7.096599        0.1625
GPMin:    5 18:09:57       -7.146736        0.1344
GPMin:    6 18:10:03       -7.197022        0.1059
GPMin:    7 18:10:09       -7.231759        0.1074
GPMin:    8 18:10:15       -7.256062        0.0899
GPMin:    9 18:10:21       -7.270438        0.0471
GPMin:   10 18:10:26       -7.275674        0.0294
GPMin:   11 18:10:32       -7.277647        0.0238
GPMin:   12 18:10:37       -7.279437        0.0171
       Step     Time          Energy         fmax
GPMin:    0 18:10:51       -6.115745        0.4522
GPMin:    1 18:11:00       -6.347405        0.2530
GPMin:    2 18:11:08       -6.463247        0.2306
GPMin:    3 18:11:16       -6.577275        0.2532
GPMin:    4 18:11:23       -6.694442        0.2692
GPMin:    5 18:11:30       -6.811467        0.2700
GPMin:    6 18:11:37       -6.915995        0.2517
GPMin:    7 18:11:44       -6.999545        0.1908
GPMin:    8 18:11:51       -7.053942        0.0774
GPMin:    9 18:11:57       -7.067874        0.0811
GPMin:   10 18:12:03       -7.077878        0.0746
GPMin:   11 18:12:09       -7.088878        0.0536
GPMin:   12 18:12:14       -7.098210        0.0540
GPMin:   13 18:12:20       -7.106565        0.0554
GPMin:   14 18:12:25       -7.113556        0.0602
GPMin:   15 18:12:31       -7.124788        0.0674
GPMin:   16 18:12:38       -7.140609        0.0686
GPMin:   17 18:12:44       -7.156124        0.0640
GPMin:   18 18:12:50       -7.169028        0.0536
GPMin:   19 18:12:56       -7.180705        0.0661
GPMin:   20 18:13:03       -7.194604        0.0834
GPMin:   21 18:13:08       -7.214589        0.0871
GPMin:   22 18:13:15       -7.238092        0.0909
GPMin:   23 18:13:21       -7.259536        0.0778
GPMin:   24 18:13:27       -7.273428        0.0454
GPMin:   25 18:13:33       -7.277893        0.0235
GPMin:   26 18:13:38       -7.278652        0.0185
       Step     Time          Energy         fmax
GPMin:    0 18:13:52       -5.916496        0.2543
GPMin:    1 18:14:01       -6.119853        0.2316
GPMin:    2 18:14:08       -6.264211        0.2316
GPMin:    3 18:14:15       -6.391919        0.2207
GPMin:    4 18:14:22       -6.500013        0.2029
GPMin:    5 18:14:29       -6.615051        0.1955
GPMin:    6 18:14:36       -6.684176        0.2055
GPMin:    7 18:14:43       -6.755059        0.1935
GPMin:    8 18:14:49       -6.826974        0.1739
GPMin:    9 18:14:55       -6.896036        0.1651
GPMin:   10 18:15:01       -6.964325        0.1635
GPMin:   11 18:15:08       -7.022348        0.1481
GPMin:   12 18:15:15       -7.066257        0.1195
GPMin:   13 18:15:21       -7.092245        0.0794
GPMin:   14 18:15:27       -7.106287        0.0659
GPMin:   15 18:15:32       -7.116198        0.0665
GPMin:   16 18:15:39       -7.125270        0.0653
GPMin:   17 18:15:45       -7.135500        0.0615
GPMin:   18 18:15:51       -7.147531        0.0584
GPMin:   19 18:15:57       -7.162185        0.0694
GPMin:   20 18:16:03       -7.180000        0.0829
GPMin:   21 18:16:10       -7.201238        0.0870
GPMin:   22 18:16:16       -7.223509        0.0852
GPMin:   23 18:16:22       -7.243551        0.0803
GPMin:   24 18:16:29       -7.260808        0.0645
GPMin:   25 18:16:35       -7.273028        0.0377
GPMin:   26 18:16:41       -7.277578        0.0273
GPMin:   27 18:16:46       -7.278920        0.0215
GPMin:   28 18:16:51       -7.279805        0.0170
       Step     Time          Energy         fmax
GPMin:    0 18:17:04       -6.506825        0.5847
GPMin:    1 18:17:13       -6.727887        0.2519
GPMin:    2 18:17:20       -6.822776        0.2192
GPMin:    3 18:17:27       -6.907490        0.2110
GPMin:    4 18:17:34       -6.993673        0.2065
GPMin:    5 18:17:41       -7.074414        0.1832
GPMin:    6 18:17:48       -7.140540        0.1386
GPMin:    7 18:17:55       -7.188764        0.0938
GPMin:    8 18:18:01       -7.215512        0.0674
GPMin:    9 18:18:07       -7.229756        0.0618
GPMin:   10 18:18:13       -7.236266        0.0424
GPMin:   11 18:18:18       -7.238728        0.0232
GPMin:   12 18:18:24       -7.239664        0.0146
       Step     Time          Energy         fmax
GPMin:    0 18:18:37       -6.605012        0.2728
GPMin:    1 18:18:45       -6.723846        0.2527
GPMin:    2 18:18:51       -6.828419        0.2595
GPMin:    3 18:18:58       -6.928762        0.2452
GPMin:    4 18:19:04       -7.015540        0.1864
GPMin:    5 18:19:10       -7.066969        0.0840
GPMin:    6 18:19:16       -7.088230        0.0595
GPMin:    7 18:19:21       -7.100833        0.0601
GPMin:    8 18:19:27       -7.110918        0.0691
GPMin:    9 18:19:33       -7.125746        0.0675
GPMin:   10 18:19:39       -7.142160        0.0549
GPMin:   11 18:19:46       -7.152384        0.0379
GPMin:   12 18:19:52       -7.156845        0.0347
GPMin:   13 18:19:57       -7.161387        0.0397
GPMin:   14 18:20:03       -7.173821        0.0543
GPMin:   15 18:20:10       -7.196543        0.0666
GPMin:   16 18:20:16       -7.224284        0.0705
GPMin:   17 18:20:22       -7.250901        0.0654
GPMin:   18 18:20:28       -7.268516        0.0489
GPMin:   19 18:20:34       -7.275125        0.0350
GPMin:   20 18:20:39       -7.276974        0.0256
GPMin:   21 18:20:44       -7.279184        0.0247
GPMin:   22 18:20:50       -7.280308        0.0186
       Step     Time          Energy         fmax
GPMin:    0 18:21:02       -6.834643        0.2544
GPMin:    1 18:21:09       -6.996264        0.1678
GPMin:    2 18:21:16       -7.072644        0.1177
GPMin:    3 18:21:22       -7.118448        0.0650
GPMin:    4 18:21:28       -7.133321        0.0466
GPMin:    5 18:21:34       -7.139081        0.0294
GPMin:    6 18:21:40       -7.141626        0.0207
GPMin:    7 18:21:45       -7.143498        0.0227
GPMin:    8 18:21:51       -7.146101        0.0237
GPMin:    9 18:21:57       -7.151951        0.0324
GPMin:   10 18:22:03       -7.161457        0.0343
GPMin:   11 18:22:10       -7.181166        0.0563
GPMin:   12 18:22:16       -7.210861        0.0787
GPMin:   13 18:22:22       -7.243325        0.0799
GPMin:   14 18:22:29       -7.266538        0.0463
GPMin:   15 18:22:34       -7.274055        0.0380
GPMin:   16 18:22:40       -7.276719        0.0261
GPMin:   17 18:22:46       -7.278785        0.0167
       Step     Time          Energy         fmax
GPMin:    0 18:23:00       -6.635045        0.2332
GPMin:    1 18:23:07       -6.771385        0.2296
GPMin:    2 18:23:14       -6.864652        0.2078
GPMin:    3 18:23:21       -6.932664        0.1557
GPMin:    4 18:23:28       -6.977998        0.0876
GPMin:    5 18:23:35       -7.015208        0.1230
GPMin:    6 18:23:41       -7.064729        0.1131
GPMin:    7 18:23:47       -7.111076        0.1116
GPMin:    8 18:23:53       -7.152574        0.1286
GPMin:    9 18:23:59       -7.191290        0.1339
GPMin:   10 18:24:05       -7.229447        0.1092
GPMin:   11 18:24:12       -7.251965        0.0665
GPMin:   12 18:24:17       -7.263325        0.0768
GPMin:   13 18:24:23       -7.273010        0.0460
GPMin:   14 18:24:28       -7.276959        0.0306
GPMin:   15 18:24:33       -7.278402        0.0215
GPMin:   16 18:24:39       -7.279828        0.0144
       Step     Time          Energy         fmax
GPMin:    0 18:24:53       -6.262485        0.3590
GPMin:    1 18:25:00       -6.451804        0.2182
GPMin:    2 18:25:07       -6.541626        0.1548
GPMin:    3 18:25:14       -6.615678        0.1522
GPMin:    4 18:25:20       -6.688498        0.1532
GPMin:    5 18:25:26       -6.765657        0.1575
GPMin:    6 18:25:32       -6.845093        0.1740
GPMin:    7 18:25:38       -6.918398        0.1894
GPMin:    8 18:25:45       -6.993677        0.1937
GPMin:    9 18:25:51       -7.067148        0.1630
GPMin:   10 18:25:57       -7.113697        0.1001
GPMin:   11 18:26:03       -7.134350        0.0849
GPMin:   12 18:26:09       -7.148230        0.0926
GPMin:   13 18:26:14       -7.163918        0.0556
GPMin:   14 18:26:20       -7.174881        0.0579
GPMin:   15 18:26:25       -7.185765        0.0535
GPMin:   16 18:26:31       -7.199943        0.0516
GPMin:   17 18:26:36       -7.214680        0.0613
GPMin:   18 18:26:42       -7.228347        0.0521
GPMin:   19 18:26:47       -7.237709        0.0375
GPMin:   20 18:26:53       -7.240759        0.0234
GPMin:   21 18:26:59       -7.241859        0.0254
GPMin:   22 18:27:04       -7.243574        0.0209
GPMin:   23 18:27:10       -7.244882        0.0246
GPMin:   24 18:27:15       -7.248235        0.0345
GPMin:   25 18:27:21       -7.252856        0.0457
GPMin:   26 18:27:26       -7.260339        0.0467
GPMin:   27 18:27:32       -7.268303        0.0411
GPMin:   28 18:27:38       -7.275147        0.0264
GPMin:   29 18:27:43       -7.278203        0.0204
GPMin:   30 18:27:48       -7.279220        0.0172
       Step     Time          Energy         fmax
GPMin:    0 18:28:00       -6.767778        0.4710
GPMin:    1 18:28:06       -6.950243        0.2060
GPMin:    2 18:28:13       -7.023289        0.1547
GPMin:    3 18:28:20       -7.074396        0.1134
GPMin:    4 18:28:27       -7.103066        0.0899
GPMin:    5 18:28:33       -7.126358        0.0579
GPMin:    6 18:28:39       -7.137721        0.0514
GPMin:    7 18:28:45       -7.147873        0.0384
GPMin:    8 18:28:50       -7.154464        0.0373
GPMin:    9 18:28:56       -7.161445        0.0492
GPMin:   10 18:29:03       -7.174503        0.0524
GPMin:   11 18:29:09       -7.193067        0.0622
GPMin:   12 18:29:15       -7.215651        0.0604
GPMin:   13 18:29:21       -7.233336        0.0355
GPMin:   14 18:29:27       -7.239056        0.0212
GPMin:   15 18:29:31       -7.239703        0.0149
       Step     Time          Energy         fmax
GPMin:    0 18:29:48       -6.495122        0.3886
GPMin:    1 18:29:56       -6.726994        0.2367
GPMin:    2 18:30:03       -6.845194        0.1754
GPMin:    3 18:30:10       -6.909061        0.1310
GPMin:    4 18:30:16       -6.940430        0.0804
GPMin:    5 18:30:23       -6.952809        0.0595
GPMin:    6 18:30:29       -6.964534        0.0564
GPMin:    7 18:30:35       -6.976836        0.0406
GPMin:    8 18:30:41       -6.989902        0.0528
GPMin:    9 18:30:47       -7.012791        0.0624
GPMin:   10 18:30:53       -7.049260        0.0742
GPMin:   11 18:30:59       -7.096041        0.0834
GPMin:   12 18:31:05       -7.143170        0.0839
GPMin:   13 18:31:10       -7.182498        0.0972
GPMin:   14 18:31:17       -7.210827        0.0976
GPMin:   15 18:31:23       -7.235360        0.0827
GPMin:   16 18:31:29       -7.256087        0.0598
GPMin:   17 18:31:35       -7.268568        0.0508
GPMin:   18 18:31:41       -7.275194        0.0438
GPMin:   19 18:31:46       -7.278289        0.0235
GPMin:   20 18:31:52       -7.279406        0.0124
       Step     Time          Energy         fmax
GPMin:    0 18:32:05       -6.502549        0.7721
GPMin:    1 18:32:14       -6.774698        0.3159
GPMin:    2 18:32:23       -6.915077        0.2720
GPMin:    3 18:32:30       -7.033679        0.1781
GPMin:    4 18:32:36       -7.096600        0.1625
GPMin:    5 18:32:43       -7.146727        0.1344
GPMin:    6 18:32:49       -7.197016        0.1059
GPMin:    7 18:32:55       -7.231753        0.1074
GPMin:    8 18:33:01       -7.256057        0.0899
GPMin:    9 18:33:07       -7.270435        0.0471
GPMin:   10 18:33:12       -7.275672        0.0294
GPMin:   11 18:33:18       -7.277646        0.0238
GPMin:   12 18:33:24       -7.279436        0.0171
       Step     Time          Energy         fmax
GPMin:    0 18:33:35       -6.571050        0.3008
GPMin:    1 18:33:43       -6.752630        0.1805
GPMin:    2 18:33:49       -6.843378        0.1591
GPMin:    3 18:33:56       -6.917639        0.1419
GPMin:    4 18:34:02       -6.980157        0.1201
GPMin:    5 18:34:08       -7.027406        0.0822
GPMin:    6 18:34:14       -7.053622        0.0528
GPMin:    7 18:34:20       -7.066686        0.0614
GPMin:    8 18:34:26       -7.081611        0.0573
GPMin:    9 18:34:32       -7.093603        0.0427
GPMin:   10 18:34:39       -7.102326        0.0387
GPMin:   11 18:34:45       -7.114353        0.0519
GPMin:   12 18:34:51       -7.134850        0.0582
GPMin:   13 18:34:57       -7.161288        0.0771
GPMin:   14 18:35:03       -7.192333        0.0765
GPMin:   15 18:35:09       -7.215353        0.0491
GPMin:   16 18:35:15       -7.224698        0.0387
GPMin:   17 18:35:21       -7.228504        0.0441
GPMin:   18 18:35:26       -7.232223        0.0319
GPMin:   19 18:35:32       -7.235225        0.0330
GPMin:   20 18:35:38       -7.240882        0.0299
GPMin:   21 18:35:44       -7.245385        0.0357
GPMin:   22 18:35:49       -7.249693        0.0290
GPMin:   23 18:35:55       -7.254074        0.0405
GPMin:   24 18:36:00       -7.261635        0.0453
GPMin:   25 18:36:07       -7.270972        0.0323
GPMin:   26 18:36:13       -7.277339        0.0298
GPMin:   27 18:36:19       -7.279750        0.0204
GPMin:   28 18:36:24       -7.280563        0.0156
       Step     Time          Energy         fmax
GPMin:    0 18:36:36       -6.275172        0.4299
GPMin:    1 18:36:43       -6.590150        0.3886
GPMin:    2 18:36:50       -6.805160        0.3101
GPMin:    3 18:36:57       -6.965514        0.2124
GPMin:    4 18:37:04       -7.058871        0.1588
GPMin:    5 18:37:10       -7.105836        0.1362
GPMin:    6 18:37:16       -7.135616        0.1143
GPMin:    7 18:37:23       -7.160690        0.1155
GPMin:    8 18:37:29       -7.183921        0.1099
GPMin:    9 18:37:35       -7.203995        0.1006
GPMin:   10 18:37:40       -7.223330        0.0880
GPMin:   11 18:37:46       -7.242597        0.0643
GPMin:   12 18:37:52       -7.257218        0.0507
GPMin:   13 18:37:58       -7.265754        0.0507
GPMin:   14 18:38:03       -7.270079        0.0435
GPMin:   15 18:38:09       -7.273644        0.0357
GPMin:   16 18:38:14       -7.276869        0.0267
GPMin:   17 18:38:20       -7.278961        0.0210
GPMin:   18 18:38:25       -7.279888        0.0145
       Step     Time          Energy         fmax
GPMin:    0 18:38:38       -6.128749        1.1113
GPMin:    1 18:38:46       -6.512177        0.3219
GPMin:    2 18:38:54       -6.622464        0.1970
GPMin:    3 18:39:01       -6.697025        0.1923
GPMin:    4 18:39:07       -6.770267        0.1962
GPMin:    5 18:39:14       -6.835947        0.1783
GPMin:    6 18:39:20       -6.895022        0.1264
GPMin:    7 18:39:27       -6.931136        0.1070
GPMin:    8 18:39:33       -6.949215        0.1025
GPMin:    9 18:39:39       -6.967499        0.0841
GPMin:   10 18:39:46       -6.984179        0.0998
GPMin:   11 18:39:52       -7.002315        0.0982
GPMin:   12 18:39:57       -7.028643        0.1123
GPMin:   13 18:40:03       -7.063460        0.1114
GPMin:   14 18:40:08       -7.097032        0.0844
GPMin:   15 18:40:14       -7.122553        0.0710
GPMin:   16 18:40:19       -7.135105        0.0558
GPMin:   17 18:40:25       -7.142071        0.0511
GPMin:   18 18:40:30       -7.147355        0.0368
GPMin:   19 18:40:36       -7.150302        0.0287
GPMin:   20 18:40:41       -7.153372        0.0368
GPMin:   21 18:40:47       -7.157279        0.0309
GPMin:   22 18:40:53       -7.160499        0.0307
GPMin:   23 18:40:58       -7.168060        0.0394
GPMin:   24 18:41:04       -7.176592        0.0565
GPMin:   25 18:41:09       -7.188962        0.0702
GPMin:   26 18:41:15       -7.209250        0.0619
GPMin:   27 18:41:21       -7.230934        0.0532
GPMin:   28 18:41:26       -7.251699        0.0524
GPMin:   29 18:41:32       -7.267978        0.0430
GPMin:   30 18:41:37       -7.277265        0.0300
GPMin:   31 18:41:43       -7.280176        0.0207
GPMin:   32 18:41:48       -7.280746        0.0106
       Step     Time          Energy         fmax
GPMin:    0 18:42:01       -6.570551        0.4801
GPMin:    1 18:42:08       -6.806883        0.1762
GPMin:    2 18:42:16       -6.891447        0.1469
GPMin:    3 18:42:22       -6.967056        0.1487
GPMin:    4 18:42:29       -7.038723        0.1429
GPMin:    5 18:42:35       -7.103500        0.1265
GPMin:    6 18:42:42       -7.154228        0.0974
GPMin:    7 18:42:48       -7.187044        0.0713
GPMin:    8 18:42:55       -7.204467        0.0599
GPMin:    9 18:43:01       -7.219490        0.0613
GPMin:   10 18:43:06       -7.239131        0.0708
GPMin:   11 18:43:12       -7.260753        0.0584
GPMin:   12 18:43:19       -7.275255        0.0438
GPMin:   13 18:43:24       -7.279516        0.0332
GPMin:   14 18:43:29       -7.280498        0.0165
       Step     Time          Energy         fmax
GPMin:    0 18:43:40       -6.158059        0.4131
GPMin:    1 18:43:48       -6.335438        0.3103
GPMin:    2 18:43:54       -6.456820        0.2616
GPMin:    3 18:44:01       -6.556584        0.2263
GPMin:    4 18:44:07       -6.652646        0.2120
GPMin:    5 18:44:13       -6.751255        0.1842
GPMin:    6 18:44:20       -6.840449        0.1691
GPMin:    7 18:44:27       -6.911246        0.1459
GPMin:    8 18:44:33       -6.962203        0.1273
GPMin:    9 18:44:39       -7.004248        0.1129
GPMin:   10 18:44:46       -7.043924        0.0886
GPMin:   11 18:44:52       -7.075509        0.0827
GPMin:   12 18:44:58       -7.097025        0.0730
GPMin:   13 18:45:04       -7.114968        0.0794
GPMin:   14 18:45:09       -7.129913        0.0582
GPMin:   15 18:45:15       -7.138143        0.0342
GPMin:   16 18:45:20       -7.140879        0.0324
GPMin:   17 18:45:26       -7.142517        0.0237
GPMin:   18 18:45:31       -7.143677        0.0179
       Step     Time          Energy         fmax
GPMin:    0 18:45:43       -6.567184        0.2261
GPMin:    1 18:45:50       -6.682959        0.1852
GPMin:    2 18:45:57       -6.769447        0.1512
GPMin:    3 18:46:04       -6.836594        0.1358
GPMin:    4 18:46:11       -6.891894        0.1171
GPMin:    5 18:46:18       -6.935805        0.1043
GPMin:    6 18:46:24       -6.967316        0.0679
GPMin:    7 18:46:30       -6.983610        0.0504
GPMin:    8 18:46:35       -6.994555        0.0578
GPMin:    9 18:46:41       -7.011436        0.0673
GPMin:   10 18:46:48       -7.032736        0.0733
GPMin:   11 18:46:54       -7.057447        0.0781
GPMin:   12 18:47:00       -7.080491        0.0706
GPMin:   13 18:47:06       -7.097478        0.0457
GPMin:   14 18:47:12       -7.104339        0.0348
GPMin:   15 18:47:17       -7.107388        0.0373
GPMin:   16 18:47:23       -7.111052        0.0383
GPMin:   17 18:47:28       -7.118678        0.0462
GPMin:   18 18:47:34       -7.129017        0.0420
GPMin:   19 18:47:40       -7.139907        0.0396
GPMin:   20 18:47:47       -7.149300        0.0344
GPMin:   21 18:47:53       -7.156983        0.0436
GPMin:   22 18:47:58       -7.164490        0.0562
GPMin:   23 18:48:04       -7.178552        0.0659
GPMin:   24 18:48:11       -7.200508        0.0716
GPMin:   25 18:48:17       -7.226297        0.0707
GPMin:   26 18:48:23       -7.252607        0.0596
GPMin:   27 18:48:29       -7.268888        0.0457
GPMin:   28 18:48:35       -7.274762        0.0342
GPMin:   29 18:48:40       -7.276359        0.0309
GPMin:   30 18:48:45       -7.278461        0.0281
GPMin:   31 18:48:51       -7.279727        0.0170
       Step     Time          Energy         fmax
GPMin:    0 18:49:07       -6.304954        0.8529
GPMin:    1 18:49:15       -6.593090        0.2849
GPMin:    2 18:49:22       -6.737366        0.2606
GPMin:    3 18:49:30       -6.878124        0.2108
GPMin:    4 18:49:36       -6.973962        0.2213
GPMin:    5 18:49:43       -7.046439        0.2325
GPMin:    6 18:49:50       -7.122229        0.2236
GPMin:    7 18:49:56       -7.188022        0.1856
GPMin:    8 18:50:02       -7.232765        0.1241
GPMin:    9 18:50:09       -7.252945        0.0838
GPMin:   10 18:50:15       -7.264197        0.0759
GPMin:   11 18:50:20       -7.273379        0.0575
GPMin:   12 18:50:26       -7.277993        0.0381
GPMin:   13 18:50:31       -7.280148        0.0198
       Step     Time          Energy         fmax
GPMin:    0 18:50:44       -6.097421        0.5232
GPMin:    1 18:50:51       -6.338456        0.2386
GPMin:    2 18:50:57       -6.485497        0.1682
GPMin:    3 18:51:03       -6.568486        0.1661
GPMin:    4 18:51:10       -6.610027        0.1648
GPMin:    5 18:51:16       -6.662056        0.1664
GPMin:    6 18:51:21       -6.696451        0.1649
GPMin:    7 18:51:27       -6.746219        0.1609
GPMin:    8 18:51:34       -6.799862        0.1307
GPMin:    9 18:51:39       -6.829038        0.0824
GPMin:   10 18:51:45       -6.841140        0.0333
GPMin:   11 18:51:50       -6.843430        0.0255
GPMin:   12 18:51:56       -6.845344        0.0187
       Step     Time          Energy         fmax
GPMin:    0 18:52:10       -6.178549        0.3054
GPMin:    1 18:52:18       -6.444016        0.3072
GPMin:    2 18:52:24       -6.626554        0.3067
GPMin:    3 18:52:31       -6.772134        0.2832
GPMin:    4 18:52:38       -6.881608        0.2602
GPMin:    5 18:52:45       -6.961473        0.2309
GPMin:    6 18:52:51       -7.052237        0.1884
GPMin:    7 18:52:57       -7.096577        0.1717
GPMin:    8 18:53:03       -7.139647        0.1533
GPMin:    9 18:53:09       -7.172754        0.1177
GPMin:   10 18:53:16       -7.195643        0.0943
GPMin:   11 18:53:22       -7.216604        0.0969
GPMin:   12 18:53:28       -7.238870        0.0762
GPMin:   13 18:53:34       -7.256348        0.0521
GPMin:   14 18:53:40       -7.266715        0.0441
GPMin:   15 18:53:45       -7.273877        0.0438
GPMin:   16 18:53:51       -7.277963        0.0292
GPMin:   17 18:53:56       -7.279535        0.0174
       Step     Time          Energy         fmax
GPMin:    0 18:54:09       -6.331081        0.4508
GPMin:    1 18:54:18       -6.533973        0.2123
GPMin:    2 18:54:26       -6.675721        0.2002
GPMin:    3 18:54:34       -6.791365        0.1663
GPMin:    4 18:54:41       -6.869401        0.1303
GPMin:    5 18:54:48       -6.912920        0.1014
GPMin:    6 18:54:55       -6.941721        0.0763
GPMin:    7 18:55:00       -6.951499        0.0731
GPMin:    8 18:55:06       -6.962465        0.0516
GPMin:    9 18:55:12       -6.968700        0.0398
GPMin:   10 18:55:18       -6.974346        0.0354
GPMin:   11 18:55:24       -6.983472        0.0477
GPMin:   12 18:55:30       -6.999369        0.0481
GPMin:   13 18:55:36       -7.023891        0.0703
GPMin:   14 18:55:42       -7.058004        0.0916
GPMin:   15 18:55:48       -7.100752        0.1001
GPMin:   16 18:55:54       -7.146491        0.0878
GPMin:   17 18:55:59       -7.185761        0.0929
GPMin:   18 18:56:05       -7.211714        0.0887
GPMin:   19 18:56:11       -7.228656        0.0702
GPMin:   20 18:56:17       -7.239952        0.0379
GPMin:   21 18:56:23       -7.244175        0.0320
GPMin:   22 18:56:28       -7.246974        0.0315
GPMin:   23 18:56:34       -7.250863        0.0394
GPMin:   24 18:56:39       -7.254240        0.0430
GPMin:   25 18:56:45       -7.261635        0.0339
GPMin:   26 18:56:51       -7.269749        0.0319
GPMin:   27 18:56:57       -7.274865        0.0293
GPMin:   28 18:57:03       -7.277878        0.0237
GPMin:   29 18:57:08       -7.279428        0.0199
       Step     Time          Energy         fmax
GPMin:    0 18:57:25       -6.178549        0.3054
GPMin:    1 18:57:33       -6.444006        0.3072
GPMin:    2 18:57:40       -6.626527        0.3067
GPMin:    3 18:57:46       -6.772109        0.2832
GPMin:    4 18:57:53       -6.881585        0.2602
GPMin:    5 18:58:00       -6.961452        0.2309
GPMin:    6 18:58:06       -7.052253        0.1884
GPMin:    7 18:58:12       -7.096574        0.1714
GPMin:    8 18:58:18       -7.139603        0.1531
GPMin:    9 18:58:25       -7.172698        0.1177
GPMin:   10 18:58:31       -7.195616        0.0943
GPMin:   11 18:58:37       -7.216606        0.0968
GPMin:   12 18:58:43       -7.238875        0.0759
GPMin:   13 18:58:49       -7.256341        0.0522
GPMin:   14 18:58:55       -7.266704        0.0441
GPMin:   15 18:59:00       -7.273869        0.0437
GPMin:   16 18:59:06       -7.277956        0.0291
GPMin:   17 18:59:10       -7.279536        0.0174
       Step     Time          Energy         fmax
GPMin:    0 18:59:26       -5.406309        0.4297
GPMin:    1 18:59:35       -5.749498        0.4261
GPMin:    2 18:59:44       -6.011256        0.4018
GPMin:    3 18:59:52       -6.205830        0.3661
GPMin:    4 18:59:59       -6.315440        0.3310
GPMin:    5 19:00:08       -6.616818        0.3143
GPMin:    6 19:00:15       -6.713950        0.3306
GPMin:    7 19:00:23       -6.800802        0.3257
GPMin:    8 19:00:30       -6.905576        0.2911
GPMin:    9 19:00:36       -6.996844        0.2279
GPMin:   10 19:00:42       -7.057983        0.1475
GPMin:   11 19:00:49       -7.092727        0.1494
GPMin:   12 19:00:54       -7.113306        0.1652
GPMin:   13 19:01:00       -7.138212        0.1303
GPMin:   14 19:01:06       -7.163503        0.1081
GPMin:   15 19:01:12       -7.185150        0.1064
GPMin:   16 19:01:17       -7.202687        0.0932
GPMin:   17 19:01:23       -7.217165        0.0715
GPMin:   18 19:01:28       -7.228736        0.0521
GPMin:   19 19:01:34       -7.235349        0.0485
GPMin:   20 19:01:39       -7.238853        0.0391
GPMin:   21 19:01:45       -7.241656        0.0298
GPMin:   22 19:01:50       -7.243175        0.0287
GPMin:   23 19:01:56       -7.244373        0.0313
GPMin:   24 19:02:01       -7.246024        0.0277
GPMin:   25 19:02:07       -7.249224        0.0378
GPMin:   26 19:02:12       -7.251830        0.0398
GPMin:   27 19:02:18       -7.259294        0.0410
GPMin:   28 19:02:23       -7.264374        0.0461
GPMin:   29 19:02:29       -7.271218        0.0418
GPMin:   30 19:02:34       -7.275690        0.0268
GPMin:   31 19:02:40       -7.278422        0.0277
GPMin:   32 19:02:45       -7.279427        0.0232
GPMin:   33 19:02:50       -7.280108        0.0132
       Step     Time          Energy         fmax
GPMin:    0 19:03:04       -6.121700        0.9353
GPMin:    1 19:03:12       -6.445904        0.2795
GPMin:    2 19:03:20       -6.545263        0.1993
GPMin:    3 19:03:26       -6.617535        0.1929
GPMin:    4 19:03:32       -6.661608        0.2006
GPMin:    5 19:03:39       -6.727242        0.2364
GPMin:    6 19:03:45       -6.735261        0.2142
GPMin:    7 19:03:52       -6.861377        0.2269
GPMin:    8 19:03:58       -6.904271        0.2171
GPMin:    9 19:04:04       -6.971753        0.1905
GPMin:   10 19:04:10       -7.022683        0.1496
GPMin:   11 19:04:16       -7.060197        0.1056
GPMin:   12 19:04:22       -7.089868        0.0997
GPMin:   13 19:04:29       -7.119584        0.1073
GPMin:   14 19:04:35       -7.148534        0.0844
GPMin:   15 19:04:41       -7.175192        0.0720
GPMin:   16 19:04:47       -7.199691        0.0868
GPMin:   17 19:04:52       -7.222277        0.0946
GPMin:   18 19:04:58       -7.241956        0.0896
GPMin:   19 19:05:05       -7.258363        0.0766
GPMin:   20 19:05:11       -7.270095        0.0484
GPMin:   21 19:05:16       -7.275425        0.0291
GPMin:   22 19:05:22       -7.277758        0.0260
GPMin:   23 19:05:27       -7.279479        0.0265
GPMin:   24 19:05:33       -7.280297        0.0171
       Step     Time          Energy         fmax
GPMin:    0 19:05:47       -6.571051        0.3007
GPMin:    1 19:05:54       -6.752649        0.1806
GPMin:    2 19:06:01       -6.843389        0.1591
GPMin:    3 19:06:07       -6.917643        0.1419
GPMin:    4 19:06:13       -6.980156        0.1201
GPMin:    5 19:06:19       -7.027403        0.0823
GPMin:    6 19:06:26       -7.053622        0.0528
GPMin:    7 19:06:31       -7.066683        0.0614
GPMin:    8 19:06:37       -7.081606        0.0574
GPMin:    9 19:06:43       -7.093600        0.0427
GPMin:   10 19:06:49       -7.102322        0.0387
GPMin:   11 19:06:56       -7.114348        0.0519
GPMin:   12 19:07:02       -7.134850        0.0582
GPMin:   13 19:07:07       -7.161288        0.0771
GPMin:   14 19:07:14       -7.192330        0.0765
GPMin:   15 19:07:20       -7.215346        0.0491
GPMin:   16 19:07:26       -7.224691        0.0386
GPMin:   17 19:07:31       -7.228497        0.0441
GPMin:   18 19:07:37       -7.232214        0.0319
GPMin:   19 19:07:42       -7.235214        0.0330
GPMin:   20 19:07:49       -7.240868        0.0299
GPMin:   21 19:07:54       -7.245362        0.0356
GPMin:   22 19:08:00       -7.249660        0.0290
GPMin:   23 19:08:05       -7.254028        0.0405
GPMin:   24 19:08:11       -7.261588        0.0453
GPMin:   25 19:08:17       -7.270935        0.0324
GPMin:   26 19:08:23       -7.277319        0.0298
GPMin:   27 19:08:29       -7.279742        0.0205
GPMin:   28 19:08:34       -7.280561        0.0156
       Step     Time          Energy         fmax
GPMin:    0 19:08:48       -6.796747        0.3234
GPMin:    1 19:08:55       -6.946909        0.3112
GPMin:    2 19:09:02       -7.063558        0.3187
GPMin:    3 19:09:08       -7.175949        0.2738
GPMin:    4 19:09:14       -7.244611        0.1500
GPMin:    5 19:09:19       -7.261763        0.0721
GPMin:    6 19:09:25       -7.270996        0.0704
GPMin:    7 19:09:31       -7.278167        0.0314
GPMin:    8 19:09:37       -7.280614        0.0150
       Step     Time          Energy         fmax
GPMin:    0 19:09:48       -6.332515        0.3362
GPMin:    1 19:09:55       -6.564217        0.2985
GPMin:    2 19:10:02       -6.719417        0.2441
GPMin:    3 19:10:09       -6.840144        0.1774
GPMin:    4 19:10:16       -6.922216        0.1521
GPMin:    5 19:10:23       -6.967954        0.1159
GPMin:    6 19:10:29       -6.997707        0.0824
GPMin:    7 19:10:35       -7.011591        0.0890
GPMin:    8 19:10:41       -7.031177        0.0877
GPMin:    9 19:10:47       -7.061781        0.0919
GPMin:   10 19:10:53       -7.099059        0.1043
GPMin:   11 19:10:59       -7.143760        0.0989
GPMin:   12 19:11:05       -7.183532        0.1017
GPMin:   13 19:11:11       -7.212405        0.0990
GPMin:   14 19:11:17       -7.236522        0.0807
GPMin:   15 19:11:23       -7.256970        0.0511
GPMin:   16 19:11:29       -7.267649        0.0470
GPMin:   17 19:11:35       -7.273297        0.0432
GPMin:   18 19:11:40       -7.277622        0.0296
GPMin:   19 19:11:46       -7.279297        0.0143
       Step     Time          Energy         fmax
GPMin:    0 19:12:01       -5.911471        0.7333
GPMin:    1 19:12:09       -6.230417        0.2604
GPMin:    2 19:12:16       -6.394173        0.2465
GPMin:    3 19:12:22       -6.505607        0.2532
GPMin:    4 19:12:28       -6.591599        0.2586
GPMin:    5 19:12:34       -6.746326        0.2464
GPMin:    6 19:12:40       -6.816854        0.2312
GPMin:    7 19:12:47       -6.911753        0.1941
GPMin:    8 19:12:53       -6.994959        0.1612
GPMin:    9 19:13:00       -7.059301        0.1361
GPMin:   10 19:13:06       -7.096917        0.1175
GPMin:   11 19:13:12       -7.125885        0.1002
GPMin:   12 19:13:17       -7.158068        0.1097
GPMin:   13 19:13:23       -7.190047        0.0911
GPMin:   14 19:13:29       -7.219422        0.0875
GPMin:   15 19:13:35       -7.244510        0.0803
GPMin:   16 19:13:41       -7.264107        0.0625
GPMin:   17 19:13:46       -7.273993        0.0385
GPMin:   18 19:13:51       -7.277023        0.0326
GPMin:   19 19:13:56       -7.278676        0.0237
GPMin:   20 19:14:01       -7.279726        0.0134
       Step     Time          Energy         fmax
GPMin:    0 19:14:15       -6.081045        0.2749
GPMin:    1 19:14:23       -6.238958        0.2295
GPMin:    2 19:14:29       -6.386858        0.2449
GPMin:    3 19:14:36       -6.512762        0.2539
GPMin:    4 19:14:42       -6.619798        0.2569
GPMin:    5 19:14:49       -6.708596        0.2555
GPMin:    6 19:14:55       -6.803021        0.2381
GPMin:    7 19:15:01       -6.859272        0.2121
GPMin:    8 19:15:07       -6.911446        0.1603
GPMin:    9 19:15:13       -6.954317        0.0983
GPMin:   10 19:15:19       -6.987348        0.1316
GPMin:   11 19:15:25       -7.026671        0.1400
GPMin:   12 19:15:30       -7.079784        0.1105
GPMin:   13 19:15:35       -7.129738        0.1070
GPMin:   14 19:15:40       -7.172689        0.1013
GPMin:   15 19:15:46       -7.203110        0.0851
GPMin:   16 19:15:51       -7.218432        0.0718
GPMin:   17 19:15:56       -7.228690        0.0689
GPMin:   18 19:16:01       -7.240280        0.0579
GPMin:   19 19:16:07       -7.250187        0.0538
GPMin:   20 19:16:12       -7.257222        0.0429
GPMin:   21 19:16:17       -7.262376        0.0363
GPMin:   22 19:16:22       -7.266577        0.0391
GPMin:   23 19:16:27       -7.270610        0.0336
GPMin:   24 19:16:33       -7.274829        0.0278
GPMin:   25 19:16:38       -7.277417        0.0259
GPMin:   26 19:16:43       -7.278641        0.0215
GPMin:   27 19:16:48       -7.279526        0.0193
       Step     Time          Energy         fmax
GPMin:    0 19:17:03       -6.278448        0.6755
GPMin:    1 19:17:11       -6.465730        0.2250
GPMin:    2 19:17:17       -6.570962        0.1748
GPMin:    3 19:17:23       -6.653013        0.1292
GPMin:    4 19:17:29       -6.705895        0.1367
GPMin:    5 19:17:35       -6.750798        0.1444
GPMin:    6 19:17:41       -6.801645        0.1544
GPMin:    7 19:17:47       -6.856204        0.1583
GPMin:    8 19:17:53       -6.925879        0.1686
GPMin:    9 19:18:00       -6.988129        0.1764
GPMin:   10 19:18:06       -7.040296        0.1686
GPMin:   11 19:18:13       -7.088605        0.1355
GPMin:   12 19:18:18       -7.120972        0.1173
GPMin:   13 19:18:24       -7.139744        0.0981
GPMin:   14 19:18:30       -7.156403        0.0663
GPMin:   15 19:18:36       -7.167142        0.0685
GPMin:   16 19:18:42       -7.177769        0.0730
GPMin:   17 19:18:48       -7.192280        0.0807
GPMin:   18 19:18:54       -7.213190        0.0820
GPMin:   19 19:18:59       -7.238103        0.0756
GPMin:   20 19:19:05       -7.260113        0.0549
GPMin:   21 19:19:11       -7.272562        0.0462
GPMin:   22 19:19:16       -7.276079        0.0323
GPMin:   23 19:19:20       -7.277411        0.0247
GPMin:   24 19:19:26       -7.278972        0.0238
GPMin:   25 19:19:30       -7.279580        0.0158
       Step     Time          Energy         fmax
GPMin:    0 19:19:42       -6.552066        0.9881
GPMin:    1 19:19:49       -6.863724        0.2741
GPMin:    2 19:19:56       -6.938124        0.1407
GPMin:    3 19:20:02       -6.977729        0.1366
GPMin:    4 19:20:07       -7.014552        0.0954
GPMin:    5 19:20:13       -7.045588        0.1004
GPMin:    6 19:20:19       -7.088724        0.0816
GPMin:    7 19:20:25       -7.123812        0.0904
GPMin:    8 19:20:31       -7.162509        0.0997
GPMin:    9 19:20:36       -7.202387        0.0961
GPMin:   10 19:20:42       -7.233641        0.0848
GPMin:   11 19:20:48       -7.257229        0.0640
GPMin:   12 19:20:53       -7.272800        0.0507
GPMin:   13 19:20:59       -7.278609        0.0367
GPMin:   14 19:21:04       -7.279608        0.0242
GPMin:   15 19:21:09       -7.280681        0.0092
       Step     Time          Energy         fmax
GPMin:    0 19:21:24       -6.192607        0.2766
GPMin:    1 19:21:31       -6.395547        0.1990
GPMin:    2 19:21:37       -6.499603        0.1912
GPMin:    3 19:21:43       -6.573012        0.1932
GPMin:    4 19:21:49       -6.645721        0.1925
GPMin:    5 19:21:56       -6.718256        0.1873
GPMin:    6 19:22:02       -6.796176        0.1827
GPMin:    7 19:22:08       -6.886327        0.1830
GPMin:    8 19:22:15       -6.975671        0.1753
GPMin:    9 19:22:21       -7.049282        0.1460
GPMin:   10 19:22:27       -7.098752        0.1066
GPMin:   11 19:22:33       -7.123663        0.0969
GPMin:   12 19:22:38       -7.142960        0.0964
GPMin:   13 19:22:44       -7.164869        0.0941
GPMin:   14 19:22:50       -7.189667        0.1126
GPMin:   15 19:22:56       -7.216795        0.1200
GPMin:   16 19:23:01       -7.245709        0.1024
GPMin:   17 19:23:07       -7.266845        0.0634
GPMin:   18 19:23:13       -7.275851        0.0257
GPMin:   19 19:23:18       -7.278157        0.0271
GPMin:   20 19:23:23       -7.279446        0.0284
GPMin:   21 19:23:27       -7.280165        0.0157
       Step     Time          Energy         fmax
GPMin:    0 19:23:41       -6.756852        0.3335
GPMin:    1 19:23:48       -6.866061        0.1677
GPMin:    2 19:23:54       -6.937972        0.1439
GPMin:    3 19:24:01       -6.973610        0.1431
GPMin:    4 19:24:07       -7.014592        0.1412
GPMin:    5 19:24:13       -7.062128        0.1237
GPMin:    6 19:24:19       -7.091138        0.0697
GPMin:    7 19:24:24       -7.099983        0.0293
GPMin:    8 19:24:30       -7.103759        0.0283
GPMin:    9 19:24:35       -7.107444        0.0213
GPMin:   10 19:24:40       -7.110181        0.0185
       Step     Time          Energy         fmax
GPMin:    0 19:24:54       -6.604918        0.2665
GPMin:    1 19:25:01       -6.721507        0.2497
GPMin:    2 19:25:07       -6.826544        0.2593
GPMin:    3 19:25:14       -6.927885        0.2472
GPMin:    4 19:25:19       -7.016473        0.1909
GPMin:    5 19:25:25       -7.070076        0.0863
GPMin:    6 19:25:31       -7.092006        0.0577
GPMin:    7 19:25:36       -7.104830        0.0606
GPMin:    8 19:25:42       -7.115440        0.0681
GPMin:    9 19:25:48       -7.129663        0.0628
GPMin:   10 19:25:54       -7.143851        0.0462
GPMin:   11 19:25:59       -7.151742        0.0347
GPMin:   12 19:26:05       -7.154978        0.0317
GPMin:   13 19:26:10       -7.159838        0.0390
GPMin:   14 19:26:15       -7.172397        0.0523
GPMin:   15 19:26:21       -7.195346        0.0672
GPMin:   16 19:26:27       -7.222198        0.0698
GPMin:   17 19:26:33       -7.247057        0.0676
GPMin:   18 19:26:39       -7.263984        0.0536
GPMin:   19 19:26:44       -7.271262        0.0392
GPMin:   20 19:26:49       -7.273956        0.0317
GPMin:   21 19:26:55       -7.277454        0.0321
GPMin:   22 19:27:00       -7.279506        0.0237
GPMin:   23 19:27:05       -7.280664        0.0167
       Step     Time          Energy         fmax
GPMin:    0 19:27:19       -6.570551        0.4801
GPMin:    1 19:27:26       -6.806905        0.1762
GPMin:    2 19:27:33       -6.891472        0.1469
GPMin:    3 19:27:40       -6.967075        0.1487
GPMin:    4 19:27:46       -7.038741        0.1429
GPMin:    5 19:27:52       -7.103515        0.1265
GPMin:    6 19:27:59       -7.154245        0.0974
GPMin:    7 19:28:05       -7.187054        0.0712
GPMin:    8 19:28:11       -7.204472        0.0599
GPMin:    9 19:28:16       -7.219500        0.0613
GPMin:   10 19:28:22       -7.239144        0.0708
GPMin:   11 19:28:28       -7.260767        0.0584
GPMin:   12 19:28:34       -7.275263        0.0439
GPMin:   13 19:28:39       -7.279516        0.0332
GPMin:   14 19:28:43       -7.280498        0.0165
       Step     Time          Energy         fmax
GPMin:    0 19:28:59       -6.271109        0.4016
GPMin:    1 19:29:07       -6.490868        0.2810
GPMin:    2 19:29:14       -6.643334        0.2461
GPMin:    3 19:29:20       -6.785198        0.2368
GPMin:    4 19:29:27       -6.906861        0.2249
GPMin:    5 19:29:33       -7.010032        0.2075
GPMin:    6 19:29:40       -7.096236        0.1891
GPMin:    7 19:29:46       -7.167150        0.1654
GPMin:    8 19:29:53       -7.220685        0.1201
GPMin:    9 19:29:59       -7.253299        0.0683
GPMin:   10 19:30:05       -7.269233        0.0552
GPMin:   11 19:30:10       -7.275161        0.0380
GPMin:   12 19:30:15       -7.277148        0.0304
GPMin:   13 19:30:20       -7.279604        0.0208
GPMin:   14 19:30:25       -7.280302        0.0163
       Step     Time          Energy         fmax
GPMin:    0 19:30:41       -6.233929        0.5374
GPMin:    1 19:30:46       -6.403186        0.1334
GPMin:    2 19:30:53       -6.455369        0.1151
GPMin:    3 19:30:59       -6.496377        0.1053
GPMin:    4 19:31:05       -6.529722        0.0964
GPMin:    5 19:31:11       -6.568293        0.1061
GPMin:    6 19:31:17       -6.614455        0.1272
GPMin:    7 19:31:22       -6.672539        0.1569
GPMin:    8 19:31:28       -6.742331        0.1711
GPMin:    9 19:31:33       -6.812287        0.1410
GPMin:   10 19:31:39       -6.846960        0.0403
GPMin:   11 19:31:44       -6.849312        0.0173
       Step     Time          Energy         fmax
GPMin:    0 19:31:59       -6.448617        0.4338
GPMin:    1 19:32:05       -6.741715        0.3393
GPMin:    2 19:32:12       -6.926398        0.2786
GPMin:    3 19:32:18       -7.047236        0.1965
GPMin:    4 19:32:25       -7.102898        0.1157
GPMin:    5 19:32:31       -7.121000        0.0943
GPMin:    6 19:32:37       -7.135342        0.1003
GPMin:    7 19:32:43       -7.154145        0.0915
GPMin:    8 19:32:48       -7.175366        0.0917
GPMin:    9 19:32:54       -7.199469        0.0993
GPMin:   10 19:33:00       -7.223533        0.0895
GPMin:   11 19:33:06       -7.247732        0.0692
GPMin:   12 19:33:12       -7.265842        0.0687
GPMin:   13 19:33:17       -7.274319        0.0518
GPMin:   14 19:33:22       -7.277695        0.0315
GPMin:   15 19:33:28       -7.279642        0.0154
       Step     Time          Energy         fmax
GPMin:    0 19:33:41       -6.610070        0.5089
GPMin:    1 19:33:49       -6.770262        0.1673
GPMin:    2 19:33:55       -6.832705        0.1519
GPMin:    3 19:34:02       -6.885087        0.1114
GPMin:    4 19:34:08       -6.911460        0.0671
GPMin:    5 19:34:14       -6.921316        0.0622
GPMin:    6 19:34:20       -6.938208        0.0558
GPMin:    7 19:34:26       -6.953975        0.0661
GPMin:    8 19:34:31       -6.976532        0.0734
GPMin:    9 19:34:38       -7.007614        0.0730
GPMin:   10 19:34:44       -7.039484        0.0727
GPMin:   11 19:34:50       -7.071525        0.0613
GPMin:   12 19:34:56       -7.093430        0.0407
GPMin:   13 19:35:02       -7.101719        0.0303
GPMin:   14 19:35:07       -7.104535        0.0275
GPMin:   15 19:35:12       -7.108309        0.0179
       Step     Time          Energy         fmax
GPMin:    0 19:35:27       -6.600771        0.3559
GPMin:    1 19:35:34       -6.805145        0.3285
GPMin:    2 19:35:40       -6.926402        0.2859
GPMin:    3 19:35:46       -7.020360        0.2328
GPMin:    4 19:35:52       -7.093323        0.1714
GPMin:    5 19:35:58       -7.134704        0.0819
GPMin:    6 19:36:04       -7.146536        0.0413
GPMin:    7 19:36:09       -7.148897        0.0243
GPMin:    8 19:36:14       -7.149833        0.0120
       Step     Time          Energy         fmax
GPMin:    0 19:36:27       -7.071504        0.3263
GPMin:    1 19:36:34       -7.129061        0.1154
GPMin:    2 19:36:40       -7.140847        0.0761
GPMin:    3 19:36:47       -7.144799        0.0556
GPMin:    4 19:36:52       -7.148090        0.0129
       Step     Time          Energy         fmax
GPMin:    0 19:37:07       -7.106313        0.1512
GPMin:    1 19:37:14       -7.126870        0.1231
GPMin:    2 19:37:20       -7.130226        0.1214
GPMin:    3 19:37:27       -7.136074        0.0871
GPMin:    4 19:37:33       -7.147015        0.0434
GPMin:    5 19:38:21       -7.151960        0.0073
       Step     Time          Energy         fmax
GPMin:    0 19:38:35       -6.775009        0.4365
GPMin:    1 19:38:42       -6.917894        0.1543
GPMin:    2 19:38:48       -6.985820        0.1509
GPMin:    3 19:38:54       -7.061264        0.1236
GPMin:    4 19:39:00       -7.117174        0.0881
GPMin:    5 19:39:06       -7.143283        0.0574
GPMin:    6 19:39:11       -7.147567        0.0206
GPMin:    7 19:39:16       -7.148314        0.0107
       Step     Time          Energy         fmax
GPMin:    0 19:39:32       -7.055762        0.2238
GPMin:    1 19:39:39       -7.106849        0.1351
GPMin:    2 19:39:45       -7.143741        0.0372
GPMin:    3 19:39:50       -7.148321        0.0213
GPMin:    4 19:39:55       -7.148729        0.0250
GPMin:    5 19:40:00       -7.149708        0.0238
GPMin:    6 19:40:05       -7.150449        0.0261
GPMin:    7 19:40:16       -7.151734        0.0178
       Step     Time          Energy         fmax
GPMin:    0 19:40:32       -7.091379        0.1378
GPMin:    1 19:40:39       -7.113370        0.1466
GPMin:    2 19:40:45       -7.142831        0.0520
GPMin:    3 19:40:51       -7.147181        0.0344
GPMin:    4 19:40:57       -7.147509        0.0467
GPMin:    5 19:41:02       -7.149222        0.0315
GPMin:    6 19:41:13       -7.150528        0.0296
GPMin:    7 19:41:42       -7.152556        0.0056
       Step     Time          Energy         fmax
GPMin:    0 19:41:59       -6.089423        0.3844
GPMin:    1 19:42:08       -6.312392        0.3295
GPMin:    2 19:42:15       -6.485814        0.3109
GPMin:    3 19:42:23       -6.629972        0.2663
GPMin:    4 19:42:29       -6.732883        0.2723
GPMin:    5 19:42:35       -6.808754        0.2752
GPMin:    6 19:42:42       -6.930657        0.2683
GPMin:    7 19:42:47       -6.991114        0.2627
GPMin:    8 19:42:53       -7.071081        0.2404
GPMin:    9 19:42:59       -7.145215        0.1878
GPMin:   10 19:43:04       -7.194593        0.1080
GPMin:   11 19:43:09       -7.219323        0.0921
GPMin:   12 19:43:14       -7.231377        0.0830
GPMin:   13 19:43:20       -7.245100        0.0664
GPMin:   14 19:43:25       -7.254313        0.0392
GPMin:   15 19:43:30       -7.258199        0.0384
GPMin:   16 19:43:35       -7.263738        0.0417
GPMin:   17 19:43:40       -7.268921        0.0347
GPMin:   18 19:43:45       -7.273537        0.0328
GPMin:   19 19:43:50       -7.277204        0.0296
GPMin:   20 19:43:55       -7.279077        0.0219
GPMin:   21 19:44:00       -7.279887        0.0175
       Step     Time          Energy         fmax
GPMin:    0 19:44:15       -6.852855        0.3370
GPMin:    1 19:44:22       -7.018711        0.2025
GPMin:    2 19:44:28       -7.085118        0.1100
GPMin:    3 19:44:34       -7.117891        0.0785
GPMin:    4 19:44:40       -7.133436        0.0526
GPMin:    5 19:44:45       -7.145254        0.0454
GPMin:    6 19:44:50       -7.156284        0.0412
GPMin:    7 19:44:55       -7.166094        0.0441
GPMin:    8 19:45:00       -7.180316        0.0413
GPMin:    9 19:45:05       -7.199641        0.0440
GPMin:   10 19:45:10       -7.224327        0.0563
GPMin:   11 19:45:16       -7.250274        0.0570
GPMin:   12 19:45:21       -7.272078        0.0367
GPMin:   13 19:45:26       -7.280068        0.0175
       Step     Time          Energy         fmax
GPMin:    0 19:45:44       -6.596739        0.3104
GPMin:    1 19:45:51       -6.775276        0.2057
GPMin:    2 19:45:57       -6.871269        0.1828
GPMin:    3 19:46:03       -6.947130        0.1593
GPMin:    4 19:46:08       -7.001263        0.1325
GPMin:    5 19:46:14       -7.033967        0.0808
GPMin:    6 19:46:20       -7.047763        0.0672
GPMin:    7 19:46:24       -7.061829        0.0725
GPMin:    8 19:46:30       -7.079042        0.0824
GPMin:    9 19:46:36       -7.104244        0.1019
GPMin:   10 19:46:41       -7.135477        0.1197
GPMin:   11 19:46:47       -7.172476        0.1339
GPMin:   12 19:46:52       -7.206598        0.1264
GPMin:   13 19:46:58       -7.233757        0.0966
GPMin:   14 19:47:04       -7.251766        0.0653
GPMin:   15 19:47:09       -7.263162        0.0691
GPMin:   16 19:47:14       -7.272279        0.0387
GPMin:   17 19:47:19       -7.276445        0.0319
GPMin:   18 19:47:24       -7.278592        0.0177
       Step     Time          Energy         fmax
GPMin:    0 19:47:44       -6.111023        0.4300
GPMin:    1 19:47:51       -6.350086        0.3330
GPMin:    2 19:47:57       -6.488898        0.2387
GPMin:    3 19:48:03       -6.591686        0.1778
GPMin:    4 19:48:09       -6.671286        0.1650
GPMin:    5 19:48:15       -6.739151        0.1614
GPMin:    6 19:48:20       -6.803597        0.1625
GPMin:    7 19:48:26       -6.861418        0.1682
GPMin:    8 19:48:31       -6.915120        0.1895
GPMin:    9 19:48:36       -6.968206        0.2003
GPMin:   10 19:48:42       -7.025145        0.1798
GPMin:   11 19:48:47       -7.069676        0.1251
GPMin:   12 19:48:52       -7.091920        0.0875
GPMin:   13 19:48:57       -7.104801        0.0650
GPMin:   14 19:49:03       -7.112479        0.0600
GPMin:   15 19:49:08       -7.118179        0.0407
GPMin:   16 19:49:13       -7.120945        0.0325
GPMin:   17 19:49:18       -7.126073        0.0324
GPMin:   18 19:49:23       -7.128238        0.0324
GPMin:   19 19:49:28       -7.131012        0.0323
GPMin:   20 19:49:33       -7.134007        0.0263
GPMin:   21 19:49:38       -7.136662        0.0299
GPMin:   22 19:49:43       -7.139159        0.0252
GPMin:   23 19:49:48       -7.141354        0.0265
GPMin:   24 19:49:52       -7.143030        0.0273
GPMin:   25 19:49:58       -7.145649        0.0264
GPMin:   26 19:50:02       -7.147062        0.0306
GPMin:   27 19:50:08       -7.152115        0.0271
GPMin:   28 19:50:13       -7.157288        0.0348
GPMin:   29 19:50:18       -7.166328        0.0459
GPMin:   30 19:50:24       -7.180746        0.0602
GPMin:   31 19:50:29       -7.199665        0.0716
GPMin:   32 19:50:35       -7.223123        0.0773
GPMin:   33 19:50:40       -7.245528        0.0644
GPMin:   34 19:50:46       -7.259488        0.0438
GPMin:   35 19:50:51       -7.265788        0.0420
GPMin:   36 19:50:55       -7.268904        0.0370
GPMin:   37 19:51:00       -7.273098        0.0357
GPMin:   38 19:51:05       -7.275623        0.0362
GPMin:   39 19:51:10       -7.278765        0.0259
GPMin:   40 19:51:15       -7.279862        0.0203
GPMin:   41 19:51:20       -7.280733        0.0149
       Step     Time          Energy         fmax
GPMin:    0 19:51:38       -6.360422        0.3735
GPMin:    1 19:51:44       -6.624845        0.3066
GPMin:    2 19:51:50       -6.803597        0.2619
GPMin:    3 19:51:56       -6.951114        0.2474
GPMin:    4 19:52:02       -7.063809        0.2269
GPMin:    5 19:52:08       -7.138458        0.1948
GPMin:    6 19:52:14       -7.183498        0.1473
GPMin:    7 19:52:20       -7.215538        0.1021
GPMin:    8 19:52:25       -7.237989        0.0838
GPMin:    9 19:52:30       -7.255521        0.0679
GPMin:   10 19:52:35       -7.270851        0.0406
GPMin:   11 19:52:40       -7.277205        0.0365
GPMin:   12 19:52:44       -7.279030        0.0302
GPMin:   13 19:52:48       -7.280250        0.0137
       Step     Time          Energy         fmax
GPMin:    0 19:53:00       -6.195083        0.6527
GPMin:    1 19:53:06       -6.471861        0.1492
GPMin:    2 19:53:11       -6.532186        0.1265
GPMin:    3 19:53:16       -6.585540        0.1380
GPMin:    4 19:53:21       -6.644544        0.1608
GPMin:    5 19:53:27       -6.701200        0.1701
GPMin:    6 19:53:32       -6.760907        0.1634
GPMin:    7 19:53:37       -6.812893        0.1250
GPMin:    8 19:53:42       -6.840824        0.0338
GPMin:    9 19:53:46       -6.843402        0.0179
       Step     Time          Energy         fmax
GPMin:    0 19:54:10       -6.050674        0.3568
GPMin:    1 19:54:17       -6.346229        0.3596
GPMin:    2 19:54:25       -6.556117        0.3337
GPMin:    3 19:54:32       -6.710415        0.2775
GPMin:    4 19:54:38       -6.802206        0.2108
GPMin:    5 19:54:45       -6.899754        0.1827
GPMin:    6 19:54:50       -6.916775        0.1681
GPMin:    7 19:54:56       -6.957431        0.1240
GPMin:    8 19:55:01       -6.978862        0.0866
GPMin:    9 19:55:06       -6.995037        0.0958
GPMin:   10 19:55:11       -7.018398        0.0773
GPMin:   11 19:55:16       -7.043191        0.0770
GPMin:   12 19:55:22       -7.070423        0.0900
GPMin:   13 19:55:27       -7.102056        0.0933
GPMin:   14 19:55:32       -7.133893        0.0813
GPMin:   15 19:55:37       -7.156328        0.0865
GPMin:   16 19:55:42       -7.170861        0.0874
GPMin:   17 19:55:46       -7.187847        0.0839
GPMin:   18 19:55:51       -7.207043        0.0667
GPMin:   19 19:55:57       -7.225510        0.0719
GPMin:   20 19:56:02       -7.243036        0.0934
GPMin:   21 19:56:07       -7.260943        0.0704
GPMin:   22 19:56:12       -7.273208        0.0402
GPMin:   23 19:56:17       -7.278458        0.0280
GPMin:   24 19:56:21       -7.280227        0.0210
GPMin:   25 19:56:25       -7.280744        0.0111
       Step     Time          Energy         fmax
GPMin:    0 19:56:33       -6.420927        0.2613
GPMin:    1 19:56:40       -6.602968        0.1914
GPMin:    2 19:56:46       -6.688922        0.1778
GPMin:    3 19:56:51       -6.758075        0.1534
GPMin:    4 19:56:57       -6.805322        0.0935
GPMin:    5 19:57:02       -6.825306        0.0440
GPMin:    6 19:57:07       -6.831790        0.0421
GPMin:    7 19:57:12       -6.839315        0.0272
GPMin:    8 19:57:17       -6.844347        0.0218
GPMin:    9 19:57:22       -6.847804        0.0121
       Step     Time          Energy         fmax
GPMin:    0 19:57:30       -7.068802        0.2966
GPMin:    1 19:57:37       -7.134916        0.1079
GPMin:    2 19:57:42       -7.142625        0.0915
GPMin:    3 19:57:48       -7.149997        0.0397
GPMin:    4 19:57:53       -7.150822        0.0268
GPMin:    5 19:58:02       -7.152564        0.0152
