GPMin:    1 10:07:45      -81.796693        0.1423
GPMin:    2 10:09:04      -81.797328        0.1120
GPMin:    3 10:12:27      -81.800885        0.0423
GPMin:    4 10:13:18      -81.801200        0.0294
GPMin:    5 10:16:52      -81.801518        0.0189
GPMin:    6 10:17:38      -81.801639        0.0181
GPMin:    7 10:22:54      -81.801750        0.0137
GPMin:    8 10:23:29      -81.801832        0.0086
       Step     Time          Energy         fmax
GPMin:    0 10:51:06      -81.745549        0.7638
GPMin:    1 11:09:04      -81.796693        0.1423
GPMin:    2 11:10:24      -81.797328        0.1120
GPMin:    3 11:13:46      -81.800885        0.0423
GPMin:    4 11:14:38      -81.801200        0.0294
GPMin:    5 11:18:11      -81.801517        0.0186
GPMin:    6 11:18:57      -81.801698        0.0147
GPMin:    7 11:24:01      -81.801787        0.0229
GPMin:    8 11:24:19      -81.802028        0.0208
GPMin:    9 11:30:15      -81.801821        0.0085
       Step     Time          Energy         fmax
GPMin:    0 14:43:41      -81.745549        0.7638
GPMin:    1 15:01:13      -81.796693        0.1423
GPMin:    2 15:02:30      -81.797328        0.1120
GPMin:    3 15:05:47      -81.800885        0.0423
GPMin:    4 15:06:38      -81.801200        0.0294
GPMin:    5 15:10:06      -81.801517        0.0162
GPMin:    6 15:10:50      -81.801675        0.0119
GPMin:    7 15:14:24      -81.801715        0.0211
GPMin:    8 15:15:03      -81.801836        0.0093
