Thu Feb  2 13:25:20 2023 - Relaxation started for LCAO_basis_szp/groundstate (8)
Thu Feb  2 13:26:19 2023 - Relaxation done for LCAO_basis_szp/groundstate (8)
Thu Feb  2 13:25:15 2023 - Relaxation started for LCAO/groundstate (0)
Thu Feb  2 13:26:20 2023 - Relaxation done for LCAO/groundstate (0)
Thu Feb  2 13:25:15 2023 - Relaxation started for LCAO/excited (1)
Thu Feb  2 13:26:22 2023 - Relaxation done for LCAO/excited (1)
Thu Feb  2 13:25:20 2023 - Relaxation started for LCAO_basis_szp/excited (9)
Thu Feb  2 13:26:30 2023 - Relaxation done for LCAO_basis_szp/excited (9)
Thu Feb  2 13:25:20 2023 - Relaxation started for LCAO_xc_PBE/excited (11)
Thu Feb  2 13:27:43 2023 - Relaxation done for LCAO_xc_PBE/excited (11)
Thu Feb  2 13:25:20 2023 - Relaxation started for planewave_500/groundstate (4)
Thu Feb  2 13:28:07 2023 - Relaxation done for planewave_500/groundstate (4)
Thu Feb  2 13:25:20 2023 - Relaxation started for LCAO_xc_PBE/groundstate (10)
Thu Feb  2 13:29:07 2023 - Relaxation done for LCAO_xc_PBE/groundstate (10)
Thu Feb  2 13:25:20 2023 - Relaxation started for planewave_50/excited (3)
Thu Feb  2 13:29:44 2023 - Relaxation done for planewave_50/excited (3)
Thu Feb  2 13:25:20 2023 - Relaxation started for planewave_500/excited (5)
Thu Feb  2 13:31:43 2023 - Relaxation done for planewave_500/excited (5)
Thu Feb  2 13:25:20 2023 - Relaxation started for finitedifference/excited (7)
Thu Feb  2 13:32:32 2023 - Relaxation done for finitedifference/excited (7)
Thu Feb  2 13:25:20 2023 - Relaxation started for planewave_50/groundstate (2)
Thu Feb  2 13:33:17 2023 - Relaxation done for planewave_50/groundstate (2)
Thu Feb  2 13:25:20 2023 - Relaxation started for finitedifference/groundstate (6)
Thu Feb  2 13:35:41 2023 - Relaxation done for finitedifference/groundstate (6)
