      Step     Time          Energy         fmax
BFGS:    0 15:46:34       12.889296       23.5161
BFGS:    1 15:46:34        2.117356       19.6238
BFGS:    2 15:46:34       -0.619965       10.2816
BFGS:    3 15:46:34       -2.470519        3.1499
BFGS:    4 15:46:34       -2.885173        1.6151
BFGS:    5 15:46:34       -3.170160        0.5958
BFGS:    6 15:46:34       -3.248227        0.4255
BFGS:    7 15:46:34       -3.269185        0.3973
BFGS:    8 15:46:34       -3.275733        0.3704
BFGS:    9 15:46:34       -3.282956        0.3280
BFGS:   10 15:46:34       -3.296414        0.2654
BFGS:   11 15:46:34       -3.316319        0.3963
BFGS:   12 15:46:34       -3.339909        0.6976
BFGS:   13 15:46:34       -3.369459        0.7954
BFGS:   14 15:46:34       -3.403291        0.5928
BFGS:   15 15:46:34       -3.425392        0.5413
BFGS:   16 15:46:34       -3.461752        0.3273
BFGS:   17 15:46:34       -3.464621        0.2337
BFGS:   18 15:46:34       -3.467839        0.1761
BFGS:   19 15:46:34       -3.468945        0.1735
BFGS:   20 15:46:34       -3.471616        0.1447
BFGS:   21 15:46:34       -3.476130        0.1956
BFGS:   22 15:46:34       -3.480480        0.2390
BFGS:   23 15:46:34       -3.483987        0.2508
BFGS:   24 15:46:34       -3.488741        0.2826
BFGS:   25 15:46:34       -3.497960        0.4690
BFGS:   26 15:46:34       -3.516891        0.7883
BFGS:   27 15:46:34       -3.556928        1.2177
BFGS:   28 15:46:34       -3.687955        1.2078
BFGS:   29 15:46:34       -3.864660        1.1230
BFGS:   30 15:46:34       -3.967182        1.0507
BFGS:   31 15:46:34       -3.995840        0.9790
BFGS:   32 15:46:34       -4.058414        1.1214
BFGS:   33 15:46:34       -4.129293        1.1633
BFGS:   34 15:46:34       -4.185074        0.8135
BFGS:   35 15:46:34       -4.248526        0.5631
BFGS:   36 15:46:34       -4.274975        0.5302
BFGS:   37 15:46:34       -4.285750        0.5462
BFGS:   38 15:46:34       -4.309396        0.5418
BFGS:   39 15:46:34       -4.332691        0.3769
BFGS:   40 15:46:34       -4.342344        0.2424
BFGS:   41 15:46:34       -4.350028        0.1917
BFGS:   42 15:46:34       -4.352570        0.1720
BFGS:   43 15:46:34       -4.355441        0.1511
BFGS:   44 15:46:34       -4.357962        0.1322
BFGS:   45 15:46:34       -4.360898        0.1565
BFGS:   46 15:46:34       -4.363498        0.2085
BFGS:   47 15:46:34       -4.366410        0.2526
BFGS:   48 15:46:34       -4.369111        0.2684
BFGS:   49 15:46:34       -4.372430        0.2705
BFGS:   50 15:46:34       -4.380877        0.4191
BFGS:   51 15:46:34       -4.412545        0.8642
BFGS:   52 15:46:34       -4.454614        1.3760
BFGS:   53 15:46:34       -4.481386        1.8196
BFGS:   54 15:46:34       -4.518456        1.4541
BFGS:   55 15:46:34       -4.626276        0.8929
BFGS:   56 15:46:34       -4.672082        0.9479
BFGS:   57 15:46:34       -4.733908        0.8195
BFGS:   58 15:46:34       -4.755415        0.6637
BFGS:   59 15:46:34       -4.776851        0.6099
BFGS:   60 15:46:34       -4.787900        0.5762
BFGS:   61 15:46:34       -4.803103        0.5041
BFGS:   62 15:46:34       -4.835973        0.4641
BFGS:   63 15:46:34       -4.892249        0.5777
BFGS:   64 15:46:34       -4.921461        0.9031
BFGS:   65 15:46:34       -4.962214        0.3924
BFGS:   66 15:46:34       -4.972499        0.3965
BFGS:   67 15:46:34       -4.980878        0.3436
BFGS:   68 15:46:34       -4.991790        0.3541
BFGS:   69 15:46:34       -5.010129        0.1970
BFGS:   70 15:46:34       -5.021551        0.1741
BFGS:   71 15:46:34       -5.025360        0.1765
BFGS:   72 15:46:34       -5.028485        0.1891
BFGS:   73 15:46:34       -5.032413        0.2324
BFGS:   74 15:46:34       -5.047450        0.3779
BFGS:   75 15:46:34       -5.067785        0.6088
BFGS:   76 15:46:34       -5.091509        0.5683
BFGS:   77 15:46:34       -5.140320        0.4672
BFGS:   78 15:46:34       -4.871432        2.5454
BFGS:   79 15:46:34       -5.118997        0.7226
BFGS:   80 15:46:34       -5.146861        0.3993
BFGS:   81 15:46:34       -5.165256        0.4784
BFGS:   82 15:46:34       -5.167937        0.4480
BFGS:   83 15:46:34       -5.170825        0.3989
BFGS:   84 15:46:34       -5.174225        0.4120
BFGS:   85 15:46:34       -5.181509        0.4244
BFGS:   86 15:46:34       -5.196321        0.4925
BFGS:   87 15:46:34       -5.241192        0.7862
BFGS:   88 15:46:34       -5.283082        1.1534
BFGS:   89 15:46:34       -5.322877        1.3536
BFGS:   90 15:46:34       -5.389982        0.9463
BFGS:   91 15:46:34       -5.478097        0.7866
BFGS:   92 15:46:34       -5.544266        0.5682
BFGS:   93 15:46:34       -5.574333        0.5300
BFGS:   94 15:46:34       -5.579049        0.4940
BFGS:   95 15:46:34       -5.582584        0.4939
BFGS:   96 15:46:34       -5.584370        0.5087
BFGS:   97 15:46:34       -5.587167        0.5037
BFGS:   98 15:46:34       -5.593370        0.4947
BFGS:   99 15:46:34       -5.602830        0.4573
BFGS:  100 15:46:34       -5.615431        0.3689
BFGS:  101 15:46:34       -5.630050        0.3296
BFGS:  102 15:46:34       -5.646086        0.2415
BFGS:  103 15:46:34       -5.651066        0.1027
BFGS:  104 15:46:34       -5.652173        0.0422
      Step     Time          Energy         fmax
BFGS:    0 15:46:34       12.840109       37.7561
BFGS:    1 15:46:34       -1.534418        8.1478
BFGS:    2 15:46:34       -3.267853        5.1894
BFGS:    3 15:46:34       -4.145844        2.5963
BFGS:    4 15:46:34       -4.536351        1.1465
BFGS:    5 15:46:34       -4.643779        0.5163
BFGS:    6 15:46:34       -4.676224        0.4580
BFGS:    7 15:46:34       -4.696200        0.4334
BFGS:    8 15:46:34       -4.723796        0.5379
BFGS:    9 15:46:34       -4.757135        0.6262
BFGS:   10 15:46:34       -4.796787        1.0151
BFGS:   11 15:46:34       -4.867487        1.6442
BFGS:   12 15:46:34       -4.948323        1.7976
BFGS:   13 15:46:34       -5.046135        0.9733
BFGS:   14 15:46:34       -5.120599        0.5915
BFGS:   15 15:46:34       -5.136142        0.3277
BFGS:   16 15:46:34       -5.142683        0.2212
BFGS:   17 15:46:34       -5.145384        0.1612
BFGS:   18 15:46:34       -5.150169        0.1300
BFGS:   19 15:46:34       -5.153353        0.1319
BFGS:   20 15:46:34       -5.154975        0.1179
BFGS:   21 15:46:34       -5.156227        0.1253
BFGS:   22 15:46:34       -5.158374        0.1642
BFGS:   23 15:46:34       -5.162092        0.2137
BFGS:   24 15:46:34       -5.169501        0.3284
BFGS:   25 15:46:34       -5.194890        0.7231
BFGS:   26 15:46:34       -5.233613        1.0602
BFGS:   27 15:46:34       -5.247092        1.1553
BFGS:   28 15:46:34       -5.271942        1.1173
BFGS:   29 15:46:34       -5.284446        1.1177
BFGS:   30 15:46:34       -5.334609        1.1233
BFGS:   31 15:46:34       -5.362736        1.0990
BFGS:   32 15:46:34       -5.497269        0.7519
BFGS:   33 15:46:34       -5.564962        0.6073
BFGS:   34 15:46:34       -5.590318        0.5567
BFGS:   35 15:46:34       -5.614889        0.5015
BFGS:   36 15:46:34       -5.630270        0.3202
BFGS:   37 15:46:34       -5.636997        0.2465
BFGS:   38 15:46:34       -5.644097        0.1665
BFGS:   39 15:46:34       -5.648836        0.1362
BFGS:   40 15:46:34       -5.651111        0.0962
BFGS:   41 15:46:34       -5.651624        0.0648
BFGS:   42 15:46:34       -5.651888        0.0545
BFGS:   43 15:46:34       -5.652221        0.0471
      Step     Time          Energy         fmax
BFGS:    0 15:46:34       12.569078       36.8775
BFGS:    1 15:46:34       -1.310700        8.3479
BFGS:    2 15:46:34       -2.678743        4.7775
BFGS:    3 15:46:35       -3.515285        2.1864
BFGS:    4 15:46:35       -3.860741        1.1723
BFGS:    5 15:46:35       -3.990888        0.9996
BFGS:    6 15:46:35       -4.054767        0.9510
BFGS:    7 15:46:35       -4.117164        0.8881
BFGS:    8 15:46:35       -4.195215        0.7459
BFGS:    9 15:46:35       -4.247099        0.7452
BFGS:   10 15:46:35       -4.316492        0.6599
BFGS:   11 15:46:35       -4.362815        0.9441
BFGS:   12 15:46:35       -4.388495        0.6399
BFGS:   13 15:46:35       -4.408124        0.4993
BFGS:   14 15:46:35       -4.455628        0.3666
BFGS:   15 15:46:35       -4.462749        0.3619
BFGS:   16 15:46:35       -4.471568        0.3779
BFGS:   17 15:46:35       -4.487653        0.3447
BFGS:   18 15:46:35       -4.504181        0.2946
BFGS:   19 15:46:35       -4.518524        0.3035
BFGS:   20 15:46:35       -4.524945        0.3023
BFGS:   21 15:46:35       -4.539784        0.4157
BFGS:   22 15:46:35       -4.592340        0.7627
BFGS:   23 15:46:35       -4.622872        1.0424
BFGS:   24 15:46:35       -4.664362        0.7118
BFGS:   25 15:46:35       -4.728213        0.6929
BFGS:   26 15:46:35       -4.890674        0.3941
BFGS:   27 15:46:35       -4.877427        0.9285
BFGS:   28 15:46:35       -4.911380        0.2879
BFGS:   29 15:46:35       -4.917498        0.2633
BFGS:   30 15:46:35       -4.947030        0.4227
BFGS:   31 15:46:35       -4.956829        0.3835
BFGS:   32 15:46:35       -4.983479        0.4593
BFGS:   33 15:46:35       -5.009675        0.5993
BFGS:   34 15:46:35       -5.066610        0.7879
BFGS:   35 15:46:35       -5.075513        0.9762
BFGS:   36 15:46:35       -5.105706        0.7523
BFGS:   37 15:46:35       -5.125556        0.6984
BFGS:   38 15:46:35       -5.196163        1.0022
BFGS:   39 15:46:35       -5.282095        0.5789
BFGS:   40 15:46:35       -5.306565        0.4444
BFGS:   41 15:46:35       -5.324103        0.2745
BFGS:   42 15:46:35       -5.329227        0.2197
BFGS:   43 15:46:35       -5.335638        0.1131
BFGS:   44 15:46:35       -5.336614        0.0894
BFGS:   45 15:46:35       -5.337373        0.1004
BFGS:   46 15:46:35       -5.338984        0.1125
BFGS:   47 15:46:35       -5.340256        0.0899
BFGS:   48 15:46:35       -5.341041        0.0437
      Step     Time          Energy         fmax
BFGS:    0 15:46:35       13.184386       26.5875
BFGS:    1 15:46:35       -0.157356        8.9108
BFGS:    2 15:46:35       -1.738046        5.0076
BFGS:    3 15:46:35       -2.779007        1.6761
BFGS:    4 15:46:35       -3.106216        0.8848
BFGS:    5 15:46:35       -3.231973        0.5473
BFGS:    6 15:46:35       -3.269853        0.4915
BFGS:    7 15:46:35       -3.295717        0.5138
BFGS:    8 15:46:35       -3.339754        0.5671
BFGS:    9 15:46:35       -3.408699        0.5472
BFGS:   10 15:46:35       -3.454619        0.5426
BFGS:   11 15:46:35       -3.530726        0.9355
BFGS:   12 15:46:35       -3.580542        0.3515
BFGS:   13 15:46:35       -3.590914        0.2883
BFGS:   14 15:46:35       -3.598970        0.2236
BFGS:   15 15:46:35       -3.605309        0.1770
BFGS:   16 15:46:35       -3.611675        0.1760
BFGS:   17 15:46:35       -3.613724        0.1413
BFGS:   18 15:46:35       -3.615401        0.1466
BFGS:   19 15:46:35       -3.618702        0.1503
BFGS:   20 15:46:35       -3.631372        0.2517
BFGS:   21 15:46:35       -3.649685        0.4031
BFGS:   22 15:46:35       -3.679963        0.5853
BFGS:   23 15:46:35       -3.725954        0.7599
BFGS:   24 15:46:35       -3.781475        0.9132
BFGS:   25 15:46:35       -3.877468        1.0394
BFGS:   26 15:46:35       -3.925208        1.0796
BFGS:   27 15:46:35       -4.116706        1.0615
BFGS:   28 15:46:35       -4.366550        0.8721
BFGS:   29 15:46:35       -4.457105        2.2868
BFGS:   30 15:46:35       -4.562716        1.8662
BFGS:   31 15:46:35       -4.707021        1.0465
BFGS:   32 15:46:35       -4.871247        0.8373
BFGS:   33 15:46:35       -4.880366        1.2298
BFGS:   34 15:46:35       -4.941270        0.5835
BFGS:   35 15:46:35       -4.970778        0.5106
BFGS:   36 15:46:35       -5.034278        0.5602
BFGS:   37 15:46:35       -5.062258        0.5572
BFGS:   38 15:46:35       -5.124441        0.7361
BFGS:   39 15:46:35       -5.177001        0.5844
BFGS:   40 15:46:35       -5.214505        0.5338
BFGS:   41 15:46:35       -5.231147        0.5617
BFGS:   42 15:46:35       -5.262127        0.5832
BFGS:   43 15:46:35       -5.293927        0.5823
BFGS:   44 15:46:35       -5.363253        0.7781
BFGS:   45 15:46:35       -5.388879        0.4840
BFGS:   46 15:46:35       -5.418535        0.3664
BFGS:   47 15:46:35       -5.464942        0.4840
BFGS:   48 15:46:35       -5.492408        0.6194
BFGS:   49 15:46:35       -5.510708        0.6038
BFGS:   50 15:46:35       -5.538874        0.6671
BFGS:   51 15:46:35       -5.569215        0.6292
BFGS:   52 15:46:35       -5.593556        0.5868
BFGS:   53 15:46:35       -5.624591        0.3184
BFGS:   54 15:46:35       -5.636680        0.2382
BFGS:   55 15:46:35       -5.642426        0.2379
BFGS:   56 15:46:35       -5.645509        0.1838
BFGS:   57 15:46:35       -5.648889        0.1092
BFGS:   58 15:46:35       -5.650521        0.0657
BFGS:   59 15:46:35       -5.651388        0.0483
      Step     Time          Energy         fmax
BFGS:    0 15:46:35       13.037257       29.7242
BFGS:    1 15:46:35        0.595335        8.8462
BFGS:    2 15:46:35       -1.639991        4.8327
BFGS:    3 15:46:35       -2.708861        2.2261
BFGS:    4 15:46:35       -3.130636        0.9597
BFGS:    5 15:46:35       -3.248039        0.4681
BFGS:    6 15:46:35       -3.279916        0.4556
BFGS:    7 15:46:35       -3.298193        0.4977
BFGS:    8 15:46:35       -3.333353        0.6004
BFGS:    9 15:46:35       -3.421266        0.8199
BFGS:   10 15:46:35       -3.570001        1.0282
BFGS:   11 15:46:35       -3.690272        1.1216
BFGS:   12 15:46:35       -3.781772        1.0812
BFGS:   13 15:46:35       -4.093956        1.9764
BFGS:   14 15:46:35       -4.151713        1.6983
BFGS:   15 15:46:35       -4.248553        0.8068
BFGS:   16 15:46:35       -4.362617        1.0974
BFGS:   17 15:46:35       -4.520243        1.8664
BFGS:   18 15:46:35       -4.620571        1.7396
BFGS:   19 15:46:35       -4.680025        0.9838
BFGS:   20 15:46:35       -4.726284        0.9096
BFGS:   21 15:46:35       -4.776152        0.7866
BFGS:   22 15:46:35       -4.833586        1.0202
BFGS:   23 15:46:35       -4.874471        0.7692
BFGS:   24 15:46:35       -4.910198        0.6071
BFGS:   25 15:46:35       -5.030908        1.0537
BFGS:   26 15:46:35       -5.077984        0.6504
BFGS:   27 15:46:35       -5.097871        0.6205
BFGS:   28 15:46:35       -5.127206        0.4893
BFGS:   29 15:46:35       -5.165086        0.3242
BFGS:   30 15:46:35       -5.186262        0.2278
BFGS:   31 15:46:35       -5.190707        0.2118
BFGS:   32 15:46:35       -5.193694        0.2116
BFGS:   33 15:46:35       -5.196132        0.1928
BFGS:   34 15:46:35       -5.201224        0.1369
BFGS:   35 15:46:35       -5.203084        0.1176
BFGS:   36 15:46:35       -5.203795        0.0719
BFGS:   37 15:46:35       -5.204271        0.0751
BFGS:   38 15:46:35       -5.204982        0.0661
BFGS:   39 15:46:35       -5.205434        0.0383
      Step     Time          Energy         fmax
BFGS:    0 15:46:35       12.780559       33.9255
BFGS:    1 15:46:35        0.885471       14.0515
BFGS:    2 15:46:35       -1.494474        6.8540
BFGS:    3 15:46:35       -3.014819        2.1902
BFGS:    4 15:46:35       -3.404033        1.2445
BFGS:    5 15:46:35       -3.596000        0.7742
BFGS:    6 15:46:35       -3.648245        0.6319
BFGS:    7 15:46:35       -3.672786        0.5601
BFGS:    8 15:46:35       -3.701651        0.5052
BFGS:    9 15:46:35       -3.756630        0.5992
BFGS:   10 15:46:35       -3.800677        0.6368
BFGS:   11 15:46:35       -3.856062        0.6448
BFGS:   12 15:46:35       -3.893010        1.0696
BFGS:   13 15:46:35       -3.965507        0.6524
BFGS:   14 15:46:35       -3.983945        0.6283
BFGS:   15 15:46:35       -4.037647        0.7382
BFGS:   16 15:46:35       -4.076956        0.5745
BFGS:   17 15:46:35       -4.131249        0.3514
BFGS:   18 15:46:35       -4.139041        0.4033
BFGS:   19 15:46:35       -4.145140        0.3367
BFGS:   20 15:46:35       -4.158564        0.3477
BFGS:   21 15:46:35       -4.183195        0.5827
BFGS:   22 15:46:35       -4.178461        0.7595
BFGS:   23 15:46:35       -4.225198        0.3819
BFGS:   24 15:46:35       -4.235239        0.2864
BFGS:   25 15:46:35       -4.243306        0.2346
BFGS:   26 15:46:35       -4.247147        0.2385
BFGS:   27 15:46:35       -4.264351        0.2581
BFGS:   28 15:46:35       -4.277600        0.2247
BFGS:   29 15:46:35       -4.287683        0.2167
BFGS:   30 15:46:35       -4.295906        0.1882
BFGS:   31 15:46:35       -4.297951        0.1461
BFGS:   32 15:46:35       -4.299571        0.1058
BFGS:   33 15:46:35       -4.300472        0.0955
BFGS:   34 15:46:35       -4.301172        0.0503
BFGS:   35 15:46:35       -4.301299        0.0394
      Step     Time          Energy         fmax
BFGS:    0 15:46:35       12.477380       33.7645
BFGS:    1 15:46:35        0.181526       12.0616
BFGS:    2 15:46:35       -2.054827        6.0154
BFGS:    3 15:46:35       -3.257104        2.9736
BFGS:    4 15:46:35       -3.606385        1.5661
BFGS:    5 15:46:35       -3.784934        0.7206
BFGS:    6 15:46:35       -3.837428        0.7076
BFGS:    7 15:46:35       -3.877961        0.7817
BFGS:    8 15:46:35       -3.945480        0.9167
BFGS:    9 15:46:35       -4.069215        0.9795
BFGS:   10 15:46:35       -4.145929        1.0543
BFGS:   11 15:46:35       -4.236054        0.9677
BFGS:   12 15:46:35       -4.288968        1.0533
BFGS:   13 15:46:35       -4.369276        0.7862
BFGS:   14 15:46:35       -4.400238        0.7796
BFGS:   15 15:46:35       -4.568591        0.9877
BFGS:   16 15:46:35       -4.623910        1.3453
BFGS:   17 15:46:35       -4.680109        0.7665
BFGS:   18 15:46:35       -4.707291        0.6858
BFGS:   19 15:46:35       -4.755959        0.3518
BFGS:   20 15:46:35       -4.780528        0.3517
BFGS:   21 15:46:35       -4.790029        0.4556
BFGS:   22 15:46:35       -4.799887        0.4609
BFGS:   23 15:46:35       -4.816771        0.2955
BFGS:   24 15:46:35       -4.828499        0.1941
BFGS:   25 15:46:35       -4.834327        0.1833
BFGS:   26 15:46:35       -4.836035        0.2128
BFGS:   27 15:46:35       -4.838364        0.2214
BFGS:   28 15:46:35       -4.845186        0.1862
BFGS:   29 15:46:35       -4.852427        0.1975
BFGS:   30 15:46:35       -4.857827        0.2835
BFGS:   31 15:46:35       -4.863803        0.3699
BFGS:   32 15:46:35       -4.878256        0.5145
BFGS:   33 15:46:35       -4.922947        0.7342
BFGS:   34 15:46:35       -5.039614        0.8431
BFGS:   35 15:46:35       -5.199880        0.7278
BFGS:   36 15:46:35       -5.141517        2.1393
BFGS:   37 15:46:35       -5.247420        0.7462
BFGS:   38 15:46:35       -5.267525        0.6652
BFGS:   39 15:46:35       -5.314014        0.9834
BFGS:   40 15:46:35       -5.352462        0.6705
BFGS:   41 15:46:35       -5.432021        0.3812
BFGS:   42 15:46:35       -5.440316        0.3452
BFGS:   43 15:46:35       -5.448364        0.3161
BFGS:   44 15:46:35       -5.465166        0.5084
BFGS:   45 15:46:35       -5.493246        0.7352
BFGS:   46 15:46:35       -5.476162        1.0345
BFGS:   47 15:46:35       -5.531264        0.4846
BFGS:   48 15:46:35       -5.546093        0.3734
BFGS:   49 15:46:35       -5.565435        0.3142
BFGS:   50 15:46:35       -5.572722        0.3014
BFGS:   51 15:46:35       -5.597207        0.3039
BFGS:   52 15:46:35       -5.614861        0.3882
BFGS:   53 15:46:35       -5.630736        0.3586
BFGS:   54 15:46:35       -5.640215        0.2095
BFGS:   55 15:46:35       -5.644843        0.1465
BFGS:   56 15:46:35       -5.648111        0.1598
BFGS:   57 15:46:35       -5.648996        0.1411
BFGS:   58 15:46:35       -5.651261        0.0745
BFGS:   59 15:46:35       -5.651921        0.0532
BFGS:   60 15:46:35       -5.652248        0.0293
      Step     Time          Energy         fmax
BFGS:    0 15:46:35       13.593013       27.9800
BFGS:    1 15:46:35        0.852472        8.8615
BFGS:    2 15:46:35       -1.473446        4.4298
BFGS:    3 15:46:35       -2.547519        2.3044
BFGS:    4 15:46:35       -2.937673        1.1098
BFGS:    5 15:46:35       -3.050205        0.6265
BFGS:    6 15:46:35       -3.080812        0.4864
BFGS:    7 15:46:35       -3.098965        0.4461
BFGS:    8 15:46:35       -3.132340        0.5153
BFGS:    9 15:46:35       -3.209039        0.7092
BFGS:   10 15:46:35       -3.247653        0.7989
BFGS:   11 15:46:35       -3.306927        0.7754
BFGS:   12 15:46:35       -3.362804        0.7581
BFGS:   13 15:46:35       -3.448586        1.2913
BFGS:   14 15:46:35       -3.501467        0.9592
BFGS:   15 15:46:35       -3.610407        0.7354
BFGS:   16 15:46:35       -3.682401        1.1965
BFGS:   17 15:46:35       -3.715485        0.5740
BFGS:   18 15:46:35       -3.746790        0.4756
BFGS:   19 15:46:35       -3.766619        0.5619
BFGS:   20 15:46:35       -3.788245        0.5878
BFGS:   21 15:46:35       -3.877951        1.0613
BFGS:   22 15:46:35       -3.918911        0.4403
BFGS:   23 15:46:35       -3.947697        0.3620
BFGS:   24 15:46:35       -3.972431        0.6493
BFGS:   25 15:46:35       -3.986363        0.4347
BFGS:   26 15:46:35       -4.015776        0.2900
BFGS:   27 15:46:35       -4.027995        0.3256
BFGS:   28 15:46:35       -4.037510        0.4002
BFGS:   29 15:46:35       -4.053606        0.4595
BFGS:   30 15:46:35       -4.084999        0.6716
BFGS:   31 15:46:35       -4.131473        1.1733
BFGS:   32 15:46:35       -4.187443        0.7097
BFGS:   33 15:46:35       -4.246740        0.4214
BFGS:   34 15:46:35       -4.263733        0.2724
BFGS:   35 15:46:35       -4.269779        0.2430
BFGS:   36 15:46:35       -4.278122        0.2666
BFGS:   37 15:46:35       -4.295123        0.2755
BFGS:   38 15:46:35       -4.301574        0.1560
BFGS:   39 15:46:35       -4.303921        0.0678
BFGS:   40 15:46:35       -4.304227        0.0601
BFGS:   41 15:46:35       -4.304494        0.0519
BFGS:   42 15:46:35       -4.304885        0.0479
      Step     Time          Energy         fmax
BFGS:    0 15:46:35       15.313392       33.0720
BFGS:    1 15:46:35        1.813756       12.6114
BFGS:    2 15:46:35       -0.802637       12.0259
BFGS:    3 15:46:35       -2.735485        2.1926
BFGS:    4 15:46:35       -2.961580        1.4005
BFGS:    5 15:46:35       -3.112784        0.5709
BFGS:    6 15:46:35       -3.139452        0.3649
BFGS:    7 15:46:35       -3.148607        0.3063
BFGS:    8 15:46:35       -3.157351        0.2891
BFGS:    9 15:46:35       -3.171393        0.2602
BFGS:   10 15:46:35       -3.185916        0.3163
BFGS:   11 15:46:35       -3.197100        0.5425
BFGS:   12 15:46:35       -3.214623        0.7991
BFGS:   13 15:46:35       -3.264506        1.3101
BFGS:   14 15:46:35       -3.284198        1.7645
BFGS:   15 15:46:35       -3.366006        0.9916
BFGS:   16 15:46:35       -3.443586        0.5793
BFGS:   17 15:46:35       -3.503719        0.8785
BFGS:   18 15:46:35       -3.534161        0.4813
BFGS:   19 15:46:35       -3.544221        0.4814
BFGS:   20 15:46:35       -3.581972        0.5788
BFGS:   21 15:46:35       -3.596625        0.5158
BFGS:   22 15:46:35       -3.634802        0.4696
BFGS:   23 15:46:35       -3.645814        0.4158
BFGS:   24 15:46:35       -3.680321        0.4353
BFGS:   25 15:46:35       -3.784308        0.6249
BFGS:   26 15:46:35       -3.834786        0.8496
BFGS:   27 15:46:35       -3.870620        0.6819
BFGS:   28 15:46:35       -3.902216        0.6069
BFGS:   29 15:46:35       -3.951640        0.7551
BFGS:   30 15:46:35       -3.965051        0.5836
BFGS:   31 15:46:35       -3.978834        0.4626
BFGS:   32 15:46:35       -4.025214        0.2764
BFGS:   33 15:46:35       -4.051205        0.4339
BFGS:   34 15:46:35       -4.057838        0.4324
BFGS:   35 15:46:35       -4.076207        0.4158
BFGS:   36 15:46:35       -4.094023        0.4859
BFGS:   37 15:46:35       -4.126022        0.8200
BFGS:   38 15:46:35       -4.202710        1.3311
BFGS:   39 15:46:35       -4.286058        1.8729
BFGS:   40 15:46:35       -4.374947        2.0009
BFGS:   41 15:46:35       -4.421266        1.2171
BFGS:   42 15:46:35       -4.425308        0.7690
BFGS:   43 15:46:35       -4.489201        0.9638
BFGS:   44 15:46:35       -4.517918        1.1802
BFGS:   45 15:46:35       -4.540652        1.1246
BFGS:   46 15:46:35       -4.607393        0.6863
BFGS:   47 15:46:35       -4.722168        0.7112
BFGS:   48 15:46:35       -4.771515        1.4953
BFGS:   49 15:46:35       -4.867469        0.6978
BFGS:   50 15:46:35       -4.956187        0.5981
BFGS:   51 15:46:35       -5.051041        1.0722
BFGS:   52 15:46:35       -5.138815        0.7483
BFGS:   53 15:46:35       -5.290436        0.9121
BFGS:   54 15:46:35       -5.358174        1.6495
BFGS:   55 15:46:35       -5.419938        0.9278
BFGS:   56 15:46:35       -5.454788        0.9190
BFGS:   57 15:46:35       -5.482828        1.0369
BFGS:   58 15:46:35       -5.510501        1.0876
BFGS:   59 15:46:35       -5.522513        0.8371
BFGS:   60 15:46:35       -5.536782        0.5869
BFGS:   61 15:46:35       -5.558829        0.5078
BFGS:   62 15:46:35       -5.581920        0.4869
BFGS:   63 15:46:35       -5.599182        0.4301
BFGS:   64 15:46:35       -5.614880        0.3437
BFGS:   65 15:46:35       -5.627020        0.2859
BFGS:   66 15:46:35       -5.633125        0.2866
BFGS:   67 15:46:35       -5.639574        0.2020
BFGS:   68 15:46:35       -5.644612        0.2173
BFGS:   69 15:46:35       -5.647520        0.1551
BFGS:   70 15:46:35       -5.649504        0.1113
BFGS:   71 15:46:35       -5.650794        0.0573
BFGS:   72 15:46:35       -5.651036        0.0432
      Step     Time          Energy         fmax
BFGS:    0 15:46:35       12.907540       34.8742
BFGS:    1 15:46:35       -0.613246       10.3735
BFGS:    2 15:46:35       -2.246911        5.4303
BFGS:    3 15:46:35       -3.212147        2.1398
BFGS:    4 15:46:35       -3.507760        0.9890
BFGS:    5 15:46:35       -3.620127        0.5513
BFGS:    6 15:46:35       -3.654304        0.5244
BFGS:    7 15:46:35       -3.681629        0.5566
BFGS:    8 15:46:35       -3.732097        0.6292
BFGS:    9 15:46:35       -3.822142        0.7538
BFGS:   10 15:46:35       -3.878183        0.7489
BFGS:   11 15:46:35       -3.961526        0.6352
BFGS:   12 15:46:35       -4.007979        0.8639
BFGS:   13 15:46:35       -4.033693        0.4464
BFGS:   14 15:46:35       -4.053020        0.3923
BFGS:   15 15:46:35       -4.093723        0.4114
BFGS:   16 15:46:35       -4.098497        0.3880
BFGS:   17 15:46:35       -4.116974        0.2953
BFGS:   18 15:46:35       -4.163543        0.7591
BFGS:   19 15:46:35       -4.216698        1.2769
BFGS:   20 15:46:35       -4.319378        1.9388
BFGS:   21 15:46:35       -4.483544        2.0573
BFGS:   22 15:46:35       -4.386098        3.0880
BFGS:   23 15:46:35       -4.605043        1.2280
BFGS:   24 15:46:35       -4.662391        0.9179
BFGS:   25 15:46:35       -4.798505        0.7820
BFGS:   26 15:46:35       -4.830233        0.6297
BFGS:   27 15:46:35       -4.908311        0.7434
BFGS:   28 15:46:35       -4.999450        0.7907
BFGS:   29 15:46:35       -5.050334        0.8328
BFGS:   30 15:46:35       -5.143044        1.1088
BFGS:   31 15:46:35       -5.242826        1.5176
BFGS:   32 15:46:35       -5.301874        1.0595
BFGS:   33 15:46:35       -5.391389        0.6470
BFGS:   34 15:46:35       -5.479276        0.4919
BFGS:   35 15:46:35       -5.509594        0.4225
BFGS:   36 15:46:35       -5.521003        0.3662
BFGS:   37 15:46:35       -5.533222        0.3542
BFGS:   38 15:46:35       -5.551032        0.3719
BFGS:   39 15:46:35       -5.585387        0.4019
BFGS:   40 15:46:35       -5.602601        0.4963
BFGS:   41 15:46:35       -5.619002        0.4042
BFGS:   42 15:46:35       -5.632311        0.1995
BFGS:   43 15:46:35       -5.635319        0.1799
BFGS:   44 15:46:35       -5.641555        0.2018
BFGS:   45 15:46:35       -5.644659        0.1714
BFGS:   46 15:46:35       -5.648248        0.1021
BFGS:   47 15:46:35       -5.649000        0.0908
BFGS:   48 15:46:35       -5.649554        0.0790
BFGS:   49 15:46:35       -5.649986        0.0689
BFGS:   50 15:46:35       -5.650479        0.0674
BFGS:   51 15:46:35       -5.650823        0.0638
BFGS:   52 15:46:35       -5.651186        0.0703
BFGS:   53 15:46:35       -5.651647        0.0644
BFGS:   54 15:46:35       -5.652137        0.0425
      Step     Time          Energy         fmax
BFGS:    0 15:46:35       12.821948       29.4811
BFGS:    1 15:46:35        1.659197       24.6946
BFGS:    2 15:46:35       -1.638854        4.4764
BFGS:    3 15:46:35       -2.423885        2.7334
BFGS:    4 15:46:35       -3.022278        1.3684
BFGS:    5 15:46:35       -3.205758        0.6664
BFGS:    6 15:46:35       -3.261834        0.4257
BFGS:    7 15:46:35       -3.283740        0.5010
BFGS:    8 15:46:35       -3.312350        0.5874
BFGS:    9 15:46:35       -3.379002        0.7147
BFGS:   10 15:46:35       -3.495328        0.8927
BFGS:   11 15:46:35       -3.563417        0.9325
BFGS:   12 15:46:35       -3.774920        1.6220
BFGS:   13 15:46:35       -3.819733        0.6703
BFGS:   14 15:46:35       -3.883443        0.7455
BFGS:   15 15:46:35       -4.138006        0.7053
BFGS:   16 15:46:35       -4.082546        1.6500
BFGS:   17 15:46:35       -4.237949        0.5463
BFGS:   18 15:46:35       -4.255943        0.5129
BFGS:   19 15:46:35       -4.284479        0.4414
BFGS:   20 15:46:35       -4.301468        0.4085
BFGS:   21 15:46:35       -4.329323        0.2930
BFGS:   22 15:46:35       -4.339529        0.2586
BFGS:   23 15:46:35       -4.345613        0.2381
BFGS:   24 15:46:35       -4.351298        0.2273
BFGS:   25 15:46:35       -4.360783        0.2295
BFGS:   26 15:46:35       -4.370341        0.2449
BFGS:   27 15:46:35       -4.376722        0.2590
BFGS:   28 15:46:35       -4.381203        0.2392
BFGS:   29 15:46:35       -4.388149        0.2637
BFGS:   30 15:46:35       -4.401245        0.4142
BFGS:   31 15:46:35       -4.438914        0.7759
BFGS:   32 15:46:35       -4.481866        1.0150
BFGS:   33 15:46:35       -4.461986        1.0943
BFGS:   34 15:46:35       -4.552032        1.1228
BFGS:   35 15:46:35       -4.615683        0.9926
BFGS:   36 15:46:35       -4.667719        0.7693
BFGS:   37 15:46:35       -4.718469        0.4616
BFGS:   38 15:46:35       -4.734309        0.4077
BFGS:   39 15:46:35       -4.748939        0.2812
BFGS:   40 15:46:35       -4.760710        0.2367
BFGS:   41 15:46:35       -4.763552        0.1466
BFGS:   42 15:46:35       -4.766061        0.1221
BFGS:   43 15:46:35       -4.767259        0.1194
BFGS:   44 15:46:35       -4.770131        0.0984
BFGS:   45 15:46:35       -4.771692        0.0668
BFGS:   46 15:46:35       -4.772333        0.0542
BFGS:   47 15:46:36       -4.772539        0.0535
BFGS:   48 15:46:36       -4.772803        0.0565
BFGS:   49 15:46:36       -4.773511        0.0716
BFGS:   50 15:46:36       -4.775384        0.1169
BFGS:   51 15:46:36       -4.781750        0.2440
BFGS:   52 15:46:36       -4.803139        0.4971
BFGS:   53 15:46:36       -4.872331        0.5339
BFGS:   54 15:46:36       -4.982636        0.5995
BFGS:   55 15:46:36       -5.042987        0.7892
BFGS:   56 15:46:36       -5.113372        0.5210
BFGS:   57 15:46:36       -5.163824        0.4475
BFGS:   58 15:46:36       -5.202694        0.3369
BFGS:   59 15:46:36       -5.221339        0.3217
BFGS:   60 15:46:36       -5.228196        0.3228
BFGS:   61 15:46:36       -5.235921        0.2583
BFGS:   62 15:46:36       -5.243036        0.1588
BFGS:   63 15:46:36       -5.244955        0.1499
BFGS:   64 15:46:36       -5.246873        0.1162
BFGS:   65 15:46:36       -5.248187        0.1170
BFGS:   66 15:46:36       -5.249572        0.1142
BFGS:   67 15:46:36       -5.252218        0.1819
BFGS:   68 15:46:36       -5.257371        0.3261
BFGS:   69 15:46:36       -5.266616        0.5612
BFGS:   70 15:46:36       -5.280741        0.8427
BFGS:   71 15:46:36       -5.301127        1.0425
BFGS:   72 15:46:36       -5.297206        1.0694
BFGS:   73 15:46:36       -5.330278        1.1297
BFGS:   74 15:46:36       -5.359657        1.1131
BFGS:   75 15:46:36       -5.319819        2.3856
BFGS:   76 15:46:36       -5.524017        0.8187
BFGS:   77 15:46:36       -5.580410        0.5701
BFGS:   78 15:46:36       -5.626057        0.4035
BFGS:   79 15:46:36       -5.643319        0.1653
BFGS:   80 15:46:36       -5.647806        0.1400
BFGS:   81 15:46:36       -5.649506        0.0768
BFGS:   82 15:46:36       -5.649871        0.0777
BFGS:   83 15:46:36       -5.650141        0.0762
BFGS:   84 15:46:36       -5.650672        0.0667
BFGS:   85 15:46:36       -5.651492        0.0429
      Step     Time          Energy         fmax
BFGS:    0 15:46:36       13.412709       29.9035
BFGS:    1 15:46:36        0.716759       11.9875
BFGS:    2 15:46:36       -1.562851        5.2315
BFGS:    3 15:46:36       -2.594142        2.2958
BFGS:    4 15:46:36       -2.946462        1.1171
BFGS:    5 15:46:36       -3.082864        0.6385
BFGS:    6 15:46:36       -3.123381        0.5677
BFGS:    7 15:46:36       -3.149561        0.5675
BFGS:    8 15:46:36       -3.192676        0.5734
BFGS:    9 15:46:36       -3.278929        0.7324
BFGS:   10 15:46:36       -3.303233        0.9375
BFGS:   11 15:46:36       -3.373525        0.7570
BFGS:   12 15:46:36       -3.442722        0.7141
BFGS:   13 15:46:36       -3.514359        1.1873
BFGS:   14 15:46:36       -3.606191        1.3657
BFGS:   15 15:46:36       -3.726699        1.9418
BFGS:   16 15:46:36       -3.828270        0.7419
BFGS:   17 15:46:36       -3.882424        0.4392
BFGS:   18 15:46:36       -3.895223        0.4223
BFGS:   19 15:46:36       -3.910438        0.4519
BFGS:   20 15:46:36       -3.934884        0.4638
BFGS:   21 15:46:36       -3.975981        0.4196
BFGS:   22 15:46:36       -3.995082        0.3605
BFGS:   23 15:46:36       -4.009674        0.2838
BFGS:   24 15:46:36       -4.015525        0.3321
BFGS:   25 15:46:36       -4.028945        0.3630
BFGS:   26 15:46:36       -4.041517        0.3517
BFGS:   27 15:46:36       -4.058101        0.3098
BFGS:   28 15:46:36       -4.067433        0.3811
BFGS:   29 15:46:36       -4.082509        0.4542
BFGS:   30 15:46:36       -4.126655        0.6309
BFGS:   31 15:46:36       -4.185380        0.8023
BFGS:   32 15:46:36       -4.217397        0.8128
BFGS:   33 15:46:36       -4.254609        0.8395
BFGS:   34 15:46:36       -4.360398        0.9926
BFGS:   35 15:46:36       -4.431842        0.9476
BFGS:   36 15:46:36       -4.566317        2.0984
BFGS:   37 15:46:36       -4.560299        2.7464
BFGS:   38 15:46:36       -4.706658        0.4818
BFGS:   39 15:46:36       -4.777339        0.6004
BFGS:   40 15:46:36       -4.817434        0.9519
BFGS:   41 15:46:36       -4.861247        0.9007
BFGS:   42 15:46:36       -4.931171        1.0413
BFGS:   43 15:46:36       -4.982433        0.5435
BFGS:   44 15:46:36       -5.012198        0.4998
BFGS:   45 15:46:36       -5.049075        0.6087
BFGS:   46 15:46:36       -5.084217        0.5466
BFGS:   47 15:46:36       -5.188568        0.6676
BFGS:   48 15:46:36       -5.237183        0.6312
BFGS:   49 15:46:36       -5.282867        0.8222
BFGS:   50 15:46:36       -5.322186        0.2742
BFGS:   51 15:46:36       -5.327980        0.2359
BFGS:   52 15:46:36       -5.334052        0.2248
BFGS:   53 15:46:36       -5.339325        0.2251
BFGS:   54 15:46:36       -5.349592        0.2716
BFGS:   55 15:46:36       -5.364241        0.3684
BFGS:   56 15:46:36       -5.397314        0.6004
BFGS:   57 15:46:36       -5.441542        0.8317
BFGS:   58 15:46:36       -5.485799        0.6855
BFGS:   59 15:46:36       -5.566843        0.4964
BFGS:   60 15:46:36       -5.606783        0.4669
BFGS:   61 15:46:36       -5.627018        0.3679
BFGS:   62 15:46:36       -5.637393        0.2186
BFGS:   63 15:46:36       -5.641401        0.2251
BFGS:   64 15:46:36       -5.646626        0.1738
BFGS:   65 15:46:36       -5.651597        0.0603
BFGS:   66 15:46:36       -5.652185        0.0281
      Step     Time          Energy         fmax
BFGS:    0 15:46:36       15.650425       37.2171
BFGS:    1 15:46:36        2.457326       19.5832
BFGS:    2 15:46:36       -0.716786        9.2121
BFGS:    3 15:46:36       -2.607991        4.3509
BFGS:    4 15:46:36       -3.206175        2.0263
BFGS:    5 15:46:36       -3.454795        0.8475
BFGS:    6 15:46:36       -3.519139        0.5594
BFGS:    7 15:46:36       -3.539561        0.5206
BFGS:    8 15:46:36       -3.559178        0.5224
BFGS:    9 15:46:36       -3.603408        0.5688
BFGS:   10 15:46:36       -3.685444        0.7992
BFGS:   11 15:46:36       -3.729696        0.8022
BFGS:   12 15:46:36       -3.836824        1.0453
BFGS:   13 15:46:36       -3.860426        0.7911
BFGS:   14 15:46:36       -3.919295        0.4967
BFGS:   15 15:46:36       -4.070077        0.7298
BFGS:   16 15:46:36       -4.086351        0.6512
BFGS:   17 15:46:36       -4.137113        0.4769
BFGS:   18 15:46:36       -4.189537        0.6019
BFGS:   19 15:46:36       -4.207611        0.6057
BFGS:   20 15:46:36       -4.225641        0.7654
BFGS:   21 15:46:36       -4.277029        0.7500
BFGS:   22 15:46:36       -4.385705        1.0087
BFGS:   23 15:46:36       -4.348253        1.4832
BFGS:   24 15:46:36       -4.474731        0.7194
BFGS:   25 15:46:36       -4.515188        0.6043
BFGS:   26 15:46:36       -4.578519        0.6549
BFGS:   27 15:46:36       -4.598981        0.5154
BFGS:   28 15:46:36       -4.629971        0.4157
BFGS:   29 15:46:36       -4.657512        0.4241
BFGS:   30 15:46:36       -4.675706        0.3655
BFGS:   31 15:46:36       -4.688594        0.2172
BFGS:   32 15:46:36       -4.692339        0.2018
BFGS:   33 15:46:36       -4.694561        0.1688
BFGS:   34 15:46:36       -4.700234        0.1453
BFGS:   35 15:46:36       -4.704319        0.1256
BFGS:   36 15:46:36       -4.707844        0.1088
BFGS:   37 15:46:36       -4.708701        0.0922
BFGS:   38 15:46:36       -4.708921        0.0775
BFGS:   39 15:46:36       -4.709111        0.0644
BFGS:   40 15:46:36       -4.709395        0.0512
BFGS:   41 15:46:36       -4.709768        0.0471
      Step     Time          Energy         fmax
BFGS:    0 15:46:36       12.574310       34.6787
BFGS:    1 15:46:36       -0.769492        9.2066
BFGS:    2 15:46:36       -2.506976        5.2046
BFGS:    3 15:46:36       -3.382543        2.2075
BFGS:    4 15:46:36       -3.689927        1.1088
BFGS:    5 15:46:36       -3.804630        0.6690
BFGS:    6 15:46:36       -3.845075        0.6794
BFGS:    7 15:46:36       -3.879947        0.6998
BFGS:    8 15:46:36       -3.940417        0.7081
BFGS:    9 15:46:36       -4.030285        0.8939
BFGS:   10 15:46:36       -4.119655        0.9219
BFGS:   11 15:46:36       -4.298583        1.4221
BFGS:   12 15:46:36       -4.351269        1.1976
BFGS:   13 15:46:36       -4.407233        0.7826
BFGS:   14 15:46:36       -4.465350        0.8233
BFGS:   15 15:46:36       -4.482297        1.3286
BFGS:   16 15:46:36       -4.571591        0.4821
BFGS:   17 15:46:36       -4.595981        0.3730
BFGS:   18 15:46:36       -4.613624        0.5364
BFGS:   19 15:46:36       -4.625039        0.4648
BFGS:   20 15:46:36       -4.702935        0.4815
BFGS:   21 15:46:36       -4.773571        0.9548
BFGS:   22 15:46:36       -4.787607        1.2720
BFGS:   23 15:46:36       -4.886768        0.5821
BFGS:   24 15:46:36       -4.931650        0.5067
BFGS:   25 15:46:36       -4.967494        0.5444
BFGS:   26 15:46:36       -4.985176        0.4444
BFGS:   27 15:46:36       -5.003020        0.3507
BFGS:   28 15:46:36       -5.033830        0.3187
BFGS:   29 15:46:36       -5.044141        0.3238
BFGS:   30 15:46:36       -5.063127        0.4157
BFGS:   31 15:46:36       -5.103631        0.6384
BFGS:   32 15:46:36       -5.206571        0.9388
BFGS:   33 15:46:36       -5.153569        1.3324
BFGS:   34 15:46:36       -5.262548        0.8004
BFGS:   35 15:46:36       -5.291680        0.7942
BFGS:   36 15:46:36       -5.321339        1.5608
BFGS:   37 15:46:36       -5.368153        0.8181
BFGS:   38 15:46:36       -5.380998        0.8263
BFGS:   39 15:46:36       -5.420114        0.9520
BFGS:   40 15:46:36       -5.453376        0.9277
BFGS:   41 15:46:36       -5.500090        0.9006
BFGS:   42 15:46:36       -5.508352        0.9114
BFGS:   43 15:46:36       -5.511152        0.9030
BFGS:   44 15:46:36       -5.514356        0.8825
BFGS:   45 15:46:36       -5.520118        0.8387
BFGS:   46 15:46:36       -5.528351        0.7635
BFGS:   47 15:46:36       -5.535910        0.6928
BFGS:   48 15:46:36       -5.544523        0.6316
BFGS:   49 15:46:36       -5.553505        0.5850
BFGS:   50 15:46:36       -5.561720        0.5513
BFGS:   51 15:46:36       -5.569617        0.5079
BFGS:   52 15:46:36       -5.575144        0.4569
BFGS:   53 15:46:36       -5.577995        0.4199
BFGS:   54 15:46:36       -5.581918        0.3774
BFGS:   55 15:46:36       -5.589213        0.3896
BFGS:   56 15:46:36       -5.597948        0.3493
BFGS:   57 15:46:36       -5.603985        0.2409
BFGS:   58 15:46:36       -5.607282        0.1778
BFGS:   59 15:46:36       -5.608708        0.1595
BFGS:   60 15:46:36       -5.610416        0.1528
BFGS:   61 15:46:36       -5.614008        0.1557
BFGS:   62 15:46:36       -5.617796        0.1896
BFGS:   63 15:46:36       -5.620442        0.2237
BFGS:   64 15:46:36       -5.622042        0.2273
BFGS:   65 15:46:36       -5.624507        0.2096
BFGS:   66 15:46:36       -5.629237        0.2035
BFGS:   67 15:46:36       -5.636239        0.2241
BFGS:   68 15:46:36       -5.643221        0.2062
BFGS:   69 15:46:36       -5.648153        0.1189
BFGS:   70 15:46:36       -5.649323        0.1222
BFGS:   71 15:46:36       -5.650087        0.1248
BFGS:   72 15:46:36       -5.651295        0.0908
BFGS:   73 15:46:36       -5.652146        0.0521
BFGS:   74 15:46:36       -5.652392        0.0164
      Step     Time          Energy         fmax
BFGS:    0 15:46:36       12.706883       38.8301
BFGS:    1 15:46:36       -0.529859        8.3299
BFGS:    2 15:46:36       -2.265552        6.6198
BFGS:    3 15:46:36       -3.444417        2.5122
BFGS:    4 15:46:36       -3.834066        1.0617
BFGS:    5 15:46:36       -3.985226        0.7271
BFGS:    6 15:46:36       -4.042066        0.6747
BFGS:    7 15:46:36       -4.078864        0.5955
BFGS:    8 15:46:36       -4.114269        0.5209
BFGS:    9 15:46:36       -4.147979        0.5290
BFGS:   10 15:46:36       -4.189093        0.4786
BFGS:   11 15:46:36       -4.206829        0.3962
BFGS:   12 15:46:36       -4.216961        0.3779
BFGS:   13 15:46:36       -4.283779        0.8343
BFGS:   14 15:46:36       -4.334165        0.9621
BFGS:   15 15:46:36       -4.464207        1.3053
BFGS:   16 15:46:36       -4.501039        1.1657
BFGS:   17 15:46:36       -4.539541        0.7695
BFGS:   18 15:46:36       -4.570283        0.7575
BFGS:   19 15:46:36       -4.554443        2.0500
BFGS:   20 15:46:36       -4.696292        0.6778
BFGS:   21 15:46:36       -4.740979        0.5280
BFGS:   22 15:46:36       -4.807770        0.6522
BFGS:   23 15:46:36       -4.826427        0.5126
BFGS:   24 15:46:36       -4.848659        0.4363
BFGS:   25 15:46:36       -4.888806        0.5147
BFGS:   26 15:46:36       -4.953525        0.6410
BFGS:   27 15:46:36       -4.975872        0.8287
BFGS:   28 15:46:36       -5.017548        0.6338
BFGS:   29 15:46:36       -5.040891        0.5425
BFGS:   30 15:46:36       -5.097241        0.7353
BFGS:   31 15:46:36       -5.121125        0.5835
BFGS:   32 15:46:36       -5.159180        0.3054
BFGS:   33 15:46:36       -5.170794        0.3923
BFGS:   34 15:46:36       -5.193138        0.5506
BFGS:   35 15:46:36       -5.242346        0.7684
BFGS:   36 15:46:36       -5.323603        0.9101
BFGS:   37 15:46:36       -5.387591        0.6932
BFGS:   38 15:46:36       -5.515968        0.6696
BFGS:   39 15:46:36       -5.509646        0.7237
BFGS:   40 15:46:36       -5.530473        0.4642
BFGS:   41 15:46:36       -5.565013        0.4714
BFGS:   42 15:46:36       -5.586917        0.4203
BFGS:   43 15:46:36       -5.624089        0.6240
BFGS:   44 15:46:36       -5.636967        0.3266
BFGS:   45 15:46:36       -5.643588        0.1770
BFGS:   46 15:46:36       -5.645472        0.1283
BFGS:   47 15:46:36       -5.647116        0.1253
BFGS:   48 15:46:36       -5.648571        0.1009
BFGS:   49 15:46:36       -5.650007        0.0748
BFGS:   50 15:46:36       -5.650836        0.0653
BFGS:   51 15:46:36       -5.651326        0.0725
BFGS:   52 15:46:36       -5.651696        0.0635
BFGS:   53 15:46:36       -5.652008        0.0407
      Step     Time          Energy         fmax
BFGS:    0 15:46:36       13.949092       23.7727
BFGS:    1 15:46:36        6.422475       27.1392
BFGS:    2 15:46:36        0.766812       10.4651
BFGS:    3 15:46:36       -1.260212        3.2778
BFGS:    4 15:46:36       -1.938298        1.7026
BFGS:    5 15:46:36       -2.330668        0.7960
BFGS:    6 15:46:36       -2.437447        0.4627
BFGS:    7 15:46:36       -2.460823        0.3079
BFGS:    8 15:46:36       -2.464320        0.2354
BFGS:    9 15:46:36       -2.465843        0.1801
BFGS:   10 15:46:36       -2.467826        0.0927
BFGS:   11 15:46:36       -2.469091        0.0798
BFGS:   12 15:46:36       -2.469538        0.0850
BFGS:   13 15:46:36       -2.469789        0.0775
BFGS:   14 15:46:36       -2.470232        0.0629
BFGS:   15 15:46:36       -2.471132        0.0704
BFGS:   16 15:46:36       -2.472953        0.1231
BFGS:   17 15:46:36       -2.475825        0.2352
BFGS:   18 15:46:36       -2.479405        0.3527
BFGS:   19 15:46:36       -2.482940        0.4145
BFGS:   20 15:46:36       -2.487194        0.4299
BFGS:   21 15:46:36       -2.494896        0.3974
BFGS:   22 15:46:36       -2.508085        0.4677
BFGS:   23 15:46:36       -2.539398        0.7333
BFGS:   24 15:46:36       -2.584831        1.3682
BFGS:   25 15:46:36       -2.633713        1.8289
BFGS:   26 15:46:36       -2.668903        2.3033
BFGS:   27 15:46:36       -2.715056        3.1910
BFGS:   28 15:46:36       -2.769210        2.7899
BFGS:   29 15:46:36       -2.850812        1.4693
BFGS:   30 15:46:36       -3.018425        0.9954
BFGS:   31 15:46:36       -3.086286        0.6729
BFGS:   32 15:46:36       -3.107997        0.3739
BFGS:   33 15:46:36       -3.129846        0.2660
BFGS:   34 15:46:36       -3.137968        0.2764
BFGS:   35 15:46:36       -3.147471        0.3399
BFGS:   36 15:46:36       -3.163134        0.3802
BFGS:   37 15:46:36       -3.184985        0.3981
BFGS:   38 15:46:36       -3.234634        0.5258
BFGS:   39 15:46:36       -3.302143        0.9324
BFGS:   40 15:46:36       -3.421409        1.0258
BFGS:   41 15:46:36       -3.559105        1.0656
BFGS:   42 15:46:36       -3.643234        0.7649
BFGS:   43 15:46:36       -3.670654        0.7482
BFGS:   44 15:46:36       -3.780704        0.5555
BFGS:   45 15:46:36       -3.821311        0.3611
BFGS:   46 15:46:36       -3.835659        0.2429
BFGS:   47 15:46:36       -3.842728        0.1814
BFGS:   48 15:46:36       -3.847423        0.2999
BFGS:   49 15:46:36       -3.852081        0.2506
BFGS:   50 15:46:36       -3.860141        0.2300
BFGS:   51 15:46:36       -3.918394        0.7098
BFGS:   52 15:46:36       -4.016313        1.2980
BFGS:   53 15:46:36       -4.244604        0.5901
BFGS:   54 15:46:36       -4.452345        0.6807
BFGS:   55 15:46:36       -4.491691        1.7861
BFGS:   56 15:46:36       -4.589678        0.6443
BFGS:   57 15:46:36       -4.628256        0.4427
BFGS:   58 15:46:36       -4.655809        0.5183
BFGS:   59 15:46:36       -4.685500        0.5473
BFGS:   60 15:46:36       -4.734696        0.6329
BFGS:   61 15:46:36       -4.784094        0.5753
BFGS:   62 15:46:36       -4.815845        0.4579
BFGS:   63 15:46:36       -4.853667        0.4128
BFGS:   64 15:46:36       -4.882163        0.4542
BFGS:   65 15:46:36       -4.902883        0.3648
BFGS:   66 15:46:36       -4.910702        0.3144
BFGS:   67 15:46:36       -4.914280        0.2716
BFGS:   68 15:46:36       -4.922479        0.2278
BFGS:   69 15:46:36       -4.933580        0.2928
BFGS:   70 15:46:36       -4.949566        0.4019
BFGS:   71 15:46:36       -4.969389        0.5860
BFGS:   72 15:46:36       -4.997301        0.7468
BFGS:   73 15:46:36       -5.015305        0.7437
BFGS:   74 15:46:36       -5.039700        0.6859
BFGS:   75 15:46:36       -5.086012        0.7453
BFGS:   76 15:46:36       -5.152073        0.8288
BFGS:   77 15:46:36       -5.174459        0.6131
BFGS:   78 15:46:36       -5.166213        0.4019
BFGS:   79 15:46:36       -5.211392        0.3344
BFGS:   80 15:46:36       -5.223194        0.3787
BFGS:   81 15:46:36       -5.232839        0.3520
BFGS:   82 15:46:36       -5.250945        0.2611
BFGS:   83 15:46:36       -5.258369        0.1876
BFGS:   84 15:46:36       -5.265821        0.1404
BFGS:   85 15:46:36       -5.268251        0.1343
BFGS:   86 15:46:36       -5.270597        0.1457
BFGS:   87 15:46:36       -5.273450        0.1752
BFGS:   88 15:46:36       -5.280038        0.2422
BFGS:   89 15:46:36       -5.289220        0.2711
BFGS:   90 15:46:36       -5.299112        0.3757
BFGS:   91 15:46:36       -5.312107        0.4767
BFGS:   92 15:46:36       -5.336784        0.6191
BFGS:   93 15:46:36       -5.362106        0.8256
BFGS:   94 15:46:36       -5.389068        0.8147
BFGS:   95 15:46:36       -5.441519        0.6946
BFGS:   96 15:46:36       -5.493865        0.5109
BFGS:   97 15:46:36       -5.534164        0.4821
BFGS:   98 15:46:36       -5.571136        0.4550
BFGS:   99 15:46:36       -5.565953        0.9940
BFGS:  100 15:46:36       -5.627734        0.2544
BFGS:  101 15:46:36       -5.640370        0.1781
BFGS:  102 15:46:36       -5.646156        0.2174
BFGS:  103 15:46:36       -5.648788        0.1505
BFGS:  104 15:46:36       -5.651436        0.0490
      Step     Time          Energy         fmax
BFGS:    0 15:46:36       13.189403       39.6572
BFGS:    1 15:46:36       -0.879893       10.2473
BFGS:    2 15:46:36       -3.035146        6.1013
BFGS:    3 15:46:36       -4.093268        3.1014
BFGS:    4 15:46:36       -4.534640        1.4105
BFGS:    5 15:46:36       -4.678217        0.6008
BFGS:    6 15:46:36       -4.722482        0.5372
BFGS:    7 15:46:36       -4.746790        0.5467
BFGS:    8 15:46:36       -4.772435        0.5133
BFGS:    9 15:46:36       -4.795514        0.3851
BFGS:   10 15:46:36       -4.815079        0.3362
BFGS:   11 15:46:36       -4.823566        0.2261
BFGS:   12 15:46:36       -4.827181        0.2087
BFGS:   13 15:46:36       -4.841368        0.1888
BFGS:   14 15:46:36       -4.844617        0.2271
BFGS:   15 15:46:36       -4.847347        0.2199
BFGS:   16 15:46:36       -4.851534        0.1767
BFGS:   17 15:46:36       -4.856478        0.1521
BFGS:   18 15:46:36       -4.859712        0.1655
BFGS:   19 15:46:36       -4.862064        0.1910
BFGS:   20 15:46:36       -4.866201        0.2371
BFGS:   21 15:46:36       -4.875286        0.3186
BFGS:   22 15:46:36       -4.912801        0.4803
BFGS:   23 15:46:36       -4.954426        0.9429
BFGS:   24 15:46:36       -4.993215        1.4962
BFGS:   25 15:46:36       -5.003835        1.9741
BFGS:   26 15:46:36       -5.084919        1.3829
BFGS:   27 15:46:36       -5.234067        0.8278
BFGS:   28 15:46:36       -5.293580        0.9775
BFGS:   29 15:46:36       -5.342095        0.5991
BFGS:   30 15:46:36       -5.368427        0.3476
BFGS:   31 15:46:36       -5.386017        0.4883
BFGS:   32 15:46:36       -5.391151        0.3178
BFGS:   33 15:46:36       -5.395896        0.2564
BFGS:   34 15:46:36       -5.422437        0.4335
BFGS:   35 15:46:36       -5.462837        0.7427
BFGS:   36 15:46:36       -5.485716        1.2395
BFGS:   37 15:46:36       -5.529931        0.6098
BFGS:   38 15:46:36       -5.563522        0.5625
BFGS:   39 15:46:36       -5.601678        0.6219
BFGS:   40 15:46:36       -5.622238        0.4529
BFGS:   41 15:46:36       -5.637511        0.4188
BFGS:   42 15:46:36       -5.701767        0.7356
BFGS:   43 15:46:36       -5.718857        0.6139
BFGS:   44 15:46:36       -5.775624        0.5661
BFGS:   45 15:46:36       -5.796657        0.4164
BFGS:   46 15:46:36       -5.819025        0.2949
BFGS:   47 15:46:36       -5.829693        0.2313
BFGS:   48 15:46:36       -5.836066        0.1474
BFGS:   49 15:46:36       -5.840204        0.0708
BFGS:   50 15:46:36       -5.840494        0.0539
BFGS:   51 15:46:36       -5.840654        0.0553
BFGS:   52 15:46:36       -5.840751        0.0520
BFGS:   53 15:46:36       -5.840927        0.0527
BFGS:   54 15:46:36       -5.840962        0.0540
BFGS:   55 15:46:36       -5.840985        0.0541
BFGS:   56 15:46:36       -5.841008        0.0534
BFGS:   57 15:46:36       -5.841063        0.0510
BFGS:   58 15:46:36       -5.841157        0.0457
      Step     Time          Energy         fmax
BFGS:    0 15:46:36       13.764569       40.0163
BFGS:    1 15:46:36        1.230887       10.9939
BFGS:    2 15:46:36       -1.268857        7.9256
BFGS:    3 15:46:36       -3.004142        2.5259
BFGS:    4 15:46:36       -3.381289        1.2347
BFGS:    5 15:46:36       -3.541229        0.5101
BFGS:    6 15:46:36       -3.572371        0.3901
BFGS:    7 15:46:36       -3.581024        0.3507
BFGS:    8 15:46:36       -3.589048        0.3168
BFGS:    9 15:46:36       -3.603262        0.3693
BFGS:   10 15:46:36       -3.619163        0.4068
BFGS:   11 15:46:36       -3.638095        0.5941
BFGS:   12 15:46:36       -3.666641        0.8738
BFGS:   13 15:46:36       -3.696032        0.9244
BFGS:   14 15:46:36       -3.762115        1.0533
BFGS:   15 15:46:36       -3.824097        0.7539
BFGS:   16 15:46:36       -3.862478        0.2978
BFGS:   17 15:46:36       -3.865066        0.1962
BFGS:   18 15:46:36       -3.867440        0.2341
BFGS:   19 15:46:36       -3.869150        0.2003
BFGS:   20 15:46:36       -3.874252        0.1112
BFGS:   21 15:46:36       -3.876622        0.1040
BFGS:   22 15:46:36       -3.878381        0.1277
BFGS:   23 15:46:36       -3.879396        0.1252
BFGS:   24 15:46:36       -3.880777        0.1012
BFGS:   25 15:46:36       -3.882399        0.0800
BFGS:   26 15:46:36       -3.883566        0.0956
BFGS:   27 15:46:36       -3.884338        0.1032
BFGS:   28 15:46:36       -3.885669        0.1434
BFGS:   29 15:46:37       -3.888941        0.2118
BFGS:   30 15:46:37       -3.898616        0.3583
BFGS:   31 15:46:37       -3.923062        0.6144
BFGS:   32 15:46:37       -3.944079        0.8404
BFGS:   33 15:46:37       -3.968596        1.0395
BFGS:   34 15:46:37       -3.992653        1.2714
BFGS:   35 15:46:37       -4.012213        1.5208
BFGS:   36 15:46:37       -4.044747        1.6130
BFGS:   37 15:46:37       -4.094127        1.4926
BFGS:   38 15:46:37       -4.181416        1.1799
BFGS:   39 15:46:37       -4.250756        0.8753
BFGS:   40 15:46:37       -4.318402        0.6166
BFGS:   41 15:46:37       -4.415717        0.7740
BFGS:   42 15:46:37       -4.492225        1.0782
BFGS:   43 15:46:37       -4.556499        1.2488
BFGS:   44 15:46:37       -4.703816        1.7233
BFGS:   45 15:46:37       -4.839766        2.0631
BFGS:   46 15:46:37       -4.931233        1.1479
BFGS:   47 15:46:37       -4.984287        0.6319
BFGS:   48 15:46:37       -5.048011        0.4585
BFGS:   49 15:46:37       -5.083207        0.4769
BFGS:   50 15:46:37       -5.097110        0.3608
BFGS:   51 15:46:37       -5.105985        0.3160
BFGS:   52 15:46:37       -5.116561        0.3185
BFGS:   53 15:46:37       -5.133036        0.3089
BFGS:   54 15:46:37       -5.162209        0.2804
BFGS:   55 15:46:37       -5.194274        0.2023
BFGS:   56 15:46:37       -5.206712        0.1062
BFGS:   57 15:46:37       -5.208643        0.0650
BFGS:   58 15:46:37       -5.208881        0.0534
BFGS:   59 15:46:37       -5.209010        0.0490
      Step     Time          Energy         fmax
BFGS:    0 15:46:37       13.537380       29.8225
BFGS:    1 15:46:37        1.276056       14.4077
BFGS:    2 15:46:37       -1.044712        7.5038
BFGS:    3 15:46:37       -2.213876        3.1516
BFGS:    4 15:46:37       -2.678853        1.5401
BFGS:    5 15:46:37       -2.850984        0.7227
BFGS:    6 15:46:37       -2.890853        0.4179
BFGS:    7 15:46:37       -2.903369        0.3401
BFGS:    8 15:46:37       -2.916275        0.3902
BFGS:    9 15:46:37       -2.945053        0.4901
BFGS:   10 15:46:37       -3.009468        0.6985
BFGS:   11 15:46:37       -3.082974        1.4295
BFGS:   12 15:46:37       -3.120731        1.2498
BFGS:   13 15:46:37       -3.113166        1.9973
BFGS:   14 15:46:37       -3.279694        0.6787
BFGS:   15 15:46:37       -3.318163        0.4886
BFGS:   16 15:46:37       -3.363080        1.0712
BFGS:   17 15:46:37       -3.399142        0.9205
BFGS:   18 15:46:37       -3.465679        0.6600
BFGS:   19 15:46:37       -3.510003        0.5515
BFGS:   20 15:46:37       -3.526349        0.4697
BFGS:   21 15:46:37       -3.573916        0.2673
BFGS:   22 15:46:37       -3.587466        0.3079
BFGS:   23 15:46:37       -3.597263        0.4312
BFGS:   24 15:46:37       -3.611063        0.5896
BFGS:   25 15:46:37       -3.641162        0.7468
BFGS:   26 15:46:37       -3.723671        1.4533
BFGS:   27 15:46:37       -3.733968        2.4306
BFGS:   28 15:46:37       -3.814324        1.5071
BFGS:   29 15:46:37       -3.889087        1.2094
BFGS:   30 15:46:37       -3.979467        1.0827
BFGS:   31 15:46:37       -4.045555        0.5794
BFGS:   32 15:46:37       -4.064117        0.5448
BFGS:   33 15:46:37       -4.091927        0.4338
BFGS:   34 15:46:37       -4.103399        0.3577
BFGS:   35 15:46:37       -4.124316        0.3864
BFGS:   36 15:46:37       -4.135385        0.4653
BFGS:   37 15:46:37       -4.200405        0.9164
BFGS:   38 15:46:37       -4.330113        1.3438
BFGS:   39 15:46:37       -4.534948        1.1040
BFGS:   40 15:46:37       -4.420234        2.7679
BFGS:   41 15:46:37       -4.619541        0.9237
BFGS:   42 15:46:37       -4.665330        0.8528
BFGS:   43 15:46:37       -4.791760        1.2578
BFGS:   44 15:46:37       -4.846520        0.7608
BFGS:   45 15:46:37       -4.893146        0.5268
BFGS:   46 15:46:37       -4.979157        0.5128
BFGS:   47 15:46:37       -5.005772        0.4414
BFGS:   48 15:46:37       -5.033598        0.5317
BFGS:   49 15:46:37       -5.055253        0.4649
BFGS:   50 15:46:37       -5.085635        0.4921
BFGS:   51 15:46:37       -5.126929        0.5512
BFGS:   52 15:46:37       -5.187992        0.5252
BFGS:   53 15:46:37       -5.209205        0.3989
BFGS:   54 15:46:37       -5.215046        0.3898
BFGS:   55 15:46:37       -5.227934        0.2805
BFGS:   56 15:46:37       -5.235032        0.2014
BFGS:   57 15:46:37       -5.243294        0.1469
BFGS:   58 15:46:37       -5.244937        0.1122
BFGS:   59 15:46:37       -5.246299        0.1139
BFGS:   60 15:46:37       -5.247851        0.1154
BFGS:   61 15:46:37       -5.252492        0.1387
BFGS:   62 15:46:37       -5.258512        0.1615
BFGS:   63 15:46:37       -5.263447        0.1634
BFGS:   64 15:46:37       -5.265959        0.1720
BFGS:   65 15:46:37       -5.269577        0.1820
BFGS:   66 15:46:37       -5.277294        0.2444
BFGS:   67 15:46:37       -5.306327        0.4032
BFGS:   68 15:46:37       -5.323506        0.6405
BFGS:   69 15:46:37       -5.381727        0.4657
BFGS:   70 15:46:37       -5.439045        0.4512
BFGS:   71 15:46:37       -5.495878        0.4773
BFGS:   72 15:46:37       -5.551874        0.7846
BFGS:   73 15:46:37       -5.581062        0.5836
BFGS:   74 15:46:37       -5.574417        0.4746
BFGS:   75 15:46:37       -5.606331        0.3175
BFGS:   76 15:46:37       -5.620999        0.3684
BFGS:   77 15:46:37       -5.632524        0.3290
BFGS:   78 15:46:37       -5.645716        0.2098
BFGS:   79 15:46:37       -5.648106        0.1425
BFGS:   80 15:46:37       -5.649740        0.1022
BFGS:   81 15:46:37       -5.650533        0.0755
BFGS:   82 15:46:37       -5.650941        0.0744
BFGS:   83 15:46:37       -5.651205        0.0798
BFGS:   84 15:46:37       -5.651655        0.0774
BFGS:   85 15:46:37       -5.652091        0.0522
BFGS:   86 15:46:37       -5.652362        0.0184
      Step     Time          Energy         fmax
BFGS:    0 15:46:37       13.195332       32.8104
BFGS:    1 15:46:37       -0.078522        9.1811
BFGS:    2 15:46:37       -1.857909        5.5113
BFGS:    3 15:46:37       -2.926363        2.1373
BFGS:    4 15:46:37       -3.271175        0.9736
BFGS:    5 15:46:37       -3.379334        0.5358
BFGS:    6 15:46:37       -3.411809        0.5684
BFGS:    7 15:46:37       -3.434843        0.6183
BFGS:    8 15:46:37       -3.478436        0.7115
BFGS:    9 15:46:37       -3.569159        0.8740
BFGS:   10 15:46:37       -3.634424        1.5953
BFGS:   11 15:46:37       -3.756087        1.1080
BFGS:   12 15:46:37       -3.787978        2.4106
BFGS:   13 15:46:37       -3.943416        0.6743
BFGS:   14 15:46:37       -3.989062        0.6789
BFGS:   15 15:46:37       -4.019972        0.8911
BFGS:   16 15:46:37       -4.042596        0.7313
BFGS:   17 15:46:37       -4.139385        0.5318
BFGS:   18 15:46:37       -4.199294        0.7026
BFGS:   19 15:46:37       -4.221637        0.5156
BFGS:   20 15:46:37       -4.244335        0.4405
BFGS:   21 15:46:37       -4.284286        0.4042
BFGS:   22 15:46:37       -4.292147        0.2750
BFGS:   23 15:46:37       -4.298029        0.2485
BFGS:   24 15:46:37       -4.302128        0.2579
BFGS:   25 15:46:37       -4.315894        0.2243
BFGS:   26 15:46:37       -4.324205        0.2276
BFGS:   27 15:46:37       -4.327913        0.1450
BFGS:   28 15:46:37       -4.329042        0.1280
BFGS:   29 15:46:37       -4.330803        0.1236
BFGS:   30 15:46:37       -4.332205        0.0993
BFGS:   31 15:46:37       -4.333291        0.0871
BFGS:   32 15:46:37       -4.333819        0.0840
BFGS:   33 15:46:37       -4.334499        0.0931
BFGS:   34 15:46:37       -4.335643        0.1179
BFGS:   35 15:46:37       -4.337478        0.1503
BFGS:   36 15:46:37       -4.339874        0.1667
BFGS:   37 15:46:37       -4.342856        0.2128
BFGS:   38 15:46:37       -4.347218        0.2732
BFGS:   39 15:46:37       -4.362773        0.5193
BFGS:   40 15:46:37       -4.377374        0.9945
BFGS:   41 15:46:37       -4.384801        0.4826
BFGS:   42 15:46:37       -4.483750        0.4977
BFGS:   43 15:46:37       -4.575906        0.8058
BFGS:   44 15:46:37       -4.580371        1.0406
BFGS:   45 15:46:37       -4.633312        0.7863
BFGS:   46 15:46:37       -4.662509        0.7276
BFGS:   47 15:46:37       -4.709604        0.6025
BFGS:   48 15:46:37       -4.735020        0.3110
BFGS:   49 15:46:37       -4.741639        0.2347
BFGS:   50 15:46:37       -4.746267        0.1120
BFGS:   51 15:46:37       -4.747165        0.1108
BFGS:   52 15:46:37       -4.748674        0.0896
BFGS:   53 15:46:37       -4.749418        0.0407
