       Step     Time          Energy         fmax
GPMin:    0 18:04:18       -4.356234        0.2791
GPMin:    1 18:04:25       -4.485640        0.1771
GPMin:    2 18:04:31       -4.551298        0.1457
GPMin:    3 18:04:37       -4.607020        0.1096
GPMin:    4 18:04:43       -4.651775        0.0967
GPMin:    5 18:04:48       -4.686678        0.0861
GPMin:    6 18:04:54       -4.715619        0.0744
GPMin:    7 18:04:59       -4.738473        0.0580
GPMin:    8 18:05:03       -4.753040        0.0459
GPMin:    9 18:05:08       -4.763565        0.0315
GPMin:   10 18:05:13       -4.769636        0.0294
GPMin:   11 18:05:17       -4.774480        0.0250
GPMin:   12 18:05:22       -4.777967        0.0321
GPMin:   13 18:05:27       -4.782662        0.0241
GPMin:   14 18:05:31       -4.786885        0.0285
GPMin:   15 18:05:36       -4.791439        0.0269
GPMin:   16 18:05:41       -4.794929        0.0221
GPMin:   17 18:05:45       -4.798261        0.0201
GPMin:   18 18:05:50       -4.799860        0.0189
       Step     Time          Energy         fmax
GPMin:    0 18:05:58       -4.295661        0.4120
GPMin:    1 18:06:04       -4.497906        0.2867
GPMin:    2 18:06:10       -4.622137        0.2870
GPMin:    3 18:06:16       -4.714075        0.2607
GPMin:    4 18:06:21       -4.791710        0.1737
GPMin:    5 18:06:27       -4.826259        0.0894
GPMin:    6 18:06:32       -4.845208        0.1206
GPMin:    7 18:06:37       -4.873913        0.0757
GPMin:    8 18:06:42       -4.894544        0.0643
GPMin:    9 18:06:47       -4.907344        0.0572
GPMin:   10 18:06:52       -4.915427        0.0594
GPMin:   11 18:06:57       -4.924549        0.0385
GPMin:   12 18:07:01       -4.927498        0.0328
GPMin:   13 18:07:05       -4.931241        0.0245
GPMin:   14 18:07:09       -4.933097        0.0132
       Step     Time          Energy         fmax
GPMin:    0 18:07:22       -3.489908        0.9210
GPMin:    1 18:07:30       -3.996247        0.4371
GPMin:    2 18:07:36       -4.175200        0.2163
GPMin:    3 18:07:43       -4.234134        0.1250
GPMin:    4 18:07:48       -4.254216        0.1287
GPMin:    5 18:07:54       -4.288967        0.1442
GPMin:    6 18:07:59       -4.308161        0.1501
GPMin:    7 18:08:05       -4.394136        0.0862
GPMin:    8 18:08:15       -4.402302        0.0600
GPMin:    9 18:08:20       -4.412471        0.0790
GPMin:   10 18:08:24       -4.422563        0.0610
GPMin:   11 18:08:29       -4.430729        0.0441
GPMin:   12 18:08:34       -4.437177        0.0402
GPMin:   13 18:08:38       -4.441328        0.0384
GPMin:   14 18:08:43       -4.446400        0.0297
GPMin:   15 18:08:48       -4.449935        0.0258
GPMin:   16 18:08:52       -4.453510        0.0253
GPMin:   17 18:08:57       -4.455808        0.0210
GPMin:   18 18:09:01       -4.458583        0.0199
       Step     Time          Energy         fmax
GPMin:    0 18:09:14       -3.913962        0.2058
GPMin:    1 18:09:22       -4.024811        0.1819
GPMin:    2 18:09:28       -4.132254        0.1863
GPMin:    3 18:09:34       -4.252192        0.1957
GPMin:    4 18:09:40       -4.329647        0.2044
GPMin:    5 18:09:46       -4.402495        0.2066
GPMin:    6 18:09:51       -4.424755        0.2131
GPMin:    7 18:09:56       -4.465036        0.2033
GPMin:    8 18:10:02       -4.494461        0.1759
GPMin:    9 18:10:07       -4.533811        0.1236
GPMin:   10 18:10:12       -4.568215        0.1340
GPMin:   11 18:10:17       -4.599977        0.1542
GPMin:   12 18:10:23       -4.652437        0.1448
GPMin:   13 18:10:29       -4.694628        0.1333
GPMin:   14 18:10:34       -4.735957        0.1181
GPMin:   15 18:10:40       -4.776068        0.1139
GPMin:   16 18:10:45       -4.800577        0.0846
GPMin:   17 18:10:50       -4.820257        0.0963
GPMin:   18 18:10:55       -4.837918        0.0992
GPMin:   19 18:10:59       -4.858489        0.0864
GPMin:   20 18:11:04       -4.877104        0.0710
GPMin:   21 18:11:08       -4.895639        0.0655
GPMin:   22 18:11:13       -4.908614        0.0600
GPMin:   23 18:11:18       -4.919115        0.0462
GPMin:   24 18:11:22       -4.924518        0.0368
GPMin:   25 18:11:26       -4.927741        0.0394
GPMin:   26 18:11:31       -4.930729        0.0288
GPMin:   27 18:11:36       -4.932355        0.0180
       Step     Time          Energy         fmax
GPMin:    0 18:11:46       -3.637834        0.4336
GPMin:    1 18:11:51       -3.871472        0.1954
GPMin:    2 18:11:56       -3.937504        0.1510
GPMin:    3 18:12:02       -4.001308        0.1508
GPMin:    4 18:12:08       -4.080681        0.1512
GPMin:    5 18:12:14       -4.159063        0.1281
GPMin:    6 18:12:19       -4.211224        0.0765
GPMin:    7 18:12:24       -4.233532        0.0887
GPMin:    8 18:12:29       -4.243990        0.0965
GPMin:    9 18:12:34       -4.271242        0.1217
GPMin:   10 18:12:39       -4.314675        0.1370
GPMin:   11 18:12:45       -4.368013        0.1390
GPMin:   12 18:12:50       -4.412227        0.1005
GPMin:   13 18:12:55       -4.431487        0.0663
GPMin:   14 18:13:00       -4.435413        0.0615
GPMin:   15 18:13:05       -4.442591        0.0532
GPMin:   16 18:13:10       -4.447350        0.0521
GPMin:   17 18:13:16       -4.455068        0.0498
GPMin:   18 18:13:21       -4.463003        0.0477
GPMin:   19 18:13:25       -4.474588        0.0518
GPMin:   20 18:13:30       -4.496931        0.0781
GPMin:   21 18:13:36       -4.536001        0.1079
GPMin:   22 18:13:41       -4.591397        0.1337
GPMin:   23 18:13:46       -4.665167        0.1484
GPMin:   24 18:13:51       -4.738035        0.1453
GPMin:   25 18:13:56       -4.796955        0.1271
GPMin:   26 18:14:01       -4.831346        0.0894
GPMin:   27 18:14:06       -4.843497        0.1053
GPMin:   28 18:14:11       -4.853355        0.1438
GPMin:   29 18:14:17       -4.873503        0.1248
GPMin:   30 18:14:21       -4.892393        0.0732
GPMin:   31 18:14:26       -4.906068        0.0510
GPMin:   32 18:14:30       -4.915753        0.0484
GPMin:   33 18:14:35       -4.922765        0.0369
GPMin:   34 18:14:40       -4.926582        0.0312
GPMin:   35 18:14:44       -4.928127        0.0261
GPMin:   36 18:14:49       -4.929977        0.0269
GPMin:   37 18:14:54       -4.931150        0.0183
       Step     Time          Energy         fmax
GPMin:    0 18:15:02       -4.149030        0.5766
GPMin:    1 18:15:09       -4.427525        0.2223
GPMin:    2 18:15:15       -4.491652        0.1248
GPMin:    3 18:15:20       -4.519719        0.0906
GPMin:    4 18:15:25       -4.543163        0.0756
GPMin:    5 18:15:30       -4.559594        0.0692
GPMin:    6 18:15:35       -4.572314        0.0731
GPMin:    7 18:15:41       -4.590563        0.0796
GPMin:    8 18:15:46       -4.604158        0.0958
GPMin:    9 18:15:51       -4.629952        0.1130
GPMin:   10 18:15:57       -4.664110        0.1145
GPMin:   11 18:16:02       -4.694214        0.1076
GPMin:   12 18:16:06       -4.731051        0.0900
GPMin:   13 18:16:11       -4.776310        0.0861
GPMin:   14 18:16:16       -4.819870        0.0770
GPMin:   15 18:16:21       -4.848597        0.0765
GPMin:   16 18:16:25       -4.864817        0.0688
GPMin:   17 18:16:31       -4.877519        0.0470
GPMin:   18 18:16:36       -4.884818        0.0443
GPMin:   19 18:16:40       -4.887227        0.0284
GPMin:   20 18:16:45       -4.888510        0.0195
       Step     Time          Energy         fmax
GPMin:    0 18:16:54       -4.559141        0.2443
GPMin:    1 18:17:00       -4.642611        0.1314
GPMin:    2 18:17:06       -4.676746        0.1172
GPMin:    3 18:17:12       -4.712649        0.0837
GPMin:    4 18:17:17       -4.737668        0.0626
GPMin:    5 18:17:22       -4.755911        0.0459
GPMin:    6 18:17:27       -4.772614        0.0460
GPMin:    7 18:17:32       -4.785676        0.0391
GPMin:    8 18:17:37       -4.802041        0.0431
GPMin:    9 18:17:42       -4.825455        0.0680
GPMin:   10 18:17:48       -4.858626        0.0865
GPMin:   11 18:17:54       -4.892967        0.0727
GPMin:   12 18:18:00       -4.917957        0.0505
GPMin:   13 18:18:05       -4.927978        0.0301
GPMin:   14 18:18:10       -4.929775        0.0225
GPMin:   15 18:18:14       -4.931512        0.0184
       Step     Time          Energy         fmax
GPMin:    0 18:18:22       -4.260989        0.5347
GPMin:    1 18:18:28       -4.404422        0.1386
GPMin:    2 18:18:34       -4.436891        0.0887
GPMin:    3 18:18:39       -4.450730        0.0719
GPMin:    4 18:18:44       -4.468455        0.0519
GPMin:    5 18:18:49       -4.487679        0.0491
GPMin:    6 18:18:54       -4.514620        0.0713
GPMin:    7 18:19:00       -4.555922        0.1031
GPMin:    8 18:19:05       -4.609416        0.1238
GPMin:    9 18:19:11       -4.669273        0.1228
GPMin:   10 18:19:16       -4.722493        0.0922
GPMin:   11 18:19:22       -4.755844        0.0850
GPMin:   12 18:19:27       -4.780088        0.0951
GPMin:   13 18:19:33       -4.808604        0.0911
GPMin:   14 18:19:37       -4.838840        0.0763
GPMin:   15 18:19:42       -4.863695        0.0701
GPMin:   16 18:19:47       -4.883688        0.0735
GPMin:   17 18:19:51       -4.900320        0.0658
GPMin:   18 18:19:56       -4.912776        0.0601
GPMin:   19 18:20:01       -4.921428        0.0494
GPMin:   20 18:20:06       -4.927957        0.0314
GPMin:   21 18:20:10       -4.931023        0.0272
GPMin:   22 18:20:14       -4.932678        0.0176
       Step     Time          Energy         fmax
GPMin:    0 18:20:23       -4.818702        0.1502
GPMin:    1 18:20:29       -4.848090        0.2197
GPMin:    2 18:20:35       -4.860514        0.1705
GPMin:    3 18:20:40       -4.883516        0.0495
GPMin:    4 18:20:46       -4.887415        0.0451
GPMin:    5 18:21:06       -4.890258        0.0032
       Step     Time          Energy         fmax
GPMin:    0 18:21:15       -4.059800        0.5869
GPMin:    1 18:21:21       -4.253440        0.1978
GPMin:    2 18:21:27       -4.316177        0.1267
GPMin:    3 18:21:32       -4.342568        0.1157
GPMin:    4 18:21:38       -4.380439        0.1241
GPMin:    5 18:21:43       -4.416579        0.1535
GPMin:    6 18:21:49       -4.464295        0.1839
GPMin:    7 18:21:55       -4.543270        0.2042
GPMin:    8 18:22:00       -4.610650        0.1840
GPMin:    9 18:22:06       -4.669899        0.1148
GPMin:   10 18:22:11       -4.701631        0.0864
GPMin:   11 18:22:16       -4.712671        0.0690
GPMin:   12 18:22:22       -4.721187        0.0539
GPMin:   13 18:22:27       -4.728150        0.0482
GPMin:   14 18:22:32       -4.738319        0.0549
GPMin:   15 18:22:38       -4.749505        0.0521
GPMin:   16 18:22:42       -4.760383        0.0423
GPMin:   17 18:22:48       -4.771176        0.0531
GPMin:   18 18:22:52       -4.785752        0.0562
GPMin:   19 18:22:57       -4.804518        0.0658
GPMin:   20 18:23:02       -4.827475        0.0797
GPMin:   21 18:23:07       -4.855490        0.0821
GPMin:   22 18:23:12       -4.882188        0.0776
GPMin:   23 18:23:17       -4.905023        0.0735
GPMin:   24 18:23:23       -4.918858        0.0465
GPMin:   25 18:23:27       -4.923724        0.0335
GPMin:   26 18:23:31       -4.925631        0.0332
GPMin:   27 18:23:36       -4.928418        0.0311
GPMin:   28 18:23:40       -4.930640        0.0354
GPMin:   29 18:23:45       -4.932541        0.0259
GPMin:   30 18:23:50       -4.933364        0.0141
       Step     Time          Energy         fmax
GPMin:    0 18:23:58       -4.746998        0.2233
GPMin:    1 18:24:10       -4.768814        0.1990
GPMin:    2 18:24:16       -4.791496        0.0884
GPMin:    3 18:24:22       -4.793699        0.1050
GPMin:    4 18:24:27       -4.797319        0.0802
GPMin:    5 18:24:31       -4.802340        0.0406
GPMin:    6 18:24:37       -4.807456        0.0332
GPMin:    7 18:24:42       -4.814186        0.0667
GPMin:    8 18:24:48       -4.817468        0.1769
GPMin:    9 18:24:54       -4.829851        0.1892
GPMin:   10 18:25:00       -4.842206        0.1653
GPMin:   11 18:25:10       -4.855167        0.0766
GPMin:   12 18:25:15       -4.869564        0.0603
GPMin:   13 18:25:20       -4.881656        0.0593
GPMin:   14 18:25:25       -4.888112        0.0345
GPMin:   15 18:25:30       -4.889680        0.0227
GPMin:   16 18:25:34       -4.890110        0.0047
       Step     Time          Energy         fmax
GPMin:    0 18:25:43       -4.695013        0.2013
GPMin:    1 18:25:49       -4.761284        0.1501
GPMin:    2 18:25:55       -4.775884        0.1924
GPMin:    3 18:26:01       -4.782648        0.1881
GPMin:    4 18:26:07       -4.790109        0.0903
GPMin:    5 18:26:13       -4.797915        0.0137
       Step     Time          Energy         fmax
GPMin:    0 18:26:21       -4.623646        0.2963
GPMin:    1 18:26:26       -4.789645        0.2277
GPMin:    2 18:26:32       -4.859985        0.1195
GPMin:    3 18:26:38       -4.879568        0.0506
GPMin:    4 18:26:42       -4.885288        0.0254
GPMin:    5 18:26:47       -4.887991        0.0205
GPMin:    6 18:26:52       -4.889448        0.0127
       Step     Time          Energy         fmax
GPMin:    0 18:27:00       -4.257382        0.2624
GPMin:    1 18:27:06       -4.396184        0.1994
GPMin:    2 18:27:12       -4.476006        0.1256
GPMin:    3 18:27:18       -4.500925        0.0587
GPMin:    4 18:27:22       -4.514041        0.0619
GPMin:    5 18:27:28       -4.557934        0.0924
GPMin:    6 18:27:32       -4.622377        0.1257
GPMin:    7 18:27:37       -4.697015        0.1395
GPMin:    8 18:27:42       -4.764132        0.1180
GPMin:    9 18:27:48       -4.803161        0.0848
GPMin:   10 18:27:53       -4.822375        0.1024
GPMin:   11 18:27:58       -4.847014        0.0974
GPMin:   12 18:28:02       -4.870199        0.0694
GPMin:   13 18:28:07       -4.888371        0.0657
GPMin:   14 18:28:12       -4.904041        0.0711
GPMin:   15 18:28:16       -4.915654        0.0609
GPMin:   16 18:28:21       -4.922510        0.0418
GPMin:   17 18:28:25       -4.927333        0.0312
GPMin:   18 18:28:30       -4.931053        0.0244
GPMin:   19 18:28:34       -4.932876        0.0149
       Step     Time          Energy         fmax
GPMin:    0 18:28:43       -4.381680        0.3294
GPMin:    1 18:28:49       -4.523596        0.2485
GPMin:    2 18:28:55       -4.621054        0.2090
GPMin:    3 18:29:00       -4.678448        0.1405
GPMin:    4 18:29:06       -4.721249        0.1177
GPMin:    5 18:29:12       -4.763484        0.0851
GPMin:    6 18:29:17       -4.784687        0.0441
GPMin:    7 18:29:22       -4.791380        0.0390
GPMin:    8 18:29:26       -4.794675        0.0300
GPMin:    9 18:29:31       -4.798345        0.0230
GPMin:   10 18:29:36       -4.801048        0.0161
       Step     Time          Energy         fmax
GPMin:    0 18:29:45       -4.378950        0.3487
GPMin:    1 18:29:51       -4.439282        0.1516
GPMin:    2 18:29:57       -4.455083        0.0702
GPMin:    3 18:30:03       -4.465616        0.0630
GPMin:    4 18:30:08       -4.483230        0.0683
GPMin:    5 18:30:13       -4.511878        0.0727
GPMin:    6 18:30:18       -4.561937        0.1008
GPMin:    7 18:30:23       -4.632578        0.1313
GPMin:    8 18:30:28       -4.709834        0.1298
GPMin:    9 18:30:33       -4.771034        0.0998
GPMin:   10 18:30:38       -4.804148        0.0743
GPMin:   11 18:30:43       -4.821771        0.1005
GPMin:   12 18:30:48       -4.848410        0.0833
GPMin:   13 18:30:53       -4.872011        0.0659
GPMin:   14 18:30:58       -4.890879        0.0667
GPMin:   15 18:31:02       -4.908964        0.0653
GPMin:   16 18:31:07       -4.919093        0.0500
GPMin:   17 18:31:11       -4.925240        0.0379
GPMin:   18 18:31:16       -4.930035        0.0287
GPMin:   19 18:31:20       -4.932777        0.0129
       Step     Time          Energy         fmax
GPMin:    0 18:31:31       -3.971948        0.2395
GPMin:    1 18:31:38       -4.068920        0.1306
GPMin:    2 18:31:45       -4.134351        0.1068
GPMin:    3 18:31:52       -4.179865        0.1131
GPMin:    4 18:31:58       -4.207907        0.1149
GPMin:    5 18:32:05       -4.237573        0.1067
GPMin:    6 18:32:10       -4.268696        0.1181
GPMin:    7 18:32:16       -4.287010        0.1209
GPMin:    8 18:32:21       -4.301225        0.1190
GPMin:    9 18:32:28       -4.351945        0.2989
GPMin:   10 18:32:33       -4.360106        0.1460
GPMin:   11 18:32:40       -4.389894        0.1091
GPMin:   12 18:32:45       -4.390301        0.1159
GPMin:   13 18:32:50       -4.398970        0.0736
GPMin:   14 18:32:56       -4.405517        0.1890
GPMin:   15 18:33:01       -4.423119        0.0741
GPMin:   16 18:33:06       -4.434109        0.0525
GPMin:   17 18:33:11       -4.441393        0.0402
GPMin:   18 18:33:16       -4.450392        0.0395
GPMin:   19 18:33:21       -4.455873        0.0360
GPMin:   20 18:33:25       -4.465300        0.0521
GPMin:   21 18:33:30       -4.483570        0.0607
GPMin:   22 18:33:36       -4.515225        0.0871
GPMin:   23 18:33:41       -4.565792        0.1189
GPMin:   24 18:33:46       -4.635350        0.1434
GPMin:   25 18:33:50       -4.715281        0.1545
GPMin:   26 18:33:55       -4.785447        0.1290
GPMin:   27 18:34:00       -4.830183        0.0868
GPMin:   28 18:34:05       -4.846131        0.0854
GPMin:   29 18:34:10       -4.853353        0.1047
GPMin:   30 18:34:14       -4.870494        0.0959
GPMin:   31 18:34:19       -4.888020        0.0673
GPMin:   32 18:34:23       -4.901320        0.0576
GPMin:   33 18:34:28       -4.911703        0.0595
GPMin:   34 18:34:33       -4.920950        0.0527
GPMin:   35 18:34:37       -4.926851        0.0379
GPMin:   36 18:34:41       -4.929511        0.0271
GPMin:   37 18:34:45       -4.932055        0.0265
GPMin:   38 18:34:49       -4.933111        0.0204
GPMin:   39 18:34:53       -4.933810        0.0097
       Step     Time          Energy         fmax
GPMin:    0 18:35:04       -3.651025        0.3140
GPMin:    1 18:35:12       -3.822713        0.2707
GPMin:    2 18:35:19       -3.944984        0.2292
GPMin:    3 18:35:25       -4.010212        0.1773
GPMin:    4 18:35:31       -4.046471        0.1291
GPMin:    5 18:35:35       -4.060598        0.1355
GPMin:    6 18:35:40       -4.093195        0.1496
GPMin:    7 18:35:45       -4.112788        0.1610
GPMin:    8 18:35:51       -4.202311        0.2072
GPMin:    9 18:35:57       -4.246201        0.2414
GPMin:   10 18:36:02       -4.340659        0.2603
GPMin:   11 18:36:08       -4.439712        0.2644
GPMin:   12 18:36:14       -4.537979        0.2579
GPMin:   13 18:36:20       -4.628021        0.2200
GPMin:   14 18:36:25       -4.687764        0.1591
GPMin:   15 18:36:31       -4.721220        0.1176
GPMin:   16 18:36:36       -4.746592        0.1185
GPMin:   17 18:36:41       -4.769948        0.0894
GPMin:   18 18:36:46       -4.788322        0.0933
GPMin:   19 18:36:51       -4.805363        0.0966
GPMin:   20 18:36:56       -4.822468        0.0924
GPMin:   21 18:37:01       -4.842643        0.0782
GPMin:   22 18:37:06       -4.864388        0.0764
GPMin:   23 18:37:11       -4.886169        0.0623
GPMin:   24 18:37:15       -4.901472        0.0553
GPMin:   25 18:37:20       -4.912021        0.0647
GPMin:   26 18:37:25       -4.919722        0.0496
GPMin:   27 18:37:29       -4.924190        0.0392
GPMin:   28 18:37:34       -4.927153        0.0382
GPMin:   29 18:37:38       -4.930237        0.0283
GPMin:   30 18:37:43       -4.931561        0.0256
GPMin:   31 18:37:47       -4.932726        0.0228
GPMin:   32 18:37:51       -4.933185        0.0157
       Step     Time          Energy         fmax
GPMin:    0 18:38:02       -4.309385        0.4921
GPMin:    1 18:38:08       -4.491229        0.2519
GPMin:    2 18:38:14       -4.589764        0.1958
GPMin:    3 18:38:20       -4.663636        0.1338
GPMin:    4 18:38:26       -4.700852        0.1261
GPMin:    5 18:38:31       -4.735105        0.1181
GPMin:    6 18:38:37       -4.771021        0.1137
GPMin:    7 18:38:42       -4.805416        0.0970
GPMin:    8 18:38:47       -4.837742        0.0768
GPMin:    9 18:38:51       -4.863913        0.0691
GPMin:   10 18:38:56       -4.888163        0.0599
GPMin:   11 18:39:01       -4.904511        0.0566
GPMin:   12 18:39:05       -4.917151        0.0425
GPMin:   13 18:39:10       -4.926373        0.0357
GPMin:   14 18:39:15       -4.929654        0.0392
GPMin:   15 18:39:19       -4.932134        0.0203
GPMin:   16 18:39:24       -4.933202        0.0160
       Step     Time          Energy         fmax
GPMin:    0 18:39:32       -4.401236        0.3277
GPMin:    1 18:39:38       -4.442738        0.1430
GPMin:    2 18:39:44       -4.461993        0.0936
GPMin:    3 18:39:49       -4.491039        0.0832
GPMin:    4 18:39:54       -4.531052        0.0901
GPMin:    5 18:40:00       -4.595781        0.1258
GPMin:    6 18:40:05       -4.673706        0.1555
GPMin:    7 18:40:10       -4.752391        0.1549
GPMin:    8 18:40:16       -4.811218        0.1120
GPMin:    9 18:40:21       -4.843417        0.0812
GPMin:   10 18:40:26       -4.863772        0.0895
GPMin:   11 18:40:31       -4.885576        0.0651
GPMin:   12 18:40:35       -4.901120        0.0522
GPMin:   13 18:40:39       -4.913444        0.0567
GPMin:   14 18:40:44       -4.923280        0.0498
GPMin:   15 18:40:49       -4.929039        0.0299
GPMin:   16 18:40:53       -4.931529        0.0191
       Step     Time          Energy         fmax
GPMin:    0 18:41:01       -4.137791        0.3952
GPMin:    1 18:41:08       -4.257351        0.2262
GPMin:    2 18:41:13       -4.372160        0.2171
GPMin:    3 18:41:19       -4.443647        0.2440
GPMin:    4 18:41:25       -4.506337        0.2329
GPMin:    5 18:41:31       -4.597083        0.2155
GPMin:    6 18:41:37       -4.648717        0.1922
GPMin:    7 18:41:42       -4.699647        0.1503
GPMin:    8 18:41:48       -4.744310        0.1235
GPMin:    9 18:41:53       -4.779062        0.1158
GPMin:   10 18:41:58       -4.814367        0.0952
GPMin:   11 18:42:03       -4.842512        0.0767
GPMin:   12 18:42:09       -4.863129        0.0611
GPMin:   13 18:42:13       -4.874312        0.0489
GPMin:   14 18:42:18       -4.881426        0.0343
GPMin:   15 18:42:22       -4.885627        0.0218
GPMin:   16 18:42:27       -4.888056        0.0265
GPMin:   17 18:42:31       -4.889505        0.0188
       Step     Time          Energy         fmax
GPMin:    0 18:42:40       -4.479251        0.2161
GPMin:    1 18:42:46       -4.555187        0.1278
GPMin:    2 18:42:51       -4.617512        0.1233
GPMin:    3 18:42:57       -4.683122        0.1346
GPMin:    4 18:43:01       -4.736775        0.1161
GPMin:    5 18:43:06       -4.771064        0.0764
GPMin:    6 18:43:12       -4.800206        0.1018
GPMin:    7 18:43:18       -4.838053        0.0747
GPMin:    8 18:43:23       -4.870195        0.0833
GPMin:    9 18:43:28       -4.901066        0.0794
GPMin:   10 18:43:33       -4.922472        0.0436
GPMin:   11 18:43:38       -4.927586        0.0419
GPMin:   12 18:43:42       -4.929464        0.0260
GPMin:   13 18:43:47       -4.930833        0.0149
       Step     Time          Energy         fmax
GPMin:    0 18:43:55       -4.636750        0.2090
GPMin:    1 18:44:01       -4.727870        0.1199
GPMin:    2 18:44:07       -4.765305        0.0805
GPMin:    3 18:44:12       -4.778639        0.0642
GPMin:    4 18:44:17       -4.790659        0.0969
GPMin:    5 18:44:23       -4.802778        0.0755
GPMin:    6 18:44:28       -4.811471        0.0454
GPMin:    7 18:44:33       -4.817513        0.0355
GPMin:    8 18:44:38       -4.828981        0.0495
GPMin:    9 18:44:44       -4.846630        0.0567
GPMin:   10 18:44:50       -4.866314        0.0466
GPMin:   11 18:44:55       -4.878341        0.0545
GPMin:   12 18:45:00       -4.882971        0.0371
GPMin:   13 18:45:04       -4.887864        0.0210
GPMin:   14 18:45:09       -4.889919        0.0108
       Step     Time          Energy         fmax
GPMin:    0 18:45:16       -4.736965        0.2155
GPMin:    1 18:45:22       -4.755622        0.3544
GPMin:    2 18:45:28       -4.798788        0.1596
GPMin:    3 18:45:34       -4.833125        0.1097
GPMin:    4 18:45:45       -4.838394        0.1606
GPMin:    5 18:45:50       -4.842249        0.1198
GPMin:    6 18:45:55       -4.850719        0.0675
GPMin:    7 18:46:00       -4.865397        0.0570
GPMin:    8 18:46:04       -4.877612        0.0450
GPMin:    9 18:46:09       -4.887122        0.0263
GPMin:   10 18:46:13       -4.889674        0.0316
GPMin:   11 18:46:18       -4.890206        0.0114
       Step     Time          Energy         fmax
GPMin:    0 18:46:27       -4.791411        0.2035
GPMin:    1 18:46:32       -4.854735        0.0868
GPMin:    2 18:46:38       -4.864927        0.1780
GPMin:    3 18:46:44       -4.880614        0.0941
GPMin:    4 18:46:49       -4.887135        0.0474
GPMin:    5 18:46:53       -4.889001        0.0345
GPMin:    6 18:46:58       -4.889177        0.0422
GPMin:    7 18:47:02       -4.890085        0.0115
       Step     Time          Energy         fmax
GPMin:    0 18:47:11       -4.134612        0.3477
GPMin:    1 18:47:17       -4.270787        0.2361
GPMin:    2 18:47:23       -4.358642        0.2457
GPMin:    3 18:47:29       -4.460194        0.2483
GPMin:    4 18:47:35       -4.554451        0.2112
GPMin:    5 18:47:40       -4.624201        0.1452
GPMin:    6 18:47:45       -4.667664        0.1248
GPMin:    7 18:47:51       -4.708299        0.1157
GPMin:    8 18:47:57       -4.750936        0.1132
GPMin:    9 18:48:02       -4.799011        0.1143
GPMin:   10 18:48:08       -4.843953        0.1109
GPMin:   11 18:48:13       -4.878912        0.0930
GPMin:   12 18:48:18       -4.904988        0.0626
GPMin:   13 18:48:23       -4.917247        0.0432
GPMin:   14 18:48:27       -4.921655        0.0515
GPMin:   15 18:48:32       -4.926825        0.0414
GPMin:   16 18:48:37       -4.929594        0.0315
GPMin:   17 18:48:41       -4.931224        0.0316
GPMin:   18 18:48:45       -4.932835        0.0196
       Step     Time          Energy         fmax
GPMin:    0 18:48:53       -4.225338        0.6591
GPMin:    1 18:48:59       -4.457756        0.1043
GPMin:    2 18:49:10       -4.473368        0.0119
       Step     Time          Energy         fmax
GPMin:    0 18:49:17       -4.468187        0.1004
GPMin:    1 18:49:34       -4.500415        0.1125
GPMin:    2 18:49:39       -4.558516        0.1125
GPMin:    3 18:49:45       -4.627601        0.1292
GPMin:    4 18:49:50       -4.711246        0.1480
GPMin:    5 18:49:55       -4.782108        0.1322
GPMin:    6 18:50:00       -4.824433        0.0898
GPMin:    7 18:50:05       -4.844167        0.1059
GPMin:    8 18:50:11       -4.873426        0.1054
GPMin:    9 18:50:16       -4.896911        0.0639
GPMin:   10 18:50:20       -4.917087        0.0540
GPMin:   11 18:50:25       -4.928861        0.0294
GPMin:   12 18:50:29       -4.931834        0.0184
       Step     Time          Energy         fmax
GPMin:    0 18:50:39       -3.999222        0.2964
GPMin:    1 18:50:46       -4.227399        0.2814
GPMin:    2 18:50:51       -4.354383        0.2574
GPMin:    3 18:50:57       -4.440520        0.2096
GPMin:    4 18:51:03       -4.523670        0.1962
GPMin:    5 18:51:08       -4.562772        0.1930
GPMin:    6 18:51:14       -4.622124        0.1938
GPMin:    7 18:51:20       -4.671359        0.1613
GPMin:    8 18:51:25       -4.718900        0.1388
GPMin:    9 18:51:31       -4.763185        0.1157
GPMin:   10 18:51:37       -4.797899        0.0874
GPMin:   11 18:51:42       -4.823792        0.0970
GPMin:   12 18:51:48       -4.849388        0.0859
GPMin:   13 18:51:52       -4.871017        0.0785
GPMin:   14 18:51:57       -4.887315        0.0780
GPMin:   15 18:52:01       -4.902097        0.0584
GPMin:   16 18:52:06       -4.912530        0.0603
GPMin:   17 18:52:10       -4.920197        0.0539
GPMin:   18 18:52:15       -4.927451        0.0306
GPMin:   19 18:52:19       -4.930363        0.0184
       Step     Time          Energy         fmax
GPMin:    0 18:52:27       -4.455521        0.2626
GPMin:    1 18:52:33       -4.515404        0.1550
GPMin:    2 18:52:39       -4.566113        0.1457
GPMin:    3 18:52:44       -4.639105        0.1457
GPMin:    4 18:52:49       -4.713690        0.1521
GPMin:    5 18:52:55       -4.782596        0.1400
GPMin:    6 18:53:00       -4.827427        0.0829
GPMin:    7 18:53:06       -4.851386        0.0843
GPMin:    8 18:53:10       -4.873266        0.0777
GPMin:    9 18:53:15       -4.890909        0.0612
GPMin:   10 18:53:19       -4.906176        0.0684
GPMin:   11 18:53:24       -4.918769        0.0598
GPMin:   12 18:53:29       -4.927114        0.0388
GPMin:   13 18:53:33       -4.930077        0.0285
GPMin:   14 18:53:38       -4.931950        0.0197
       Step     Time          Energy         fmax
GPMin:    0 18:53:49       -4.144570        0.4065
GPMin:    1 18:53:55       -4.272736        0.1908
GPMin:    2 18:54:02       -4.388228        0.1795
GPMin:    3 18:54:07       -4.448488        0.1848
GPMin:    4 18:54:13       -4.500877        0.1819
GPMin:    5 18:54:19       -4.544525        0.1615
GPMin:    6 18:54:25       -4.597983        0.1448
GPMin:    7 18:54:30       -4.623435        0.1413
GPMin:    8 18:54:36       -4.652198        0.1090
GPMin:    9 18:54:41       -4.677669        0.0903
GPMin:   10 18:54:46       -4.707733        0.0974
GPMin:   11 18:54:51       -4.743143        0.0833
GPMin:   12 18:54:56       -4.779946        0.0893
GPMin:   13 18:55:01       -4.813575        0.0845
GPMin:   14 18:55:06       -4.843635        0.0728
GPMin:   15 18:55:10       -4.867707        0.0707
GPMin:   16 18:55:15       -4.887748        0.0802
GPMin:   17 18:55:20       -4.903183        0.0707
GPMin:   18 18:55:24       -4.916174        0.0549
GPMin:   19 18:55:29       -4.922961        0.0512
GPMin:   20 18:55:33       -4.928155        0.0396
GPMin:   21 18:55:38       -4.931831        0.0185
       Step     Time          Energy         fmax
GPMin:    0 18:55:46       -4.469579        0.0763
GPMin:    1 18:55:57       -4.472539        0.0393
GPMin:    2 18:56:02       -4.473563        0.0241
GPMin:    3 18:56:07       -4.474244        0.0187
       Step     Time          Energy         fmax
GPMin:    0 18:56:18       -3.394255        0.5977
GPMin:    1 18:56:25       -3.683423        0.3931
GPMin:    2 18:56:32       -3.873766        0.3362
GPMin:    3 18:56:38       -3.996554        0.2458
GPMin:    4 18:56:44       -4.065094        0.2113
GPMin:    5 18:56:51       -4.179629        0.3784
GPMin:    6 18:56:57       -4.233582        0.2368
GPMin:    7 18:57:02       -4.311794        0.2153
GPMin:    8 18:57:08       -4.383663        0.1844
GPMin:    9 18:57:14       -4.441073        0.1344
GPMin:   10 18:57:19       -4.475809        0.1115
GPMin:   11 18:57:25       -4.496968        0.1177
GPMin:   12 18:57:31       -4.529951        0.1427
GPMin:   13 18:57:37       -4.577222        0.1229
GPMin:   14 18:57:42       -4.621806        0.1172
GPMin:   15 18:57:48       -4.665834        0.1211
GPMin:   16 18:57:54       -4.713161        0.1097
GPMin:   17 18:57:59       -4.753207        0.1080
GPMin:   18 18:58:04       -4.785157        0.1044
GPMin:   19 18:58:09       -4.811753        0.0929
GPMin:   20 18:58:14       -4.836036        0.0916
GPMin:   21 18:58:19       -4.858267        0.0634
GPMin:   22 18:58:25       -4.872742        0.0457
GPMin:   23 18:58:29       -4.879503        0.0467
GPMin:   24 18:58:34       -4.882350        0.0446
GPMin:   25 18:58:38       -4.885214        0.0361
GPMin:   26 18:58:43       -4.887297        0.0323
GPMin:   27 18:58:47       -4.888692        0.0183
       Step     Time          Energy         fmax
GPMin:    0 18:58:56       -4.397587        0.3592
GPMin:    1 18:59:02       -4.517702        0.1391
GPMin:    2 18:59:08       -4.549902        0.1221
GPMin:    3 18:59:13       -4.581851        0.1002
GPMin:    4 18:59:19       -4.620341        0.1184
GPMin:    5 18:59:25       -4.656838        0.1030
GPMin:    6 18:59:31       -4.684801        0.0631
GPMin:    7 18:59:36       -4.709742        0.0846
GPMin:    8 18:59:41       -4.744266        0.0852
GPMin:    9 18:59:46       -4.784382        0.1112
GPMin:   10 18:59:51       -4.822147        0.0854
GPMin:   11 18:59:56       -4.844234        0.0813
GPMin:   12 19:00:01       -4.860075        0.0740
GPMin:   13 19:00:06       -4.875729        0.0533
GPMin:   14 19:00:12       -4.884947        0.0401
GPMin:   15 19:00:16       -4.887535        0.0228
GPMin:   16 19:00:20       -4.888283        0.0200
       Step     Time          Energy         fmax
GPMin:    0 19:00:29       -4.218298        0.4863
GPMin:    1 19:00:35       -4.389034        0.2890
GPMin:    2 19:00:41       -4.470855        0.2487
GPMin:    3 19:00:47       -4.556811        0.2848
GPMin:    4 19:00:52       -4.658583        0.2797
GPMin:    5 19:00:58       -4.743310        0.2111
GPMin:    6 19:01:04       -4.786771        0.1130
GPMin:    7 19:01:09       -4.804420        0.0949
GPMin:    8 19:01:14       -4.830079        0.1036
GPMin:    9 19:01:18       -4.852515        0.0908
GPMin:   10 19:01:23       -4.873595        0.0688
GPMin:   11 19:01:27       -4.889657        0.0744
GPMin:   12 19:01:32       -4.907519        0.0628
GPMin:   13 19:01:37       -4.918639        0.0521
GPMin:   14 19:01:42       -4.924354        0.0424
GPMin:   15 19:01:46       -4.929449        0.0230
GPMin:   16 19:01:51       -4.931678        0.0261
GPMin:   17 19:01:55       -4.932922        0.0171
       Step     Time          Energy         fmax
GPMin:    0 19:02:06       -3.804068        0.5790
GPMin:    1 19:02:13       -4.111712        0.3770
GPMin:    2 19:02:20       -4.301600        0.3291
GPMin:    3 19:02:26       -4.422815        0.2511
GPMin:    4 19:02:32       -4.484881        0.1791
GPMin:    5 19:02:37       -4.525298        0.1805
GPMin:    6 19:02:42       -4.545021        0.1842
GPMin:    7 19:02:48       -4.586634        0.1676
GPMin:    8 19:02:53       -4.632022        0.1321
GPMin:    9 19:02:58       -4.666923        0.0962
GPMin:   10 19:03:02       -4.690152        0.0797
GPMin:   11 19:03:07       -4.709321        0.0772
GPMin:   12 19:03:11       -4.727530        0.0681
GPMin:   13 19:03:16       -4.745313        0.0560
GPMin:   14 19:03:21       -4.762659        0.0550
GPMin:   15 19:03:25       -4.773271        0.0555
GPMin:   16 19:03:30       -4.783116        0.0405
GPMin:   17 19:03:34       -4.790538        0.0269
GPMin:   18 19:03:39       -4.795289        0.0355
GPMin:   19 19:03:43       -4.799302        0.0327
GPMin:   20 19:03:48       -4.802855        0.0263
GPMin:   21 19:03:52       -4.805245        0.0292
GPMin:   22 19:03:57       -4.809624        0.0305
GPMin:   23 19:04:02       -4.813869        0.0311
GPMin:   24 19:04:07       -4.819939        0.0363
GPMin:   25 19:04:12       -4.826507        0.0468
GPMin:   26 19:04:18       -4.835707        0.0536
GPMin:   27 19:04:23       -4.847534        0.0460
GPMin:   28 19:04:28       -4.857222        0.0652
GPMin:   29 19:04:33       -4.866492        0.0666
GPMin:   30 19:04:38       -4.871785        0.0518
GPMin:   31 19:04:42       -4.875040        0.0495
GPMin:   32 19:04:47       -4.880528        0.0384
GPMin:   33 19:04:51       -4.885419        0.0336
GPMin:   34 19:04:56       -4.888553        0.0253
GPMin:   35 19:05:00       -4.889629        0.0140
       Step     Time          Energy         fmax
GPMin:    0 19:05:12       -4.758946        0.1521
GPMin:    1 19:05:17       -4.830573        0.1434
GPMin:    2 19:05:23       -4.856873        0.1731
GPMin:    3 19:05:29       -4.877953        0.0796
GPMin:    4 19:05:33       -4.885704        0.0445
GPMin:    5 19:05:38       -4.888607        0.0360
GPMin:    6 19:05:47       -4.890204        0.0057
       Step     Time          Energy         fmax
GPMin:    0 19:05:57       -4.289329        0.2625
GPMin:    1 19:06:02       -4.416670        0.1925
GPMin:    2 19:06:08       -4.464286        0.0466
GPMin:    3 19:06:13       -4.472316        0.0482
GPMin:    4 19:06:18       -4.509536        0.0725
GPMin:    5 19:06:22       -4.568249        0.1175
GPMin:    6 19:06:27       -4.643718        0.1546
GPMin:    7 19:06:32       -4.724189        0.1606
GPMin:    8 19:06:38       -4.792497        0.1285
GPMin:    9 19:06:43       -4.832892        0.0803
GPMin:   10 19:06:48       -4.854762        0.1041
GPMin:   11 19:06:53       -4.881194        0.0722
GPMin:   12 19:06:57       -4.897869        0.0531
GPMin:   13 19:07:02       -4.908016        0.0651
GPMin:   14 19:07:06       -4.917706        0.0597
GPMin:   15 19:07:11       -4.925436        0.0395
GPMin:   16 19:07:15       -4.929626        0.0226
GPMin:   17 19:07:20       -4.931587        0.0269
GPMin:   18 19:07:24       -4.933077        0.0139
       Step     Time          Energy         fmax
GPMin:    0 19:07:32       -4.629762        0.5144
GPMin:    1 19:07:37       -4.726053        0.3325
GPMin:    2 19:07:43       -4.778557        0.1111
GPMin:    3 19:07:49       -4.792037        0.0644
GPMin:    4 19:07:54       -4.795769        0.0300
GPMin:    5 19:07:58       -4.797212        0.0130
       Step     Time          Energy         fmax
GPMin:    0 19:08:07       -4.526063        0.5317
GPMin:    1 19:08:14       -4.664241        0.2658
GPMin:    2 19:08:19       -4.734339        0.1332
GPMin:    3 19:08:25       -4.770310        0.1027
GPMin:    4 19:08:31       -4.794462        0.0514
GPMin:    5 19:08:35       -4.799989        0.0228
GPMin:    6 19:08:39       -4.801108        0.0149
       Step     Time          Energy         fmax
GPMin:    0 19:08:47       -4.533871        0.2276
GPMin:    1 19:08:53       -4.622867        0.2293
GPMin:    2 19:08:58       -4.695254        0.1773
GPMin:    3 19:09:03       -4.756378        0.1328
GPMin:    4 19:09:08       -4.792400        0.0793
GPMin:    5 19:09:14       -4.819700        0.0847
GPMin:    6 19:09:19       -4.847137        0.0786
GPMin:    7 19:09:24       -4.868476        0.0594
GPMin:    8 19:09:29       -4.881914        0.0395
GPMin:    9 19:09:34       -4.886614        0.0291
GPMin:   10 19:09:39       -4.888216        0.0174
       Step     Time          Energy         fmax
GPMin:    0 19:09:47       -3.993245        0.6323
GPMin:    1 19:09:53       -4.191181        0.1730
GPMin:    2 19:09:59       -4.268453        0.1497
GPMin:    3 19:10:05       -4.342667        0.1517
GPMin:    4 19:10:10       -4.378342        0.1351
GPMin:    5 19:10:15       -4.413539        0.0548
GPMin:    6 19:10:19       -4.421682        0.0521
GPMin:    7 19:10:24       -4.427728        0.0444
GPMin:    8 19:10:29       -4.435104        0.0362
GPMin:    9 19:10:35       -4.442537        0.0315
GPMin:   10 19:10:40       -4.448090        0.0270
GPMin:   11 19:10:45       -4.453247        0.0230
GPMin:   12 19:10:50       -4.457254        0.0222
GPMin:   13 19:10:54       -4.460692        0.0207
GPMin:   14 19:10:59       -4.465498        0.0243
GPMin:   15 19:11:03       -4.475309        0.0397
GPMin:   16 19:11:08       -4.503155        0.0686
GPMin:   17 19:11:12       -4.557243        0.1085
GPMin:   18 19:11:17       -4.629154        0.1454
GPMin:   19 19:11:22       -4.709185        0.1686
GPMin:   20 19:11:27       -4.787577        0.1648
GPMin:   21 19:11:32       -4.848629        0.1281
GPMin:   22 19:11:36       -4.878312        0.0768
GPMin:   23 19:11:41       -4.885396        0.0703
GPMin:   24 19:11:45       -4.893099        0.0802
GPMin:   25 19:11:48       -4.905983        0.0644
GPMin:   26 19:11:52       -4.915994        0.0428
GPMin:   27 19:11:56       -4.922541        0.0378
GPMin:   28 19:12:00       -4.927982        0.0339
GPMin:   29 19:12:04       -4.932053        0.0186
       Step     Time          Energy         fmax
GPMin:    0 19:12:12       -4.690909        0.5237
GPMin:    1 19:12:18       -4.763152        0.3186
GPMin:    2 19:12:24       -4.780508        0.2015
GPMin:    3 19:12:30       -4.796235        0.0668
GPMin:    4 19:12:34       -4.799049        0.0354
GPMin:    5 19:12:39       -4.801085        0.0125
       Step     Time          Energy         fmax
GPMin:    0 19:12:49       -3.926118        0.8438
GPMin:    1 19:12:57       -4.255631        0.2487
GPMin:    2 19:13:03       -4.369192        0.2040
GPMin:    3 19:13:08       -4.436718        0.1616
GPMin:    4 19:13:13       -4.465932        0.1448
GPMin:    5 19:13:18       -4.499320        0.1099
GPMin:    6 19:13:23       -4.508309        0.0855
GPMin:    7 19:13:29       -4.521469        0.1120
GPMin:    8 19:13:33       -4.525309        0.1119
GPMin:    9 19:13:39       -4.553582        0.1045
GPMin:   10 19:13:44       -4.577681        0.1033
GPMin:   11 19:13:49       -4.598008        0.1162
GPMin:   12 19:13:54       -4.623284        0.1002
GPMin:   13 19:13:59       -4.646102        0.1010
GPMin:   14 19:14:04       -4.670623        0.1002
GPMin:   15 19:14:09       -4.696629        0.0955
GPMin:   16 19:14:14       -4.721220        0.0881
GPMin:   17 19:14:19       -4.744612        0.0847
GPMin:   18 19:14:23       -4.773956        0.0848
GPMin:   19 19:14:28       -4.801995        0.0855
GPMin:   20 19:14:33       -4.832309        0.0766
GPMin:   21 19:14:38       -4.857039        0.0731
GPMin:   22 19:14:43       -4.879724        0.0722
GPMin:   23 19:14:47       -4.896279        0.0694
GPMin:   24 19:14:52       -4.908707        0.0631
GPMin:   25 19:14:56       -4.917919        0.0515
GPMin:   26 19:15:00       -4.924427        0.0383
GPMin:   27 19:15:04       -4.929340        0.0274
GPMin:   28 19:15:07       -4.931654        0.0197
       Step     Time          Energy         fmax
GPMin:    0 19:15:19       -3.686135        0.2918
GPMin:    1 19:15:27       -3.885873        0.3084
GPMin:    2 19:15:33       -4.033870        0.3040
GPMin:    3 19:15:38       -4.148738        0.2673
GPMin:    4 19:15:43       -4.221412        0.2569
GPMin:    5 19:15:49       -4.313718        0.2770
GPMin:    6 19:15:54       -4.362342        0.2813
GPMin:    7 19:15:59       -4.444700        0.2713
GPMin:    8 19:16:04       -4.508158        0.2512
GPMin:    9 19:16:09       -4.573202        0.2064
GPMin:   10 19:16:14       -4.634566        0.1531
GPMin:   11 19:16:19       -4.676763        0.1277
GPMin:   12 19:16:24       -4.708866        0.1237
GPMin:   13 19:16:29       -4.751676        0.1231
GPMin:   14 19:16:35       -4.799992        0.1190
GPMin:   15 19:16:40       -4.842047        0.0980
GPMin:   16 19:16:45       -4.873264        0.0832
GPMin:   17 19:16:49       -4.891029        0.0691
GPMin:   18 19:16:53       -4.902052        0.0607
GPMin:   19 19:16:58       -4.910354        0.0544
GPMin:   20 19:17:02       -4.917771        0.0462
GPMin:   21 19:17:06       -4.923757        0.0437
GPMin:   22 19:17:11       -4.928295        0.0368
GPMin:   23 19:17:15       -4.931545        0.0250
GPMin:   24 19:17:19       -4.932712        0.0197
       Step     Time          Energy         fmax
GPMin:    0 19:17:27       -4.571090        0.6500
GPMin:    1 19:17:33       -4.723450        0.2542
GPMin:    2 19:17:38       -4.776071        0.1006
GPMin:    3 19:17:44       -4.792714        0.0621
GPMin:    4 19:17:48       -4.797889        0.0420
GPMin:    5 19:17:52       -4.799975        0.0211
GPMin:    6 19:17:57       -4.800734        0.0127
       Step     Time          Energy         fmax
GPMin:    0 19:18:05       -4.657166        0.2784
GPMin:    1 19:18:11       -4.741333        0.2257
GPMin:    2 19:18:16       -4.768003        0.1705
GPMin:    3 19:18:22       -4.785672        0.0864
GPMin:    4 19:18:27       -4.795907        0.0579
GPMin:    5 19:18:31       -4.801471        0.0431
GPMin:    6 19:18:36       -4.803956        0.0319
GPMin:    7 19:18:40       -4.805934        0.0233
GPMin:    8 19:18:44       -4.808471        0.0239
GPMin:    9 19:18:50       -4.816354        0.0375
GPMin:   10 19:18:55       -4.828165        0.0730
GPMin:   11 19:19:01       -4.844829        0.0827
GPMin:   12 19:19:06       -4.858903        0.0526
GPMin:   13 19:19:11       -4.865890        0.0535
GPMin:   14 19:19:15       -4.874484        0.0488
GPMin:   15 19:19:20       -4.884642        0.0324
GPMin:   16 19:19:24       -4.889246        0.0163
       Step     Time          Energy         fmax
GPMin:    0 19:19:32       -4.571090        0.6500
GPMin:    1 19:19:38       -4.723443        0.2542
GPMin:    2 19:19:44       -4.776075        0.1006
GPMin:    3 19:19:49       -4.792713        0.0621
GPMin:    4 19:19:53       -4.797888        0.0421
GPMin:    5 19:19:57       -4.799976        0.0211
GPMin:    6 19:20:02       -4.800734        0.0127
       Step     Time          Energy         fmax
GPMin:    0 19:20:10       -4.128192        0.3104
GPMin:    1 19:20:16       -4.338628        0.2377
GPMin:    2 19:20:22       -4.452608        0.1616
GPMin:    3 19:20:27       -4.525109        0.1616
GPMin:    4 19:20:32       -4.583088        0.1602
GPMin:    5 19:20:38       -4.640271        0.1607
GPMin:    6 19:20:43       -4.708185        0.1473
GPMin:    7 19:20:49       -4.751811        0.1209
GPMin:    8 19:20:54       -4.788463        0.0882
GPMin:    9 19:20:59       -4.815165        0.0948
GPMin:   10 19:21:04       -4.841193        0.1017
GPMin:   11 19:21:08       -4.865631        0.0750
GPMin:   12 19:21:13       -4.886959        0.0698
GPMin:   13 19:21:18       -4.901418        0.0585
GPMin:   14 19:21:22       -4.911843        0.0630
GPMin:   15 19:21:27       -4.922307        0.0444
GPMin:   16 19:21:31       -4.927835        0.0355
GPMin:   17 19:21:35       -4.930604        0.0304
GPMin:   18 19:21:40       -4.932175        0.0206
GPMin:   19 19:21:44       -4.932892        0.0164
       Step     Time          Energy         fmax
GPMin:    0 19:21:52       -4.363168        0.6707
GPMin:    1 19:21:59       -4.627969        0.2646
GPMin:    2 19:22:05       -4.702919        0.1615
GPMin:    3 19:22:10       -4.745053        0.1824
GPMin:    4 19:22:16       -4.802572        0.1270
GPMin:    5 19:22:20       -4.838538        0.1048
GPMin:    6 19:22:25       -4.863080        0.0753
GPMin:    7 19:22:30       -4.878159        0.0645
GPMin:    8 19:22:35       -4.885977        0.0362
GPMin:    9 19:22:39       -4.888970        0.0209
GPMin:   10 19:22:43       -4.889831        0.0120
       Step     Time          Energy         fmax
GPMin:    0 19:22:51       -4.413470        0.2874
GPMin:    1 19:22:57       -4.530058        0.1253
GPMin:    2 19:23:02       -4.554531        0.0617
GPMin:    3 19:23:07       -4.574101        0.0571
GPMin:    4 19:23:13       -4.601499        0.0654
GPMin:    5 19:23:18       -4.635026        0.0744
GPMin:    6 19:23:23       -4.670154        0.0829
GPMin:    7 19:23:29       -4.702036        0.0820
GPMin:    8 19:23:34       -4.741310        0.0859
GPMin:    9 19:23:39       -4.782655        0.0783
GPMin:   10 19:23:44       -4.820351        0.0718
GPMin:   11 19:23:49       -4.856100        0.0645
GPMin:   12 19:23:54       -4.883111        0.0675
GPMin:   13 19:23:58       -4.899953        0.0718
GPMin:   14 19:24:03       -4.916633        0.0527
GPMin:   15 19:24:07       -4.924909        0.0492
GPMin:   16 19:24:11       -4.927963        0.0456
GPMin:   17 19:24:16       -4.931388        0.0258
GPMin:   18 19:24:20       -4.932778        0.0116
       Step     Time          Energy         fmax
GPMin:    0 19:24:28       -4.370446        0.2079
GPMin:    1 19:24:34       -4.450399        0.0744
GPMin:    2 19:24:40       -4.452827        0.0865
GPMin:    3 19:24:44       -4.465713        0.0432
GPMin:    4 19:24:50       -4.476705        0.0628
GPMin:    5 19:24:55       -4.499162        0.0559
GPMin:    6 19:25:00       -4.535477        0.0878
GPMin:    7 19:25:04       -4.594734        0.1207
GPMin:    8 19:25:09       -4.668240        0.1303
GPMin:    9 19:25:14       -4.740446        0.1161
GPMin:   10 19:25:19       -4.788603        0.0750
GPMin:   11 19:25:24       -4.809954        0.0871
GPMin:   12 19:25:29       -4.832326        0.1024
GPMin:   13 19:25:33       -4.858267        0.0760
GPMin:   14 19:25:38       -4.880603        0.0644
GPMin:   15 19:25:42       -4.899063        0.0675
GPMin:   16 19:25:46       -4.912955        0.0616
GPMin:   17 19:25:51       -4.921625        0.0447
GPMin:   18 19:25:54       -4.927575        0.0314
GPMin:   19 19:25:58       -4.931312        0.0248
GPMin:   20 19:26:02       -4.933337        0.0134
       Step     Time          Energy         fmax
GPMin:    0 19:26:10       -4.337958        0.2431
GPMin:    1 19:26:16       -4.457862        0.1286
GPMin:    2 19:26:21       -4.484981        0.0439
GPMin:    3 19:26:25       -4.488567        0.0245
GPMin:    4 19:26:30       -4.501735        0.0322
GPMin:    5 19:26:34       -4.515410        0.0445
GPMin:    6 19:26:38       -4.533321        0.0501
GPMin:    7 19:26:43       -4.557156        0.0604
GPMin:    8 19:26:48       -4.589377        0.0748
GPMin:    9 19:26:52       -4.628048        0.0814
GPMin:   10 19:26:57       -4.666309        0.0743
GPMin:   11 19:27:02       -4.697429        0.0801
GPMin:   12 19:27:08       -4.728597        0.0845
GPMin:   13 19:27:13       -4.768846        0.0837
GPMin:   14 19:27:17       -4.808657        0.0817
GPMin:   15 19:27:22       -4.841753        0.0704
GPMin:   16 19:27:26       -4.869231        0.0679
GPMin:   17 19:27:30       -4.890109        0.0667
GPMin:   18 19:27:35       -4.906229        0.0552
GPMin:   19 19:27:40       -4.920283        0.0476
GPMin:   20 19:27:44       -4.927059        0.0379
GPMin:   21 19:27:48       -4.930559        0.0293
GPMin:   22 19:27:53       -4.932011        0.0262
GPMin:   23 19:27:57       -4.933234        0.0125
       Step     Time          Energy         fmax
GPMin:    0 19:28:05       -4.571090        0.6499
GPMin:    1 19:28:11       -4.723441        0.2542
GPMin:    2 19:28:16       -4.776073        0.1006
GPMin:    3 19:28:22       -4.792714        0.0621
GPMin:    4 19:28:26       -4.797889        0.0420
GPMin:    5 19:28:30       -4.799975        0.0211
GPMin:    6 19:28:35       -4.800734        0.0127
       Step     Time          Energy         fmax
GPMin:    0 19:28:45       -3.886370        0.3879
GPMin:    1 19:28:51       -4.116770        0.3377
GPMin:    2 19:28:56       -4.262943        0.2489
GPMin:    3 19:29:01       -4.359874        0.2466
GPMin:    4 19:29:06       -4.428188        0.2548
GPMin:    5 19:29:12       -4.509476        0.2485
GPMin:    6 19:29:17       -4.592607        0.2174
GPMin:    7 19:29:23       -4.666184        0.1606
GPMin:    8 19:29:27       -4.710080        0.1375
GPMin:    9 19:29:33       -4.747902        0.1374
GPMin:   10 19:29:38       -4.788817        0.1085
GPMin:   11 19:29:44       -4.824832        0.1115
GPMin:   12 19:29:49       -4.852027        0.0807
GPMin:   13 19:29:53       -4.869268        0.0799
GPMin:   14 19:29:57       -4.881357        0.0811
GPMin:   15 19:30:02       -4.895904        0.0722
GPMin:   16 19:30:06       -4.910043        0.0569
GPMin:   17 19:30:11       -4.919550        0.0562
GPMin:   18 19:30:15       -4.926858        0.0499
GPMin:   19 19:30:19       -4.930284        0.0284
GPMin:   20 19:30:24       -4.931438        0.0211
GPMin:   21 19:30:28       -4.932354        0.0266
GPMin:   22 19:30:32       -4.932977        0.0170
       Step     Time          Energy         fmax
GPMin:    0 19:30:40       -4.203810        0.3650
GPMin:    1 19:30:46       -4.391496        0.2014
GPMin:    2 19:30:51       -4.466520        0.1035
GPMin:    3 19:30:56       -4.483785        0.0631
GPMin:    4 19:31:01       -4.498522        0.0637
GPMin:    5 19:31:06       -4.533650        0.0867
GPMin:    6 19:31:11       -4.586586        0.1069
GPMin:    7 19:31:16       -4.652275        0.1336
GPMin:    8 19:31:21       -4.723059        0.1291
GPMin:    9 19:31:26       -4.777784        0.0957
GPMin:   10 19:31:31       -4.807417        0.0842
GPMin:   11 19:31:36       -4.825833        0.0972
GPMin:   12 19:31:40       -4.851231        0.0893
GPMin:   13 19:31:45       -4.874410        0.0653
GPMin:   14 19:31:49       -4.890519        0.0701
GPMin:   15 19:31:53       -4.904565        0.0734
GPMin:   16 19:31:58       -4.916961        0.0568
GPMin:   17 19:32:02       -4.924705        0.0417
GPMin:   18 19:32:07       -4.928753        0.0315
GPMin:   19 19:32:11       -4.931175        0.0281
GPMin:   20 19:32:15       -4.932962        0.0215
GPMin:   21 19:32:19       -4.933549        0.0111
       Step     Time          Energy         fmax
GPMin:    0 19:32:27       -4.134612        0.3476
GPMin:    1 19:32:33       -4.270780        0.2361
GPMin:    2 19:32:39       -4.358634        0.2457
GPMin:    3 19:32:44       -4.460185        0.2483
GPMin:    4 19:32:50       -4.554445        0.2112
GPMin:    5 19:32:55       -4.624201        0.1452
GPMin:    6 19:33:00       -4.667667        0.1248
GPMin:    7 19:33:06       -4.708299        0.1157
GPMin:    8 19:33:11       -4.750936        0.1132
GPMin:    9 19:33:16       -4.799011        0.1143
GPMin:   10 19:33:21       -4.843950        0.1109
GPMin:   11 19:33:26       -4.878906        0.0930
GPMin:   12 19:33:31       -4.904982        0.0626
GPMin:   13 19:33:36       -4.917244        0.0432
GPMin:   14 19:33:40       -4.921655        0.0515
GPMin:   15 19:33:45       -4.926824        0.0414
GPMin:   16 19:33:50       -4.929594        0.0315
GPMin:   17 19:33:53       -4.931223        0.0316
GPMin:   18 19:33:58       -4.932835        0.0196
       Step     Time          Energy         fmax
GPMin:    0 19:34:09       -3.787198        0.6939
GPMin:    1 19:34:15       -3.993910        0.1689
GPMin:    2 19:34:22       -4.059884        0.2069
GPMin:    3 19:34:28       -4.143974        0.1893
GPMin:    4 19:34:33       -4.201915        0.2188
GPMin:    5 19:34:39       -4.252798        0.2408
GPMin:    6 19:34:44       -4.308032        0.2652
GPMin:    7 19:34:50       -4.355763        0.2750
GPMin:    8 19:34:55       -4.400400        0.2881
GPMin:    9 19:35:00       -4.475374        0.2828
GPMin:   10 19:35:06       -4.534774        0.2623
GPMin:   11 19:35:11       -4.613271        0.2049
GPMin:   12 19:35:16       -4.653380        0.1487
GPMin:   13 19:35:21       -4.682856        0.1052
GPMin:   14 19:35:26       -4.713133        0.1105
GPMin:   15 19:35:30       -4.733704        0.1042
GPMin:   16 19:35:34       -4.754290        0.0779
GPMin:   17 19:35:39       -4.772459        0.0611
GPMin:   18 19:35:43       -4.782743        0.0569
GPMin:   19 19:35:47       -4.796048        0.0544
GPMin:   20 19:35:51       -4.808046        0.0495
GPMin:   21 19:35:56       -4.819778        0.0493
GPMin:   22 19:36:00       -4.831074        0.0541
GPMin:   23 19:36:05       -4.843546        0.0566
GPMin:   24 19:36:10       -4.857288        0.0597
GPMin:   25 19:36:14       -4.870237        0.0589
GPMin:   26 19:36:19       -4.879686        0.0418
GPMin:   27 19:36:23       -4.883251        0.0367
GPMin:   28 19:36:27       -4.884750        0.0340
GPMin:   29 19:36:32       -4.887654        0.0274
GPMin:   30 19:36:36       -4.888769        0.0216
GPMin:   31 19:36:40       -4.889369        0.0177
       Step     Time          Energy         fmax
GPMin:    0 19:36:49       -4.219524        0.6459
GPMin:    1 19:36:55       -4.396788        0.2176
GPMin:    2 19:37:00       -4.480122        0.2121
GPMin:    3 19:37:05       -4.569254        0.1921
GPMin:    4 19:37:10       -4.644245        0.1641
GPMin:    5 19:37:16       -4.695700        0.1078
GPMin:    6 19:37:20       -4.720891        0.0852
GPMin:    7 19:37:25       -4.742549        0.0971
GPMin:    8 19:37:30       -4.769424        0.0649
GPMin:    9 19:37:34       -4.786914        0.0554
GPMin:   10 19:37:38       -4.800109        0.0448
GPMin:   11 19:37:43       -4.810130        0.0472
GPMin:   12 19:37:47       -4.819484        0.0457
GPMin:   13 19:37:51       -4.827319        0.0421
GPMin:   14 19:37:56       -4.835981        0.0472
GPMin:   15 19:38:01       -4.848285        0.0500
GPMin:   16 19:38:06       -4.862327        0.0460
GPMin:   17 19:38:11       -4.873581        0.0464
GPMin:   18 19:38:15       -4.879428        0.0401
GPMin:   19 19:38:19       -4.882651        0.0328
GPMin:   20 19:38:23       -4.887404        0.0243
GPMin:   21 19:38:27       -4.889079        0.0173
       Step     Time          Energy         fmax
GPMin:    0 19:38:36       -4.545548        0.5823
GPMin:    1 19:38:41       -4.760280        0.1479
GPMin:    2 19:38:46       -4.785571        0.0884
GPMin:    3 19:38:51       -4.792943        0.0771
GPMin:    4 19:38:55       -4.797299        0.0478
GPMin:    5 19:39:00       -4.799789        0.0209
GPMin:    6 19:39:04       -4.802177        0.0180
       Step     Time          Energy         fmax
GPMin:    0 19:39:11       -4.331389        0.2440
GPMin:    1 19:39:17       -4.438394        0.1613
GPMin:    2 19:39:22       -4.475578        0.0688
GPMin:    3 19:39:27       -4.482567        0.0458
GPMin:    4 19:39:31       -4.508388        0.0830
GPMin:    5 19:39:36       -4.559624        0.1035
GPMin:    6 19:39:40       -4.632417        0.1482
GPMin:    7 19:39:45       -4.715213        0.1619
GPMin:    8 19:39:49       -4.789803        0.1428
GPMin:    9 19:39:54       -4.836904        0.0961
GPMin:   10 19:39:59       -4.859135        0.0907
GPMin:   11 19:40:03       -4.879487        0.1080
GPMin:   12 19:40:08       -4.901022        0.0577
GPMin:   13 19:40:12       -4.913256        0.0536
GPMin:   14 19:40:16       -4.919211        0.0448
GPMin:   15 19:40:20       -4.924992        0.0353
GPMin:   16 19:40:24       -4.928888        0.0243
GPMin:   17 19:40:28       -4.931318        0.0229
GPMin:   18 19:40:32       -4.933140        0.0138
       Step     Time          Energy         fmax
GPMin:    0 19:40:40       -4.414993        0.6480
GPMin:    1 19:40:45       -4.625359        0.2490
GPMin:    2 19:40:50       -4.712492        0.1811
GPMin:    3 19:40:55       -4.759459        0.0982
GPMin:    4 19:41:00       -4.771924        0.0482
GPMin:    5 19:41:04       -4.776992        0.0424
GPMin:    6 19:41:08       -4.783860        0.0265
GPMin:    7 19:41:12       -4.787087        0.0226
GPMin:    8 19:41:16       -4.788899        0.0175
       Step     Time          Energy         fmax
GPMin:    0 19:41:24       -4.696441        0.4122
GPMin:    1 19:41:29       -4.767463        0.1464
GPMin:    2 19:41:35       -4.774782        0.1886
GPMin:    3 19:41:40       -4.788166        0.0684
GPMin:    4 19:41:45       -4.792532        0.0604
GPMin:    5 19:41:50       -4.796329        0.0321
GPMin:    6 19:41:54       -4.798643        0.0208
GPMin:    7 19:41:58       -4.799471        0.0175
       Step     Time          Energy         fmax
GPMin:    0 19:42:06       -4.577569        0.1914
GPMin:    1 19:42:11       -4.718175        0.1634
GPMin:    2 19:42:16       -4.799394        0.1177
GPMin:    3 19:42:21       -4.835532        0.0915
GPMin:    4 19:42:26       -4.854230        0.0783
GPMin:    5 19:42:31       -4.873153        0.0612
GPMin:    6 19:42:36       -4.884381        0.0317
GPMin:    7 19:42:40       -4.887689        0.0219
GPMin:    8 19:42:44       -4.889321        0.0149
       Step     Time          Energy         fmax
GPMin:    0 19:42:53       -4.722275        0.3202
GPMin:    1 19:42:58       -4.781331        0.1225
GPMin:    2 19:43:03       -4.783133        0.2355
GPMin:    3 19:43:08       -4.806184        0.1667
GPMin:    4 19:43:13       -4.822527        0.1512
GPMin:    5 19:43:19       -4.841311        0.0969
GPMin:    6 19:43:24       -4.862600        0.0810
GPMin:    7 19:43:29       -4.879261        0.0608
GPMin:    8 19:43:34       -4.884805        0.0528
GPMin:    9 19:43:38       -4.887784        0.0224
GPMin:   10 19:43:42       -4.889561        0.0257
GPMin:   11 19:43:45       -4.889993        0.0069
       Step     Time          Energy         fmax
GPMin:    0 19:43:53       -4.386729        0.3070
GPMin:    1 19:43:58       -4.444251        0.1168
GPMin:    2 19:44:03       -4.461389        0.0539
GPMin:    3 19:44:08       -4.485602        0.0737
GPMin:    4 19:44:13       -4.527639        0.1022
GPMin:    5 19:44:17       -4.592862        0.1372
GPMin:    6 19:44:22       -4.671618        0.1576
GPMin:    7 19:44:27       -4.750165        0.1521
GPMin:    8 19:44:32       -4.808312        0.1079
GPMin:    9 19:44:38       -4.841850        0.0898
GPMin:   10 19:44:42       -4.865121        0.0969
GPMin:   11 19:44:46       -4.886686        0.0605
GPMin:   12 19:44:51       -4.901104        0.0543
GPMin:   13 19:44:55       -4.912070        0.0559
GPMin:   14 19:44:59       -4.922039        0.0491
GPMin:   15 19:45:03       -4.927895        0.0300
GPMin:   16 19:45:07       -4.931086        0.0248
GPMin:   17 19:45:11       -4.932817        0.0221
GPMin:   18 19:45:15       -4.933572        0.0126
       Step     Time          Energy         fmax
GPMin:    0 19:45:23       -4.235462        0.6783
GPMin:    1 19:45:28       -4.453076        0.1094
GPMin:    2 19:45:33       -4.455164        0.1174
GPMin:    3 19:45:38       -4.473455        0.0177
       Step     Time          Energy         fmax
GPMin:    0 19:45:45       -4.730326        0.1721
GPMin:    1 19:45:50       -4.783624        0.1014
GPMin:    2 19:46:05       -4.801702        0.0355
GPMin:    3 19:46:19       -4.810205        0.0276
GPMin:    4 19:46:24       -4.819626        0.0372
GPMin:    5 19:46:30       -4.837996        0.0665
GPMin:    6 19:46:35       -4.851307        0.1482
GPMin:    7 19:46:40       -4.862793        0.1364
GPMin:    8 19:46:44       -4.874059        0.0456
GPMin:    9 19:46:48       -4.885003        0.0295
GPMin:   10 19:46:52       -4.889245        0.0158
       Step     Time          Energy         fmax
GPMin:    0 19:47:00       -4.119907        0.7007
GPMin:    1 19:47:05       -4.369987        0.1828
GPMin:    2 19:47:10       -4.429847        0.1112
GPMin:    3 19:47:14       -4.455008        0.0809
GPMin:    4 19:47:19       -4.463379        0.0258
GPMin:    5 19:47:23       -4.464319        0.0114
       Step     Time          Energy         fmax
GPMin:    0 19:47:31       -4.067799        0.1826
GPMin:    1 19:47:36       -4.145780        0.1377
GPMin:    2 19:47:42       -4.230733        0.1060
GPMin:    3 19:47:49       -4.285931        0.1112
GPMin:    4 19:47:54       -4.319441        0.0886
GPMin:    5 19:47:59       -4.341306        0.0790
GPMin:    6 19:48:04       -4.361407        0.0685
GPMin:    7 19:48:09       -4.383091        0.1444
GPMin:    8 19:48:13       -4.388103        0.1051
GPMin:    9 19:48:17       -4.395257        0.0785
GPMin:   10 19:48:22       -4.425209        0.1042
GPMin:   11 19:48:26       -4.439136        0.0747
GPMin:   12 19:48:31       -4.451655        0.0352
GPMin:   13 19:48:35       -4.455881        0.0479
GPMin:   14 19:48:39       -4.473145        0.0564
GPMin:   15 19:48:44       -4.497043        0.0772
GPMin:   16 19:48:48       -4.541060        0.1221
GPMin:   17 19:48:52       -4.606382        0.1476
GPMin:   18 19:48:56       -4.685698        0.1651
GPMin:   19 19:49:01       -4.765099        0.1602
GPMin:   20 19:49:06       -4.827408        0.1206
GPMin:   21 19:49:11       -4.857240        0.0784
GPMin:   22 19:49:15       -4.869551        0.0866
GPMin:   23 19:49:19       -4.885433        0.0907
GPMin:   24 19:49:23       -4.901621        0.0660
GPMin:   25 19:49:27       -4.910949        0.0464
GPMin:   26 19:49:30       -4.917161        0.0555
GPMin:   27 19:49:34       -4.925187        0.0425
GPMin:   28 19:49:38       -4.930602        0.0178
       Step     Time          Energy         fmax
GPMin:    0 19:49:46       -4.441820        0.2904
GPMin:    1 19:49:52       -4.561310        0.1768
GPMin:    2 19:49:57       -4.633212        0.1190
GPMin:    3 19:50:01       -4.676051        0.1066
GPMin:    4 19:50:06       -4.716396        0.0898
GPMin:    5 19:50:10       -4.750503        0.0698
GPMin:    6 19:50:15       -4.777543        0.0581
GPMin:    7 19:50:19       -4.801439        0.0483
GPMin:    8 19:50:24       -4.816218        0.0534
GPMin:    9 19:50:28       -4.827116        0.0562
GPMin:   10 19:50:33       -4.839272        0.0609
GPMin:   11 19:50:38       -4.850101        0.0695
GPMin:   12 19:50:43       -4.868262        0.0555
GPMin:   13 19:50:47       -4.875989        0.0589
GPMin:   14 19:50:51       -4.881522        0.0477
GPMin:   15 19:50:55       -4.885629        0.0298
GPMin:   16 19:50:59       -4.888330        0.0217
GPMin:   17 19:51:03       -4.889857        0.0129
       Step     Time          Energy         fmax
GPMin:    0 19:51:13       -3.896031        0.2993
GPMin:    1 19:51:19       -4.095449        0.2719
GPMin:    2 19:51:24       -4.209699        0.2426
GPMin:    3 19:51:29       -4.282552        0.2590
GPMin:    4 19:51:33       -4.359586        0.2916
GPMin:    5 19:51:38       -4.465347        0.3163
GPMin:    6 19:51:43       -4.567354        0.3184
GPMin:    7 19:51:48       -4.671637        0.2898
GPMin:    8 19:51:53       -4.753863        0.2203
GPMin:    9 19:51:57       -4.806661        0.1369
GPMin:   10 19:52:02       -4.829580        0.1168
GPMin:   11 19:52:06       -4.849786        0.0933
GPMin:   12 19:52:11       -4.868321        0.0753
GPMin:   13 19:52:15       -4.882976        0.0761
GPMin:   14 19:52:19       -4.895991        0.0639
GPMin:   15 19:52:23       -4.906782        0.0545
GPMin:   16 19:52:27       -4.917258        0.0475
GPMin:   17 19:52:31       -4.925370        0.0299
GPMin:   18 19:52:34       -4.928730        0.0313
GPMin:   19 19:52:38       -4.931221        0.0237
GPMin:   20 19:52:42       -4.932485        0.0212
GPMin:   21 19:52:45       -4.932927        0.0205
GPMin:   22 19:52:49       -4.933348        0.0169
       Step     Time          Energy         fmax
GPMin:    0 19:52:57       -4.161263        0.4182
GPMin:    1 19:53:02       -4.280246        0.1217
GPMin:    2 19:53:07       -4.322124        0.1372
GPMin:    3 19:53:12       -4.385313        0.1515
GPMin:    4 19:53:17       -4.444918        0.0995
GPMin:    5 19:53:22       -4.462929        0.0389
GPMin:    6 19:53:26       -4.464736        0.0332
GPMin:    7 19:53:30       -4.469063        0.0220
GPMin:    8 19:53:35       -4.471904        0.0162
       Step     Time          Energy         fmax
GPMin:    0 19:53:43       -3.995547        0.6109
GPMin:    1 19:53:48       -4.188117        0.2071
GPMin:    2 19:53:53       -4.256363        0.1420
GPMin:    3 19:53:58       -4.285846        0.1132
GPMin:    4 19:54:02       -4.323515        0.1236
GPMin:    5 19:54:07       -4.360999        0.1357
GPMin:    6 19:54:12       -4.401367        0.1375
GPMin:    7 19:54:17       -4.455591        0.1418
GPMin:    8 19:54:22       -4.496718        0.1161
GPMin:    9 19:54:27       -4.528985        0.0560
GPMin:   10 19:54:31       -4.533918        0.0446
GPMin:   11 19:54:36       -4.537940        0.0310
GPMin:   12 19:54:40       -4.540441        0.0203
GPMin:   13 19:54:44       -4.542544        0.0191
