       Step     Time          Energy         fmax
GPMin:    0 16:54:46       -3.172689        1.3491
GPMin:    1 16:54:52       -4.013258        0.6019
GPMin:    2 16:54:58       -4.290708        0.2547
GPMin:    3 16:55:04       -4.356410        0.0977
GPMin:    4 16:55:09       -4.365949        0.1257
GPMin:    5 16:55:14       -4.378861        0.1092
GPMin:    6 16:55:19       -4.394711        0.1300
GPMin:    7 16:55:25       -4.415322        0.0993
GPMin:    8 16:55:31       -4.435467        0.0733
GPMin:    9 16:55:35       -4.436668        0.0685
GPMin:   10 16:55:40       -4.444858        0.0499
GPMin:   11 16:55:45       -4.448140        0.0513
GPMin:   12 16:55:51       -4.461644        0.0808
GPMin:   13 16:55:56       -4.464609        0.0505
GPMin:   14 16:56:02       -4.468285        0.0651
GPMin:   15 16:56:15       -4.469045        0.1668
GPMin:   16 16:56:22       -4.563042        0.2208
GPMin:   17 16:56:27       -4.607307        0.2196
GPMin:   18 16:56:33       -4.633286        0.2119
GPMin:   19 16:56:40       -4.750756        0.1719
GPMin:   20 16:56:46       -4.775116        0.2221
GPMin:   21 16:56:51       -4.798994        0.1924
GPMin:   22 16:56:57       -4.833510        0.0939
GPMin:   23 16:57:02       -4.850062        0.0740
GPMin:   24 16:57:07       -4.856304        0.0724
GPMin:   25 16:57:12       -4.865811        0.0647
GPMin:   26 16:57:17       -4.875518        0.0471
GPMin:   27 16:57:22       -4.880498        0.0363
GPMin:   28 16:57:27       -4.884524        0.0480
GPMin:   29 16:57:31       -4.888083        0.0235
GPMin:   30 16:57:35       -4.889168        0.0112
       Step     Time          Energy         fmax
GPMin:    0 16:57:44       -3.178192        1.3449
GPMin:    1 16:57:50       -4.015211        0.5983
GPMin:    2 16:57:56       -4.290411        0.2540
GPMin:    3 16:58:02       -4.355067        0.0986
GPMin:    4 16:58:07       -4.364295        0.1258
GPMin:    5 16:58:12       -4.378118        0.1042
GPMin:    6 16:58:17       -4.392923        0.1383
GPMin:    7 16:58:22       -4.404896        0.1210
GPMin:    8 16:58:34       -4.452642        0.1063
GPMin:    9 16:58:40       -4.454634        0.0384
GPMin:   10 16:59:00       -4.455552        0.0375
GPMin:   11 16:59:16       -4.468427        0.0687
GPMin:   12 16:59:22       -4.474111        0.0833
GPMin:   13 16:59:27       -4.482072        0.0930
GPMin:   14 16:59:43       -4.503239        0.1691
GPMin:   15 16:59:48       -4.525893        0.2011
GPMin:   16 16:59:55       -4.564333        0.2091
GPMin:   17 17:00:00       -4.588320        0.2107
GPMin:   18 17:00:07       -4.665630        0.1987
GPMin:   19 17:00:13       -4.702931        0.2416
GPMin:   20 17:00:19       -4.725790        0.2166
GPMin:   21 17:00:25       -4.767951        0.1451
GPMin:   22 17:00:30       -4.801830        0.1104
GPMin:   23 17:00:35       -4.814954        0.0978
GPMin:   24 17:00:40       -4.829891        0.0882
GPMin:   25 17:00:45       -4.844889        0.0791
GPMin:   26 17:00:50       -4.858612        0.0669
GPMin:   27 17:00:55       -4.869461        0.0539
GPMin:   28 17:01:00       -4.878939        0.0406
GPMin:   29 17:01:05       -4.884273        0.0325
GPMin:   30 17:01:09       -4.886683        0.0232
GPMin:   31 17:01:14       -4.887754        0.0218
GPMin:   32 17:01:19       -4.889069        0.0251
GPMin:   33 17:01:22       -4.889364        0.0229
GPMin:   34 17:01:27       -4.889961        0.0082
       Step     Time          Energy         fmax
GPMin:    0 17:01:36       -3.255902        1.2403
GPMin:    1 17:01:44       -4.046028        0.5821
GPMin:    2 17:01:51       -4.331891        0.3136
GPMin:    3 17:01:58       -4.439851        0.2402
GPMin:    4 17:02:04       -4.476203        0.2331
GPMin:    5 17:02:10       -4.606733        0.2837
GPMin:    6 17:02:21       -4.617908        0.2883
GPMin:    7 17:02:26       -4.644626        0.2530
GPMin:    8 17:02:31       -4.693123        0.1579
GPMin:    9 17:02:37       -4.724193        0.1242
GPMin:   10 17:02:42       -4.745418        0.1204
GPMin:   11 17:02:48       -4.761627        0.1261
GPMin:   12 17:02:53       -4.789657        0.1153
GPMin:   13 17:02:59       -4.813952        0.0912
GPMin:   14 17:03:04       -4.832083        0.0721
GPMin:   15 17:03:10       -4.848635        0.0636
GPMin:   16 17:03:15       -4.861633        0.0581
GPMin:   17 17:03:20       -4.872747        0.0402
GPMin:   18 17:03:25       -4.879730        0.0315
GPMin:   19 17:03:29       -4.883275        0.0329
GPMin:   20 17:03:34       -4.888763        0.0241
GPMin:   21 17:03:38       -4.889540        0.0144
       Step     Time          Energy         fmax
GPMin:    0 17:03:47       -3.170147        1.3574
GPMin:    1 17:03:53       -4.013378        0.6077
GPMin:    2 17:03:59       -4.291883        0.2562
GPMin:    3 17:04:06       -4.358255        0.0991
GPMin:    4 17:04:11       -4.367641        0.1264
GPMin:    5 17:04:16       -4.380479        0.1091
GPMin:    6 17:04:21       -4.395583        0.1405
GPMin:    7 17:04:26       -4.409931        0.1181
GPMin:    8 17:04:38       -4.451069        0.1076
GPMin:    9 17:04:49       -4.452763        0.0472
GPMin:   10 17:04:53       -4.453160        0.0437
GPMin:   11 17:05:07       -4.464557        0.1268
GPMin:   12 17:05:14       -4.492592        0.2372
GPMin:   13 17:05:19       -4.518520        0.2225
GPMin:   14 17:05:25       -4.548888        0.2117
GPMin:   15 17:05:32       -4.581997        0.2066
GPMin:   16 17:05:37       -4.612768        0.2033
GPMin:   17 17:05:43       -4.662504        0.1876
GPMin:   18 17:05:49       -4.687106        0.1754
GPMin:   19 17:05:56       -4.773809        0.1730
GPMin:   20 17:06:08       -4.783338        0.1934
GPMin:   21 17:06:15       -4.824218        0.0964
GPMin:   22 17:06:20       -4.832849        0.0880
GPMin:   23 17:06:25       -4.847413        0.0775
GPMin:   24 17:06:30       -4.859429        0.0664
GPMin:   25 17:06:35       -4.869674        0.0545
GPMin:   26 17:06:40       -4.878818        0.0407
GPMin:   27 17:06:45       -4.883597        0.0306
GPMin:   28 17:06:50       -4.886950        0.0219
GPMin:   29 17:06:54       -4.887915        0.0180
       Step     Time          Energy         fmax
GPMin:    0 17:07:03       -3.190253        1.3106
GPMin:    1 17:07:10       -3.977635        0.6169
GPMin:    2 17:07:16       -4.263964        0.3152
GPMin:    3 17:07:22       -4.367738        0.1960
GPMin:    4 17:07:28       -4.398556        0.1970
GPMin:    5 17:07:35       -4.470359        0.1959
GPMin:    6 17:07:41       -4.482235        0.1541
GPMin:    7 17:07:46       -4.486526        0.1428
GPMin:    8 17:07:59       -4.513907        0.1289
GPMin:    9 17:08:05       -4.534050        0.0575
GPMin:   10 17:08:11       -4.538337        0.0636
GPMin:   11 17:08:16       -4.546369        0.0729
GPMin:   12 17:08:21       -4.553176        0.0849
GPMin:   13 17:08:27       -4.577964        0.1060
GPMin:   14 17:08:33       -4.595074        0.1048
GPMin:   15 17:08:39       -4.628176        0.0942
GPMin:   16 17:08:45       -4.654414        0.0874
GPMin:   17 17:08:50       -4.668073        0.0847
GPMin:   18 17:08:56       -4.687849        0.0766
GPMin:   19 17:09:02       -4.702471        0.0694
GPMin:   20 17:09:07       -4.715802        0.0710
GPMin:   21 17:09:13       -4.730676        0.0728
GPMin:   22 17:09:19       -4.744382        0.0685
GPMin:   23 17:09:24       -4.758486        0.0637
GPMin:   24 17:09:29       -4.772810        0.0618
GPMin:   25 17:09:34       -4.789615        0.0613
GPMin:   26 17:09:40       -4.808242        0.0698
GPMin:   27 17:09:45       -4.831973        0.0792
GPMin:   28 17:09:50       -4.853752        0.0848
GPMin:   29 17:09:55       -4.875430        0.0882
GPMin:   30 17:10:01       -4.890463        0.0830
GPMin:   31 17:10:06       -4.902826        0.0692
GPMin:   32 17:10:11       -4.910959        0.0570
GPMin:   33 17:10:16       -4.916921        0.0519
GPMin:   34 17:10:21       -4.923237        0.0477
GPMin:   35 17:10:26       -4.926156        0.0434
GPMin:   36 17:10:31       -4.930225        0.0354
GPMin:   37 17:10:34       -4.931735        0.0322
GPMin:   38 17:10:39       -4.933377        0.0231
GPMin:   39 17:10:43       -4.933498        0.0192
       Step     Time          Energy         fmax
GPMin:    0 17:10:51       -4.017649        0.9945
GPMin:    1 17:10:58       -4.554066        0.4595
GPMin:    2 17:11:03       -4.736403        0.1975
GPMin:    3 17:11:09       -4.781998        0.0685
GPMin:    4 17:11:14       -4.787244        0.0604
GPMin:    5 17:11:19       -4.793044        0.0319
GPMin:    6 17:11:24       -4.794868        0.0292
GPMin:    7 17:11:29       -4.797901        0.0315
GPMin:    8 17:11:34       -4.801178        0.0293
GPMin:    9 17:11:39       -4.804615        0.0328
GPMin:   10 17:11:43       -4.807826        0.0234
GPMin:   11 17:11:48       -4.811005        0.0299
GPMin:   12 17:11:54       -4.816606        0.0343
GPMin:   13 17:11:59       -4.824216        0.0442
GPMin:   14 17:12:05       -4.834766        0.0510
GPMin:   15 17:12:11       -4.851149        0.0567
GPMin:   16 17:12:17       -4.864386        0.0444
GPMin:   17 17:12:22       -4.872217        0.0518
GPMin:   18 17:12:27       -4.875235        0.0521
GPMin:   19 17:12:32       -4.880102        0.0419
GPMin:   20 17:12:36       -4.884479        0.0352
GPMin:   21 17:12:41       -4.888056        0.0206
GPMin:   22 17:12:45       -4.889382        0.0163
       Step     Time          Energy         fmax
GPMin:    0 17:12:55       -3.166161        1.3516
GPMin:    1 17:13:01       -4.009693        0.6052
GPMin:    2 17:13:07       -4.288263        0.2587
GPMin:    3 17:13:13       -4.355016        0.0963
GPMin:    4 17:13:18       -4.364468        0.1249
GPMin:    5 17:13:23       -4.377317        0.1084
GPMin:    6 17:13:29       -4.392488        0.1232
GPMin:    7 17:13:35       -4.421823        0.0805
GPMin:    8 17:13:40       -4.425252        0.0729
GPMin:    9 17:13:54       -4.438280        0.0502
GPMin:   10 17:14:28       -4.445794        0.1161
GPMin:   11 17:14:48       -4.448577        0.0937
GPMin:   12 17:15:53       -4.460676        0.1145
GPMin:   13 17:16:06       -4.492134        0.3026
GPMin:   14 17:16:12       -4.507755        0.2281
GPMin:   15 17:16:18       -4.573060        0.2561
GPMin:   16 17:16:24       -4.620093        0.2461
GPMin:   17 17:16:30       -4.673357        0.2219
GPMin:   18 17:16:37       -4.723370        0.1808
GPMin:   19 17:16:42       -4.761027        0.1494
GPMin:   20 17:16:48       -4.786881        0.1325
GPMin:   21 17:16:54       -4.804655        0.1133
GPMin:   22 17:16:59       -4.824107        0.0940
GPMin:   23 17:17:04       -4.839745        0.0828
GPMin:   24 17:17:09       -4.852965        0.0724
GPMin:   25 17:17:15       -4.864282        0.0587
GPMin:   26 17:17:20       -4.874360        0.0491
GPMin:   27 17:17:25       -4.880997        0.0382
GPMin:   28 17:17:30       -4.884626        0.0265
GPMin:   29 17:17:35       -4.888687        0.0199
       Step     Time          Energy         fmax
GPMin:    0 17:17:44       -4.035682        0.9039
GPMin:    1 17:17:49       -4.584997        0.4114
GPMin:    2 17:17:54       -4.779952        0.1983
GPMin:    3 17:18:00       -4.832599        0.0777
GPMin:    4 17:18:05       -4.841035        0.0960
GPMin:    5 17:18:10       -4.857214        0.0850
GPMin:    6 17:18:15       -4.873868        0.0735
GPMin:    7 17:18:20       -4.892876        0.0749
GPMin:    8 17:18:25       -4.906129        0.0681
GPMin:    9 17:18:29       -4.920167        0.0411
GPMin:   10 17:18:34       -4.926919        0.0257
GPMin:   11 17:18:38       -4.930032        0.0280
GPMin:   12 17:18:41       -4.932090        0.0253
GPMin:   13 17:18:45       -4.933015        0.0142
       Step     Time          Energy         fmax
GPMin:    0 17:18:54       -3.164458        1.3497
GPMin:    1 17:19:00       -4.005498        0.6008
GPMin:    2 17:19:07       -4.282780        0.2569
GPMin:    3 17:19:12       -4.347944        0.0969
GPMin:    4 17:19:17       -4.356883        0.1263
GPMin:    5 17:19:23       -4.371900        0.1004
GPMin:    6 17:19:28       -4.386301        0.1155
GPMin:    7 17:19:35       -4.419939        0.2637
GPMin:    8 17:19:40       -4.441600        0.0965
GPMin:    9 17:20:00       -4.443900        0.0502
GPMin:   10 17:20:27       -4.446995        0.0629
GPMin:   11 17:21:00       -4.447467        0.0616
GPMin:   12 17:21:27       -4.464545        0.1267
GPMin:   13 17:21:39       -4.470108        0.1165
GPMin:   14 17:21:46       -4.550266        0.2137
GPMin:   15 17:21:51       -4.585338        0.2271
GPMin:   16 17:21:57       -4.624286        0.2182
GPMin:   17 17:22:03       -4.657515        0.2005
GPMin:   18 17:22:08       -4.696048        0.1711
GPMin:   19 17:22:14       -4.726351        0.1502
GPMin:   20 17:22:20       -4.768272        0.1303
GPMin:   21 17:22:25       -4.785766        0.1195
GPMin:   22 17:22:31       -4.823863        0.0888
GPMin:   23 17:22:37       -4.840995        0.1069
GPMin:   24 17:22:42       -4.857462        0.1032
GPMin:   25 17:22:47       -4.870967        0.0779
GPMin:   26 17:22:52       -4.879589        0.0450
GPMin:   27 17:22:57       -4.883073        0.0338
GPMin:   28 17:23:02       -4.885337        0.0337
GPMin:   29 17:23:07       -4.886555        0.0338
GPMin:   30 17:23:12       -4.888158        0.0416
GPMin:   31 17:23:16       -4.889125        0.0217
GPMin:   32 17:23:20       -4.889664        0.0135
       Step     Time          Energy         fmax
GPMin:    0 17:23:30       -3.160563        1.3573
GPMin:    1 17:23:36       -4.007220        0.6082
GPMin:    2 17:23:42       -4.287921        0.2578
GPMin:    3 17:23:48       -4.355093        0.0954
GPMin:    4 17:23:53       -4.364611        0.1238
GPMin:    5 17:23:58       -4.377120        0.1097
GPMin:    6 17:24:03       -4.392812        0.1303
GPMin:    7 17:24:09       -4.418129        0.0877
GPMin:    8 17:24:14       -4.424256        0.0738
GPMin:    9 17:24:26       -4.430644        0.1726
GPMin:   10 17:24:48       -4.432180        0.0833
GPMin:   11 17:24:54       -4.439020        0.0866
GPMin:   12 17:25:35       -4.471155        0.1549
GPMin:   13 17:25:42       -4.536938        0.2452
GPMin:   14 17:25:48       -4.599780        0.2566
GPMin:   15 17:25:54       -4.649121        0.2105
GPMin:   16 17:26:01       -4.687662        0.1731
GPMin:   17 17:26:07       -4.731572        0.1675
GPMin:   18 17:26:13       -4.765184        0.1618
GPMin:   19 17:26:19       -4.794110        0.1398
GPMin:   20 17:26:24       -4.821119        0.1004
GPMin:   21 17:26:30       -4.840326        0.0824
GPMin:   22 17:26:35       -4.854183        0.0726
GPMin:   23 17:26:40       -4.866379        0.0666
GPMin:   24 17:26:45       -4.873912        0.0547
GPMin:   25 17:26:50       -4.880704        0.0355
GPMin:   26 17:26:55       -4.883573        0.0365
GPMin:   27 17:27:00       -4.889393        0.0184
       Step     Time          Energy         fmax
GPMin:    0 17:27:10       -3.174137        1.3527
GPMin:    1 17:27:16       -4.015407        0.6051
GPMin:    2 17:27:22       -4.293056        0.2543
GPMin:    3 17:27:29       -4.359085        0.0977
GPMin:    4 17:27:34       -4.368556        0.1248
GPMin:    5 17:27:39       -4.381128        0.1105
GPMin:    6 17:27:59       -4.408451        0.1024
GPMin:    7 17:28:12       -4.415784        0.0563
GPMin:    8 17:28:19       -4.417644        0.1635
GPMin:    9 17:28:24       -4.429743        0.1061
GPMin:   10 17:28:30       -4.438056        0.0803
GPMin:   11 17:28:35       -4.443881        0.0710
GPMin:   12 17:28:40       -4.447849        0.0548
GPMin:   13 17:28:53       -4.451165        0.1187
GPMin:   14 17:29:13       -4.461875        0.0837
GPMin:   15 17:29:19       -4.463514        0.0544
GPMin:   16 17:29:22       -4.464164        0.0443
GPMin:   17 17:29:35       -4.469960        0.0686
GPMin:   18 17:29:40       -4.472711        0.0647
GPMin:   19 17:29:47       -4.570952        0.2262
GPMin:   20 17:29:53       -4.620149        0.2042
GPMin:   21 17:29:59       -4.651308        0.1834
GPMin:   22 17:30:05       -4.684828        0.1675
GPMin:   23 17:30:11       -4.704399        0.1581
GPMin:   24 17:30:17       -4.763733        0.1241
GPMin:   25 17:30:23       -4.799647        0.1197
GPMin:   26 17:30:28       -4.822145        0.0994
GPMin:   27 17:30:33       -4.838408        0.0793
GPMin:   28 17:30:38       -4.854041        0.0787
GPMin:   29 17:30:43       -4.865734        0.0785
GPMin:   30 17:30:49       -4.876105        0.0595
GPMin:   31 17:30:54       -4.881163        0.0346
GPMin:   32 17:30:59       -4.883814        0.0311
GPMin:   33 17:31:04       -4.886555        0.0356
GPMin:   34 17:31:07       -4.887338        0.0297
GPMin:   35 17:31:13       -4.888521        0.0399
GPMin:   36 17:31:16       -4.889234        0.0247
GPMin:   37 17:31:20       -4.889621        0.0150
       Step     Time          Energy         fmax
GPMin:    0 17:31:29       -3.168386        1.3446
GPMin:    1 17:31:35       -4.009370        0.5986
GPMin:    2 17:31:42       -4.287002        0.2562
GPMin:    3 17:31:47       -4.352848        0.0966
GPMin:    4 17:31:52       -4.361920        0.1246
GPMin:    5 17:31:57       -4.376035        0.1035
GPMin:    6 17:32:18       -4.395746        0.1129
GPMin:    7 17:32:24       -4.418493        0.0756
GPMin:    8 17:32:28       -4.423027        0.0658
GPMin:    9 17:32:41       -4.447351        0.0771
GPMin:   10 17:32:46       -4.452322        0.0515
GPMin:   11 17:32:51       -4.453772        0.0400
GPMin:   12 17:32:56       -4.455233        0.0295
GPMin:   13 17:33:22       -4.459559        0.0471
GPMin:   14 17:33:34       -4.461952        0.0658
GPMin:   15 17:33:41       -4.497241        0.1406
GPMin:   16 17:33:47       -4.521292        0.1756
GPMin:   17 17:33:53       -4.572917        0.1981
GPMin:   18 17:33:59       -4.598789        0.2026
GPMin:   19 17:34:06       -4.730839        0.1473
GPMin:   20 17:34:13       -4.734943        0.2854
GPMin:   21 17:34:20       -4.753125        0.1457
GPMin:   22 17:34:26       -4.787006        0.1098
GPMin:   23 17:34:31       -4.794071        0.1051
GPMin:   24 17:34:36       -4.813313        0.0984
GPMin:   25 17:34:41       -4.834962        0.0866
GPMin:   26 17:34:47       -4.853982        0.0723
GPMin:   27 17:34:52       -4.866574        0.0578
GPMin:   28 17:34:57       -4.876028        0.0476
GPMin:   29 17:35:02       -4.881757        0.0299
GPMin:   30 17:35:06       -4.884461        0.0274
GPMin:   31 17:35:11       -4.887041        0.0463
GPMin:   32 17:35:15       -4.888995        0.0258
GPMin:   33 17:35:19       -4.889647        0.0156
       Step     Time          Energy         fmax
GPMin:    0 17:35:31       -2.750151        1.2823
GPMin:    1 17:35:40       -3.455707        0.4994
GPMin:    2 17:35:47       -3.686888        0.3061
GPMin:    3 17:35:55       -3.773106        0.1944
GPMin:    4 17:36:01       -3.805704        0.1677
GPMin:    5 17:36:08       -3.836774        0.1629
GPMin:    6 17:36:14       -3.858664        0.1731
GPMin:    7 17:36:23       -4.037264        0.2359
GPMin:    8 17:36:29       -4.100002        0.1909
GPMin:    9 17:36:34       -4.122481        0.1813
GPMin:   10 17:36:42       -4.185729        0.5829
GPMin:   11 17:36:49       -4.231216        0.1973
GPMin:   12 17:36:56       -4.345838        0.2006
GPMin:   13 17:37:02       -4.366087        0.2749
GPMin:   14 17:37:08       -4.414399        0.3228
GPMin:   15 17:37:14       -4.510651        0.2854
GPMin:   16 17:37:20       -4.596506        0.2074
GPMin:   17 17:37:26       -4.652400        0.1266
GPMin:   18 17:37:32       -4.682608        0.1274
GPMin:   19 17:37:37       -4.695066        0.1453
GPMin:   20 17:37:43       -4.712675        0.1270
GPMin:   21 17:37:48       -4.729196        0.0961
GPMin:   22 17:37:54       -4.745537        0.0921
GPMin:   23 17:37:59       -4.762547        0.1049
GPMin:   24 17:38:05       -4.780300        0.1002
GPMin:   25 17:38:10       -4.800034        0.0936
GPMin:   26 17:38:15       -4.819215        0.0871
GPMin:   27 17:38:21       -4.839271        0.0784
GPMin:   28 17:38:25       -4.857485        0.0655
GPMin:   29 17:38:30       -4.874219        0.0722
GPMin:   30 17:38:35       -4.888995        0.0716
GPMin:   31 17:38:40       -4.900798        0.0624
GPMin:   32 17:38:45       -4.909887        0.0620
GPMin:   33 17:38:49       -4.916734        0.0609
GPMin:   34 17:38:54       -4.923158        0.0467
GPMin:   35 17:38:59       -4.926070        0.0385
GPMin:   36 17:39:04       -4.930345        0.0397
GPMin:   37 17:39:08       -4.931303        0.0377
GPMin:   38 17:39:13       -4.932971        0.0298
GPMin:   39 17:39:17       -4.933259        0.0244
GPMin:   40 17:39:22       -4.933647        0.0120
       Step     Time          Energy         fmax
GPMin:    0 17:39:30       -3.170756        1.3473
GPMin:    1 17:39:36       -4.011559        0.6011
GPMin:    2 17:39:42       -4.288838        0.2560
GPMin:    3 17:39:48       -4.354689        0.0970
GPMin:    4 17:39:52       -4.364193        0.1256
GPMin:    5 17:39:57       -4.377411        0.1074
GPMin:    6 17:40:03       -4.392973        0.1260
GPMin:    7 17:40:08       -4.416188        0.0946
GPMin:    8 17:40:13       -4.426263        0.0712
GPMin:    9 17:40:18       -4.431701        0.0585
GPMin:   10 17:40:36       -4.438055        0.1472
GPMin:   11 17:41:02       -4.439561        0.0881
GPMin:   12 17:41:35       -4.444338        0.0738
GPMin:   13 17:42:44       -4.446224        0.0698
GPMin:   14 17:43:04       -4.451869        0.0977
GPMin:   15 17:43:12       -4.536149        0.1856
GPMin:   16 17:43:18       -4.587545        0.2277
GPMin:   17 17:43:24       -4.622205        0.2358
GPMin:   18 17:43:30       -4.667481        0.2016
GPMin:   19 17:43:36       -4.709824        0.1670
GPMin:   20 17:43:42       -4.754287        0.1322
GPMin:   21 17:43:48       -4.782516        0.1183
GPMin:   22 17:43:53       -4.807656        0.1055
GPMin:   23 17:43:58       -4.825167        0.0954
GPMin:   24 17:44:03       -4.840110        0.0828
GPMin:   25 17:44:08       -4.853646        0.0737
GPMin:   26 17:44:13       -4.866819        0.0604
GPMin:   27 17:44:18       -4.876126        0.0457
GPMin:   28 17:44:23       -4.881822        0.0334
GPMin:   29 17:44:28       -4.885622        0.0319
GPMin:   30 17:44:33       -4.888237        0.0230
GPMin:   31 17:44:37       -4.888861        0.0158
       Step     Time          Energy         fmax
GPMin:    0 17:44:46       -3.173188        1.3459
GPMin:    1 17:44:52       -4.013513        0.6010
GPMin:    2 17:44:57       -4.290829        0.2547
GPMin:    3 17:45:03       -4.356291        0.0982
GPMin:    4 17:45:08       -4.365616        0.1248
GPMin:    5 17:45:13       -4.378822        0.1064
GPMin:    6 17:45:32       -4.402241        0.1090
GPMin:    7 17:45:45       -4.408301        0.1045
GPMin:    8 17:46:03       -4.425802        0.0791
GPMin:    9 17:46:08       -4.431765        0.0920
GPMin:   10 17:46:14       -4.461732        0.1100
GPMin:   11 17:46:19       -4.472908        0.1087
GPMin:   12 17:46:24       -4.477304        0.1087
GPMin:   13 17:46:30       -4.544014        0.1913
GPMin:   14 17:46:36       -4.574205        0.2008
GPMin:   15 17:46:41       -4.600934        0.2006
GPMin:   16 17:46:47       -4.634404        0.1944
GPMin:   17 17:46:53       -4.686330        0.1706
GPMin:   18 17:46:58       -4.705001        0.1610
GPMin:   19 17:47:05       -4.778654        0.2179
GPMin:   20 17:47:18       -4.792153        0.2443
GPMin:   21 17:47:24       -4.841858        0.0742
GPMin:   22 17:47:29       -4.846382        0.0745
GPMin:   23 17:47:33       -4.857196        0.0650
GPMin:   24 17:47:38       -4.868831        0.0518
GPMin:   25 17:47:43       -4.874832        0.0490
GPMin:   26 17:47:48       -4.880456        0.0474
GPMin:   27 17:47:52       -4.884205        0.0308
GPMin:   28 17:47:57       -4.886882        0.0262
GPMin:   29 17:48:01       -4.888428        0.0267
GPMin:   30 17:48:06       -4.889515        0.0171
       Step     Time          Energy         fmax
GPMin:    0 17:48:15       -3.167760        1.3405
GPMin:    1 17:48:21       -4.007726        0.5972
GPMin:    2 17:48:27       -4.284551        0.2563
GPMin:    3 17:48:32       -4.349928        0.0967
GPMin:    4 17:48:37       -4.358820        0.1240
GPMin:    5 17:48:42       -4.373576        0.1020
GPMin:    6 17:49:02       -4.391874        0.1146
GPMin:    7 17:49:07       -4.419608        0.0640
GPMin:    8 17:49:12       -4.422929        0.0621
GPMin:    9 17:49:31       -4.456472        0.0520
GPMin:   10 17:49:42       -4.457835        0.0465
GPMin:   11 17:49:48       -4.458705        0.0469
GPMin:   12 17:50:40       -4.466968        0.1152
GPMin:   13 17:50:47       -4.598104        0.2220
GPMin:   14 17:50:54       -4.680407        0.1767
GPMin:   15 17:51:00       -4.714767        0.1494
GPMin:   16 17:51:06       -4.741391        0.1311
GPMin:   17 17:51:11       -4.776783        0.1172
GPMin:   18 17:51:17       -4.803024        0.1097
GPMin:   19 17:51:22       -4.824396        0.1008
GPMin:   20 17:51:28       -4.840863        0.0887
GPMin:   21 17:51:33       -4.855438        0.0706
GPMin:   22 17:51:38       -4.868320        0.0576
GPMin:   23 17:51:43       -4.876825        0.0496
GPMin:   24 17:51:47       -4.882407        0.0391
GPMin:   25 17:51:52       -4.886699        0.0209
GPMin:   26 17:51:56       -4.887556        0.0207
GPMin:   27 17:52:01       -4.889031        0.0331
GPMin:   28 17:52:05       -4.889491        0.0221
GPMin:   29 17:52:09       -4.889776        0.0145
       Step     Time          Energy         fmax
GPMin:    0 17:52:17       -2.895496        1.2837
GPMin:    1 17:52:22       -3.779143        0.5810
GPMin:    2 17:52:26       -4.080283        0.2231
GPMin:    3 17:52:30       -4.153159        0.0322
GPMin:    4 17:52:34       -4.155063        0.0030
       Step     Time          Energy         fmax
GPMin:    0 17:52:42       -3.188136        1.3201
GPMin:    1 17:52:49       -3.977048        0.6196
GPMin:    2 17:52:55       -4.263391        0.3181
GPMin:    3 17:53:02       -4.366786        0.2017
GPMin:    4 17:53:07       -4.397485        0.2003
GPMin:    5 17:53:14       -4.475448        0.1874
GPMin:    6 17:53:19       -4.483622        0.1654
GPMin:    7 17:53:24       -4.488111        0.1560
GPMin:    8 17:53:36       -4.525688        0.1348
GPMin:    9 17:53:42       -4.549678        0.0960
GPMin:   10 17:53:47       -4.564145        0.0944
GPMin:   11 17:53:53       -4.573337        0.0975
GPMin:   12 17:53:59       -4.606251        0.1073
GPMin:   13 17:54:05       -4.638093        0.1118
GPMin:   14 17:54:10       -4.652387        0.1157
GPMin:   15 17:54:14       -4.673299        0.0813
GPMin:   16 17:54:20       -4.692535        0.0622
GPMin:   17 17:54:25       -4.701332        0.0574
GPMin:   18 17:54:31       -4.711161        0.0658
GPMin:   19 17:54:35       -4.720347        0.0531
GPMin:   20 17:54:41       -4.729136        0.0411
GPMin:   21 17:54:46       -4.737027        0.0437
GPMin:   22 17:54:51       -4.743424        0.0441
GPMin:   23 17:54:56       -4.748965        0.0537
GPMin:   24 17:55:00       -4.754389        0.0514
GPMin:   25 17:55:05       -4.758635        0.0427
GPMin:   26 17:55:10       -4.764065        0.0449
GPMin:   27 17:55:15       -4.769076        0.0434
GPMin:   28 17:55:20       -4.772941        0.0331
GPMin:   29 17:55:24       -4.776191        0.0411
GPMin:   30 17:55:29       -4.781207        0.0430
GPMin:   31 17:55:34       -4.784353        0.0385
GPMin:   32 17:55:39       -4.789063        0.0407
GPMin:   33 17:55:44       -4.792471        0.0330
GPMin:   34 17:55:48       -4.795267        0.0325
GPMin:   35 17:55:53       -4.798365        0.0378
GPMin:   36 17:55:58       -4.802872        0.0277
GPMin:   37 17:56:03       -4.805256        0.0294
GPMin:   38 17:56:08       -4.809588        0.0377
GPMin:   39 17:56:13       -4.811754        0.0425
GPMin:   40 17:56:19       -4.815723        0.0546
GPMin:   41 17:56:24       -4.819169        0.0511
GPMin:   42 17:56:29       -4.825884        0.0420
GPMin:   43 17:56:34       -4.830884        0.0532
GPMin:   44 17:56:39       -4.842884        0.0532
GPMin:   45 17:56:45       -4.851972        0.0562
GPMin:   46 17:56:50       -4.860591        0.0660
GPMin:   47 17:56:55       -4.866866        0.0540
GPMin:   48 17:57:00       -4.871478        0.0488
GPMin:   49 17:57:05       -4.874533        0.0571
GPMin:   50 17:57:10       -4.880840        0.0444
GPMin:   51 17:57:15       -4.884423        0.0424
GPMin:   52 17:57:19       -4.888275        0.0385
GPMin:   53 17:57:24       -4.889231        0.0273
GPMin:   54 17:57:29       -4.889741        0.0180
       Step     Time          Energy         fmax
GPMin:    0 17:57:38       -3.165248        1.3482
GPMin:    1 17:57:44       -4.009393        0.6034
GPMin:    2 17:57:50       -4.288644        0.2566
GPMin:    3 17:57:55       -4.355035        0.0965
GPMin:    4 17:58:00       -4.364386        0.1251
GPMin:    5 17:58:05       -4.377449        0.1085
GPMin:    6 17:58:10       -4.392749        0.1292
GPMin:    7 17:58:16       -4.412967        0.1015
GPMin:    8 17:58:22       -4.434014        0.0874
GPMin:    9 17:58:26       -4.435777        0.0787
GPMin:   10 17:58:30       -4.438058        0.0662
GPMin:   11 17:58:42       -4.440001        0.1796
GPMin:   12 17:58:48       -4.454101        0.0386
GPMin:   13 17:59:08       -4.455255        0.0348
GPMin:   14 17:59:21       -4.488251        0.1684
GPMin:   15 17:59:27       -4.508694        0.2404
GPMin:   16 17:59:33       -4.536726        0.2307
GPMin:   17 17:59:38       -4.563511        0.2272
GPMin:   18 17:59:44       -4.608424        0.1995
GPMin:   19 17:59:50       -4.628812        0.1859
GPMin:   20 17:59:57       -4.728915        0.2654
GPMin:   21 18:00:09       -4.751066        0.2545
GPMin:   22 18:00:15       -4.825725        0.1181
GPMin:   23 18:00:21       -4.840799        0.0846
GPMin:   24 18:00:25       -4.846586        0.0809
GPMin:   25 18:00:30       -4.859545        0.0681
GPMin:   26 18:00:35       -4.868492        0.0578
GPMin:   27 18:00:40       -4.875244        0.0460
GPMin:   28 18:00:44       -4.881497        0.0373
GPMin:   29 18:00:49       -4.885595        0.0289
GPMin:   30 18:00:53       -4.887898        0.0224
GPMin:   31 18:00:57       -4.888993        0.0212
GPMin:   32 18:01:02       -4.889764        0.0170
       Step     Time          Energy         fmax
GPMin:    0 18:01:11       -3.240904        1.3273
GPMin:    1 18:01:19       -3.936984        0.6069
GPMin:    2 18:01:25       -4.188475        0.2886
GPMin:    3 18:01:31       -4.277392        0.1415
GPMin:    4 18:01:37       -4.304059        0.1275
GPMin:    5 18:01:43       -4.317906        0.1304
GPMin:    6 18:01:49       -4.339528        0.1375
GPMin:    7 18:01:56       -4.342211        0.2951
GPMin:    8 18:02:03       -4.373410        0.1565
GPMin:    9 18:02:09       -4.413785        0.2334
GPMin:   10 18:02:14       -4.442332        0.2145
GPMin:   11 18:02:20       -4.477438        0.2065
GPMin:   12 18:02:25       -4.503911        0.1997
GPMin:   13 18:02:31       -4.563099        0.1543
GPMin:   14 18:02:37       -4.589502        0.1216
GPMin:   15 18:02:43       -4.620186        0.1671
GPMin:   16 18:02:49       -4.657073        0.1679
GPMin:   17 18:02:55       -4.692226        0.1458
GPMin:   18 18:03:00       -4.727331        0.1268
GPMin:   19 18:03:06       -4.765519        0.1080
GPMin:   20 18:03:12       -4.799040        0.1048
GPMin:   21 18:03:18       -4.829540        0.1021
GPMin:   22 18:03:24       -4.849221        0.0852
GPMin:   23 18:03:28       -4.863664        0.0903
GPMin:   24 18:03:33       -4.876839        0.0927
GPMin:   25 18:03:38       -4.888877        0.0831
GPMin:   26 18:03:43       -4.900087        0.0706
GPMin:   27 18:03:47       -4.910293        0.0557
GPMin:   28 18:03:52       -4.917866        0.0444
GPMin:   29 18:03:57       -4.924331        0.0415
GPMin:   30 18:04:02       -4.929087        0.0302
GPMin:   31 18:04:06       -4.931280        0.0191
